#
# A fatal error has been detected by the Java Runtime Environment:
#
#  EXCEPTION_ACCESS_VIOLATION (0xc0000005) at pc=0x00007ffae0b55bb6, pid=12964, tid=12704
#
# JRE version: OpenJDK Runtime Environment (16.0.1+9) (build 16.0.1+9-24)
# Java VM: OpenJDK 64-Bit Server VM (16.0.1+9-24, mixed mode, tiered, compressed oops, compressed class ptrs, g1 gc, windows-amd64)
# Problematic frame:
# C  [ntdll.dll+0x25bb6]
#
# No core dump will be written. Minidumps are not enabled by default on client versions of Windows
#
# If you would like to submit a bug report, please visit:
#   https://bugreport.java.com/bugreport/crash.jsp
#

---------------  S U M M A R Y ------------

Command Line: -XX:+ShowCodeDetailsInExceptionMessages -agentlib:jdwp=transport=dt_socket,suspend=y,address=localhost:53591 -javaagent:C:\Users\streepmsi\Desktop\Programs\eclipse\configuration\org.eclipse.osgi\222\0\.cp\lib\javaagent-shaded.jar -Dfile.encoding=UTF-8 com.streep.openglleer.Main

Host: Intel(R) Core(TM) i5-10200H CPU @ 2.40GHz, 8 cores, 15G,  Windows 10 , 64 bit Build 19041 (10.0.19041.1202)
Time: Thu Oct 14 12:44:33 2021 W. Europe Summer Time elapsed time: 6.753103 seconds (0d 0h 0m 6s)

---------------  T H R E A D  ---------------

Current thread (0x0000023e2342e260):  JavaThread "Reference Handler" daemon [_thread_in_vm, id=12704, stack(0x0000008f45e00000,0x0000008f45f00000)]

Stack: [0x0000008f45e00000,0x0000008f45f00000],  sp=0x0000008f45efee00,  free space=1019k
Native frames: (J=compiled Java code, j=interpreted, Vv=VM code, C=native code)
C  [ntdll.dll+0x25bb6]
C  [ntdll.dll+0x247b1]
C  [ucrtbase.dll+0xf05b]
V  [jvm.dll+0x7a0afb]
C  0x0000023e07541db2

Java frames: (J=compiled Java code, j=interpreted, Vv=VM code)
j  jdk.internal.misc.Unsafe.freeMemory0(J)V+0 java.base@16.0.1
j  jdk.internal.misc.Unsafe.freeMemory(J)V+14 java.base@16.0.1
j  java.nio.DirectByteBuffer$Deallocator.run()V+17 java.base@16.0.1
j  jdk.internal.ref.Cleaner.clean()V+12 java.base@16.0.1
j  java.lang.ref.Reference.processPendingReferences()V+54 java.base@16.0.1
j  java.lang.ref.Reference$ReferenceHandler.run()V+0 java.base@16.0.1
v  ~StubRoutines::call_stub

siginfo: EXCEPTION_ACCESS_VIOLATION (0xc0000005), reading address 0x0000023e2f3f5baf


Register to memory mapping:

RIP=0x00007ffae0b55bb6 ntdll.dll
RAX=0x0 is NULL
RBX=0x0000023e01e90000 points into unknown readable memory: 0x0000000000000000 | 00 00 00 00 00 00 00 00
RCX=0x0000023e01e90000 points into unknown readable memory: 0x0000000000000000 | 00 00 00 00 00 00 00 00
RDX=0x0000023e2f3f5bb0 is an unknown value
RSP=0x0000008f45efee00 is pointing into the stack for thread: 0x0000023e2342e260
RBP=0x0 is NULL
RSI=0x0000023e01e90000 points into unknown readable memory: 0x0000000000000000 | 00 00 00 00 00 00 00 00
RDI=0x0 is NULL
R8 =0x0 is NULL
R9 =0x0 is NULL
R10=0x0000023e07541d83 is at code_begin+1955 in an Interpreter codelet
method entry point (kind = native)  [0x0000023e075415e0, 0x0000023e07542760]  4480 bytes
R11=0x0000000000000102 is an unknown value
R12=0x0 is NULL
R13=0x0000023e2f3f5bb0 is an unknown value
R14=0x0000023e2f3f5ba0 is an unknown value
R15=0x0000023e2342e260 is a thread


Registers:
RAX=0x0000000000000000, RBX=0x0000023e01e90000, RCX=0x0000023e01e90000, RDX=0x0000023e2f3f5bb0
RSP=0x0000008f45efee00, RBP=0x0000000000000000, RSI=0x0000023e01e90000, RDI=0x0000000000000000
R8 =0x0000000000000000, R9 =0x0000000000000000, R10=0x0000023e07541d83, R11=0x0000000000000102
R12=0x0000000000000000, R13=0x0000023e2f3f5bb0, R14=0x0000023e2f3f5ba0, R15=0x0000023e2342e260
RIP=0x00007ffae0b55bb6, EFLAGS=0x0000000000010246

Top of Stack: (sp=0x0000008f45efee00)
0x0000008f45efee00:   0000023e0753a32e 0000000000040ec0
0x0000008f45efee10:   0000000000000000 00000000000453d8
0x0000008f45efee20:   0000000000000000 0000000000000010
0x0000008f45efee30:   0000000000000000 0000000702ef0f08
0x0000008f45efee40:   0000000000000001 0000008f45efee48
0x0000008f45efee50:   0000023e22cc408f 0000008f45efeed8
0x0000008f45efee60:   0000023e22d30780 0000000000000000
0x0000008f45efee70:   0000000702c0a348 0000023e22cc40e0
0x0000008f45efee80:   0000000000000000 0000008f45efeea0
0x0000008f45efee90:   0000023e2342e260 0000008f45eff018
0x0000008f45efeea0:   0000023e22cd00e8 0000000000000000
0x0000008f45efeeb0:   0000023e2f3f5bb0 00007ffae0b547b1
0x0000008f45efeec0:   0000000000000010 0000023e01e90000
0x0000008f45efeed0:   0000008f45efefe8 0000000000000000
0x0000008f45efeee0:   0000000000000000 0000023e22cc72a2
0x0000008f45efeef0:   0000023e2f3f5bb0 00007ffade2af05b 

Instructions: (pc=0x00007ffae0b55bb6)
0x00007ffae0b55ab6:   85 c0 0f 85 03 0e 08 00 b9 80 03 fe 7f 40 38 39
0x00007ffae0b55ac6:   0f 84 2f fe ff ff e9 0c 0e 08 00 45 33 c0 48 8b
0x00007ffae0b55ad6:   d3 49 8b ce e8 c1 0e fe ff e8 6c ed ff ff 85 c0
0x00007ffae0b55ae6:   0f 85 9b 0e 08 00 b9 80 03 fe 7f 40 38 39 0f 84
0x00007ffae0b55af6:   01 fe ff ff e9 a4 0e 08 00 41 b8 02 00 00 00 e9
0x00007ffae0b55b06:   60 fc ff ff f7 41 74 00 00 00 01 75 4e f6 41 78
0x00007ffae0b55b16:   01 0f 85 2d 0f 08 00 41 f6 c5 0f 0f 84 87 00 00
0x00007ffae0b55b26:   00 45 33 c9 48 89 7c 24 28 4d 8b c5 48 89 7c 24
0x00007ffae0b55b36:   20 48 8b d6 41 8d 49 09 e8 c9 82 0e 00 4d 85 f6
0x00007ffae0b55b46:   0f 84 0b 0f 08 00 41 80 7d ff 05 0f 84 31 0f 08
0x00007ffae0b55b56:   00 41 38 7e 0f 0f 8c 96 10 08 00 8b d5 4d 8b cd
0x00007ffae0b55b66:   83 ca 02 4d 8b c6 48 8b ce e8 8c 00 00 00 44 0f
0x00007ffae0b55b76:   b6 f8 84 c0 0f 84 9b fd ff ff 48 8b 84 24 e0 00
0x00007ffae0b55b86:   00 00 48 85 c0 74 03 66 89 38 4d 85 e4 74 04 49
0x00007ffae0b55b96:   89 3c 24 48 8b ce e8 7f ec ff ff 85 c0 0f 84 72
0x00007ffae0b55ba6:   fd ff ff e9 9a 15 08 00 4c 8d 72 f0 41 0f 0d 0e
0x00007ffae0b55bb6:   41 80 7e 0f 05 75 0c 41 0f b6 46 0e 48 c1 e0 04
0x00007ffae0b55bc6:   4c 2b f0 41 f6 46 0f 3f 0f 85 6f ff ff ff 45 33
0x00007ffae0b55bd6:   c9 48 89 7c 24 28 4d 8b c6 48 89 7c 24 20 48 8b
0x00007ffae0b55be6:   d6 41 8d 49 08 e8 1c 82 0e 00 4c 8b f7 e9 4b ff
0x00007ffae0b55bf6:   ff ff cc cc cc cc cc cc cc cc 48 89 5c 24 10 48
0x00007ffae0b55c06:   89 74 24 20 4c 89 44 24 18 48 89 4c 24 08 57 41
0x00007ffae0b55c16:   54 41 55 41 56 41 57 48 81 ec 80 01 00 00 4d 8b
0x00007ffae0b55c26:   f8 8b fa 48 8b d9 41 b4 01 44 88 64 24 41 c6 44
0x00007ffae0b55c36:   24 40 00 c7 44 24 74 01 00 00 00 45 33 ed 4c 89
0x00007ffae0b55c46:   ac 24 88 00 00 00 66 44 89 6c 24 44 49 3b c8 75
0x00007ffae0b55c56:   39 4c 89 6c 24 28 4c 89 6c 24 20 45 33 c9 48 8b
0x00007ffae0b55c66:   d1 41 8d 4d 09 e8 9c 81 0e 00 33 c0 4c 8d 9c 24
0x00007ffae0b55c76:   80 01 00 00 49 8b 5b 38 49 8b 73 48 49 8b e3 41
0x00007ffae0b55c86:   5f 41 5e 41 5d 41 5c 5f c3 cc 0b 79 74 f7 c7 60
0x00007ffae0b55c96:   0f 01 7d 74 28 45 32 e4 44 88 64 24 41 41 b8 04
0x00007ffae0b55ca6:   00 00 00 f7 c7 00 00 00 61 74 18 0f ba e7 1c 72 


Stack slot to memory mapping:
stack at sp + 0 slots: 0x0000023e0753a32e is at code_begin+4558 in an Interpreter codelet
return entry points  [0x0000023e07539160, 0x0000023e0753b3a0]  8768 bytes
stack at sp + 1 slots: 0x0000000000040ec0 is an unknown value
stack at sp + 2 slots: 0x0 is NULL
stack at sp + 3 slots: 0x00000000000453d8 is an unknown value
stack at sp + 4 slots: 0x0 is NULL
stack at sp + 5 slots: 0x0000000000000010 is an unknown value
stack at sp + 6 slots: 0x0 is NULL
stack at sp + 7 slots: 0x0000000702ef0f08 is an oop: java.util.concurrent.atomic.AtomicLong 
{0x0000000702ef0f08} - klass: 'java/util/concurrent/atomic/AtomicLong'


---------------  P R O C E S S  ---------------

Threads class SMR info:
_java_thread_list=0x0000023e236e9320, length=18, elements={
0x0000023e03fc8310, 0x0000023e2342e260, 0x0000023e2342f030, 0x0000023e23447ff0,
0x0000023e23448b00, 0x0000023e23461ae0, 0x0000023e23462c00, 0x0000023e23472d90,
0x0000023e23473da0, 0x0000023e23488ae0, 0x0000023e23567630, 0x0000023e2370cea0,
0x0000023e23761190, 0x0000023e23761a60, 0x0000023e23d532f0, 0x0000023e28c30430,
0x0000023e28556a30, 0x0000023e2882a450
}

Java Threads: ( => current thread )
  0x0000023e03fc8310 JavaThread "main" [_thread_blocked, id=7188, stack(0x0000008f45700000,0x0000008f45800000)]
=>0x0000023e2342e260 JavaThread "Reference Handler" daemon [_thread_in_vm, id=12704, stack(0x0000008f45e00000,0x0000008f45f00000)]
  0x0000023e2342f030 JavaThread "Finalizer" daemon [_thread_blocked, id=14064, stack(0x0000008f45f00000,0x0000008f46000000)]
  0x0000023e23447ff0 JavaThread "Signal Dispatcher" daemon [_thread_blocked, id=600, stack(0x0000008f46000000,0x0000008f46100000)]
  0x0000023e23448b00 JavaThread "Attach Listener" daemon [_thread_blocked, id=3636, stack(0x0000008f46100000,0x0000008f46200000)]
  0x0000023e23461ae0 JavaThread "Service Thread" daemon [_thread_blocked, id=4984, stack(0x0000008f46200000,0x0000008f46300000)]
  0x0000023e23462c00 JavaThread "Monitor Deflation Thread" daemon [_thread_blocked, id=5972, stack(0x0000008f46300000,0x0000008f46400000)]
  0x0000023e23472d90 JavaThread "C2 CompilerThread0" daemon [_thread_blocked, id=872, stack(0x0000008f46400000,0x0000008f46500000)]
  0x0000023e23473da0 JavaThread "C1 CompilerThread0" daemon [_thread_blocked, id=14924, stack(0x0000008f46500000,0x0000008f46600000)]
  0x0000023e23488ae0 JavaThread "Sweeper thread" daemon [_thread_blocked, id=15536, stack(0x0000008f46600000,0x0000008f46700000)]
  0x0000023e23567630 JavaThread "Common-Cleaner" daemon [_thread_blocked, id=5632, stack(0x0000008f46700000,0x0000008f46800000)]
  0x0000023e2370cea0 JavaThread "JDWP Transport Listener: dt_socket" daemon [_thread_blocked, id=4836, stack(0x0000008f46800000,0x0000008f46900000)]
  0x0000023e23761190 JavaThread "JDWP Event Helper Thread" daemon [_thread_blocked, id=12192, stack(0x0000008f46900000,0x0000008f46a00000)]
  0x0000023e23761a60 JavaThread "JDWP Command Reader" daemon [_thread_in_native, id=9948, stack(0x0000008f46a00000,0x0000008f46b00000)]
  0x0000023e23d532f0 JavaThread "Notification Thread" daemon [_thread_blocked, id=7316, stack(0x0000008f46c00000,0x0000008f46d00000)]
  0x0000023e28c30430 JavaThread "Java2D Disposer" daemon [_thread_blocked, id=16828, stack(0x0000008f47e00000,0x0000008f47f00000)]
  0x0000023e28556a30 JavaThread "C2 CompilerThread1" daemon [_thread_blocked, id=11228, stack(0x0000008f46b00000,0x0000008f46c00000)]
  0x0000023e2882a450 JavaThread "C2 CompilerThread2" daemon [_thread_blocked, id=16320, stack(0x0000008f47d00000,0x0000008f47e00000)]

Other Threads:
  0x0000023e2341a070 VMThread "VM Thread" [stack: 0x0000008f45d00000,0x0000008f45e00000] [id=16048] _threads_hazard_ptr=0x0000023e236e9320
  0x0000023e03fc9160 WatcherThread [stack: 0x0000008f46d00000,0x0000008f46e00000] [id=14532]
  0x0000023e04014960 GCTaskThread "GC Thread#0" [stack: 0x0000008f45800000,0x0000008f45900000] [id=5312]
  0x0000023e28106e10 GCTaskThread "GC Thread#1" [stack: 0x0000008f47600000,0x0000008f47700000] [id=716]
  0x0000023e281061d0 GCTaskThread "GC Thread#2" [stack: 0x0000008f47700000,0x0000008f47800000] [id=13600]
  0x0000023e28106b00 GCTaskThread "GC Thread#3" [stack: 0x0000008f47800000,0x0000008f47900000] [id=12524]
  0x0000023e28105ec0 GCTaskThread "GC Thread#4" [stack: 0x0000008f47900000,0x0000008f47a00000] [id=1400]
  0x0000023e28107120 GCTaskThread "GC Thread#5" [stack: 0x0000008f47a00000,0x0000008f47b00000] [id=1980]
  0x0000023e28107430 GCTaskThread "GC Thread#6" [stack: 0x0000008f47b00000,0x0000008f47c00000] [id=8964]
  0x0000023e28107740 GCTaskThread "GC Thread#7" [stack: 0x0000008f47c00000,0x0000008f47d00000] [id=2236]
  0x0000023e04025e90 ConcurrentGCThread "G1 Main Marker" [stack: 0x0000008f45900000,0x0000008f45a00000] [id=11396]
  0x0000023e04027820 ConcurrentGCThread "G1 Conc#0" [stack: 0x0000008f45a00000,0x0000008f45b00000] [id=2600]
  0x0000023e0409dde0 ConcurrentGCThread "G1 Refine#0" [stack: 0x0000008f45b00000,0x0000008f45c00000] [id=5204]
  0x0000023e0409e770 ConcurrentGCThread "G1 Service" [stack: 0x0000008f45c00000,0x0000008f45d00000] [id=9508]

Threads with active compile tasks:

VM state: synchronizing (normal execution)

VM Mutex/Monitor currently owned by a thread:  ([mutex/lock_event])
[0x0000023e03fc3ff0] Threads_lock - owner thread: 0x0000023e2341a070

Heap address: 0x0000000702c00000, size: 4052 MB, Compressed Oops mode: Zero based, Oop shift amount: 3

CDS disabled.
Compressed class space mapped at: 0x0000000800000000-0x0000000840000000, reserved size: 1073741824
Narrow klass base: 0x0000000800000000, Narrow klass shift: 0, Narrow klass range: 0x40000000

GC Precious Log:
 CPUs: 8 total, 8 available
 Memory: 16205M
 Large Page Support: Disabled
 NUMA Support: Disabled
 Compressed Oops: Enabled (Zero based)
 Heap Region Size: 2M
 Heap Min Capacity: 8M
 Heap Initial Capacity: 254M
 Heap Max Capacity: 4052M
 Pre-touch: Disabled
 Parallel Workers: 8
 Concurrent Workers: 2
 Concurrent Refinement Workers: 8
 Periodic GC: Disabled

Heap:
 garbage-first heap   total 260096K, used 5992K [0x0000000702c00000, 0x0000000800000000)
  region size 2048K, 3 young (6144K), 1 survivors (2048K)
 Metaspace       used 19054K, committed 19264K, reserved 1073152K
  class space    used 1352K, committed 1472K, reserved 1048576K

Heap Regions: E=young(eden), S=young(survivor), O=old, HS=humongous(starts), HC=humongous(continues), CS=collection set, F=free, OA=open archive, CA=closed archive, TAMS=top-at-mark-start (previous, next)
|   0|0x0000000702c00000, 0x0000000702e00000, 0x0000000702e00000|100%| O|  |TAMS 0x0000000702c00000, 0x0000000702c00000| Untracked 
|   1|0x0000000702e00000, 0x0000000702f2b400, 0x0000000703000000| 58%| O|  |TAMS 0x0000000702e00000, 0x0000000702e00000| Untracked 
|   2|0x0000000703000000, 0x0000000703000000, 0x0000000703200000|  0%| F|  |TAMS 0x0000000703000000, 0x0000000703000000| Untracked 
|   3|0x0000000703200000, 0x0000000703200000, 0x0000000703400000|  0%| F|  |TAMS 0x0000000703200000, 0x0000000703200000| Untracked 
|   4|0x0000000703400000, 0x0000000703400000, 0x0000000703600000|  0%| F|  |TAMS 0x0000000703400000, 0x0000000703400000| Untracked 
|   5|0x0000000703600000, 0x0000000703600000, 0x0000000703800000|  0%| F|  |TAMS 0x0000000703600000, 0x0000000703600000| Untracked 
|   6|0x0000000703800000, 0x0000000703800000, 0x0000000703a00000|  0%| F|  |TAMS 0x0000000703800000, 0x0000000703800000| Untracked 
|   7|0x0000000703a00000, 0x0000000703a00000, 0x0000000703c00000|  0%| F|  |TAMS 0x0000000703a00000, 0x0000000703a00000| Untracked 
|   8|0x0000000703c00000, 0x0000000703c00000, 0x0000000703e00000|  0%| F|  |TAMS 0x0000000703c00000, 0x0000000703c00000| Untracked 
|   9|0x0000000703e00000, 0x0000000703e00000, 0x0000000704000000|  0%| F|  |TAMS 0x0000000703e00000, 0x0000000703e00000| Untracked 
|  10|0x0000000704000000, 0x0000000704000000, 0x0000000704200000|  0%| F|  |TAMS 0x0000000704000000, 0x0000000704000000| Untracked 
|  11|0x0000000704200000, 0x0000000704200000, 0x0000000704400000|  0%| F|  |TAMS 0x0000000704200000, 0x0000000704200000| Untracked 
|  12|0x0000000704400000, 0x0000000704400000, 0x0000000704600000|  0%| F|  |TAMS 0x0000000704400000, 0x0000000704400000| Untracked 
|  13|0x0000000704600000, 0x0000000704600000, 0x0000000704800000|  0%| F|  |TAMS 0x0000000704600000, 0x0000000704600000| Untracked 
|  14|0x0000000704800000, 0x0000000704800000, 0x0000000704a00000|  0%| F|  |TAMS 0x0000000704800000, 0x0000000704800000| Untracked 
|  15|0x0000000704a00000, 0x0000000704a00000, 0x0000000704c00000|  0%| F|  |TAMS 0x0000000704a00000, 0x0000000704a00000| Untracked 
|  16|0x0000000704c00000, 0x0000000704c00000, 0x0000000704e00000|  0%| F|  |TAMS 0x0000000704c00000, 0x0000000704c00000| Untracked 
|  17|0x0000000704e00000, 0x0000000704e00000, 0x0000000705000000|  0%| F|  |TAMS 0x0000000704e00000, 0x0000000704e00000| Untracked 
|  18|0x0000000705000000, 0x0000000705000000, 0x0000000705200000|  0%| F|  |TAMS 0x0000000705000000, 0x0000000705000000| Untracked 
|  19|0x0000000705200000, 0x0000000705200000, 0x0000000705400000|  0%| F|  |TAMS 0x0000000705200000, 0x0000000705200000| Untracked 
|  20|0x0000000705400000, 0x0000000705400000, 0x0000000705600000|  0%| F|  |TAMS 0x0000000705400000, 0x0000000705400000| Untracked 
|  21|0x0000000705600000, 0x0000000705600000, 0x0000000705800000|  0%| F|  |TAMS 0x0000000705600000, 0x0000000705600000| Untracked 
|  22|0x0000000705800000, 0x0000000705800000, 0x0000000705a00000|  0%| F|  |TAMS 0x0000000705800000, 0x0000000705800000| Untracked 
|  23|0x0000000705a00000, 0x0000000705a00000, 0x0000000705c00000|  0%| F|  |TAMS 0x0000000705a00000, 0x0000000705a00000| Untracked 
|  24|0x0000000705c00000, 0x0000000705c00000, 0x0000000705e00000|  0%| F|  |TAMS 0x0000000705c00000, 0x0000000705c00000| Untracked 
|  25|0x0000000705e00000, 0x0000000705e00000, 0x0000000706000000|  0%| F|  |TAMS 0x0000000705e00000, 0x0000000705e00000| Untracked 
|  26|0x0000000706000000, 0x0000000706000000, 0x0000000706200000|  0%| F|  |TAMS 0x0000000706000000, 0x0000000706000000| Untracked 
|  27|0x0000000706200000, 0x0000000706200000, 0x0000000706400000|  0%| F|  |TAMS 0x0000000706200000, 0x0000000706200000| Untracked 
|  28|0x0000000706400000, 0x0000000706400000, 0x0000000706600000|  0%| F|  |TAMS 0x0000000706400000, 0x0000000706400000| Untracked 
|  29|0x0000000706600000, 0x0000000706600000, 0x0000000706800000|  0%| F|  |TAMS 0x0000000706600000, 0x0000000706600000| Untracked 
|  30|0x0000000706800000, 0x0000000706800000, 0x0000000706a00000|  0%| F|  |TAMS 0x0000000706800000, 0x0000000706800000| Untracked 
|  31|0x0000000706a00000, 0x0000000706a00000, 0x0000000706c00000|  0%| F|  |TAMS 0x0000000706a00000, 0x0000000706a00000| Untracked 
|  32|0x0000000706c00000, 0x0000000706c00000, 0x0000000706e00000|  0%| F|  |TAMS 0x0000000706c00000, 0x0000000706c00000| Untracked 
|  33|0x0000000706e00000, 0x0000000706e00000, 0x0000000707000000|  0%| F|  |TAMS 0x0000000706e00000, 0x0000000706e00000| Untracked 
|  34|0x0000000707000000, 0x0000000707000000, 0x0000000707200000|  0%| F|  |TAMS 0x0000000707000000, 0x0000000707000000| Untracked 
|  35|0x0000000707200000, 0x0000000707200000, 0x0000000707400000|  0%| F|  |TAMS 0x0000000707200000, 0x0000000707200000| Untracked 
|  36|0x0000000707400000, 0x0000000707400000, 0x0000000707600000|  0%| F|  |TAMS 0x0000000707400000, 0x0000000707400000| Untracked 
|  37|0x0000000707600000, 0x0000000707600000, 0x0000000707800000|  0%| F|  |TAMS 0x0000000707600000, 0x0000000707600000| Untracked 
|  38|0x0000000707800000, 0x0000000707800000, 0x0000000707a00000|  0%| F|  |TAMS 0x0000000707800000, 0x0000000707800000| Untracked 
|  39|0x0000000707a00000, 0x0000000707a00000, 0x0000000707c00000|  0%| F|  |TAMS 0x0000000707a00000, 0x0000000707a00000| Untracked 
|  40|0x0000000707c00000, 0x0000000707c00000, 0x0000000707e00000|  0%| F|  |TAMS 0x0000000707c00000, 0x0000000707c00000| Untracked 
|  41|0x0000000707e00000, 0x0000000707e00000, 0x0000000708000000|  0%| F|  |TAMS 0x0000000707e00000, 0x0000000707e00000| Untracked 
|  42|0x0000000708000000, 0x0000000708000000, 0x0000000708200000|  0%| F|  |TAMS 0x0000000708000000, 0x0000000708000000| Untracked 
|  43|0x0000000708200000, 0x0000000708200000, 0x0000000708400000|  0%| F|  |TAMS 0x0000000708200000, 0x0000000708200000| Untracked 
|  44|0x0000000708400000, 0x0000000708400000, 0x0000000708600000|  0%| F|  |TAMS 0x0000000708400000, 0x0000000708400000| Untracked 
|  45|0x0000000708600000, 0x0000000708600000, 0x0000000708800000|  0%| F|  |TAMS 0x0000000708600000, 0x0000000708600000| Untracked 
|  46|0x0000000708800000, 0x0000000708800000, 0x0000000708a00000|  0%| F|  |TAMS 0x0000000708800000, 0x0000000708800000| Untracked 
|  47|0x0000000708a00000, 0x0000000708a00000, 0x0000000708c00000|  0%| F|  |TAMS 0x0000000708a00000, 0x0000000708a00000| Untracked 
|  48|0x0000000708c00000, 0x0000000708c00000, 0x0000000708e00000|  0%| F|  |TAMS 0x0000000708c00000, 0x0000000708c00000| Untracked 
|  49|0x0000000708e00000, 0x0000000708e00000, 0x0000000709000000|  0%| F|  |TAMS 0x0000000708e00000, 0x0000000708e00000| Untracked 
|  50|0x0000000709000000, 0x0000000709000000, 0x0000000709200000|  0%| F|  |TAMS 0x0000000709000000, 0x0000000709000000| Untracked 
|  51|0x0000000709200000, 0x0000000709200000, 0x0000000709400000|  0%| F|  |TAMS 0x0000000709200000, 0x0000000709200000| Untracked 
|  52|0x0000000709400000, 0x0000000709400000, 0x0000000709600000|  0%| F|  |TAMS 0x0000000709400000, 0x0000000709400000| Untracked 
|  53|0x0000000709600000, 0x0000000709600000, 0x0000000709800000|  0%| F|  |TAMS 0x0000000709600000, 0x0000000709600000| Untracked 
|  54|0x0000000709800000, 0x0000000709800000, 0x0000000709a00000|  0%| F|  |TAMS 0x0000000709800000, 0x0000000709800000| Untracked 
|  55|0x0000000709a00000, 0x0000000709a00000, 0x0000000709c00000|  0%| F|  |TAMS 0x0000000709a00000, 0x0000000709a00000| Untracked 
|  56|0x0000000709c00000, 0x0000000709c00000, 0x0000000709e00000|  0%| F|  |TAMS 0x0000000709c00000, 0x0000000709c00000| Untracked 
|  57|0x0000000709e00000, 0x0000000709e00000, 0x000000070a000000|  0%| F|  |TAMS 0x0000000709e00000, 0x0000000709e00000| Untracked 
|  58|0x000000070a000000, 0x000000070a000000, 0x000000070a200000|  0%| F|  |TAMS 0x000000070a000000, 0x000000070a000000| Untracked 
|  59|0x000000070a200000, 0x000000070a200000, 0x000000070a400000|  0%| F|  |TAMS 0x000000070a200000, 0x000000070a200000| Untracked 
|  60|0x000000070a400000, 0x000000070a400000, 0x000000070a600000|  0%| F|  |TAMS 0x000000070a400000, 0x000000070a400000| Untracked 
|  61|0x000000070a600000, 0x000000070a600000, 0x000000070a800000|  0%| F|  |TAMS 0x000000070a600000, 0x000000070a600000| Untracked 
|  62|0x000000070a800000, 0x000000070a800000, 0x000000070aa00000|  0%| F|  |TAMS 0x000000070a800000, 0x000000070a800000| Untracked 
|  63|0x000000070aa00000, 0x000000070aa00000, 0x000000070ac00000|  0%| F|  |TAMS 0x000000070aa00000, 0x000000070aa00000| Untracked 
|  64|0x000000070ac00000, 0x000000070ac00000, 0x000000070ae00000|  0%| F|  |TAMS 0x000000070ac00000, 0x000000070ac00000| Untracked 
|  65|0x000000070ae00000, 0x000000070ae00000, 0x000000070b000000|  0%| F|  |TAMS 0x000000070ae00000, 0x000000070ae00000| Untracked 
|  66|0x000000070b000000, 0x000000070b000000, 0x000000070b200000|  0%| F|  |TAMS 0x000000070b000000, 0x000000070b000000| Untracked 
|  67|0x000000070b200000, 0x000000070b200000, 0x000000070b400000|  0%| F|  |TAMS 0x000000070b200000, 0x000000070b200000| Untracked 
|  68|0x000000070b400000, 0x000000070b400000, 0x000000070b600000|  0%| F|  |TAMS 0x000000070b400000, 0x000000070b400000| Untracked 
|  69|0x000000070b600000, 0x000000070b600000, 0x000000070b800000|  0%| F|  |TAMS 0x000000070b600000, 0x000000070b600000| Untracked 
|  70|0x000000070b800000, 0x000000070b800000, 0x000000070ba00000|  0%| F|  |TAMS 0x000000070b800000, 0x000000070b800000| Untracked 
|  71|0x000000070ba00000, 0x000000070ba00000, 0x000000070bc00000|  0%| F|  |TAMS 0x000000070ba00000, 0x000000070ba00000| Untracked 
|  72|0x000000070bc00000, 0x000000070bc00000, 0x000000070be00000|  0%| F|  |TAMS 0x000000070bc00000, 0x000000070bc00000| Untracked 
|  73|0x000000070be00000, 0x000000070be00000, 0x000000070c000000|  0%| F|  |TAMS 0x000000070be00000, 0x000000070be00000| Untracked 
|  74|0x000000070c000000, 0x000000070c000000, 0x000000070c200000|  0%| F|  |TAMS 0x000000070c000000, 0x000000070c000000| Untracked 
|  75|0x000000070c200000, 0x000000070c200000, 0x000000070c400000|  0%| F|  |TAMS 0x000000070c200000, 0x000000070c200000| Untracked 
|  76|0x000000070c400000, 0x000000070c400000, 0x000000070c600000|  0%| F|  |TAMS 0x000000070c400000, 0x000000070c400000| Untracked 
|  77|0x000000070c600000, 0x000000070c600000, 0x000000070c800000|  0%| F|  |TAMS 0x000000070c600000, 0x000000070c600000| Untracked 
|  78|0x000000070c800000, 0x000000070c800000, 0x000000070ca00000|  0%| F|  |TAMS 0x000000070c800000, 0x000000070c800000| Untracked 
|  79|0x000000070ca00000, 0x000000070ca00000, 0x000000070cc00000|  0%| F|  |TAMS 0x000000070ca00000, 0x000000070ca00000| Untracked 
|  80|0x000000070cc00000, 0x000000070cc00000, 0x000000070ce00000|  0%| F|  |TAMS 0x000000070cc00000, 0x000000070cc00000| Untracked 
|  81|0x000000070ce00000, 0x000000070ce00000, 0x000000070d000000|  0%| F|  |TAMS 0x000000070ce00000, 0x000000070ce00000| Untracked 
|  82|0x000000070d000000, 0x000000070d000000, 0x000000070d200000|  0%| F|  |TAMS 0x000000070d000000, 0x000000070d000000| Untracked 
|  83|0x000000070d200000, 0x000000070d200000, 0x000000070d400000|  0%| F|  |TAMS 0x000000070d200000, 0x000000070d200000| Untracked 
|  84|0x000000070d400000, 0x000000070d400000, 0x000000070d600000|  0%| F|  |TAMS 0x000000070d400000, 0x000000070d400000| Untracked 
|  85|0x000000070d600000, 0x000000070d600000, 0x000000070d800000|  0%| F|  |TAMS 0x000000070d600000, 0x000000070d600000| Untracked 
|  86|0x000000070d800000, 0x000000070d800000, 0x000000070da00000|  0%| F|  |TAMS 0x000000070d800000, 0x000000070d800000| Untracked 
|  87|0x000000070da00000, 0x000000070da00000, 0x000000070dc00000|  0%| F|  |TAMS 0x000000070da00000, 0x000000070da00000| Untracked 
|  88|0x000000070dc00000, 0x000000070dc00000, 0x000000070de00000|  0%| F|  |TAMS 0x000000070dc00000, 0x000000070dc00000| Untracked 
|  89|0x000000070de00000, 0x000000070de00000, 0x000000070e000000|  0%| F|  |TAMS 0x000000070de00000, 0x000000070de00000| Untracked 
|  90|0x000000070e000000, 0x000000070e000000, 0x000000070e200000|  0%| F|  |TAMS 0x000000070e000000, 0x000000070e000000| Untracked 
|  91|0x000000070e200000, 0x000000070e200000, 0x000000070e400000|  0%| F|  |TAMS 0x000000070e200000, 0x000000070e200000| Untracked 
|  92|0x000000070e400000, 0x000000070e400000, 0x000000070e600000|  0%| F|  |TAMS 0x000000070e400000, 0x000000070e400000| Untracked 
|  93|0x000000070e600000, 0x000000070e600000, 0x000000070e800000|  0%| F|  |TAMS 0x000000070e600000, 0x000000070e600000| Untracked 
|  94|0x000000070e800000, 0x000000070e800000, 0x000000070ea00000|  0%| F|  |TAMS 0x000000070e800000, 0x000000070e800000| Untracked 
|  95|0x000000070ea00000, 0x000000070ea00000, 0x000000070ec00000|  0%| F|  |TAMS 0x000000070ea00000, 0x000000070ea00000| Untracked 
|  96|0x000000070ec00000, 0x000000070ec00000, 0x000000070ee00000|  0%| F|  |TAMS 0x000000070ec00000, 0x000000070ec00000| Untracked 
|  97|0x000000070ee00000, 0x000000070ee00000, 0x000000070f000000|  0%| F|  |TAMS 0x000000070ee00000, 0x000000070ee00000| Untracked 
|  98|0x000000070f000000, 0x000000070f000000, 0x000000070f200000|  0%| F|  |TAMS 0x000000070f000000, 0x000000070f000000| Untracked 
|  99|0x000000070f200000, 0x000000070f200000, 0x000000070f400000|  0%| F|  |TAMS 0x000000070f200000, 0x000000070f200000| Untracked 
| 100|0x000000070f400000, 0x000000070f400000, 0x000000070f600000|  0%| F|  |TAMS 0x000000070f400000, 0x000000070f400000| Untracked 
| 101|0x000000070f600000, 0x000000070f600000, 0x000000070f800000|  0%| F|  |TAMS 0x000000070f600000, 0x000000070f600000| Untracked 
| 102|0x000000070f800000, 0x000000070f800000, 0x000000070fa00000|  0%| F|  |TAMS 0x000000070f800000, 0x000000070f800000| Untracked 
| 103|0x000000070fa00000, 0x000000070fa00000, 0x000000070fc00000|  0%| F|  |TAMS 0x000000070fa00000, 0x000000070fa00000| Untracked 
| 104|0x000000070fc00000, 0x000000070fc00000, 0x000000070fe00000|  0%| F|  |TAMS 0x000000070fc00000, 0x000000070fc00000| Untracked 
| 105|0x000000070fe00000, 0x000000070fe00000, 0x0000000710000000|  0%| F|  |TAMS 0x000000070fe00000, 0x000000070fe00000| Untracked 
| 106|0x0000000710000000, 0x0000000710000000, 0x0000000710200000|  0%| F|  |TAMS 0x0000000710000000, 0x0000000710000000| Untracked 
| 107|0x0000000710200000, 0x00000007102aec08, 0x0000000710400000| 34%| S|CS|TAMS 0x0000000710200000, 0x0000000710200000| Complete 
| 108|0x0000000710400000, 0x0000000710400000, 0x0000000710600000|  0%| F|  |TAMS 0x0000000710400000, 0x0000000710400000| Untracked 
| 109|0x0000000710600000, 0x0000000710600000, 0x0000000710800000|  0%| F|  |TAMS 0x0000000710600000, 0x0000000710600000| Untracked 
| 110|0x0000000710800000, 0x0000000710800000, 0x0000000710a00000|  0%| F|  |TAMS 0x0000000710800000, 0x0000000710800000| Untracked 
| 111|0x0000000710a00000, 0x0000000710a00000, 0x0000000710c00000|  0%| F|  |TAMS 0x0000000710a00000, 0x0000000710a00000| Untracked 
| 112|0x0000000710c00000, 0x0000000710c00000, 0x0000000710e00000|  0%| F|  |TAMS 0x0000000710c00000, 0x0000000710c00000| Untracked 
| 113|0x0000000710e00000, 0x0000000710e00000, 0x0000000711000000|  0%| F|  |TAMS 0x0000000710e00000, 0x0000000710e00000| Untracked 
| 114|0x0000000711000000, 0x0000000711000000, 0x0000000711200000|  0%| F|  |TAMS 0x0000000711000000, 0x0000000711000000| Untracked 
| 115|0x0000000711200000, 0x0000000711200000, 0x0000000711400000|  0%| F|  |TAMS 0x0000000711200000, 0x0000000711200000| Untracked 
| 116|0x0000000711400000, 0x0000000711400000, 0x0000000711600000|  0%| F|  |TAMS 0x0000000711400000, 0x0000000711400000| Untracked 
| 117|0x0000000711600000, 0x0000000711600000, 0x0000000711800000|  0%| F|  |TAMS 0x0000000711600000, 0x0000000711600000| Untracked 
| 118|0x0000000711800000, 0x0000000711800000, 0x0000000711a00000|  0%| F|  |TAMS 0x0000000711800000, 0x0000000711800000| Untracked 
| 119|0x0000000711a00000, 0x0000000711a00000, 0x0000000711c00000|  0%| F|  |TAMS 0x0000000711a00000, 0x0000000711a00000| Untracked 
| 120|0x0000000711c00000, 0x0000000711c00000, 0x0000000711e00000|  0%| F|  |TAMS 0x0000000711c00000, 0x0000000711c00000| Untracked 
| 121|0x0000000711e00000, 0x0000000711e00000, 0x0000000712000000|  0%| F|  |TAMS 0x0000000711e00000, 0x0000000711e00000| Untracked 
| 122|0x0000000712000000, 0x0000000712000000, 0x0000000712200000|  0%| F|  |TAMS 0x0000000712000000, 0x0000000712000000| Untracked 
| 123|0x0000000712200000, 0x0000000712200000, 0x0000000712400000|  0%| F|  |TAMS 0x0000000712200000, 0x0000000712200000| Untracked 
| 124|0x0000000712400000, 0x0000000712400000, 0x0000000712600000|  0%| F|  |TAMS 0x0000000712400000, 0x0000000712400000| Untracked 
| 125|0x0000000712600000, 0x0000000712702b70, 0x0000000712800000| 50%| E|  |TAMS 0x0000000712600000, 0x0000000712600000| Complete 
| 126|0x0000000712800000, 0x0000000712a00000, 0x0000000712a00000|100%| E|CS|TAMS 0x0000000712800000, 0x0000000712800000| Complete 

Card table byte_map: [0x0000023e17050000,0x0000023e17840000] _byte_map_base: 0x0000023e1383a000

Marking Bits (Prev, Next): (CMBitMap*) 0x0000023e04014f60, (CMBitMap*) 0x0000023e04014fa0
 Prev Bits: [0x0000023e18030000, 0x0000023e1bf80000)
 Next Bits: [0x0000023e1bf80000, 0x0000023e1fed0000)

Polling page: 0x0000023e01fa0000

Metaspace:

Usage:
  Non-class:     17.29 MB used.
      Class:      1.32 MB used.
       Both:     18.61 MB used.

Virtual space:
  Non-class space:       24.00 MB reserved,      17.38 MB ( 72%) committed,  3 nodes.
      Class space:        1.00 GB reserved,       1.44 MB ( <1%) committed,  1 nodes.
              Both:        1.02 GB reserved,      18.81 MB (  2%) committed. 

Chunk freelists:
   Non-Class:  2.61 MB
       Class:  2.53 MB
        Both:  5.14 MB

MaxMetaspaceSize: 17179869184.00 GB
CompressedClassSpaceSize: 1.00 GB
 - commit_granule_bytes: 65536.
 - commit_granule_words: 8192.
 - virtual_space_node_default_size: 1048576.
 - enlarge_chunks_in_place: 1.
 - new_chunks_are_fully_committed: 0.
 - uncommit_free_chunks: 1.
 - use_allocation_guard: 0.
 - handle_deallocations: 1.


Internal statistics:

num_allocs_failed_limit: 0.
num_arena_births: 98.
num_arena_deaths: 0.
num_vsnodes_births: 4.
num_vsnodes_deaths: 0.
num_space_committed: 299.
num_space_uncommitted: 0.
num_chunks_returned_to_freelist: 0.
num_chunks_taken_from_freelist: 367.
num_chunk_merges: 0.
num_chunk_splits: 271.
num_chunks_enlarged: 221.
num_purges: 0.

CodeHeap 'non-profiled nmethods': size=120000Kb used=806Kb max_used=806Kb free=119194Kb
 bounds [0x0000023e0f000000, 0x0000023e0f270000, 0x0000023e16530000]
CodeHeap 'profiled nmethods': size=120000Kb used=2483Kb max_used=2483Kb free=117516Kb
 bounds [0x0000023e07ad0000, 0x0000023e07d40000, 0x0000023e0f000000]
CodeHeap 'non-nmethods': size=5760Kb used=1750Kb max_used=1799Kb free=4009Kb
 bounds [0x0000023e07530000, 0x0000023e077a0000, 0x0000023e07ad0000]
 total_blobs=2512 nmethods=1389 adapters=1036
 compilation: enabled
              stopped_count=0, restarted_count=0
 full_count=0

Compilation events (20 events):
Event: 6.737 Thread 0x0000023e23473da0 nmethod 1364 0x0000023e07d33410 code [0x0000023e07d335c0, 0x0000023e07d33778]
Event: 6.737 Thread 0x0000023e23473da0 1366       3       java.util.stream.StreamSupport::intStream (14 bytes)
Event: 6.737 Thread 0x0000023e23473da0 nmethod 1366 0x0000023e07d33810 code [0x0000023e07d339e0, 0x0000023e07d33cb8]
Event: 6.737 Thread 0x0000023e23473da0 1365       3       java.util.Formatter$FormatSpecifier::checkInteger (91 bytes)
Event: 6.738 Thread 0x0000023e23473da0 nmethod 1365 0x0000023e07d33e10 code [0x0000023e07d34060, 0x0000023e07d34aa8]
Event: 6.738 Thread 0x0000023e23473da0 1367       3       java.util.Spliterator::getExactSizeIfKnown (25 bytes)
Event: 6.738 Thread 0x0000023e23473da0 nmethod 1367 0x0000023e07d34d10 code [0x0000023e07d34ec0, 0x0000023e07d351b8]
Event: 6.738 Thread 0x0000023e23473da0 1371       3       java.util.stream.AbstractPipeline::copyIntoWithCancel (46 bytes)
Event: 6.738 Thread 0x0000023e23473da0 nmethod 1371 0x0000023e07d35290 code [0x0000023e07d35480, 0x0000023e07d35998]
Event: 6.738 Thread 0x0000023e23473da0 1368       3       java.util.stream.Sink::end (1 bytes)
Event: 6.738 Thread 0x0000023e23473da0 nmethod 1368 0x0000023e07d35b90 code [0x0000023e07d35d20, 0x0000023e07d35e38]
Event: 6.738 Thread 0x0000023e23473da0 1369       3       java.util.stream.FindOps$FindOp::evaluateSequential (39 bytes)
Event: 6.738 Thread 0x0000023e23473da0 nmethod 1369 0x0000023e07d35f10 code [0x0000023e07d36100, 0x0000023e07d36728]
Event: 6.738 Thread 0x0000023e23473da0 1370       3       java.util.stream.FindOps$FindSink::<init> (5 bytes)
Event: 6.738 Thread 0x0000023e23473da0 nmethod 1370 0x0000023e07d36890 code [0x0000023e07d36a40, 0x0000023e07d36b98]
Event: 6.738 Thread 0x0000023e23473da0 1372       3       java.util.stream.Sink::begin (1 bytes)
Event: 6.738 Thread 0x0000023e23473da0 nmethod 1372 0x0000023e07d36c90 code [0x0000023e07d36e20, 0x0000023e07d36f38]
Event: 6.739 Thread 0x0000023e2882a450 1373       4       org.lwjgl.system.MemoryUtil::strlen64NT1 (119 bytes)
Event: 6.741 Thread 0x0000023e2882a450 nmethod 1373 0x0000023e0f0c7610 code [0x0000023e0f0c77a0, 0x0000023e0f0c7a98]
Event: 6.742 Thread 0x0000023e2882a450 1374       4       org.lwjgl.system.Checks::checkFunctions (34 bytes)

GC Heap History (4 events):
Event: 2.169 GC heap before
{Heap before GC invocations=0 (full 0):
 garbage-first heap   total 260096K, used 20480K [0x0000000702c00000, 0x0000000800000000)
  region size 2048K, 11 young (22528K), 0 survivors (0K)
 Metaspace       used 12756K, committed 12928K, reserved 1064960K
  class space    used 1029K, committed 1088K, reserved 1048576K
}
Event: 2.171 GC heap after
{Heap after GC invocations=1 (full 0):
 garbage-first heap   total 260096K, used 3420K [0x0000000702c00000, 0x0000000800000000)
  region size 2048K, 2 young (4096K), 2 survivors (4096K)
 Metaspace       used 12756K, committed 12928K, reserved 1064960K
  class space    used 1029K, committed 1088K, reserved 1048576K
}
Event: 6.742 GC heap before
{Heap before GC invocations=1 (full 0):
 garbage-first heap   total 260096K, used 36188K [0x0000000702c00000, 0x0000000800000000)
  region size 2048K, 19 young (38912K), 2 survivors (4096K)
 Metaspace       used 19045K, committed 19264K, reserved 1073152K
  class space    used 1352K, committed 1472K, reserved 1048576K
}
Event: 6.744 GC heap after
{Heap after GC invocations=2 (full 0):
 garbage-first heap   total 260096K, used 3944K [0x0000000702c00000, 0x0000000800000000)
  region size 2048K, 1 young (2048K), 1 survivors (2048K)
 Metaspace       used 19045K, committed 19264K, reserved 1073152K
  class space    used 1352K, committed 1472K, reserved 1048576K
}

Deoptimization events (20 events):
Event: 2.264 Thread 0x0000023e03fc8310 DEOPT PACKING pc=0x0000023e0f05058c sp=0x0000008f457fea80
Event: 2.264 Thread 0x0000023e03fc8310 DEOPT UNPACKING pc=0x0000023e0757d72e sp=0x0000008f457fea18 mode 2
Event: 2.298 Thread 0x0000023e03fc8310 Uncommon trap: trap_request=0xffffff45 fr.pc=0x0000023e0f0610d8 relative=0x0000000000000498
Event: 2.298 Thread 0x0000023e03fc8310 Uncommon trap: reason=unstable_if action=reinterpret pc=0x0000023e0f0610d8 method=org.eclipse.jdt.launching.internal.org.objectweb.asm.MethodWriter.canCopyMethodAttributes(Lorg/eclipse/jdt/launching/internal/org/objectweb/asm/ClassReader;ZZIII)Z @ 60 c2
Event: 2.298 Thread 0x0000023e03fc8310 DEOPT PACKING pc=0x0000023e0f0610d8 sp=0x0000008f457fc140
Event: 2.298 Thread 0x0000023e03fc8310 DEOPT UNPACKING pc=0x0000023e0757d72e sp=0x0000008f457fc0b8 mode 2
Event: 2.298 Thread 0x0000023e03fc8310 Uncommon trap: trap_request=0xffffff45 fr.pc=0x0000023e0f06876c relative=0x000000000000130c
Event: 2.298 Thread 0x0000023e03fc8310 Uncommon trap: reason=unstable_if action=reinterpret pc=0x0000023e0f06876c method=org.eclipse.jdt.launching.internal.org.objectweb.asm.MethodWriter.putMethodInfo(Lorg/eclipse/jdt/launching/internal/org/objectweb/asm/ByteVector;)V @ 9 c2
Event: 2.298 Thread 0x0000023e03fc8310 DEOPT PACKING pc=0x0000023e0f06876c sp=0x0000008f457fc540
Event: 2.298 Thread 0x0000023e03fc8310 DEOPT UNPACKING pc=0x0000023e0757d72e sp=0x0000008f457fc4e0 mode 2
Event: 2.388 Thread 0x0000023e03fc8310 Uncommon trap: trap_request=0xffffff45 fr.pc=0x0000023e0f081fc0 relative=0x00000000000050c0
Event: 2.388 Thread 0x0000023e03fc8310 Uncommon trap: reason=unstable_if action=reinterpret pc=0x0000023e0f081fc0 method=org.eclipse.jdt.launching.internal.org.objectweb.asm.MethodWriter.canCopyMethodAttributes(Lorg/eclipse/jdt/launching/internal/org/objectweb/asm/ClassReader;ZZIII)Z @ 60 c2
Event: 2.388 Thread 0x0000023e03fc8310 DEOPT PACKING pc=0x0000023e0f081fc0 sp=0x0000008f457fbe20
Event: 2.388 Thread 0x0000023e03fc8310 DEOPT UNPACKING pc=0x0000023e0757d72e sp=0x0000008f457fbdc8 mode 2
Event: 2.447 Thread 0x0000023e03fc8310 DEOPT PACKING pc=0x0000023e07c6825f sp=0x0000008f457fa9e0
Event: 2.447 Thread 0x0000023e03fc8310 DEOPT UNPACKING pc=0x0000023e0757dece sp=0x0000008f457f9f28 mode 0
Event: 2.455 Thread 0x0000023e03fc8310 Uncommon trap: trap_request=0xffffff45 fr.pc=0x0000023e0f09323c relative=0x00000000000019bc
Event: 2.456 Thread 0x0000023e03fc8310 Uncommon trap: reason=unstable_if action=reinterpret pc=0x0000023e0f09323c method=org.eclipse.jdt.launching.internal.org.objectweb.asm.SymbolTable.addConstantUtf8(Ljava/lang/String;)I @ 40 c2
Event: 2.456 Thread 0x0000023e03fc8310 DEOPT PACKING pc=0x0000023e0f09323c sp=0x0000008f457fbc80
Event: 2.456 Thread 0x0000023e03fc8310 DEOPT UNPACKING pc=0x0000023e0757d72e sp=0x0000008f457fbb28 mode 2

Classes unloaded (0 events):
No events

Classes redefined (0 events):
No events

Internal exceptions (18 events):
Event: 0.310 Thread 0x0000023e03fc8310 Exception <a 'java/lang/NoSuchMethodError'{0x000000071228b240}: 'java.lang.Object java.lang.invoke.DirectMethodHandle$Holder.invokeStatic(java.lang.Object)'> (0x000000071228b240) 
thrown [t:\workspace\open\src\hotspot\share\interpreter\linkResolver.cpp, line 790]
Event: 0.363 Thread 0x0000023e03fc8310 Exception <a 'java/lang/NoSuchMethodError'{0x0000000711e03538}: 'java.lang.Object java.lang.invoke.DirectMethodHandle$Holder.invokeStaticInit(java.lang.Object)'> (0x0000000711e03538) 
thrown [t:\workspace\open\src\hotspot\share\interpreter\linkResolver.cpp, line 790]
Event: 0.374 Thread 0x0000023e03fc8310 Exception <a 'java/lang/NoSuchMethodError'{0x0000000711ec8de8}: 'void java.lang.invoke.DirectMethodHandle$Holder.invokeStatic(java.lang.Object, java.lang.Object)'> (0x0000000711ec8de8) 
thrown [t:\workspace\open\src\hotspot\share\interpreter\linkResolver.cpp, line 790]
Event: 0.375 Thread 0x0000023e03fc8310 Exception <a 'java/lang/NoSuchMethodError'{0x0000000711ecff68}: 'void java.lang.invoke.DirectMethodHandle$Holder.invokeSpecial(java.lang.Object, java.lang.Object, java.lang.Object)'> (0x0000000711ecff68) 
thrown [t:\workspace\open\src\hotspot\share\interpreter\linkResolver.cpp, line 790]
Event: 0.377 Thread 0x0000023e03fc8310 Exception <a 'java/lang/NoSuchMethodError'{0x0000000711eeb3f0}: 'java.lang.Object java.lang.invoke.DirectMethodHandle$Holder.invokeStatic(java.lang.Object, java.lang.Object, int)'> (0x0000000711eeb3f0) 
thrown [t:\workspace\open\src\hotspot\share\interpreter\linkResolver.cpp, line 790]
Event: 0.378 Thread 0x0000023e03fc8310 Exception <a 'java/lang/NoSuchMethodError'{0x0000000711ef7598}: 'void java.lang.invoke.DelegatingMethodHandle$Holder.delegate(java.lang.Object, java.lang.Object, int, java.lang.Object)'> (0x0000000711ef7598) 
thrown [t:\workspace\open\src\hotspot\share\interpreter\linkResolver.cpp, line 790]
Event: 0.378 Thread 0x0000023e03fc8310 Exception <a 'java/lang/NoSuchMethodError'{0x0000000711efb6e8}: 'int java.lang.invoke.DirectMethodHandle$Holder.invokeSpecial(java.lang.Object, java.lang.Object, java.lang.Object)'> (0x0000000711efb6e8) 
thrown [t:\workspace\open\src\hotspot\share\interpreter\linkResolver.cpp, line 790]
Event: 0.401 Thread 0x0000023e03fc8310 Exception <a 'sun/nio/fs/WindowsException'{0x0000000711feb760}> (0x0000000711feb760) 
thrown [t:\workspace\open\src\hotspot\share\prims\jni.cpp, line 579]
Event: 0.401 Thread 0x0000023e03fc8310 Exception <a 'sun/nio/fs/WindowsException'{0x0000000711fecdb8}> (0x0000000711fecdb8) 
thrown [t:\workspace\open\src\hotspot\share\prims\jni.cpp, line 579]
Event: 0.438 Thread 0x0000023e03fc8310 Exception <a 'sun/nio/fs/WindowsException'{0x0000000711aa0ec8}> (0x0000000711aa0ec8) 
thrown [t:\workspace\open\src\hotspot\share\prims\jni.cpp, line 579]
Event: 0.438 Thread 0x0000023e03fc8310 Exception <a 'sun/nio/fs/WindowsException'{0x0000000711aa1258}> (0x0000000711aa1258) 
thrown [t:\workspace\open\src\hotspot\share\prims\jni.cpp, line 579]
Event: 2.109 Thread 0x0000023e03fc8310 Exception <a 'sun/nio/fs/WindowsException'{0x000000071188d8f0}> (0x000000071188d8f0) 
thrown [t:\workspace\open\src\hotspot\share\prims\jni.cpp, line 579]
Event: 2.109 Thread 0x0000023e03fc8310 Exception <a 'sun/nio/fs/WindowsException'{0x000000071188dcc8}> (0x000000071188dcc8) 
thrown [t:\workspace\open\src\hotspot\share\prims\jni.cpp, line 579]
Event: 2.112 Thread 0x0000023e03fc8310 Exception <a 'sun/nio/fs/WindowsException'{0x000000071189f428}> (0x000000071189f428) 
thrown [t:\workspace\open\src\hotspot\share\prims\jni.cpp, line 579]
Event: 2.112 Thread 0x0000023e03fc8310 Exception <a 'sun/nio/fs/WindowsException'{0x000000071189f738}> (0x000000071189f738) 
thrown [t:\workspace\open\src\hotspot\share\prims\jni.cpp, line 579]
Event: 2.325 Thread 0x0000023e03fc8310 Exception <a 'java/lang/ClassNotFoundException'{0x0000000711735fa0}: sun/awt/resources/spi/awtProvider> (0x0000000711735fa0) 
thrown [t:\workspace\open\src\hotspot\share\classfile\systemDictionary.cpp, line 256]
Event: 2.336 Thread 0x0000023e03fc8310 Exception <a 'java/io/FileNotFoundException'{0x0000000711785850}> (0x0000000711785850) 
thrown [t:\workspace\open\src\hotspot\share\prims\jni.cpp, line 579]
Event: 2.340 Thread 0x0000023e03fc8310 Exception <a 'java/io/FileNotFoundException'{0x00000007117b6290}> (0x00000007117b6290) 
thrown [t:\workspace\open\src\hotspot\share\prims\jni.cpp, line 579]

Events (20 events):
Event: 2.490 Executing  VM operation: HandshakeAllThreads
Event: 2.490 Executing  VM operation: HandshakeAllThreads done
Event: 2.585 Executing  VM operation: get/set locals
Event: 2.585 Executing  VM operation: get/set locals done
Event: 2.628 Executing  VM operation: get/set locals
Event: 2.628 Executing  VM operation: get/set locals done
Event: 2.628 Executing  VM operation: get/set locals
Event: 2.628 Executing  VM operation: get/set locals done
Event: 2.628 Executing  VM operation: get/set locals
Event: 2.628 Executing  VM operation: get/set locals done
Event: 4.269 Executing  VM operation: ChangeBreakpoints
Event: 4.269 Executing  VM operation: ChangeBreakpoints done
Event: 6.639 Thread 0x0000023e2882a450 Thread exited: 0x0000023e2882a450
Event: 6.639 Thread 0x0000023e28556a30 Thread exited: 0x0000023e28556a30
Event: 6.645 Thread 0x0000023e28556a30 Thread added: 0x0000023e28556a30
Event: 6.646 Thread 0x0000023e2882a450 Thread added: 0x0000023e2882a450
Event: 6.738 Executing  VM operation: ICBufferFull
Event: 6.738 Executing  VM operation: ICBufferFull done
Event: 6.742 Executing  VM operation: G1CollectForAllocation
Event: 6.744 Executing  VM operation: G1CollectForAllocation done


Dynamic libraries:
0x00007ff773050000 - 0x00007ff77305e000 	C:\Users\streepmsi\Desktop\Programs\eclipse\plugins\org.eclipse.justj.openjdk.hotspot.jre.full.win32.x86_64_16.0.1.v20210528-1205\jre\bin\javaw.exe
0x00007ffae0b30000 - 0x00007ffae0d25000 	C:\Windows\SYSTEM32\ntdll.dll
0x00007ffadfa80000 - 0x00007ffadfb3e000 	C:\Windows\System32\KERNEL32.DLL
0x00007ffade670000 - 0x00007ffade939000 	C:\Windows\System32\KERNELBASE.dll
0x00007ffade2a0000 - 0x00007ffade3a0000 	C:\Windows\System32\ucrtbase.dll
0x00007ffad5bb0000 - 0x00007ffad5bc8000 	C:\Users\streepmsi\Desktop\Programs\eclipse\plugins\org.eclipse.justj.openjdk.hotspot.jre.full.win32.x86_64_16.0.1.v20210528-1205\jre\bin\jli.dll
0x00007ffad5980000 - 0x00007ffad5999000 	C:\Users\streepmsi\Desktop\Programs\eclipse\plugins\org.eclipse.justj.openjdk.hotspot.jre.full.win32.x86_64_16.0.1.v20210528-1205\jre\bin\VCRUNTIME140.dll
0x00007ffae0880000 - 0x00007ffae0a21000 	C:\Windows\System32\USER32.dll
0x00007ffadeac0000 - 0x00007ffadeae2000 	C:\Windows\System32\win32u.dll
0x00007ffac3960000 - 0x00007ffac3bfa000 	C:\Windows\WinSxS\amd64_microsoft.windows.common-controls_6595b64144ccf1df_6.0.19041.1110_none_60b5254171f9507e\COMCTL32.dll
0x00007ffadf430000 - 0x00007ffadf45b000 	C:\Windows\System32\GDI32.dll
0x00007ffadfe20000 - 0x00007ffadfebe000 	C:\Windows\System32\msvcrt.dll
0x00007ffade560000 - 0x00007ffade66b000 	C:\Windows\System32\gdi32full.dll
0x00007ffade940000 - 0x00007ffade9dd000 	C:\Windows\System32\msvcp_win.dll
0x00007ffadf980000 - 0x00007ffadf9b0000 	C:\Windows\System32\IMM32.DLL
0x00007ffad9550000 - 0x00007ffad955c000 	C:\Users\streepmsi\Desktop\Programs\eclipse\plugins\org.eclipse.justj.openjdk.hotspot.jre.full.win32.x86_64_16.0.1.v20210528-1205\jre\bin\vcruntime140_1.dll
0x00007ffabf160000 - 0x00007ffabf1f1000 	C:\Users\streepmsi\Desktop\Programs\eclipse\plugins\org.eclipse.justj.openjdk.hotspot.jre.full.win32.x86_64_16.0.1.v20210528-1205\jre\bin\msvcp140.dll
0x00007ffa9bc80000 - 0x00007ffa9c82b000 	C:\Users\streepmsi\Desktop\Programs\eclipse\plugins\org.eclipse.justj.openjdk.hotspot.jre.full.win32.x86_64_16.0.1.v20210528-1205\jre\bin\server\jvm.dll
0x00007ffae0a30000 - 0x00007ffae0adc000 	C:\Windows\System32\ADVAPI32.dll
0x00007ffadf460000 - 0x00007ffadf4fb000 	C:\Windows\System32\sechost.dll
0x00007ffae0730000 - 0x00007ffae085a000 	C:\Windows\System32\RPCRT4.dll
0x00007ffae0ae0000 - 0x00007ffae0ae8000 	C:\Windows\System32\PSAPI.DLL
0x00007ffad87c0000 - 0x00007ffad87ca000 	C:\Windows\SYSTEM32\VERSION.dll
0x00007ffac6930000 - 0x00007ffac6957000 	C:\Windows\SYSTEM32\WINMM.dll
0x00007ffad5d90000 - 0x00007ffad5d99000 	C:\Windows\SYSTEM32\WSOCK32.dll
0x00007ffadfc70000 - 0x00007ffadfcdb000 	C:\Windows\System32\WS2_32.dll
0x00007ffadc150000 - 0x00007ffadc162000 	C:\Windows\SYSTEM32\kernel.appcore.dll
0x00007ffad1d80000 - 0x00007ffad1d8a000 	C:\Users\streepmsi\Desktop\Programs\eclipse\plugins\org.eclipse.justj.openjdk.hotspot.jre.full.win32.x86_64_16.0.1.v20210528-1205\jre\bin\jimage.dll
0x00007ffac62e0000 - 0x00007ffac64c4000 	C:\Windows\SYSTEM32\DBGHELP.DLL
0x00007ffac6590000 - 0x00007ffac65bc000 	C:\Windows\SYSTEM32\dbgcore.DLL
0x00007ffadeaf0000 - 0x00007ffadeb73000 	C:\Windows\System32\bcryptPrimitives.dll
0x00007ffad4750000 - 0x00007ffad478b000 	C:\Users\streepmsi\Desktop\Programs\eclipse\plugins\org.eclipse.justj.openjdk.hotspot.jre.full.win32.x86_64_16.0.1.v20210528-1205\jre\bin\jdwp.dll
0x00007ffad8e20000 - 0x00007ffad8e2e000 	C:\Users\streepmsi\Desktop\Programs\eclipse\plugins\org.eclipse.justj.openjdk.hotspot.jre.full.win32.x86_64_16.0.1.v20210528-1205\jre\bin\instrument.dll
0x00007ffabef40000 - 0x00007ffabef65000 	C:\Users\streepmsi\Desktop\Programs\eclipse\plugins\org.eclipse.justj.openjdk.hotspot.jre.full.win32.x86_64_16.0.1.v20210528-1205\jre\bin\java.dll
0x00007ffac9ff0000 - 0x00007ffaca008000 	C:\Users\streepmsi\Desktop\Programs\eclipse\plugins\org.eclipse.justj.openjdk.hotspot.jre.full.win32.x86_64_16.0.1.v20210528-1205\jre\bin\zip.dll
0x00007ffadfff0000 - 0x00007ffae072f000 	C:\Windows\System32\SHELL32.dll
0x00007ffadc350000 - 0x00007ffadcae0000 	C:\Windows\SYSTEM32\windows.storage.dll
0x00007ffadf0d0000 - 0x00007ffadf425000 	C:\Windows\System32\combase.dll
0x00007ffaddca0000 - 0x00007ffaddccc000 	C:\Windows\SYSTEM32\Wldp.dll
0x00007ffadfd70000 - 0x00007ffadfe1e000 	C:\Windows\System32\SHCORE.dll
0x00007ffadf070000 - 0x00007ffadf0c5000 	C:\Windows\System32\shlwapi.dll
0x00007ffade190000 - 0x00007ffade1af000 	C:\Windows\SYSTEM32\profapi.dll
0x00007ffad5fc0000 - 0x00007ffad5fcc000 	C:\Users\streepmsi\Desktop\Programs\eclipse\plugins\org.eclipse.justj.openjdk.hotspot.jre.full.win32.x86_64_16.0.1.v20210528-1205\jre\bin\dt_socket.dll
0x00007ffadd6a0000 - 0x00007ffadd6db000 	C:\Windows\SYSTEM32\IPHLPAPI.DLL
0x00007ffadda00000 - 0x00007ffadda6a000 	C:\Windows\system32\mswsock.dll
0x00007ffadd6f0000 - 0x00007ffadd7bc000 	C:\Windows\SYSTEM32\DNSAPI.dll
0x00007ffadfc60000 - 0x00007ffadfc68000 	C:\Windows\System32\NSI.dll
0x00007ffad4cf0000 - 0x00007ffad4cfa000 	C:\Windows\System32\rasadhlp.dll
0x00007ffad46d0000 - 0x00007ffad474f000 	C:\Windows\System32\fwpuclnt.dll
0x00007ffadea90000 - 0x00007ffadeab7000 	C:\Windows\System32\bcrypt.dll
0x00007ffac9c40000 - 0x00007ffac9c59000 	C:\Users\streepmsi\Desktop\Programs\eclipse\plugins\org.eclipse.justj.openjdk.hotspot.jre.full.win32.x86_64_16.0.1.v20210528-1205\jre\bin\net.dll
0x00007ffad5c20000 - 0x00007ffad5d28000 	C:\Windows\SYSTEM32\WINHTTP.dll
0x00007ffabeec0000 - 0x00007ffabeed3000 	C:\Users\streepmsi\Desktop\Programs\eclipse\plugins\org.eclipse.justj.openjdk.hotspot.jre.full.win32.x86_64_16.0.1.v20210528-1205\jre\bin\nio.dll
0x00007ffad1d70000 - 0x00007ffad1d80000 	C:\Users\streepmsi\Desktop\Programs\eclipse\plugins\org.eclipse.justj.openjdk.hotspot.jre.full.win32.x86_64_16.0.1.v20210528-1205\jre\bin\verify.dll
0x00007ffac6970000 - 0x00007ffac69d4000 	C:\Users\streepmsi\AppData\Local\Temp\lwjglstreepmsi\3.2.3-build-13\lwjgl.dll
0x00007ffabf030000 - 0x00007ffabf092000 	C:\Users\STREEP~1\AppData\Local\Temp\lwjglstreepmsi\3.2.3-build-13\glfw.dll
0x00007ffadbba0000 - 0x00007ffadbc3e000 	C:\Windows\system32\uxtheme.dll
0x00007ffacc090000 - 0x00007ffacc0d5000 	C:\Windows\SYSTEM32\dinput8.dll
0x00007ffad29e0000 - 0x00007ffad29f1000 	C:\Windows\SYSTEM32\xinput1_4.dll
0x00007ffade250000 - 0x00007ffade29e000 	C:\Windows\System32\cfgmgr32.dll
0x00007ffaddff0000 - 0x00007ffade024000 	C:\Windows\SYSTEM32\DEVOBJ.dll
0x00007ffadbe60000 - 0x00007ffadbe8f000 	C:\Windows\SYSTEM32\dwmapi.dll
0x00007ffacc710000 - 0x00007ffacc862000 	C:\Windows\SYSTEM32\inputhost.dll
0x00007ffadfec0000 - 0x00007ffadff8d000 	C:\Windows\System32\OLEAUT32.dll
0x00007ffadb880000 - 0x00007ffadb972000 	C:\Windows\SYSTEM32\CoreMessaging.dll
0x00007ffad9900000 - 0x00007ffad99f6000 	C:\Windows\SYSTEM32\PROPSYS.dll
0x00007ffadae50000 - 0x00007ffadafa4000 	C:\Windows\SYSTEM32\wintypes.dll
0x00007ffadb520000 - 0x00007ffadb87e000 	C:\Windows\SYSTEM32\CoreUIComponents.dll
0x00007ffadcf40000 - 0x00007ffadcf73000 	C:\Windows\SYSTEM32\ntmarta.dll
0x00007ffadfb40000 - 0x00007ffadfc55000 	C:\Windows\System32\MSCTF.dll
0x00007ffadcae0000 - 0x00007ffadcaed000 	C:\Windows\SYSTEM32\HID.DLL
0x00007ffadf500000 - 0x00007ffadf972000 	C:\Windows\System32\SETUPAPI.DLL
0x00007ffade3a0000 - 0x00007ffade400000 	C:\Windows\System32\WINTRUST.dll
0x00007ffade400000 - 0x00007ffade556000 	C:\Windows\System32\CRYPT32.dll
0x00007ffadde30000 - 0x00007ffadde42000 	C:\Windows\SYSTEM32\MSASN1.dll
0x00007ffaccd10000 - 0x00007ffacce35000 	C:\Windows\SYSTEM32\opengl32.dll
0x00007ffad5910000 - 0x00007ffad593c000 	C:\Windows\SYSTEM32\GLU32.dll
0x00007ffadeee0000 - 0x00007ffadef89000 	C:\Windows\System32\clbcatq.dll
0x00007ffa90830000 - 0x00007ffa937ef000 	C:\Windows\System32\DriverStore\FileRepository\nvmii.inf_amd64_129542dbee5a4a5e\nvoglv64.dll
0x00007ffaded30000 - 0x00007ffadee5a000 	C:\Windows\System32\ole32.dll
0x00007ffad9aa0000 - 0x00007ffad9ab4000 	C:\Windows\SYSTEM32\WTSAPI32.dll
0x00007ffaddbf0000 - 0x00007ffaddbfc000 	C:\Windows\SYSTEM32\CRYPTBASE.DLL
0x00007ffad7a70000 - 0x00007ffad7aa1000 	C:\Windows\SYSTEM32\cryptnet.dll
0x00007ffad4ba0000 - 0x00007ffad4cea000 	C:\Windows\SYSTEM32\drvstore.dll
0x00007ffad4b60000 - 0x00007ffad4b9b000 	C:\Windows\SYSTEM32\dxcore.dll
0x00007ffaa7a20000 - 0x00007ffaa7ce3000 	C:\Windows\system32\nvspcap64.dll
0x00007ffadd7c0000 - 0x00007ffadd80b000 	C:\Windows\SYSTEM32\powrprof.dll
0x00007ffadd680000 - 0x00007ffadd692000 	C:\Windows\SYSTEM32\UMPDC.dll
0x00007ffadcff0000 - 0x00007ffadd04a000 	C:\Windows\SYSTEM32\WINSTA.dll
0x00007ffadcb40000 - 0x00007ffadcc34000 	C:\Windows\system32\dxgi.dll
0x00007ffada3d0000 - 0x00007ffada634000 	C:\Windows\system32\d3d11.dll
0x00007ffab9f10000 - 0x00007ffaba016000 	C:\Windows\System32\DriverStore\FileRepository\nvmii.inf_amd64_129542dbee5a4a5e\nvldumdx.dll
0x00007ffae0860000 - 0x00007ffae087d000 	C:\Windows\System32\imagehlp.dll
0x00007ffaddc00000 - 0x00007ffaddc18000 	C:\Windows\SYSTEM32\CRYPTSP.dll
0x00007ffadd310000 - 0x00007ffadd344000 	C:\Windows\system32\rsaenh.dll
0x00007ffa741b0000 - 0x00007ffa76ad9000 	C:\Windows\System32\DriverStore\FileRepository\nvmii.inf_amd64_129542dbee5a4a5e\nvwgf2umx.dll
0x00007ffacaf80000 - 0x00007ffacb6e1000 	C:\Windows\SYSTEM32\nvapi64.dll
0x00007ffabcdb0000 - 0x00007ffabce09000 	C:\Users\streepmsi\AppData\Local\Temp\lwjglstreepmsi\3.2.3-build-13\lwjgl_opengl.dll
0x00007ffaca010000 - 0x00007ffaca109000 	C:\Windows\SYSTEM32\textinputframework.dll
0x00007ffaacf70000 - 0x00007ffaad0ef000 	C:\Users\streepmsi\Desktop\Programs\eclipse\plugins\org.eclipse.justj.openjdk.hotspot.jre.full.win32.x86_64_16.0.1.v20210528-1205\jre\bin\awt.dll
0x00007ffadbab0000 - 0x00007ffadbb40000 	C:\Windows\SYSTEM32\apphelp.dll
0x00007ffad3040000 - 0x00007ffad46bd000 	C:\Windows\System32\DriverStore\FileRepository\iigd_dch.inf_amd64_a086f01cc7be643a\igd10iumd64.dll
0x00007ffaddd10000 - 0x00007ffaddd37000 	C:\Windows\SYSTEM32\ncrypt.dll
0x00007ffaddcd0000 - 0x00007ffaddd0b000 	C:\Windows\SYSTEM32\NTASN1.dll
0x00007ffad1aa0000 - 0x00007ffad1cdf000 	C:\Windows\System32\DriverStore\FileRepository\iigd_dch.inf_amd64_a086f01cc7be643a\igdgmm64.dll
0x00007fface130000 - 0x00007ffad0d92000 	C:\Windows\System32\DriverStore\FileRepository\iigd_dch.inf_amd64_a086f01cc7be643a\igc64.dll

dbghelp: loaded successfully - version: 4.0.5 - missing functions: none
symbol engine: initialized successfully - sym options: 0x614 - pdb path: .;C:\Users\streepmsi\Desktop\Programs\eclipse\plugins\org.eclipse.justj.openjdk.hotspot.jre.full.win32.x86_64_16.0.1.v20210528-1205\jre\bin;C:\Windows\SYSTEM32;C:\Windows\WinSxS\amd64_microsoft.windows.common-controls_6595b64144ccf1df_6.0.19041.1110_none_60b5254171f9507e;C:\Users\streepmsi\Desktop\Programs\eclipse\plugins\org.eclipse.justj.openjdk.hotspot.jre.full.win32.x86_64_16.0.1.v20210528-1205\jre\bin\server;C:\Users\streepmsi\AppData\Local\Temp\lwjglstreepmsi\3.2.3-build-13;C:\Users\STREEP~1\AppData\Local\Temp\lwjglstreepmsi\3.2.3-build-13;C:\Windows\System32\DriverStore\FileRepository\nvmii.inf_amd64_129542dbee5a4a5e;C:\Windows\System32\DriverStore\FileRepository\iigd_dch.inf_amd64_a086f01cc7be643a

VM Arguments:
jvm_args: -XX:+ShowCodeDetailsInExceptionMessages -agentlib:jdwp=transport=dt_socket,suspend=y,address=localhost:53591 -javaagent:C:\Users\streepmsi\Desktop\Programs\eclipse\configuration\org.eclipse.osgi\222\0\.cp\lib\javaagent-shaded.jar -Dfile.encoding=UTF-8 
java_command: com.streep.openglleer.Main
java_class_path (initial): C:\Users\streepmsi\eclipse-workspace\OpenGLLeerproject\bin;C:\Users\streepmsi\Desktop\Libaries\lwjgl.jar;C:\Users\streepmsi\Desktop\Libaries\lwjgl-assimp.jar;C:\Users\streepmsi\Desktop\Libaries\lwjgl-assimp-javadoc.jar;C:\Users\streepmsi\Desktop\Libaries\lwjgl-assimp-natives-windows.jar;C:\Users\streepmsi\Desktop\Libaries\lwjgl-assimp-sources.jar;C:\Users\streepmsi\Desktop\Libaries\lwjgl-bgfx.jar;C:\Users\streepmsi\Desktop\Libaries\lwjgl-bgfx-javadoc.jar;C:\Users\streepmsi\Desktop\Libaries\lwjgl-bgfx-natives-windows.jar;C:\Users\streepmsi\Desktop\Libaries\lwjgl-bgfx-sources.jar;C:\Users\streepmsi\Desktop\Libaries\lwjgl-glfw.jar;C:\Users\streepmsi\Desktop\Libaries\lwjgl-glfw-javadoc.jar;C:\Users\streepmsi\Desktop\Libaries\lwjgl-glfw-natives-windows.jar;C:\Users\streepmsi\Desktop\Libaries\lwjgl-glfw-sources.jar;C:\Users\streepmsi\Desktop\Libaries\lwjgl-javadoc.jar;C:\Users\streepmsi\Desktop\Libaries\lwjgl-nanovg.jar;C:\Users\streepmsi\Desktop\Libaries\lwjgl-nanovg-javadoc.jar;C:\Users\streepmsi\Desktop\Libaries\lwjgl-nanovg-natives-windows.jar;C:\Users\streepmsi\Desktop\Libaries\lwjgl-nanovg-sources.jar;C:\Users\streepmsi\Desktop\Libaries\lwjgl-natives-windows.jar;C:\Users\streepmsi\Desktop\Libaries\lwjgl-nuklear.jar;C:\Users\streepmsi\Desktop\Libaries\lwjgl-nuklear-javadoc.jar;C:\Users\streepmsi\Desktop\Libaries\lwjgl-nuklear-natives-windows.jar;C:\Users\streepmsi\Desktop\Libaries\lwjgl-nuklear-sources.jar;C:\Users\streepmsi\Desktop\Libaries\lwjgl-openal.jar;C:\Users\streepmsi\Desktop\Libaries\lwjgl-openal-javadoc.jar;C:\Users\streepmsi\Desktop\Libaries\lwjgl-openal-natives-windows.jar;C:\Users\streepmsi\Desktop\Libaries\lwjgl-openal-sources.jar;C:\Users\streepmsi\Desktop\Libaries\lwjgl-opengl.jar;C:\Users\streepmsi\Desktop\Libaries\lwjgl-opengl-javadoc.jar;C:\Users\streepmsi\Desktop\Libaries\lwjgl-opengl-natives-windows.jar;C:\Users\streepmsi\Desktop\Libaries\lwjgl-opengl-sources.jar;C:\Users\streepmsi\Desktop\Libaries\lwjgl-par.jar;C:\U
Launcher Type: SUN_STANDARD

[Global flags]
     intx CICompilerCount                          = 4                                         {product} {ergonomic}
     uint ConcGCThreads                            = 2                                         {product} {ergonomic}
     uint G1ConcRefinementThreads                  = 8                                         {product} {ergonomic}
   size_t G1HeapRegionSize                         = 2097152                                   {product} {ergonomic}
    uintx GCDrainStackTargetSize                   = 64                                        {product} {ergonomic}
   size_t InitialHeapSize                          = 266338304                                 {product} {ergonomic}
   size_t MarkStackSize                            = 4194304                                   {product} {ergonomic}
   size_t MaxHeapSize                              = 4248829952                                {product} {ergonomic}
   size_t MaxNewSize                               = 2548039680                                {product} {ergonomic}
   size_t MinHeapDeltaBytes                        = 2097152                                   {product} {ergonomic}
   size_t MinHeapSize                              = 8388608                                   {product} {ergonomic}
    uintx NonNMethodCodeHeapSize                   = 5839372                                {pd product} {ergonomic}
    uintx NonProfiledCodeHeapSize                  = 122909434                              {pd product} {ergonomic}
    uintx ProfiledCodeHeapSize                     = 122909434                              {pd product} {ergonomic}
    uintx ReservedCodeCacheSize                    = 251658240                              {pd product} {ergonomic}
     bool SegmentedCodeCache                       = true                                      {product} {ergonomic}
     bool ShowCodeDetailsInExceptionMessages       = true                                   {manageable} {command line}
   size_t SoftMaxHeapSize                          = 4248829952                             {manageable} {ergonomic}
     bool UseCompressedClassPointers               = true                           {product lp64_product} {ergonomic}
     bool UseCompressedOops                        = true                           {product lp64_product} {ergonomic}
     bool UseG1GC                                  = true                                      {product} {ergonomic}
     bool UseLargePagesIndividualAllocation        = false                                  {pd product} {ergonomic}

Logging:
Log output configuration:
 #0: stdout all=warning uptime,level,tags
 #1: stderr all=off uptime,level,tags

Environment Variables:
PATH=C:\Users\streepmsi\Desktop\Programs\eclipse\plugins\org.eclipse.justj.openjdk.hotspot.jre.full.win32.x86_64_16.0.1.v20210528-1205\jre\bin;C:/Users/streepmsi/Desktop/Programs/eclipse//plugins/org.eclipse.justj.openjdk.hotspot.jre.full.win32.x86_64_16.0.1.v20210528-1205/jre/bin/server;C:/Users/streepmsi/Desktop/Programs/eclipse//plugins/org.eclipse.justj.openjdk.hotspot.jre.full.win32.x86_64_16.0.1.v20210528-1205/jre/bin;C:\Program Files (x86)\Common Files\Oracle\Java\javapath;C:\Windows\system32;C:\Windows;C:\Windows\System32\Wbem;C:\Windows\System32\WindowsPowerShell\v1.0\;C:\Windows\System32\OpenSSH\;C:\Program Files (x86)\NVIDIA Corporation\PhysX\Common;C:\Program Files\NVIDIA Corporation\NVIDIA NvDLISR;C:\Users\streepmsi\Desktop\Programs\Git\cmd;C:\Users\streepmsi\AppData\Local\Microsoft\WindowsApps;;C:\Users\streepmsi\Desktop\Programs\eclipse;
USERNAME=streepmsi
OS=Windows_NT
PROCESSOR_IDENTIFIER=Intel64 Family 6 Model 165 Stepping 2, GenuineIntel



---------------  S Y S T E M  ---------------

OS:
 Windows 10 , 64 bit Build 19041 (10.0.19041.1202)
OS uptime: 2 days 23:16 hours

CPU: total 8 (initial active 8) (4 cores per cpu, 2 threads per core) family 6 model 165 stepping 2 microcode 0xe2, cx8, cmov, fxsr, ht, mmx, 3dnowpref, sse, sse2, sse3, ssse3, sse4.1, sse4.2, popcnt, lzcnt, tsc, tscinvbit, avx, avx2, aes, erms, clmul, bmi1, bmi2, adx, fma, vzeroupper, clflush, clflushopt

Memory: 4k page, system-wide physical 16205M (9020M free)
TotalPageFile size 18637M (AvailPageFile size 9579M)
current process WorkingSet (physical memory assigned to process): 163M, peak: 167M
current process commit charge ("private bytes"): 429M, peak: 443M

vm_info: OpenJDK 64-Bit Server VM (16.0.1+9-24) for windows-amd64 JRE (16.0.1+9-24), built on Mar 26 2021 19:30:07 by "mach5one" with MS VC++ 16.7 (VS2019)

END.
