#
# A fatal error has been detected by the Java Runtime Environment:
#
#  EXCEPTION_ACCESS_VIOLATION (0xc0000005) at pc=0x00007ffae0b55bb6, pid=5248, tid=10336
#
# JRE version: OpenJDK Runtime Environment (16.0.1+9) (build 16.0.1+9-24)
# Java VM: OpenJDK 64-Bit Server VM (16.0.1+9-24, mixed mode, tiered, compressed oops, compressed class ptrs, g1 gc, windows-amd64)
# Problematic frame:
# C  [ntdll.dll+0x25bb6]
#
# No core dump will be written. Minidumps are not enabled by default on client versions of Windows
#
# If you would like to submit a bug report, please visit:
#   https://bugreport.java.com/bugreport/crash.jsp
#

---------------  S U M M A R Y ------------

Command Line: -Dfile.encoding=UTF-8 -XX:+ShowCodeDetailsInExceptionMessages com.streep.openglleer.Main

Host: Intel(R) Core(TM) i5-10200H CPU @ 2.40GHz, 8 cores, 15G,  Windows 10 , 64 bit Build 19041 (10.0.19041.1202)
Time: Thu Oct 14 12:02:30 2021 W. Europe Summer Time elapsed time: 1.785922 seconds (0d 0h 0m 1s)

---------------  T H R E A D  ---------------

Current thread (0x000002397d02d650):  JavaThread "Reference Handler" daemon [_thread_in_vm, id=10336, stack(0x00000091f4600000,0x00000091f4700000)]

Stack: [0x00000091f4600000,0x00000091f4700000],  sp=0x00000091f46fead0,  free space=1018k
Native frames: (J=compiled Java code, j=interpreted, Vv=VM code, C=native code)
C  [ntdll.dll+0x25bb6]
C  [ntdll.dll+0x247b1]
C  [ucrtbase.dll+0xf05b]
V  [jvm.dll+0x7a0afb]
C  0x000002396122dce2

Java frames: (J=compiled Java code, j=interpreted, Vv=VM code)
j  jdk.internal.misc.Unsafe.freeMemory0(J)V+0 java.base@16.0.1
j  jdk.internal.misc.Unsafe.freeMemory(J)V+14 java.base@16.0.1
j  java.nio.DirectByteBuffer$Deallocator.run()V+17 java.base@16.0.1
j  jdk.internal.ref.Cleaner.clean()V+12 java.base@16.0.1
j  java.lang.ref.Reference.processPendingReferences()V+54 java.base@16.0.1
j  java.lang.ref.Reference$ReferenceHandler.run()V+0 java.base@16.0.1
v  ~StubRoutines::call_stub

siginfo: EXCEPTION_ACCESS_VIOLATION (0xc0000005), reading address 0x0000023904bcf00f


Register to memory mapping:

RIP=0x00007ffae0b55bb6 ntdll.dll
RAX=0x0 is NULL
RBX=0x000002395ba40000 points into unknown readable memory: 0x0000000000000000 | 00 00 00 00 00 00 00 00
RCX=0x000002395ba40000 points into unknown readable memory: 0x0000000000000000 | 00 00 00 00 00 00 00 00
RDX=0x0000023904bcf010 is an unknown value
RSP=0x00000091f46fead0 is pointing into the stack for thread: 0x000002397d02d650
RBP=0x0 is NULL
RSI=0x000002395ba40000 points into unknown readable memory: 0x0000000000000000 | 00 00 00 00 00 00 00 00
RDI=0x0 is NULL
R8 =0x0 is NULL
R9 =0x0 is NULL
R10=0x000002396122dcb3 is at code_begin+979 in an Interpreter codelet
method entry point (kind = native)  [0x000002396122d8e0, 0x000002396122e2c0]  2528 bytes
R11=0x0000000000000102 is an unknown value
R12=0x0 is NULL
R13=0x0000023904bcf010 is an unknown value
R14=0x0000023904bcf000 is an unknown value
R15=0x000002397d02d650 is a thread


Registers:
RAX=0x0000000000000000, RBX=0x000002395ba40000, RCX=0x000002395ba40000, RDX=0x0000023904bcf010
RSP=0x00000091f46fead0, RBP=0x0000000000000000, RSI=0x000002395ba40000, RDI=0x0000000000000000
R8 =0x0000000000000000, R9 =0x0000000000000000, R10=0x000002396122dcb3, R11=0x0000000000000102
R12=0x0000000000000000, R13=0x0000023904bcf010, R14=0x0000023904bcf000, R15=0x000002397d02d650
RIP=0x00007ffae0b55bb6, EFLAGS=0x0000000000010246

Top of Stack: (sp=0x00000091f46fead0)
0x00000091f46fead0:   000002397d01b600 000002397d02df78
0x00000091f46feae0:   000002397d02d650 00007ffa9bffa1d8
0x00000091f46feaf0:   000002397c800a00 000002397d02df78
0x00000091f46feb00:   0000000000000000 00000007110ea0b8
0x00000091f46feb10:   00000007000000b6 000002397d02d650
0x00000091f46feb20:   000002397c800a00 000002397d02d650
0x00000091f46feb30:   000002397c800a00 000002397d02d650
0x00000091f46feb40:   000002397c839c48 000002397d02d650
0x00000091f46feb50:   000002397d02df58 00000091f46fee20
0x00000091f46feb60:   000002397d02d650 00000091f46fece8
0x00000091f46feb70:   000002397c8cdb70 0000000000000000
0x00000091f46feb80:   0000023904bcf010 00007ffae0b547b1
0x00000091f46feb90:   00000239000000b6 000002395ba40000
0x00000091f46feba0:   00000091f46fecb8 0000000000000000
0x00000091f46febb0:   0000000000000000 000002397c8c4d2a
0x00000091f46febc0:   0000023904bcf010 00007ffade2af05b 

Instructions: (pc=0x00007ffae0b55bb6)
0x00007ffae0b55ab6:   85 c0 0f 85 03 0e 08 00 b9 80 03 fe 7f 40 38 39
0x00007ffae0b55ac6:   0f 84 2f fe ff ff e9 0c 0e 08 00 45 33 c0 48 8b
0x00007ffae0b55ad6:   d3 49 8b ce e8 c1 0e fe ff e8 6c ed ff ff 85 c0
0x00007ffae0b55ae6:   0f 85 9b 0e 08 00 b9 80 03 fe 7f 40 38 39 0f 84
0x00007ffae0b55af6:   01 fe ff ff e9 a4 0e 08 00 41 b8 02 00 00 00 e9
0x00007ffae0b55b06:   60 fc ff ff f7 41 74 00 00 00 01 75 4e f6 41 78
0x00007ffae0b55b16:   01 0f 85 2d 0f 08 00 41 f6 c5 0f 0f 84 87 00 00
0x00007ffae0b55b26:   00 45 33 c9 48 89 7c 24 28 4d 8b c5 48 89 7c 24
0x00007ffae0b55b36:   20 48 8b d6 41 8d 49 09 e8 c9 82 0e 00 4d 85 f6
0x00007ffae0b55b46:   0f 84 0b 0f 08 00 41 80 7d ff 05 0f 84 31 0f 08
0x00007ffae0b55b56:   00 41 38 7e 0f 0f 8c 96 10 08 00 8b d5 4d 8b cd
0x00007ffae0b55b66:   83 ca 02 4d 8b c6 48 8b ce e8 8c 00 00 00 44 0f
0x00007ffae0b55b76:   b6 f8 84 c0 0f 84 9b fd ff ff 48 8b 84 24 e0 00
0x00007ffae0b55b86:   00 00 48 85 c0 74 03 66 89 38 4d 85 e4 74 04 49
0x00007ffae0b55b96:   89 3c 24 48 8b ce e8 7f ec ff ff 85 c0 0f 84 72
0x00007ffae0b55ba6:   fd ff ff e9 9a 15 08 00 4c 8d 72 f0 41 0f 0d 0e
0x00007ffae0b55bb6:   41 80 7e 0f 05 75 0c 41 0f b6 46 0e 48 c1 e0 04
0x00007ffae0b55bc6:   4c 2b f0 41 f6 46 0f 3f 0f 85 6f ff ff ff 45 33
0x00007ffae0b55bd6:   c9 48 89 7c 24 28 4d 8b c6 48 89 7c 24 20 48 8b
0x00007ffae0b55be6:   d6 41 8d 49 08 e8 1c 82 0e 00 4c 8b f7 e9 4b ff
0x00007ffae0b55bf6:   ff ff cc cc cc cc cc cc cc cc 48 89 5c 24 10 48
0x00007ffae0b55c06:   89 74 24 20 4c 89 44 24 18 48 89 4c 24 08 57 41
0x00007ffae0b55c16:   54 41 55 41 56 41 57 48 81 ec 80 01 00 00 4d 8b
0x00007ffae0b55c26:   f8 8b fa 48 8b d9 41 b4 01 44 88 64 24 41 c6 44
0x00007ffae0b55c36:   24 40 00 c7 44 24 74 01 00 00 00 45 33 ed 4c 89
0x00007ffae0b55c46:   ac 24 88 00 00 00 66 44 89 6c 24 44 49 3b c8 75
0x00007ffae0b55c56:   39 4c 89 6c 24 28 4c 89 6c 24 20 45 33 c9 48 8b
0x00007ffae0b55c66:   d1 41 8d 4d 09 e8 9c 81 0e 00 33 c0 4c 8d 9c 24
0x00007ffae0b55c76:   80 01 00 00 49 8b 5b 38 49 8b 73 48 49 8b e3 41
0x00007ffae0b55c86:   5f 41 5e 41 5d 41 5c 5f c3 cc 0b 79 74 f7 c7 60
0x00007ffae0b55c96:   0f 01 7d 74 28 45 32 e4 44 88 64 24 41 41 b8 04
0x00007ffae0b55ca6:   00 00 00 f7 c7 00 00 00 61 74 18 0f ba e7 1c 72 


Stack slot to memory mapping:
stack at sp + 0 slots: 0x000002397d01b600 points into unknown readable memory: 0x0000000000000000 | 00 00 00 00 00 00 00 00
stack at sp + 1 slots: 0x000002397d02df78 points into unknown readable memory: 0x000000071124a640 | 40 a6 24 11 07 00 00 00
stack at sp + 2 slots: 0x000002397d02d650 is a thread
stack at sp + 3 slots: 0x00007ffa9bffa1d8 jvm.dll
stack at sp + 4 slots: {method} {0x000002397c800a08} 'notifyAll' '()V' in 'java/lang/Object'
stack at sp + 5 slots: 0x000002397d02df78 points into unknown readable memory: 0x000000071124a640 | 40 a6 24 11 07 00 00 00
stack at sp + 6 slots: 0x0 is NULL
stack at sp + 7 slots: 0x00000007110ea0b8 is an oop: java.util.concurrent.atomic.AtomicLong 
{0x00000007110ea0b8} - klass: 'java/util/concurrent/atomic/AtomicLong'


---------------  P R O C E S S  ---------------

Threads class SMR info:
_java_thread_list=0x00000239049a8c10, length=14, elements={
0x000002395dcab8d0, 0x000002397d02d650, 0x000002397d02e9f0, 0x000002397d050500,
0x000002397d051100, 0x000002397d0553c0, 0x000002397d05d700, 0x000002397d069f90,
0x000002397d06cd50, 0x000002397d07da30, 0x000002397d1f5770, 0x000002397d1fc7b0,
0x00000239043f5190, 0x0000023904624f50
}

Java Threads: ( => current thread )
  0x000002395dcab8d0 JavaThread "main" [_thread_in_native, id=1412, stack(0x00000091f3f00000,0x00000091f4000000)]
=>0x000002397d02d650 JavaThread "Reference Handler" daemon [_thread_in_vm, id=10336, stack(0x00000091f4600000,0x00000091f4700000)]
  0x000002397d02e9f0 JavaThread "Finalizer" daemon [_thread_blocked, id=12108, stack(0x00000091f4700000,0x00000091f4800000)]
  0x000002397d050500 JavaThread "Signal Dispatcher" daemon [_thread_blocked, id=8980, stack(0x00000091f4800000,0x00000091f4900000)]
  0x000002397d051100 JavaThread "Attach Listener" daemon [_thread_blocked, id=12640, stack(0x00000091f4900000,0x00000091f4a00000)]
  0x000002397d0553c0 JavaThread "Service Thread" daemon [_thread_blocked, id=2572, stack(0x00000091f4a00000,0x00000091f4b00000)]
  0x000002397d05d700 JavaThread "Monitor Deflation Thread" daemon [_thread_blocked, id=7192, stack(0x00000091f4b00000,0x00000091f4c00000)]
  0x000002397d069f90 JavaThread "C2 CompilerThread0" daemon [_thread_blocked, id=6952, stack(0x00000091f4c00000,0x00000091f4d00000)]
  0x000002397d06cd50 JavaThread "C1 CompilerThread0" daemon [_thread_blocked, id=13044, stack(0x00000091f4d00000,0x00000091f4e00000)]
  0x000002397d07da30 JavaThread "Sweeper thread" daemon [_thread_blocked, id=10652, stack(0x00000091f4e00000,0x00000091f4f00000)]
  0x000002397d1f5770 JavaThread "Notification Thread" daemon [_thread_blocked, id=15140, stack(0x00000091f4f00000,0x00000091f5000000)]
  0x000002397d1fc7b0 JavaThread "Common-Cleaner" daemon [_thread_blocked, id=3432, stack(0x00000091f5100000,0x00000091f5200000)]
  0x00000239043f5190 JavaThread "C2 CompilerThread1" daemon [_thread_blocked, id=13300, stack(0x00000091f5a00000,0x00000091f5b00000)]
  0x0000023904624f50 JavaThread "Java2D Disposer" daemon [_thread_blocked, id=9448, stack(0x00000091f5b00000,0x00000091f5c00000)]

Other Threads:
  0x000002397d019980 VMThread "VM Thread" [stack: 0x00000091f4500000,0x00000091f4600000] [id=6336]
  0x000002397d1f60a0 WatcherThread [stack: 0x00000091f5000000,0x00000091f5100000] [id=12904]
  0x000002395dcfde60 GCTaskThread "GC Thread#0" [stack: 0x00000091f4000000,0x00000091f4100000] [id=5016]
  0x000002390418f080 GCTaskThread "GC Thread#1" [stack: 0x00000091f5d10000,0x00000091f5e10000] [id=5552]
  0x000002390418f6a0 GCTaskThread "GC Thread#2" [stack: 0x00000091f5e10000,0x00000091f5f10000] [id=8592]
  0x000002390418f9b0 GCTaskThread "GC Thread#3" [stack: 0x00000091f5f10000,0x00000091f6010000] [id=892]
  0x0000023904ecc630 GCTaskThread "GC Thread#4" [stack: 0x00000091f6010000,0x00000091f6110000] [id=4492]
  0x0000023904ec9b50 GCTaskThread "GC Thread#5" [stack: 0x00000091f6110000,0x00000091f6210000] [id=328]
  0x0000023904ecb3d0 GCTaskThread "GC Thread#6" [stack: 0x00000091f6210000,0x00000091f6310000] [id=1200]
  0x0000023904eca790 GCTaskThread "GC Thread#7" [stack: 0x00000091f6310000,0x00000091f6410000] [id=4564]
  0x000002395dd10490 ConcurrentGCThread "G1 Main Marker" [stack: 0x00000091f4100000,0x00000091f4200000] [id=13380]
  0x000002395dd10f80 ConcurrentGCThread "G1 Conc#0" [stack: 0x00000091f4200000,0x00000091f4300000] [id=17136]
  0x000002395dd840b0 ConcurrentGCThread "G1 Refine#0" [stack: 0x00000091f4300000,0x00000091f4400000] [id=6168]
  0x000002397c4b30d0 ConcurrentGCThread "G1 Service" [stack: 0x00000091f4400000,0x00000091f4500000] [id=11996]

Threads with active compile tasks:

VM state: not at safepoint (normal execution)

VM Mutex/Monitor currently owned by a thread: None

Heap address: 0x0000000702c00000, size: 4052 MB, Compressed Oops mode: Zero based, Oop shift amount: 3

CDS disabled.
Compressed class space mapped at: 0x0000000800000000-0x0000000840000000, reserved size: 1073741824
Narrow klass base: 0x0000000800000000, Narrow klass shift: 0, Narrow klass range: 0x40000000

GC Precious Log:
 CPUs: 8 total, 8 available
 Memory: 16205M
 Large Page Support: Disabled
 NUMA Support: Disabled
 Compressed Oops: Enabled (Zero based)
 Heap Region Size: 2M
 Heap Min Capacity: 8M
 Heap Initial Capacity: 254M
 Heap Max Capacity: 4052M
 Pre-touch: Disabled
 Parallel Workers: 8
 Concurrent Workers: 2
 Concurrent Refinement Workers: 8
 Periodic GC: Disabled

Heap:
 garbage-first heap   total 260096K, used 3316K [0x0000000702c00000, 0x0000000800000000)
  region size 2048K, 3 young (6144K), 2 survivors (4096K)
 Metaspace       used 16168K, committed 16320K, reserved 1064960K
  class space    used 1108K, committed 1152K, reserved 1048576K

Heap Regions: E=young(eden), S=young(survivor), O=old, HS=humongous(starts), HC=humongous(continues), CS=collection set, F=free, OA=open archive, CA=closed archive, TAMS=top-at-mark-start (previous, next)
|   0|0x0000000702c00000, 0x0000000702c00000, 0x0000000702e00000|  0%| F|  |TAMS 0x0000000702c00000, 0x0000000702c00000| Untracked 
|   1|0x0000000702e00000, 0x0000000702e00000, 0x0000000703000000|  0%| F|  |TAMS 0x0000000702e00000, 0x0000000702e00000| Untracked 
|   2|0x0000000703000000, 0x0000000703000000, 0x0000000703200000|  0%| F|  |TAMS 0x0000000703000000, 0x0000000703000000| Untracked 
|   3|0x0000000703200000, 0x0000000703200000, 0x0000000703400000|  0%| F|  |TAMS 0x0000000703200000, 0x0000000703200000| Untracked 
|   4|0x0000000703400000, 0x0000000703400000, 0x0000000703600000|  0%| F|  |TAMS 0x0000000703400000, 0x0000000703400000| Untracked 
|   5|0x0000000703600000, 0x0000000703600000, 0x0000000703800000|  0%| F|  |TAMS 0x0000000703600000, 0x0000000703600000| Untracked 
|   6|0x0000000703800000, 0x0000000703800000, 0x0000000703a00000|  0%| F|  |TAMS 0x0000000703800000, 0x0000000703800000| Untracked 
|   7|0x0000000703a00000, 0x0000000703a00000, 0x0000000703c00000|  0%| F|  |TAMS 0x0000000703a00000, 0x0000000703a00000| Untracked 
|   8|0x0000000703c00000, 0x0000000703c00000, 0x0000000703e00000|  0%| F|  |TAMS 0x0000000703c00000, 0x0000000703c00000| Untracked 
|   9|0x0000000703e00000, 0x0000000703e00000, 0x0000000704000000|  0%| F|  |TAMS 0x0000000703e00000, 0x0000000703e00000| Untracked 
|  10|0x0000000704000000, 0x0000000704000000, 0x0000000704200000|  0%| F|  |TAMS 0x0000000704000000, 0x0000000704000000| Untracked 
|  11|0x0000000704200000, 0x0000000704200000, 0x0000000704400000|  0%| F|  |TAMS 0x0000000704200000, 0x0000000704200000| Untracked 
|  12|0x0000000704400000, 0x0000000704400000, 0x0000000704600000|  0%| F|  |TAMS 0x0000000704400000, 0x0000000704400000| Untracked 
|  13|0x0000000704600000, 0x0000000704600000, 0x0000000704800000|  0%| F|  |TAMS 0x0000000704600000, 0x0000000704600000| Untracked 
|  14|0x0000000704800000, 0x0000000704800000, 0x0000000704a00000|  0%| F|  |TAMS 0x0000000704800000, 0x0000000704800000| Untracked 
|  15|0x0000000704a00000, 0x0000000704a00000, 0x0000000704c00000|  0%| F|  |TAMS 0x0000000704a00000, 0x0000000704a00000| Untracked 
|  16|0x0000000704c00000, 0x0000000704c00000, 0x0000000704e00000|  0%| F|  |TAMS 0x0000000704c00000, 0x0000000704c00000| Untracked 
|  17|0x0000000704e00000, 0x0000000704e00000, 0x0000000705000000|  0%| F|  |TAMS 0x0000000704e00000, 0x0000000704e00000| Untracked 
|  18|0x0000000705000000, 0x0000000705000000, 0x0000000705200000|  0%| F|  |TAMS 0x0000000705000000, 0x0000000705000000| Untracked 
|  19|0x0000000705200000, 0x0000000705200000, 0x0000000705400000|  0%| F|  |TAMS 0x0000000705200000, 0x0000000705200000| Untracked 
|  20|0x0000000705400000, 0x0000000705400000, 0x0000000705600000|  0%| F|  |TAMS 0x0000000705400000, 0x0000000705400000| Untracked 
|  21|0x0000000705600000, 0x0000000705600000, 0x0000000705800000|  0%| F|  |TAMS 0x0000000705600000, 0x0000000705600000| Untracked 
|  22|0x0000000705800000, 0x0000000705800000, 0x0000000705a00000|  0%| F|  |TAMS 0x0000000705800000, 0x0000000705800000| Untracked 
|  23|0x0000000705a00000, 0x0000000705a00000, 0x0000000705c00000|  0%| F|  |TAMS 0x0000000705a00000, 0x0000000705a00000| Untracked 
|  24|0x0000000705c00000, 0x0000000705c00000, 0x0000000705e00000|  0%| F|  |TAMS 0x0000000705c00000, 0x0000000705c00000| Untracked 
|  25|0x0000000705e00000, 0x0000000705e00000, 0x0000000706000000|  0%| F|  |TAMS 0x0000000705e00000, 0x0000000705e00000| Untracked 
|  26|0x0000000706000000, 0x0000000706000000, 0x0000000706200000|  0%| F|  |TAMS 0x0000000706000000, 0x0000000706000000| Untracked 
|  27|0x0000000706200000, 0x0000000706200000, 0x0000000706400000|  0%| F|  |TAMS 0x0000000706200000, 0x0000000706200000| Untracked 
|  28|0x0000000706400000, 0x0000000706400000, 0x0000000706600000|  0%| F|  |TAMS 0x0000000706400000, 0x0000000706400000| Untracked 
|  29|0x0000000706600000, 0x0000000706600000, 0x0000000706800000|  0%| F|  |TAMS 0x0000000706600000, 0x0000000706600000| Untracked 
|  30|0x0000000706800000, 0x0000000706800000, 0x0000000706a00000|  0%| F|  |TAMS 0x0000000706800000, 0x0000000706800000| Untracked 
|  31|0x0000000706a00000, 0x0000000706a00000, 0x0000000706c00000|  0%| F|  |TAMS 0x0000000706a00000, 0x0000000706a00000| Untracked 
|  32|0x0000000706c00000, 0x0000000706c00000, 0x0000000706e00000|  0%| F|  |TAMS 0x0000000706c00000, 0x0000000706c00000| Untracked 
|  33|0x0000000706e00000, 0x0000000706e00000, 0x0000000707000000|  0%| F|  |TAMS 0x0000000706e00000, 0x0000000706e00000| Untracked 
|  34|0x0000000707000000, 0x0000000707000000, 0x0000000707200000|  0%| F|  |TAMS 0x0000000707000000, 0x0000000707000000| Untracked 
|  35|0x0000000707200000, 0x0000000707200000, 0x0000000707400000|  0%| F|  |TAMS 0x0000000707200000, 0x0000000707200000| Untracked 
|  36|0x0000000707400000, 0x0000000707400000, 0x0000000707600000|  0%| F|  |TAMS 0x0000000707400000, 0x0000000707400000| Untracked 
|  37|0x0000000707600000, 0x0000000707600000, 0x0000000707800000|  0%| F|  |TAMS 0x0000000707600000, 0x0000000707600000| Untracked 
|  38|0x0000000707800000, 0x0000000707800000, 0x0000000707a00000|  0%| F|  |TAMS 0x0000000707800000, 0x0000000707800000| Untracked 
|  39|0x0000000707a00000, 0x0000000707a00000, 0x0000000707c00000|  0%| F|  |TAMS 0x0000000707a00000, 0x0000000707a00000| Untracked 
|  40|0x0000000707c00000, 0x0000000707c00000, 0x0000000707e00000|  0%| F|  |TAMS 0x0000000707c00000, 0x0000000707c00000| Untracked 
|  41|0x0000000707e00000, 0x0000000707e00000, 0x0000000708000000|  0%| F|  |TAMS 0x0000000707e00000, 0x0000000707e00000| Untracked 
|  42|0x0000000708000000, 0x0000000708000000, 0x0000000708200000|  0%| F|  |TAMS 0x0000000708000000, 0x0000000708000000| Untracked 
|  43|0x0000000708200000, 0x0000000708200000, 0x0000000708400000|  0%| F|  |TAMS 0x0000000708200000, 0x0000000708200000| Untracked 
|  44|0x0000000708400000, 0x0000000708400000, 0x0000000708600000|  0%| F|  |TAMS 0x0000000708400000, 0x0000000708400000| Untracked 
|  45|0x0000000708600000, 0x0000000708600000, 0x0000000708800000|  0%| F|  |TAMS 0x0000000708600000, 0x0000000708600000| Untracked 
|  46|0x0000000708800000, 0x0000000708800000, 0x0000000708a00000|  0%| F|  |TAMS 0x0000000708800000, 0x0000000708800000| Untracked 
|  47|0x0000000708a00000, 0x0000000708a00000, 0x0000000708c00000|  0%| F|  |TAMS 0x0000000708a00000, 0x0000000708a00000| Untracked 
|  48|0x0000000708c00000, 0x0000000708c00000, 0x0000000708e00000|  0%| F|  |TAMS 0x0000000708c00000, 0x0000000708c00000| Untracked 
|  49|0x0000000708e00000, 0x0000000708e00000, 0x0000000709000000|  0%| F|  |TAMS 0x0000000708e00000, 0x0000000708e00000| Untracked 
|  50|0x0000000709000000, 0x0000000709000000, 0x0000000709200000|  0%| F|  |TAMS 0x0000000709000000, 0x0000000709000000| Untracked 
|  51|0x0000000709200000, 0x0000000709200000, 0x0000000709400000|  0%| F|  |TAMS 0x0000000709200000, 0x0000000709200000| Untracked 
|  52|0x0000000709400000, 0x0000000709400000, 0x0000000709600000|  0%| F|  |TAMS 0x0000000709400000, 0x0000000709400000| Untracked 
|  53|0x0000000709600000, 0x0000000709600000, 0x0000000709800000|  0%| F|  |TAMS 0x0000000709600000, 0x0000000709600000| Untracked 
|  54|0x0000000709800000, 0x0000000709800000, 0x0000000709a00000|  0%| F|  |TAMS 0x0000000709800000, 0x0000000709800000| Untracked 
|  55|0x0000000709a00000, 0x0000000709a00000, 0x0000000709c00000|  0%| F|  |TAMS 0x0000000709a00000, 0x0000000709a00000| Untracked 
|  56|0x0000000709c00000, 0x0000000709c00000, 0x0000000709e00000|  0%| F|  |TAMS 0x0000000709c00000, 0x0000000709c00000| Untracked 
|  57|0x0000000709e00000, 0x0000000709e00000, 0x000000070a000000|  0%| F|  |TAMS 0x0000000709e00000, 0x0000000709e00000| Untracked 
|  58|0x000000070a000000, 0x000000070a000000, 0x000000070a200000|  0%| F|  |TAMS 0x000000070a000000, 0x000000070a000000| Untracked 
|  59|0x000000070a200000, 0x000000070a200000, 0x000000070a400000|  0%| F|  |TAMS 0x000000070a200000, 0x000000070a200000| Untracked 
|  60|0x000000070a400000, 0x000000070a400000, 0x000000070a600000|  0%| F|  |TAMS 0x000000070a400000, 0x000000070a400000| Untracked 
|  61|0x000000070a600000, 0x000000070a600000, 0x000000070a800000|  0%| F|  |TAMS 0x000000070a600000, 0x000000070a600000| Untracked 
|  62|0x000000070a800000, 0x000000070a800000, 0x000000070aa00000|  0%| F|  |TAMS 0x000000070a800000, 0x000000070a800000| Untracked 
|  63|0x000000070aa00000, 0x000000070aa00000, 0x000000070ac00000|  0%| F|  |TAMS 0x000000070aa00000, 0x000000070aa00000| Untracked 
|  64|0x000000070ac00000, 0x000000070ac00000, 0x000000070ae00000|  0%| F|  |TAMS 0x000000070ac00000, 0x000000070ac00000| Untracked 
|  65|0x000000070ae00000, 0x000000070ae00000, 0x000000070b000000|  0%| F|  |TAMS 0x000000070ae00000, 0x000000070ae00000| Untracked 
|  66|0x000000070b000000, 0x000000070b000000, 0x000000070b200000|  0%| F|  |TAMS 0x000000070b000000, 0x000000070b000000| Untracked 
|  67|0x000000070b200000, 0x000000070b200000, 0x000000070b400000|  0%| F|  |TAMS 0x000000070b200000, 0x000000070b200000| Untracked 
|  68|0x000000070b400000, 0x000000070b400000, 0x000000070b600000|  0%| F|  |TAMS 0x000000070b400000, 0x000000070b400000| Untracked 
|  69|0x000000070b600000, 0x000000070b600000, 0x000000070b800000|  0%| F|  |TAMS 0x000000070b600000, 0x000000070b600000| Untracked 
|  70|0x000000070b800000, 0x000000070b800000, 0x000000070ba00000|  0%| F|  |TAMS 0x000000070b800000, 0x000000070b800000| Untracked 
|  71|0x000000070ba00000, 0x000000070ba00000, 0x000000070bc00000|  0%| F|  |TAMS 0x000000070ba00000, 0x000000070ba00000| Untracked 
|  72|0x000000070bc00000, 0x000000070bc00000, 0x000000070be00000|  0%| F|  |TAMS 0x000000070bc00000, 0x000000070bc00000| Untracked 
|  73|0x000000070be00000, 0x000000070be00000, 0x000000070c000000|  0%| F|  |TAMS 0x000000070be00000, 0x000000070be00000| Untracked 
|  74|0x000000070c000000, 0x000000070c000000, 0x000000070c200000|  0%| F|  |TAMS 0x000000070c000000, 0x000000070c000000| Untracked 
|  75|0x000000070c200000, 0x000000070c200000, 0x000000070c400000|  0%| F|  |TAMS 0x000000070c200000, 0x000000070c200000| Untracked 
|  76|0x000000070c400000, 0x000000070c400000, 0x000000070c600000|  0%| F|  |TAMS 0x000000070c400000, 0x000000070c400000| Untracked 
|  77|0x000000070c600000, 0x000000070c600000, 0x000000070c800000|  0%| F|  |TAMS 0x000000070c600000, 0x000000070c600000| Untracked 
|  78|0x000000070c800000, 0x000000070c800000, 0x000000070ca00000|  0%| F|  |TAMS 0x000000070c800000, 0x000000070c800000| Untracked 
|  79|0x000000070ca00000, 0x000000070ca00000, 0x000000070cc00000|  0%| F|  |TAMS 0x000000070ca00000, 0x000000070ca00000| Untracked 
|  80|0x000000070cc00000, 0x000000070cc00000, 0x000000070ce00000|  0%| F|  |TAMS 0x000000070cc00000, 0x000000070cc00000| Untracked 
|  81|0x000000070ce00000, 0x000000070ce00000, 0x000000070d000000|  0%| F|  |TAMS 0x000000070ce00000, 0x000000070ce00000| Untracked 
|  82|0x000000070d000000, 0x000000070d000000, 0x000000070d200000|  0%| F|  |TAMS 0x000000070d000000, 0x000000070d000000| Untracked 
|  83|0x000000070d200000, 0x000000070d200000, 0x000000070d400000|  0%| F|  |TAMS 0x000000070d200000, 0x000000070d200000| Untracked 
|  84|0x000000070d400000, 0x000000070d400000, 0x000000070d600000|  0%| F|  |TAMS 0x000000070d400000, 0x000000070d400000| Untracked 
|  85|0x000000070d600000, 0x000000070d600000, 0x000000070d800000|  0%| F|  |TAMS 0x000000070d600000, 0x000000070d600000| Untracked 
|  86|0x000000070d800000, 0x000000070d800000, 0x000000070da00000|  0%| F|  |TAMS 0x000000070d800000, 0x000000070d800000| Untracked 
|  87|0x000000070da00000, 0x000000070da00000, 0x000000070dc00000|  0%| F|  |TAMS 0x000000070da00000, 0x000000070da00000| Untracked 
|  88|0x000000070dc00000, 0x000000070dc00000, 0x000000070de00000|  0%| F|  |TAMS 0x000000070dc00000, 0x000000070dc00000| Untracked 
|  89|0x000000070de00000, 0x000000070de00000, 0x000000070e000000|  0%| F|  |TAMS 0x000000070de00000, 0x000000070de00000| Untracked 
|  90|0x000000070e000000, 0x000000070e000000, 0x000000070e200000|  0%| F|  |TAMS 0x000000070e000000, 0x000000070e000000| Untracked 
|  91|0x000000070e200000, 0x000000070e200000, 0x000000070e400000|  0%| F|  |TAMS 0x000000070e200000, 0x000000070e200000| Untracked 
|  92|0x000000070e400000, 0x000000070e400000, 0x000000070e600000|  0%| F|  |TAMS 0x000000070e400000, 0x000000070e400000| Untracked 
|  93|0x000000070e600000, 0x000000070e600000, 0x000000070e800000|  0%| F|  |TAMS 0x000000070e600000, 0x000000070e600000| Untracked 
|  94|0x000000070e800000, 0x000000070e800000, 0x000000070ea00000|  0%| F|  |TAMS 0x000000070e800000, 0x000000070e800000| Untracked 
|  95|0x000000070ea00000, 0x000000070ea00000, 0x000000070ec00000|  0%| F|  |TAMS 0x000000070ea00000, 0x000000070ea00000| Untracked 
|  96|0x000000070ec00000, 0x000000070ec00000, 0x000000070ee00000|  0%| F|  |TAMS 0x000000070ec00000, 0x000000070ec00000| Untracked 
|  97|0x000000070ee00000, 0x000000070ee00000, 0x000000070f000000|  0%| F|  |TAMS 0x000000070ee00000, 0x000000070ee00000| Untracked 
|  98|0x000000070f000000, 0x000000070f000000, 0x000000070f200000|  0%| F|  |TAMS 0x000000070f000000, 0x000000070f000000| Untracked 
|  99|0x000000070f200000, 0x000000070f200000, 0x000000070f400000|  0%| F|  |TAMS 0x000000070f200000, 0x000000070f200000| Untracked 
| 100|0x000000070f400000, 0x000000070f400000, 0x000000070f600000|  0%| F|  |TAMS 0x000000070f400000, 0x000000070f400000| Untracked 
| 101|0x000000070f600000, 0x000000070f600000, 0x000000070f800000|  0%| F|  |TAMS 0x000000070f600000, 0x000000070f600000| Untracked 
| 102|0x000000070f800000, 0x000000070f800000, 0x000000070fa00000|  0%| F|  |TAMS 0x000000070f800000, 0x000000070f800000| Untracked 
| 103|0x000000070fa00000, 0x000000070fa00000, 0x000000070fc00000|  0%| F|  |TAMS 0x000000070fa00000, 0x000000070fa00000| Untracked 
| 104|0x000000070fc00000, 0x000000070fc00000, 0x000000070fe00000|  0%| F|  |TAMS 0x000000070fc00000, 0x000000070fc00000| Untracked 
| 105|0x000000070fe00000, 0x000000070fe00000, 0x0000000710000000|  0%| F|  |TAMS 0x000000070fe00000, 0x000000070fe00000| Untracked 
| 106|0x0000000710000000, 0x0000000710000000, 0x0000000710200000|  0%| F|  |TAMS 0x0000000710000000, 0x0000000710000000| Untracked 
| 107|0x0000000710200000, 0x0000000710200000, 0x0000000710400000|  0%| F|  |TAMS 0x0000000710200000, 0x0000000710200000| Untracked 
| 108|0x0000000710400000, 0x0000000710400000, 0x0000000710600000|  0%| F|  |TAMS 0x0000000710400000, 0x0000000710400000| Untracked 
| 109|0x0000000710600000, 0x0000000710600000, 0x0000000710800000|  0%| F|  |TAMS 0x0000000710600000, 0x0000000710600000| Untracked 
| 110|0x0000000710800000, 0x0000000710800000, 0x0000000710a00000|  0%| F|  |TAMS 0x0000000710800000, 0x0000000710800000| Untracked 
| 111|0x0000000710a00000, 0x0000000710a00000, 0x0000000710c00000|  0%| F|  |TAMS 0x0000000710a00000, 0x0000000710a00000| Untracked 
| 112|0x0000000710c00000, 0x0000000710c00000, 0x0000000710e00000|  0%| F|  |TAMS 0x0000000710c00000, 0x0000000710c00000| Untracked 
| 113|0x0000000710e00000, 0x0000000710e00000, 0x0000000711000000|  0%| F|  |TAMS 0x0000000710e00000, 0x0000000710e00000| Untracked 
| 114|0x0000000711000000, 0x000000071113d2a8, 0x0000000711200000| 61%| S|CS|TAMS 0x0000000711000000, 0x0000000711000000| Complete 
| 115|0x0000000711200000, 0x0000000711400000, 0x0000000711400000|100%| S|CS|TAMS 0x0000000711200000, 0x0000000711200000| Complete 
| 116|0x0000000711400000, 0x0000000711400000, 0x0000000711600000|  0%| F|  |TAMS 0x0000000711400000, 0x0000000711400000| Untracked 
| 117|0x0000000711600000, 0x0000000711600000, 0x0000000711800000|  0%| F|  |TAMS 0x0000000711600000, 0x0000000711600000| Untracked 
| 118|0x0000000711800000, 0x0000000711800000, 0x0000000711a00000|  0%| F|  |TAMS 0x0000000711800000, 0x0000000711800000| Untracked 
| 119|0x0000000711a00000, 0x0000000711a00000, 0x0000000711c00000|  0%| F|  |TAMS 0x0000000711a00000, 0x0000000711a00000| Untracked 
| 120|0x0000000711c00000, 0x0000000711c00000, 0x0000000711e00000|  0%| F|  |TAMS 0x0000000711c00000, 0x0000000711c00000| Untracked 
| 121|0x0000000711e00000, 0x0000000711e00000, 0x0000000712000000|  0%| F|  |TAMS 0x0000000711e00000, 0x0000000711e00000| Untracked 
| 122|0x0000000712000000, 0x0000000712000000, 0x0000000712200000|  0%| F|  |TAMS 0x0000000712000000, 0x0000000712000000| Untracked 
| 123|0x0000000712200000, 0x0000000712200000, 0x0000000712400000|  0%| F|  |TAMS 0x0000000712200000, 0x0000000712200000| Untracked 
| 124|0x0000000712400000, 0x0000000712400000, 0x0000000712600000|  0%| F|  |TAMS 0x0000000712400000, 0x0000000712400000| Untracked 
| 125|0x0000000712600000, 0x0000000712600000, 0x0000000712800000|  0%| F|  |TAMS 0x0000000712600000, 0x0000000712600000| Untracked 
| 126|0x0000000712800000, 0x00000007128a0c68, 0x0000000712a00000| 31%| E|  |TAMS 0x0000000712800000, 0x0000000712800000| Complete 

Card table byte_map: [0x0000023970d40000,0x0000023971530000] _byte_map_base: 0x000002396d52a000

Marking Bits (Prev, Next): (CMBitMap*) 0x000002395dcff560, (CMBitMap*) 0x000002395dcff5a0
 Prev Bits: [0x0000023971d20000, 0x0000023975c70000)
 Next Bits: [0x0000023975c70000, 0x0000023979bc0000)

Polling page: 0x000002395d490000

Metaspace:

Usage:
  Non-class:     14.71 MB used.
      Class:      1.08 MB used.
       Both:     15.79 MB used.

Virtual space:
  Non-class space:       16.00 MB reserved,      14.81 MB ( 93%) committed,  2 nodes.
      Class space:        1.00 GB reserved,       1.12 MB ( <1%) committed,  1 nodes.
              Both:        1.02 GB reserved,      15.94 MB (  2%) committed. 

Chunk freelists:
   Non-Class:  880.00 KB
       Class:  2.69 MB
        Both:  3.55 MB

MaxMetaspaceSize: 17179869184.00 GB
CompressedClassSpaceSize: 1.00 GB
 - commit_granule_bytes: 65536.
 - commit_granule_words: 8192.
 - virtual_space_node_default_size: 1048576.
 - enlarge_chunks_in_place: 1.
 - new_chunks_are_fully_committed: 0.
 - uncommit_free_chunks: 1.
 - use_allocation_guard: 0.
 - handle_deallocations: 1.


Internal statistics:

num_allocs_failed_limit: 0.
num_arena_births: 96.
num_arena_deaths: 0.
num_vsnodes_births: 3.
num_vsnodes_deaths: 0.
num_space_committed: 253.
num_space_uncommitted: 0.
num_chunks_returned_to_freelist: 0.
num_chunks_taken_from_freelist: 336.
num_chunk_merges: 0.
num_chunk_splits: 250.
num_chunks_enlarged: 201.
num_purges: 0.

CodeHeap 'non-profiled nmethods': size=120000Kb used=389Kb max_used=389Kb free=119610Kb
 bounds [0x0000023968cf0000, 0x0000023968f60000, 0x0000023970220000]
CodeHeap 'profiled nmethods': size=120000Kb used=1692Kb max_used=1692Kb free=118308Kb
 bounds [0x00000239617c0000, 0x0000023961a30000, 0x0000023968cf0000]
CodeHeap 'non-nmethods': size=5760Kb used=1662Kb max_used=1691Kb free=4097Kb
 bounds [0x0000023961220000, 0x0000023961490000, 0x00000239617c0000]
 total_blobs=2133 nmethods=1031 adapters=1015
 compilation: enabled
              stopped_count=0, restarted_count=0
 full_count=0

Compilation events (20 events):
Event: 1.775 Thread 0x000002397d06cd50 nmethod 1013 0x0000023968d4b290 code [0x0000023968d4b420, 0x0000023968d4b4f8]
Event: 1.775 Thread 0x000002397d06cd50 1014       1       java.util.Formatter$FormatSpecifier::index (5 bytes)
Event: 1.775 Thread 0x000002397d06cd50 nmethod 1014 0x0000023968d4b590 code [0x0000023968d4b720, 0x0000023968d4b7f8]
Event: 1.776 Thread 0x00000239043f5190 nmethod 999 0x0000023968d4b890 code [0x0000023968d4baa0, 0x0000023968d4c1d0]
Event: 1.776 Thread 0x00000239043f5190 1006       4       org.lwjgl.PointerBuffer::get (22 bytes)
Event: 1.776 Thread 0x00000239043f5190 nmethod 1006 0x0000023968d4ce10 code [0x0000023968d4cfa0, 0x0000023968d4d078]
Event: 1.776 Thread 0x00000239043f5190 1017       4       org.lwjgl.system.MathUtil::mathHasZeroByte (26 bytes)
Event: 1.776 Thread 0x000002397d069f90 nmethod 1004 0x0000023968d4d190 code [0x0000023968d4d340, 0x0000023968d4d9d8]
Event: 1.776 Thread 0x00000239043f5190 nmethod 1017 0x0000023968d4df10 code [0x0000023968d4e080, 0x0000023968d4e118]
Event: 1.776 Thread 0x000002397d069f90 1018       4       java.nio.Buffer::position (52 bytes)
Event: 1.777 Thread 0x000002397d069f90 nmethod 1018 0x0000023968d4e210 code [0x0000023968d4e3a0, 0x0000023968d4e478]
Event: 1.779 Thread 0x000002397d06cd50 1019       3       jdk.internal.util.ArraysSupport::newLength (23 bytes)
Event: 1.779 Thread 0x00000239043f5190 1021       4       jdk.internal.reflect.UnsafeQualifiedLongFieldAccessorImpl::getLong (17 bytes)
Event: 1.780 Thread 0x000002397d069f90 1022       4       org.lwjgl.PointerBuffer::put (24 bytes)
Event: 1.780 Thread 0x000002397d06cd50 nmethod 1019 0x0000023961963490 code [0x0000023961963660, 0x0000023961963a48]
Event: 1.780 Thread 0x000002397d069f90 nmethod 1022 0x0000023968d4e590 code [0x0000023968d4e720, 0x0000023968d4e818]
Event: 1.780 Thread 0x000002397d069f90 1020       4       java.lang.reflect.Field::getLong (29 bytes)
Event: 1.783 Thread 0x00000239043f5190 nmethod 1021 0x0000023968d4e910 code [0x0000023968d4eaa0, 0x0000023968d4ebd8]
Event: 1.783 Thread 0x00000239043f5190 1023       4       java.lang.reflect.Field::checkAccess (32 bytes)
Event: 1.783 Thread 0x000002397d06cd50 1024   !   3       java.util.zip.ZipFile$CleanableResource::releaseInflater (53 bytes)

GC Heap History (2 events):
Event: 1.780 GC heap before
{Heap before GC invocations=0 (full 0):
 garbage-first heap   total 260096K, used 22528K [0x0000000702c00000, 0x0000000800000000)
  region size 2048K, 11 young (22528K), 0 survivors (0K)
 Metaspace       used 16164K, committed 16320K, reserved 1064960K
  class space    used 1108K, committed 1152K, reserved 1048576K
}
Event: 1.783 GC heap after
{Heap after GC invocations=1 (full 0):
 garbage-first heap   total 260096K, used 3316K [0x0000000702c00000, 0x0000000800000000)
  region size 2048K, 2 young (4096K), 2 survivors (4096K)
 Metaspace       used 16164K, committed 16320K, reserved 1064960K
  class space    used 1108K, committed 1152K, reserved 1048576K
}

Deoptimization events (20 events):
Event: 1.471 Thread 0x000002395dcab8d0 DEOPT PACKING pc=0x00000239617faf65 sp=0x00000091f3ffdc20
Event: 1.471 Thread 0x000002395dcab8d0 DEOPT UNPACKING pc=0x000002396126dece sp=0x00000091f3ffd098 mode 0
Event: 1.519 Thread 0x000002395dcab8d0 Uncommon trap: trap_request=0xffffff54 fr.pc=0x0000023968d17700 relative=0x0000000000000060
Event: 1.520 Thread 0x000002395dcab8d0 Uncommon trap: reason=speculate_null_assert action=make_not_entrant pc=0x0000023968d17700 method=sun.misc.Unsafe.putLong(Ljava/lang/Object;JJ)V @ 7 c2
Event: 1.520 Thread 0x000002395dcab8d0 DEOPT PACKING pc=0x0000023968d17700 sp=0x00000091f3fff140
Event: 1.520 Thread 0x000002395dcab8d0 DEOPT UNPACKING pc=0x000002396126d72e sp=0x00000091f3fff0b8 mode 2
Event: 1.562 Thread 0x000002395dcab8d0 Uncommon trap: trap_request=0xffffff45 fr.pc=0x0000023968d30a88 relative=0x0000000000001d88
Event: 1.562 Thread 0x000002395dcab8d0 Uncommon trap: reason=unstable_if action=reinterpret pc=0x0000023968d30a88 method=java.util.jar.JarFile.getVersionedEntry(Ljava/lang/String;Ljava/util/jar/JarEntry;)Ljava/util/jar/JarEntry; @ 6 c2
Event: 1.563 Thread 0x000002395dcab8d0 DEOPT PACKING pc=0x0000023968d30a88 sp=0x00000091f3ffc7b0
Event: 1.563 Thread 0x000002395dcab8d0 DEOPT UNPACKING pc=0x000002396126d72e sp=0x00000091f3ffc668 mode 2
Event: 1.563 Thread 0x000002395dcab8d0 Uncommon trap: trap_request=0xffffff45 fr.pc=0x0000023968d2c810 relative=0x0000000000001130
Event: 1.563 Thread 0x000002395dcab8d0 Uncommon trap: reason=unstable_if action=reinterpret pc=0x0000023968d2c810 method=java.util.jar.JarFile.getVersionedEntry(Ljava/lang/String;Ljava/util/jar/JarEntry;)Ljava/util/jar/JarEntry; @ 6 c2
Event: 1.563 Thread 0x000002395dcab8d0 DEOPT PACKING pc=0x0000023968d2c810 sp=0x00000091f3ffc710
Event: 1.563 Thread 0x000002395dcab8d0 DEOPT UNPACKING pc=0x000002396126d72e sp=0x00000091f3ffc688 mode 2
Event: 1.694 Thread 0x000002395dcab8d0 DEOPT PACKING pc=0x00000239619518e9 sp=0x00000091f3fff520
Event: 1.694 Thread 0x000002395dcab8d0 DEOPT UNPACKING pc=0x000002396126dece sp=0x00000091f3ffeb58 mode 0
Event: 1.699 Thread 0x000002395dcab8d0 Uncommon trap: trap_request=0xffffff45 fr.pc=0x0000023968d44fc8 relative=0x0000000000000148
Event: 1.699 Thread 0x000002395dcab8d0 Uncommon trap: reason=unstable_if action=reinterpret pc=0x0000023968d44fc8 method=com.streep.openglleer.Main.run()V @ 63 c2
Event: 1.699 Thread 0x000002395dcab8d0 DEOPT PACKING pc=0x0000023968d44fc8 sp=0x00000091f3fff6d0
Event: 1.699 Thread 0x000002395dcab8d0 DEOPT UNPACKING pc=0x000002396126d72e sp=0x00000091f3fff668 mode 2

Classes unloaded (0 events):
No events

Classes redefined (0 events):
No events

Internal exceptions (18 events):
Event: 0.140 Thread 0x000002395dcab8d0 Exception <a 'java/lang/NoSuchMethodError'{0x00000007124337c0}: 'java.lang.Object java.lang.invoke.DirectMethodHandle$Holder.invokeStatic(java.lang.Object)'> (0x00000007124337c0) 
thrown [t:\workspace\open\src\hotspot\share\interpreter\linkResolver.cpp, line 790]
Event: 0.140 Thread 0x000002395dcab8d0 Exception <a 'java/lang/NoSuchMethodError'{0x0000000712436ff0}: 'java.lang.Object java.lang.invoke.DirectMethodHandle$Holder.invokeStaticInit(java.lang.Object)'> (0x0000000712436ff0) 
thrown [t:\workspace\open\src\hotspot\share\interpreter\linkResolver.cpp, line 790]
Event: 0.150 Thread 0x000002395dcab8d0 Exception <a 'java/lang/NoSuchMethodError'{0x0000000712481680}: 'void java.lang.invoke.DirectMethodHandle$Holder.invokeStatic(java.lang.Object, java.lang.Object)'> (0x0000000712481680) 
thrown [t:\workspace\open\src\hotspot\share\interpreter\linkResolver.cpp, line 790]
Event: 0.151 Thread 0x000002395dcab8d0 Exception <a 'java/lang/NoSuchMethodError'{0x0000000712486fe8}: 'void java.lang.invoke.DirectMethodHandle$Holder.invokeSpecial(java.lang.Object, java.lang.Object, java.lang.Object)'> (0x0000000712486fe8) 
thrown [t:\workspace\open\src\hotspot\share\interpreter\linkResolver.cpp, line 790]
Event: 0.154 Thread 0x000002395dcab8d0 Exception <a 'java/lang/NoSuchMethodError'{0x000000071249bbe0}: 'java.lang.Object java.lang.invoke.DirectMethodHandle$Holder.invokeStatic(java.lang.Object, java.lang.Object, int)'> (0x000000071249bbe0) 
thrown [t:\workspace\open\src\hotspot\share\interpreter\linkResolver.cpp, line 790]
Event: 0.155 Thread 0x000002395dcab8d0 Exception <a 'java/lang/NoSuchMethodError'{0x00000007124a7d88}: 'void java.lang.invoke.DelegatingMethodHandle$Holder.delegate(java.lang.Object, java.lang.Object, int, java.lang.Object)'> (0x00000007124a7d88) 
thrown [t:\workspace\open\src\hotspot\share\interpreter\linkResolver.cpp, line 790]
Event: 0.155 Thread 0x000002395dcab8d0 Exception <a 'java/lang/NoSuchMethodError'{0x00000007124ac0e0}: 'int java.lang.invoke.DirectMethodHandle$Holder.invokeSpecial(java.lang.Object, java.lang.Object, java.lang.Object)'> (0x00000007124ac0e0) 
thrown [t:\workspace\open\src\hotspot\share\interpreter\linkResolver.cpp, line 790]
Event: 0.186 Thread 0x000002395dcab8d0 Exception <a 'sun/nio/fs/WindowsException'{0x000000071251e190}> (0x000000071251e190) 
thrown [t:\workspace\open\src\hotspot\share\prims\jni.cpp, line 579]
Event: 0.186 Thread 0x000002395dcab8d0 Exception <a 'sun/nio/fs/WindowsException'{0x000000071251e710}> (0x000000071251e710) 
thrown [t:\workspace\open\src\hotspot\share\prims\jni.cpp, line 579]
Event: 0.223 Thread 0x000002395dcab8d0 Exception <a 'sun/nio/fs/WindowsException'{0x0000000712239db8}> (0x0000000712239db8) 
thrown [t:\workspace\open\src\hotspot\share\prims\jni.cpp, line 579]
Event: 0.223 Thread 0x000002395dcab8d0 Exception <a 'sun/nio/fs/WindowsException'{0x000000071223a148}> (0x000000071223a148) 
thrown [t:\workspace\open\src\hotspot\share\prims\jni.cpp, line 579]
Event: 1.395 Thread 0x000002395dcab8d0 Exception <a 'sun/nio/fs/WindowsException'{0x00000007122e3c10}> (0x00000007122e3c10) 
thrown [t:\workspace\open\src\hotspot\share\prims\jni.cpp, line 579]
Event: 1.395 Thread 0x000002395dcab8d0 Exception <a 'sun/nio/fs/WindowsException'{0x00000007122e3fe8}> (0x00000007122e3fe8) 
thrown [t:\workspace\open\src\hotspot\share\prims\jni.cpp, line 579]
Event: 1.397 Thread 0x000002395dcab8d0 Exception <a 'sun/nio/fs/WindowsException'{0x00000007122f3158}> (0x00000007122f3158) 
thrown [t:\workspace\open\src\hotspot\share\prims\jni.cpp, line 579]
Event: 1.397 Thread 0x000002395dcab8d0 Exception <a 'sun/nio/fs/WindowsException'{0x00000007122f3468}> (0x00000007122f3468) 
thrown [t:\workspace\open\src\hotspot\share\prims\jni.cpp, line 579]
Event: 1.566 Thread 0x000002395dcab8d0 Exception <a 'java/lang/ClassNotFoundException'{0x0000000711bf3028}: sun/awt/resources/spi/awtProvider> (0x0000000711bf3028) 
thrown [t:\workspace\open\src\hotspot\share\classfile\systemDictionary.cpp, line 256]
Event: 1.577 Thread 0x000002395dcab8d0 Exception <a 'java/io/FileNotFoundException'{0x000000071183dea8}> (0x000000071183dea8) 
thrown [t:\workspace\open\src\hotspot\share\prims\jni.cpp, line 579]
Event: 1.581 Thread 0x000002395dcab8d0 Exception <a 'java/io/FileNotFoundException'{0x000000071186c8f0}> (0x000000071186c8f0) 
thrown [t:\workspace\open\src\hotspot\share\prims\jni.cpp, line 579]

Events (20 events):
Event: 1.625 loading class java/text/FieldPosition
Event: 1.625 loading class java/text/FieldPosition done
Event: 1.625 loading class java/text/DigitList
Event: 1.625 loading class java/text/DigitList done
Event: 1.625 loading class java/math/RoundingMode
Event: 1.625 loading class java/math/RoundingMode done
Event: 1.630 loading class java/lang/SecurityException
Event: 1.630 loading class java/lang/SecurityException done
Event: 1.633 loading class jdk/internal/access/foreign/MemorySegmentProxy
Event: 1.633 loading class jdk/internal/access/foreign/MemorySegmentProxy done
Event: 1.680 loading class java/io/FileReader
Event: 1.680 loading class java/io/FileReader done
Event: 1.709 loading class java/lang/NumberFormatException
Event: 1.709 loading class java/lang/NumberFormatException done
Event: 1.709 Executing  VM operation: HandshakeAllThreads
Event: 1.709 Executing  VM operation: HandshakeAllThreads done
Event: 1.709 loading class java/math/BigInteger
Event: 1.710 loading class java/math/BigInteger done
Event: 1.780 Executing  VM operation: G1CollectForAllocation
Event: 1.783 Executing  VM operation: G1CollectForAllocation done


Dynamic libraries:
0x00007ff773050000 - 0x00007ff77305e000 	C:\Users\streepmsi\Desktop\Programs\eclipse\plugins\org.eclipse.justj.openjdk.hotspot.jre.full.win32.x86_64_16.0.1.v20210528-1205\jre\bin\javaw.exe
0x00007ffae0b30000 - 0x00007ffae0d25000 	C:\Windows\SYSTEM32\ntdll.dll
0x00007ffadfa80000 - 0x00007ffadfb3e000 	C:\Windows\System32\KERNEL32.DLL
0x00007ffade670000 - 0x00007ffade939000 	C:\Windows\System32\KERNELBASE.dll
0x00007ffade2a0000 - 0x00007ffade3a0000 	C:\Windows\System32\ucrtbase.dll
0x00007ffadadb0000 - 0x00007ffadadc9000 	C:\Users\streepmsi\Desktop\Programs\eclipse\plugins\org.eclipse.justj.openjdk.hotspot.jre.full.win32.x86_64_16.0.1.v20210528-1205\jre\bin\VCRUNTIME140.dll
0x00007ffad6010000 - 0x00007ffad6028000 	C:\Users\streepmsi\Desktop\Programs\eclipse\plugins\org.eclipse.justj.openjdk.hotspot.jre.full.win32.x86_64_16.0.1.v20210528-1205\jre\bin\jli.dll
0x00007ffae0880000 - 0x00007ffae0a21000 	C:\Windows\System32\USER32.dll
0x00007ffac3960000 - 0x00007ffac3bfa000 	C:\Windows\WinSxS\amd64_microsoft.windows.common-controls_6595b64144ccf1df_6.0.19041.1110_none_60b5254171f9507e\COMCTL32.dll
0x00007ffadeac0000 - 0x00007ffadeae2000 	C:\Windows\System32\win32u.dll
0x00007ffadfe20000 - 0x00007ffadfebe000 	C:\Windows\System32\msvcrt.dll
0x00007ffadf430000 - 0x00007ffadf45b000 	C:\Windows\System32\GDI32.dll
0x00007ffade560000 - 0x00007ffade66b000 	C:\Windows\System32\gdi32full.dll
0x00007ffade940000 - 0x00007ffade9dd000 	C:\Windows\System32\msvcp_win.dll
0x00007ffadf980000 - 0x00007ffadf9b0000 	C:\Windows\System32\IMM32.DLL
0x00007ffad8e20000 - 0x00007ffad8e2c000 	C:\Users\streepmsi\Desktop\Programs\eclipse\plugins\org.eclipse.justj.openjdk.hotspot.jre.full.win32.x86_64_16.0.1.v20210528-1205\jre\bin\vcruntime140_1.dll
0x00007ffaba9c0000 - 0x00007ffabaa51000 	C:\Users\streepmsi\Desktop\Programs\eclipse\plugins\org.eclipse.justj.openjdk.hotspot.jre.full.win32.x86_64_16.0.1.v20210528-1205\jre\bin\msvcp140.dll
0x00007ffa9bc80000 - 0x00007ffa9c82b000 	C:\Users\streepmsi\Desktop\Programs\eclipse\plugins\org.eclipse.justj.openjdk.hotspot.jre.full.win32.x86_64_16.0.1.v20210528-1205\jre\bin\server\jvm.dll
0x00007ffae0a30000 - 0x00007ffae0adc000 	C:\Windows\System32\ADVAPI32.dll
0x00007ffadf460000 - 0x00007ffadf4fb000 	C:\Windows\System32\sechost.dll
0x00007ffae0730000 - 0x00007ffae085a000 	C:\Windows\System32\RPCRT4.dll
0x00007ffae0ae0000 - 0x00007ffae0ae8000 	C:\Windows\System32\PSAPI.DLL
0x00007ffad87c0000 - 0x00007ffad87ca000 	C:\Windows\SYSTEM32\VERSION.dll
0x00007ffad5d90000 - 0x00007ffad5d99000 	C:\Windows\SYSTEM32\WSOCK32.dll
0x00007ffac6930000 - 0x00007ffac6957000 	C:\Windows\SYSTEM32\WINMM.dll
0x00007ffadfc70000 - 0x00007ffadfcdb000 	C:\Windows\System32\WS2_32.dll
0x00007ffadc150000 - 0x00007ffadc162000 	C:\Windows\SYSTEM32\kernel.appcore.dll
0x00007ffad1d80000 - 0x00007ffad1d8a000 	C:\Users\streepmsi\Desktop\Programs\eclipse\plugins\org.eclipse.justj.openjdk.hotspot.jre.full.win32.x86_64_16.0.1.v20210528-1205\jre\bin\jimage.dll
0x00007ffac62e0000 - 0x00007ffac64c4000 	C:\Windows\SYSTEM32\DBGHELP.DLL
0x00007ffac6590000 - 0x00007ffac65bc000 	C:\Windows\SYSTEM32\dbgcore.DLL
0x00007ffadeaf0000 - 0x00007ffadeb73000 	C:\Windows\System32\bcryptPrimitives.dll
0x00007ffabef40000 - 0x00007ffabef65000 	C:\Users\streepmsi\Desktop\Programs\eclipse\plugins\org.eclipse.justj.openjdk.hotspot.jre.full.win32.x86_64_16.0.1.v20210528-1205\jre\bin\java.dll
0x00007ffac9ff0000 - 0x00007ffaca008000 	C:\Users\streepmsi\Desktop\Programs\eclipse\plugins\org.eclipse.justj.openjdk.hotspot.jre.full.win32.x86_64_16.0.1.v20210528-1205\jre\bin\zip.dll
0x00007ffadfff0000 - 0x00007ffae072f000 	C:\Windows\System32\SHELL32.dll
0x00007ffadc350000 - 0x00007ffadcae0000 	C:\Windows\SYSTEM32\windows.storage.dll
0x00007ffadf0d0000 - 0x00007ffadf425000 	C:\Windows\System32\combase.dll
0x00007ffaddca0000 - 0x00007ffaddccc000 	C:\Windows\SYSTEM32\Wldp.dll
0x00007ffadfd70000 - 0x00007ffadfe1e000 	C:\Windows\System32\SHCORE.dll
0x00007ffadf070000 - 0x00007ffadf0c5000 	C:\Windows\System32\shlwapi.dll
0x00007ffade190000 - 0x00007ffade1af000 	C:\Windows\SYSTEM32\profapi.dll
0x00007ffac9c40000 - 0x00007ffac9c59000 	C:\Users\streepmsi\Desktop\Programs\eclipse\plugins\org.eclipse.justj.openjdk.hotspot.jre.full.win32.x86_64_16.0.1.v20210528-1205\jre\bin\net.dll
0x00007ffad5c20000 - 0x00007ffad5d28000 	C:\Windows\SYSTEM32\WINHTTP.dll
0x00007ffadda00000 - 0x00007ffadda6a000 	C:\Windows\system32\mswsock.dll
0x00007ffabeec0000 - 0x00007ffabeed3000 	C:\Users\streepmsi\Desktop\Programs\eclipse\plugins\org.eclipse.justj.openjdk.hotspot.jre.full.win32.x86_64_16.0.1.v20210528-1205\jre\bin\nio.dll
0x00007ffad1d70000 - 0x00007ffad1d80000 	C:\Users\streepmsi\Desktop\Programs\eclipse\plugins\org.eclipse.justj.openjdk.hotspot.jre.full.win32.x86_64_16.0.1.v20210528-1205\jre\bin\verify.dll
0x00007ffac6970000 - 0x00007ffac69d4000 	C:\Users\streepmsi\AppData\Local\Temp\lwjglstreepmsi\3.2.3-build-13\lwjgl.dll
0x00007ffac2140000 - 0x00007ffac21a2000 	C:\Users\STREEP~1\AppData\Local\Temp\lwjglstreepmsi\3.2.3-build-13\glfw.dll
0x00007ffadbba0000 - 0x00007ffadbc3e000 	C:\Windows\system32\uxtheme.dll
0x00007ffabf050000 - 0x00007ffabf095000 	C:\Windows\SYSTEM32\dinput8.dll
0x00007ffad5ff0000 - 0x00007ffad6001000 	C:\Windows\SYSTEM32\xinput1_4.dll
0x00007ffade250000 - 0x00007ffade29e000 	C:\Windows\System32\cfgmgr32.dll
0x00007ffaddff0000 - 0x00007ffade024000 	C:\Windows\SYSTEM32\DEVOBJ.dll
0x00007ffadbe60000 - 0x00007ffadbe8f000 	C:\Windows\SYSTEM32\dwmapi.dll
0x00007ffacc710000 - 0x00007ffacc862000 	C:\Windows\SYSTEM32\inputhost.dll
0x00007ffadfec0000 - 0x00007ffadff8d000 	C:\Windows\System32\OLEAUT32.dll
0x00007ffadae50000 - 0x00007ffadafa4000 	C:\Windows\SYSTEM32\wintypes.dll
0x00007ffadb880000 - 0x00007ffadb972000 	C:\Windows\SYSTEM32\CoreMessaging.dll
0x00007ffad9900000 - 0x00007ffad99f6000 	C:\Windows\SYSTEM32\PROPSYS.dll
0x00007ffadb520000 - 0x00007ffadb87e000 	C:\Windows\SYSTEM32\CoreUIComponents.dll
0x00007ffadcf40000 - 0x00007ffadcf73000 	C:\Windows\SYSTEM32\ntmarta.dll
0x00007ffadfb40000 - 0x00007ffadfc55000 	C:\Windows\System32\MSCTF.dll
0x00007ffadcae0000 - 0x00007ffadcaed000 	C:\Windows\SYSTEM32\HID.DLL
0x00007ffadf500000 - 0x00007ffadf972000 	C:\Windows\System32\SETUPAPI.DLL
0x00007ffadea90000 - 0x00007ffadeab7000 	C:\Windows\System32\bcrypt.dll
0x00007ffade3a0000 - 0x00007ffade400000 	C:\Windows\System32\WINTRUST.dll
0x00007ffade400000 - 0x00007ffade556000 	C:\Windows\System32\CRYPT32.dll
0x00007ffadde30000 - 0x00007ffadde42000 	C:\Windows\SYSTEM32\MSASN1.dll
0x00007ffaccd10000 - 0x00007ffacce35000 	C:\Windows\SYSTEM32\opengl32.dll
0x00007ffad5910000 - 0x00007ffad593c000 	C:\Windows\SYSTEM32\GLU32.dll
0x00007ffadeee0000 - 0x00007ffadef89000 	C:\Windows\System32\clbcatq.dll
0x00007ffa90830000 - 0x00007ffa937ef000 	C:\Windows\System32\DriverStore\FileRepository\nvmii.inf_amd64_129542dbee5a4a5e\nvoglv64.dll
0x00007ffaded30000 - 0x00007ffadee5a000 	C:\Windows\System32\ole32.dll
0x00007ffad9aa0000 - 0x00007ffad9ab4000 	C:\Windows\SYSTEM32\WTSAPI32.dll
0x00007ffaddbf0000 - 0x00007ffaddbfc000 	C:\Windows\SYSTEM32\CRYPTBASE.DLL
0x00007ffad7a70000 - 0x00007ffad7aa1000 	C:\Windows\SYSTEM32\cryptnet.dll
0x00007ffad4ba0000 - 0x00007ffad4cea000 	C:\Windows\SYSTEM32\drvstore.dll
0x00007ffad4b60000 - 0x00007ffad4b9b000 	C:\Windows\SYSTEM32\dxcore.dll
0x00007ffab9700000 - 0x00007ffab99c3000 	C:\Windows\system32\nvspcap64.dll
0x00007ffadd7c0000 - 0x00007ffadd80b000 	C:\Windows\SYSTEM32\powrprof.dll
0x00007ffadd680000 - 0x00007ffadd692000 	C:\Windows\SYSTEM32\UMPDC.dll
0x00007ffadcff0000 - 0x00007ffadd04a000 	C:\Windows\SYSTEM32\WINSTA.dll
0x00007ffadcb40000 - 0x00007ffadcc34000 	C:\Windows\system32\dxgi.dll
0x00007ffada3d0000 - 0x00007ffada634000 	C:\Windows\system32\d3d11.dll
0x00007ffaacfe0000 - 0x00007ffaad0e6000 	C:\Windows\System32\DriverStore\FileRepository\nvmii.inf_amd64_129542dbee5a4a5e\nvldumdx.dll
0x00007ffae0860000 - 0x00007ffae087d000 	C:\Windows\System32\imagehlp.dll
0x00007ffaddc00000 - 0x00007ffaddc18000 	C:\Windows\SYSTEM32\CRYPTSP.dll
0x00007ffadd310000 - 0x00007ffadd344000 	C:\Windows\system32\rsaenh.dll
0x00007ffa77bc0000 - 0x00007ffa7a4e9000 	C:\Windows\System32\DriverStore\FileRepository\nvmii.inf_amd64_129542dbee5a4a5e\nvwgf2umx.dll
0x00007ffacaf80000 - 0x00007ffacb6e1000 	C:\Windows\SYSTEM32\nvapi64.dll
0x00007ffabc550000 - 0x00007ffabc5a9000 	C:\Users\streepmsi\AppData\Local\Temp\lwjglstreepmsi\3.2.3-build-13\lwjgl_opengl.dll
0x00007ffaca010000 - 0x00007ffaca109000 	C:\Windows\SYSTEM32\textinputframework.dll
0x00007ffaac770000 - 0x00007ffaac8ef000 	C:\Users\streepmsi\Desktop\Programs\eclipse\plugins\org.eclipse.justj.openjdk.hotspot.jre.full.win32.x86_64_16.0.1.v20210528-1205\jre\bin\awt.dll
0x00007ffadbab0000 - 0x00007ffadbb40000 	C:\Windows\SYSTEM32\apphelp.dll
0x00007ffad3040000 - 0x00007ffad46bd000 	C:\Windows\System32\DriverStore\FileRepository\iigd_dch.inf_amd64_a086f01cc7be643a\igd10iumd64.dll
0x00007ffaddd10000 - 0x00007ffaddd37000 	C:\Windows\SYSTEM32\ncrypt.dll
0x00007ffaddcd0000 - 0x00007ffaddd0b000 	C:\Windows\SYSTEM32\NTASN1.dll
0x00007ffad1aa0000 - 0x00007ffad1cdf000 	C:\Windows\System32\DriverStore\FileRepository\iigd_dch.inf_amd64_a086f01cc7be643a\igdgmm64.dll
0x00007fface130000 - 0x00007ffad0d92000 	C:\Windows\System32\DriverStore\FileRepository\iigd_dch.inf_amd64_a086f01cc7be643a\igc64.dll

dbghelp: loaded successfully - version: 4.0.5 - missing functions: none
symbol engine: initialized successfully - sym options: 0x614 - pdb path: .;C:\Users\streepmsi\Desktop\Programs\eclipse\plugins\org.eclipse.justj.openjdk.hotspot.jre.full.win32.x86_64_16.0.1.v20210528-1205\jre\bin;C:\Windows\SYSTEM32;C:\Windows\WinSxS\amd64_microsoft.windows.common-controls_6595b64144ccf1df_6.0.19041.1110_none_60b5254171f9507e;C:\Users\streepmsi\Desktop\Programs\eclipse\plugins\org.eclipse.justj.openjdk.hotspot.jre.full.win32.x86_64_16.0.1.v20210528-1205\jre\bin\server;C:\Users\streepmsi\AppData\Local\Temp\lwjglstreepmsi\3.2.3-build-13;C:\Users\STREEP~1\AppData\Local\Temp\lwjglstreepmsi\3.2.3-build-13;C:\Windows\System32\DriverStore\FileRepository\nvmii.inf_amd64_129542dbee5a4a5e;C:\Windows\System32\DriverStore\FileRepository\iigd_dch.inf_amd64_a086f01cc7be643a

VM Arguments:
jvm_args: -Dfile.encoding=UTF-8 -XX:+ShowCodeDetailsInExceptionMessages 
java_command: com.streep.openglleer.Main
java_class_path (initial): C:\Users\streepmsi\eclipse-workspace\OpenGLLeerproject\bin;C:\Users\streepmsi\Desktop\Libaries\lwjgl.jar;C:\Users\streepmsi\Desktop\Libaries\lwjgl-assimp.jar;C:\Users\streepmsi\Desktop\Libaries\lwjgl-assimp-javadoc.jar;C:\Users\streepmsi\Desktop\Libaries\lwjgl-assimp-natives-windows.jar;C:\Users\streepmsi\Desktop\Libaries\lwjgl-assimp-sources.jar;C:\Users\streepmsi\Desktop\Libaries\lwjgl-bgfx.jar;C:\Users\streepmsi\Desktop\Libaries\lwjgl-bgfx-javadoc.jar;C:\Users\streepmsi\Desktop\Libaries\lwjgl-bgfx-natives-windows.jar;C:\Users\streepmsi\Desktop\Libaries\lwjgl-bgfx-sources.jar;C:\Users\streepmsi\Desktop\Libaries\lwjgl-glfw.jar;C:\Users\streepmsi\Desktop\Libaries\lwjgl-glfw-javadoc.jar;C:\Users\streepmsi\Desktop\Libaries\lwjgl-glfw-natives-windows.jar;C:\Users\streepmsi\Desktop\Libaries\lwjgl-glfw-sources.jar;C:\Users\streepmsi\Desktop\Libaries\lwjgl-javadoc.jar;C:\Users\streepmsi\Desktop\Libaries\lwjgl-nanovg.jar;C:\Users\streepmsi\Desktop\Libaries\lwjgl-nanovg-javadoc.jar;C:\Users\streepmsi\Desktop\Libaries\lwjgl-nanovg-natives-windows.jar;C:\Users\streepmsi\Desktop\Libaries\lwjgl-nanovg-sources.jar;C:\Users\streepmsi\Desktop\Libaries\lwjgl-natives-windows.jar;C:\Users\streepmsi\Desktop\Libaries\lwjgl-nuklear.jar;C:\Users\streepmsi\Desktop\Libaries\lwjgl-nuklear-javadoc.jar;C:\Users\streepmsi\Desktop\Libaries\lwjgl-nuklear-natives-windows.jar;C:\Users\streepmsi\Desktop\Libaries\lwjgl-nuklear-sources.jar;C:\Users\streepmsi\Desktop\Libaries\lwjgl-openal.jar;C:\Users\streepmsi\Desktop\Libaries\lwjgl-openal-javadoc.jar;C:\Users\streepmsi\Desktop\Libaries\lwjgl-openal-natives-windows.jar;C:\Users\streepmsi\Desktop\Libaries\lwjgl-openal-sources.jar;C:\Users\streepmsi\Desktop\Libaries\lwjgl-opengl.jar;C:\Users\streepmsi\Desktop\Libaries\lwjgl-opengl-javadoc.jar;C:\Users\streepmsi\Desktop\Libaries\lwjgl-opengl-natives-windows.jar;C:\Users\streepmsi\Desktop\Libaries\lwjgl-opengl-sources.jar;C:\Users\streepmsi\Desktop\Libaries\lwjgl-par.jar;C:\U
Launcher Type: SUN_STANDARD

[Global flags]
     intx CICompilerCount                          = 4                                         {product} {ergonomic}
     uint ConcGCThreads                            = 2                                         {product} {ergonomic}
     uint G1ConcRefinementThreads                  = 8                                         {product} {ergonomic}
   size_t G1HeapRegionSize                         = 2097152                                   {product} {ergonomic}
    uintx GCDrainStackTargetSize                   = 64                                        {product} {ergonomic}
   size_t InitialHeapSize                          = 266338304                                 {product} {ergonomic}
   size_t MarkStackSize                            = 4194304                                   {product} {ergonomic}
   size_t MaxHeapSize                              = 4248829952                                {product} {ergonomic}
   size_t MaxNewSize                               = 2548039680                                {product} {ergonomic}
   size_t MinHeapDeltaBytes                        = 2097152                                   {product} {ergonomic}
   size_t MinHeapSize                              = 8388608                                   {product} {ergonomic}
    uintx NonNMethodCodeHeapSize                   = 5839372                                {pd product} {ergonomic}
    uintx NonProfiledCodeHeapSize                  = 122909434                              {pd product} {ergonomic}
    uintx ProfiledCodeHeapSize                     = 122909434                              {pd product} {ergonomic}
    uintx ReservedCodeCacheSize                    = 251658240                              {pd product} {ergonomic}
     bool SegmentedCodeCache                       = true                                      {product} {ergonomic}
     bool ShowCodeDetailsInExceptionMessages       = true                                   {manageable} {command line}
   size_t SoftMaxHeapSize                          = 4248829952                             {manageable} {ergonomic}
     bool UseCompressedClassPointers               = true                           {product lp64_product} {ergonomic}
     bool UseCompressedOops                        = true                           {product lp64_product} {ergonomic}
     bool UseG1GC                                  = true                                      {product} {ergonomic}
     bool UseLargePagesIndividualAllocation        = false                                  {pd product} {ergonomic}

Logging:
Log output configuration:
 #0: stdout all=warning uptime,level,tags
 #1: stderr all=off uptime,level,tags

Environment Variables:
PATH=C:/Users/streepmsi/Desktop/Programs/eclipse//plugins/org.eclipse.justj.openjdk.hotspot.jre.full.win32.x86_64_16.0.1.v20210528-1205/jre/bin/server;C:/Users/streepmsi/Desktop/Programs/eclipse//plugins/org.eclipse.justj.openjdk.hotspot.jre.full.win32.x86_64_16.0.1.v20210528-1205/jre/bin;C:\Program Files (x86)\Common Files\Oracle\Java\javapath;C:\Windows\system32;C:\Windows;C:\Windows\System32\Wbem;C:\Windows\System32\WindowsPowerShell\v1.0\;C:\Windows\System32\OpenSSH\;C:\Program Files (x86)\NVIDIA Corporation\PhysX\Common;C:\Program Files\NVIDIA Corporation\NVIDIA NvDLISR;C:\Users\streepmsi\Desktop\Programs\Git\cmd;C:\Users\streepmsi\AppData\Local\Microsoft\WindowsApps;;C:\Users\streepmsi\Desktop\Programs\eclipse;
USERNAME=streepmsi
OS=Windows_NT
PROCESSOR_IDENTIFIER=Intel64 Family 6 Model 165 Stepping 2, GenuineIntel



---------------  S Y S T E M  ---------------

OS:
 Windows 10 , 64 bit Build 19041 (10.0.19041.1202)
OS uptime: 2 days 22:34 hours

CPU: total 8 (initial active 8) (4 cores per cpu, 2 threads per core) family 6 model 165 stepping 2 microcode 0xe2, cx8, cmov, fxsr, ht, mmx, 3dnowpref, sse, sse2, sse3, ssse3, sse4.1, sse4.2, popcnt, lzcnt, tsc, tscinvbit, avx, avx2, aes, erms, clmul, bmi1, bmi2, adx, fma, vzeroupper, clflush, clflushopt

Memory: 4k page, system-wide physical 16205M (9125M free)
TotalPageFile size 18637M (AvailPageFile size 9735M)
current process WorkingSet (physical memory assigned to process): 136M, peak: 137M
current process commit charge ("private bytes"): 420M, peak: 420M

vm_info: OpenJDK 64-Bit Server VM (16.0.1+9-24) for windows-amd64 JRE (16.0.1+9-24), built on Mar 26 2021 19:30:07 by "mach5one" with MS VC++ 16.7 (VS2019)

END.
