#
# A fatal error has been detected by the Java Runtime Environment:
#
#  EXCEPTION_ACCESS_VIOLATION (0xc0000005) at pc=0x00007ffae0b5dfdf, pid=3112, tid=3940
#
# JRE version: OpenJDK Runtime Environment (16.0.1+9) (build 16.0.1+9-24)
# Java VM: OpenJDK 64-Bit Server VM (16.0.1+9-24, mixed mode, tiered, compressed oops, compressed class ptrs, g1 gc, windows-amd64)
# Problematic frame:
# C  [ntdll.dll+0x2dfdf]
#
# No core dump will be written. Minidumps are not enabled by default on client versions of Windows
#
# If you would like to submit a bug report, please visit:
#   https://bugreport.java.com/bugreport/crash.jsp
#

---------------  S U M M A R Y ------------

Command Line: -Dfile.encoding=UTF-8 -XX:+ShowCodeDetailsInExceptionMessages com.streep.openglleer.Main

Host: Intel(R) Core(TM) i5-10200H CPU @ 2.40GHz, 8 cores, 15G,  Windows 10 , 64 bit Build 19041 (10.0.19041.1202)
Time: Thu Oct 14 12:48:05 2021 W. Europe Summer Time elapsed time: 2.380891 seconds (0d 0h 0m 2s)

---------------  T H R E A D  ---------------

Current thread (0x000002547ec43d60):  JavaThread "C2 CompilerThread1" daemon [_thread_in_native, id=3940, stack(0x000000fb5b300000,0x000000fb5b400000)]


Current CompileTask:
C2:   2380 1013       4       java.lang.reflect.Field::getLong (29 bytes)

Stack: [0x000000fb5b300000,0x000000fb5b400000],  sp=0x000000fb5b3fb530,  free space=1005k
Native frames: (J=compiled Java code, j=interpreted, Vv=VM code, C=native code)
C  [ntdll.dll+0x2dfdf]
C  [ntdll.dll+0x2b44d]
C  [ucrtbase.dll+0xfde6]
V  [jvm.dll+0x65b290]
V  [jvm.dll+0xade98]
V  [jvm.dll+0xae5ac]
V  [jvm.dll+0x35aed2]
V  [jvm.dll+0x1b9be4]
V  [jvm.dll+0x216066]
V  [jvm.dll+0x215350]
V  [jvm.dll+0x1a1d9b]
V  [jvm.dll+0x2253a8]
V  [jvm.dll+0x2233ec]
V  [jvm.dll+0x780002]
V  [jvm.dll+0x779b4a]
V  [jvm.dll+0x667666]
C  [ucrtbase.dll+0x21bb2]
C  [KERNEL32.DLL+0x17034]
C  [ntdll.dll+0x52651]


siginfo: EXCEPTION_ACCESS_VIOLATION (0xc0000005), writing address 0x000002547f19223a


Register to memory mapping:

RIP=0x00007ffae0b5dfdf ntdll.dll
RAX=0x0000000000a50000 is an unknown value
RBX=0x000002545a7a0000 points into unknown readable memory: 0x0000000000000000 | 00 00 00 00 00 00 00 00
RCX=0x0000000000000010 is an unknown value
RDX=0x0000000000000001 is an unknown value
RSP=0x000000fb5b3fb530 is pointing into the stack for thread: 0x000002547ec43d60
RBP=0x000000fb5b3fb829 is pointing into the stack for thread: 0x000002547ec43d60
RSI=0x000002547f192230 is an unknown value
RDI=0x000002545a7a9c80 points into unknown readable memory: 0x0000000000000000 | 00 00 00 00 00 00 00 00
R8 =0x0 is NULL
R9 =0x000002547e740000 points into unknown readable memory: 0x0000000000000000 | 00 00 00 00 00 00 00 00
R10=0x0 is NULL
R11=0x000002547f592520 points into unknown readable memory: 0x000002547f5d99c0 | c0 99 5d 7f 54 02 00 00
R12=0x00000000000000dd is an unknown value
R13=0x0000000000001092 is an unknown value
R14=0x0 is NULL
R15=0x000002547f181910 points into unknown readable memory: 0x00007ffa9c758310 | 10 83 75 9c fa 7f 00 00


Registers:
RAX=0x0000000000a50000, RBX=0x000002545a7a0000, RCX=0x0000000000000010, RDX=0x0000000000000001
RSP=0x000000fb5b3fb530, RBP=0x000000fb5b3fb829, RSI=0x000002547f192230, RDI=0x000002545a7a9c80
R8 =0x0000000000000000, R9 =0x000002547e740000, R10=0x0000000000000000, R11=0x000002547f592520
R12=0x00000000000000dd, R13=0x0000000000001092, R14=0x0000000000000000, R15=0x000002547f181910
RIP=0x00007ffae0b5dfdf, EFLAGS=0x0000000000010206

Top of Stack: (sp=0x000000fb5b3fb530)
0x000000fb5b3fb530:   0000000000000301 00007ffa000003ff
0x000000fb5b3fb540:   0000000000000f01 000002547f592520
0x000000fb5b3fb550:   0000000000000f01 00007ffae0b4ead2
0x000000fb5b3fb560:   000002547f592501 0000000000001092
0x000000fb5b3fb570:   000002545a7a0000 0000000000000000
0x000000fb5b3fb580:   0000000000000000 0000000000000001
0x000000fb5b3fb590:   000002547f181910 000002547e00116f
0x000000fb5b3fb5a0:   00000000000000dd 000002547f5a1520
0x000000fb5b3fb5b0:   0000000000000001 0000000000000000
0x000000fb5b3fb5c0:   0000000000000010 00000000e0b4e430
0x000000fb5b3fb5d0:   000002547f181910 000000fb5b3fb639
0x000000fb5b3fb5e0:   0000000000000301 000002547f592510
0x000000fb5b3fb5f0:   000002547edb4228 00007ffa9c2c625e
0x000000fb5b3fb600:   000000017eed3390 00000000000003ff
0x000000fb5b3fb610:   000002547f5d99c0 0000000000001059
0x000000fb5b3fb620:   000002547eed3390 000002545a7a0150 

Instructions: (pc=0x00007ffae0b5dfdf)
0x00007ffae0b5dedf:   48 89 8b a0 02 00 00 48 89 8b a8 02 00 00 ff 83
0x00007ffae0b5deef:   8c 02 00 00 81 bb 8c 02 00 00 00 10 00 00 72 41
0x00007ffae0b5deff:   80 bb a2 01 00 00 02 75 0e 83 bb 90 02 00 00 10
0x00007ffae0b5df0f:   b8 00 01 00 00 77 05 b8 10 00 00 00 39 83 84 02
0x00007ffae0b5df1f:   00 00 76 11 81 fa 00 00 01 00 73 09 8d 04 12 89
0x00007ffae0b5df2f:   83 88 02 00 00 89 bb 84 02 00 00 89 bb 8c 02 00
0x00007ffae0b5df3f:   00 48 8b 8b 60 01 00 00 e8 e4 12 00 00 c6 44 24
0x00007ffae0b5df4f:   30 00 f6 84 24 58 02 00 00 08 0f 84 24 12 00 00
0x00007ffae0b5df5f:   4d 8d 46 f8 33 d2 48 8b 4c 24 48 e8 91 5e 07 00
0x00007ffae0b5df6f:   e9 0f 12 00 00 49 8d 45 01 48 03 c0 49 89 0c c7
0x00007ffae0b5df7f:   41 c6 47 0f 3f e9 93 fe ff ff 45 33 d2 45 8b c2
0x00007ffae0b5df8f:   85 d2 41 0f 94 c0 44 89 84 24 68 02 00 00 44 89
0x00007ffae0b5df9f:   84 24 9c 00 00 00 41 0f b6 47 0e 84 c0 74 1a 48
0x00007ffae0b5dfaf:   c1 e0 10 4d 8b cf 49 81 e1 00 00 ff ff 4c 2b c8
0x00007ffae0b5dfbf:   49 81 c1 00 00 01 00 eb 03 4c 8b cb 4c 89 64 24
0x00007ffae0b5dfcf:   70 49 8b f5 48 c1 e6 04 49 03 f7 44 89 54 24 5c
0x00007ffae0b5dfdf:   44 88 76 0a 44 88 56 0f 0f b7 83 8c 00 00 00 66
0x00007ffae0b5dfef:   41 33 c5 66 89 46 0c 49 8b 51 28 49 3b d1 75 05
0x00007ffae0b5dfff:   40 32 ff eb 40 48 8b fe 49 2b f9 48 c1 ef 10 48
0x00007ffae0b5e00f:   ff c7 48 89 bc 24 88 01 00 00 48 81 ff fe 00 00
0x00007ffae0b5e01f:   00 72 22 4c 89 54 24 28 4c 89 54 24 20 4c 8b c6
0x00007ffae0b5e02f:   b9 03 00 00 00 e8 d3 fd 0d 00 44 8b 84 24 68 02
0x00007ffae0b5e03f:   00 00 45 33 d2 40 88 7e 0e c6 46 0b 00 66 44 89
0x00007ffae0b5e04f:   66 08 4d 8b f4 49 c1 e6 04 4c 03 f6 8b 4b 7c 8b
0x00007ffae0b5e05f:   c1 c1 e8 14 22 83 8a 00 00 00 41 32 46 0a a8 01
0x00007ffae0b5e06f:   0f 84 d2 06 00 00 0f b7 83 8c 00 00 00 66 41 33
0x00007ffae0b5e07f:   c4 66 41 89 46 0c 45 84 c0 0f 85 26 05 00 00 41
0x00007ffae0b5e08f:   0f b7 d4 48 89 54 24 38 44 88 46 0a 44 88 46 0f
0x00007ffae0b5e09f:   48 8d 83 50 01 00 00 4c 8b ab 38 01 00 00 4d 85
0x00007ffae0b5e0af:   ed 0f 84 07 03 00 00 41 8b 4d 08 48 3b d1 73 0d
0x00007ffae0b5e0bf:   4c 8b f2 48 89 94 24 b0 00 00 00 eb 19 49 8b 45
0x00007ffae0b5e0cf:   00 48 85 c0 0f 85 dc 02 00 00 44 8d 71 ff 4c 89 


Stack slot to memory mapping:
stack at sp + 0 slots: 0x0000000000000301 is an unknown value
stack at sp + 1 slots: 0x00007ffa000003ff is an unknown value
stack at sp + 2 slots: 0x0000000000000f01 is an unknown value
stack at sp + 3 slots: 0x000002547f592520 points into unknown readable memory: 0x000002547f5d99c0 | c0 99 5d 7f 54 02 00 00
stack at sp + 4 slots: 0x0000000000000f01 is an unknown value
stack at sp + 5 slots: 0x00007ffae0b4ead2 ntdll.dll
stack at sp + 6 slots: 0x000002547f592501 points into unknown readable memory: 00 00 00 01 00 00 00
stack at sp + 7 slots: 0x0000000000001092 is an unknown value


---------------  P R O C E S S  ---------------

Threads class SMR info:
_java_thread_list=0x000002547f062850, length=14, elements={
0x000002545c85b680, 0x000002547bc54260, 0x000002547bc55120, 0x000002547bc3f180,
0x000002547bc3fd80, 0x000002547bc7c4f0, 0x000002547bc7df00, 0x000002547bc8a140,
0x000002547bc8ab80, 0x000002547bc9f9b0, 0x000002547be01b00, 0x000002547be1b020,
0x000002547ec43d60, 0x000002547f066110
}

Java Threads: ( => current thread )
  0x000002545c85b680 JavaThread "main" [_thread_in_native, id=14680, stack(0x000000fb5a000000,0x000000fb5a100000)]
  0x000002547bc54260 JavaThread "Reference Handler" daemon [_thread_blocked, id=15616, stack(0x000000fb5a700000,0x000000fb5a800000)]
  0x000002547bc55120 JavaThread "Finalizer" daemon [_thread_blocked, id=16292, stack(0x000000fb5a800000,0x000000fb5a900000)]
  0x000002547bc3f180 JavaThread "Signal Dispatcher" daemon [_thread_blocked, id=15260, stack(0x000000fb5a900000,0x000000fb5aa00000)]
  0x000002547bc3fd80 JavaThread "Attach Listener" daemon [_thread_blocked, id=8844, stack(0x000000fb5aa00000,0x000000fb5ab00000)]
  0x000002547bc7c4f0 JavaThread "Service Thread" daemon [_thread_blocked, id=5988, stack(0x000000fb5ab00000,0x000000fb5ac00000)]
  0x000002547bc7df00 JavaThread "Monitor Deflation Thread" daemon [_thread_blocked, id=2488, stack(0x000000fb5ac00000,0x000000fb5ad00000)]
  0x000002547bc8a140 JavaThread "C2 CompilerThread0" daemon [_thread_in_native, id=13800, stack(0x000000fb5ad00000,0x000000fb5ae00000)]
  0x000002547bc8ab80 JavaThread "C1 CompilerThread0" daemon [_thread_blocked, id=12928, stack(0x000000fb5ae00000,0x000000fb5af00000)]
  0x000002547bc9f9b0 JavaThread "Sweeper thread" daemon [_thread_blocked, id=5604, stack(0x000000fb5af00000,0x000000fb5b000000)]
  0x000002547be01b00 JavaThread "Notification Thread" daemon [_thread_blocked, id=3724, stack(0x000000fb5b000000,0x000000fb5b100000)]
  0x000002547be1b020 JavaThread "Common-Cleaner" daemon [_thread_blocked, id=10884, stack(0x000000fb5b200000,0x000000fb5b300000)]
=>0x000002547ec43d60 JavaThread "C2 CompilerThread1" daemon [_thread_in_native, id=3940, stack(0x000000fb5b300000,0x000000fb5b400000)]
  0x000002547f066110 JavaThread "Java2D Disposer" daemon [_thread_blocked, id=16080, stack(0x000000fb5bc00000,0x000000fb5bd00000)]

Other Threads:
  0x000002547bc34d60 VMThread "VM Thread" [stack: 0x000000fb5a600000,0x000000fb5a700000] [id=17020]
  0x000002547be03440 WatcherThread [stack: 0x000000fb5b100000,0x000000fb5b200000] [id=8860]
  0x000002545c8adc50 GCTaskThread "GC Thread#0" [stack: 0x000000fb5a100000,0x000000fb5a200000] [id=10920]
  0x000002547c7a8540 GCTaskThread "GC Thread#1" [stack: 0x000000fb5be00000,0x000000fb5bf00000] [id=9472]
  0x000002547c7a8e70 GCTaskThread "GC Thread#2" [stack: 0x000000fb5bf00000,0x000000fb5c000000] [id=6420]
  0x000002547c7a8850 GCTaskThread "GC Thread#3" [stack: 0x000000fb5c000000,0x000000fb5c100000] [id=11320]
  0x000002547f1086e0 GCTaskThread "GC Thread#4" [stack: 0x000000fb5c100000,0x000000fb5c200000] [id=12740]
  0x000002547f10a890 GCTaskThread "GC Thread#5" [stack: 0x000000fb5c200000,0x000000fb5c300000] [id=11460]
  0x000002547f10a580 GCTaskThread "GC Thread#6" [stack: 0x000000fb5c300000,0x000000fb5c400000] [id=14796]
  0x000002547f107db0 GCTaskThread "GC Thread#7" [stack: 0x000000fb5c400000,0x000000fb5c500000] [id=4408]
  0x000002545c8c0280 ConcurrentGCThread "G1 Main Marker" [stack: 0x000000fb5a200000,0x000000fb5a300000] [id=6864]
  0x000002545c8c0d70 ConcurrentGCThread "G1 Conc#0" [stack: 0x000000fb5a300000,0x000000fb5a400000] [id=4140]
  0x000002547b0824d0 ConcurrentGCThread "G1 Refine#0" [stack: 0x000000fb5a400000,0x000000fb5a500000] [id=1052]
  0x000002547b082fd0 ConcurrentGCThread "G1 Service" [stack: 0x000000fb5a500000,0x000000fb5a600000] [id=5936]

Threads with active compile tasks:
C2 CompilerThread0     2421 1017       4       java.lang.reflect.AccessibleObject::verifyAccess (55 bytes)
C2 CompilerThread1     2421 1013       4       java.lang.reflect.Field::getLong (29 bytes)

VM state: not at safepoint (normal execution)

VM Mutex/Monitor currently owned by a thread: None

Heap address: 0x0000000702c00000, size: 4052 MB, Compressed Oops mode: Zero based, Oop shift amount: 3

CDS disabled.
Compressed class space mapped at: 0x0000000800000000-0x0000000840000000, reserved size: 1073741824
Narrow klass base: 0x0000000800000000, Narrow klass shift: 0, Narrow klass range: 0x40000000

GC Precious Log:
 CPUs: 8 total, 8 available
 Memory: 16205M
 Large Page Support: Disabled
 NUMA Support: Disabled
 Compressed Oops: Enabled (Zero based)
 Heap Region Size: 2M
 Heap Min Capacity: 8M
 Heap Initial Capacity: 254M
 Heap Max Capacity: 4052M
 Pre-touch: Disabled
 Parallel Workers: 8
 Concurrent Workers: 2
 Concurrent Refinement Workers: 8
 Periodic GC: Disabled

Heap:
 garbage-first heap   total 260096K, used 3221K [0x0000000702c00000, 0x0000000800000000)
  region size 2048K, 3 young (6144K), 2 survivors (4096K)
 Metaspace       used 16170K, committed 16320K, reserved 1064960K
  class space    used 1108K, committed 1152K, reserved 1048576K

Heap Regions: E=young(eden), S=young(survivor), O=old, HS=humongous(starts), HC=humongous(continues), CS=collection set, F=free, OA=open archive, CA=closed archive, TAMS=top-at-mark-start (previous, next)
|   0|0x0000000702c00000, 0x0000000702c00000, 0x0000000702e00000|  0%| F|  |TAMS 0x0000000702c00000, 0x0000000702c00000| Untracked 
|   1|0x0000000702e00000, 0x0000000702e00000, 0x0000000703000000|  0%| F|  |TAMS 0x0000000702e00000, 0x0000000702e00000| Untracked 
|   2|0x0000000703000000, 0x0000000703000000, 0x0000000703200000|  0%| F|  |TAMS 0x0000000703000000, 0x0000000703000000| Untracked 
|   3|0x0000000703200000, 0x0000000703200000, 0x0000000703400000|  0%| F|  |TAMS 0x0000000703200000, 0x0000000703200000| Untracked 
|   4|0x0000000703400000, 0x0000000703400000, 0x0000000703600000|  0%| F|  |TAMS 0x0000000703400000, 0x0000000703400000| Untracked 
|   5|0x0000000703600000, 0x0000000703600000, 0x0000000703800000|  0%| F|  |TAMS 0x0000000703600000, 0x0000000703600000| Untracked 
|   6|0x0000000703800000, 0x0000000703800000, 0x0000000703a00000|  0%| F|  |TAMS 0x0000000703800000, 0x0000000703800000| Untracked 
|   7|0x0000000703a00000, 0x0000000703a00000, 0x0000000703c00000|  0%| F|  |TAMS 0x0000000703a00000, 0x0000000703a00000| Untracked 
|   8|0x0000000703c00000, 0x0000000703c00000, 0x0000000703e00000|  0%| F|  |TAMS 0x0000000703c00000, 0x0000000703c00000| Untracked 
|   9|0x0000000703e00000, 0x0000000703e00000, 0x0000000704000000|  0%| F|  |TAMS 0x0000000703e00000, 0x0000000703e00000| Untracked 
|  10|0x0000000704000000, 0x0000000704000000, 0x0000000704200000|  0%| F|  |TAMS 0x0000000704000000, 0x0000000704000000| Untracked 
|  11|0x0000000704200000, 0x0000000704200000, 0x0000000704400000|  0%| F|  |TAMS 0x0000000704200000, 0x0000000704200000| Untracked 
|  12|0x0000000704400000, 0x0000000704400000, 0x0000000704600000|  0%| F|  |TAMS 0x0000000704400000, 0x0000000704400000| Untracked 
|  13|0x0000000704600000, 0x0000000704600000, 0x0000000704800000|  0%| F|  |TAMS 0x0000000704600000, 0x0000000704600000| Untracked 
|  14|0x0000000704800000, 0x0000000704800000, 0x0000000704a00000|  0%| F|  |TAMS 0x0000000704800000, 0x0000000704800000| Untracked 
|  15|0x0000000704a00000, 0x0000000704a00000, 0x0000000704c00000|  0%| F|  |TAMS 0x0000000704a00000, 0x0000000704a00000| Untracked 
|  16|0x0000000704c00000, 0x0000000704c00000, 0x0000000704e00000|  0%| F|  |TAMS 0x0000000704c00000, 0x0000000704c00000| Untracked 
|  17|0x0000000704e00000, 0x0000000704e00000, 0x0000000705000000|  0%| F|  |TAMS 0x0000000704e00000, 0x0000000704e00000| Untracked 
|  18|0x0000000705000000, 0x0000000705000000, 0x0000000705200000|  0%| F|  |TAMS 0x0000000705000000, 0x0000000705000000| Untracked 
|  19|0x0000000705200000, 0x0000000705200000, 0x0000000705400000|  0%| F|  |TAMS 0x0000000705200000, 0x0000000705200000| Untracked 
|  20|0x0000000705400000, 0x0000000705400000, 0x0000000705600000|  0%| F|  |TAMS 0x0000000705400000, 0x0000000705400000| Untracked 
|  21|0x0000000705600000, 0x0000000705600000, 0x0000000705800000|  0%| F|  |TAMS 0x0000000705600000, 0x0000000705600000| Untracked 
|  22|0x0000000705800000, 0x0000000705800000, 0x0000000705a00000|  0%| F|  |TAMS 0x0000000705800000, 0x0000000705800000| Untracked 
|  23|0x0000000705a00000, 0x0000000705a00000, 0x0000000705c00000|  0%| F|  |TAMS 0x0000000705a00000, 0x0000000705a00000| Untracked 
|  24|0x0000000705c00000, 0x0000000705c00000, 0x0000000705e00000|  0%| F|  |TAMS 0x0000000705c00000, 0x0000000705c00000| Untracked 
|  25|0x0000000705e00000, 0x0000000705e00000, 0x0000000706000000|  0%| F|  |TAMS 0x0000000705e00000, 0x0000000705e00000| Untracked 
|  26|0x0000000706000000, 0x0000000706000000, 0x0000000706200000|  0%| F|  |TAMS 0x0000000706000000, 0x0000000706000000| Untracked 
|  27|0x0000000706200000, 0x0000000706200000, 0x0000000706400000|  0%| F|  |TAMS 0x0000000706200000, 0x0000000706200000| Untracked 
|  28|0x0000000706400000, 0x0000000706400000, 0x0000000706600000|  0%| F|  |TAMS 0x0000000706400000, 0x0000000706400000| Untracked 
|  29|0x0000000706600000, 0x0000000706600000, 0x0000000706800000|  0%| F|  |TAMS 0x0000000706600000, 0x0000000706600000| Untracked 
|  30|0x0000000706800000, 0x0000000706800000, 0x0000000706a00000|  0%| F|  |TAMS 0x0000000706800000, 0x0000000706800000| Untracked 
|  31|0x0000000706a00000, 0x0000000706a00000, 0x0000000706c00000|  0%| F|  |TAMS 0x0000000706a00000, 0x0000000706a00000| Untracked 
|  32|0x0000000706c00000, 0x0000000706c00000, 0x0000000706e00000|  0%| F|  |TAMS 0x0000000706c00000, 0x0000000706c00000| Untracked 
|  33|0x0000000706e00000, 0x0000000706e00000, 0x0000000707000000|  0%| F|  |TAMS 0x0000000706e00000, 0x0000000706e00000| Untracked 
|  34|0x0000000707000000, 0x0000000707000000, 0x0000000707200000|  0%| F|  |TAMS 0x0000000707000000, 0x0000000707000000| Untracked 
|  35|0x0000000707200000, 0x0000000707200000, 0x0000000707400000|  0%| F|  |TAMS 0x0000000707200000, 0x0000000707200000| Untracked 
|  36|0x0000000707400000, 0x0000000707400000, 0x0000000707600000|  0%| F|  |TAMS 0x0000000707400000, 0x0000000707400000| Untracked 
|  37|0x0000000707600000, 0x0000000707600000, 0x0000000707800000|  0%| F|  |TAMS 0x0000000707600000, 0x0000000707600000| Untracked 
|  38|0x0000000707800000, 0x0000000707800000, 0x0000000707a00000|  0%| F|  |TAMS 0x0000000707800000, 0x0000000707800000| Untracked 
|  39|0x0000000707a00000, 0x0000000707a00000, 0x0000000707c00000|  0%| F|  |TAMS 0x0000000707a00000, 0x0000000707a00000| Untracked 
|  40|0x0000000707c00000, 0x0000000707c00000, 0x0000000707e00000|  0%| F|  |TAMS 0x0000000707c00000, 0x0000000707c00000| Untracked 
|  41|0x0000000707e00000, 0x0000000707e00000, 0x0000000708000000|  0%| F|  |TAMS 0x0000000707e00000, 0x0000000707e00000| Untracked 
|  42|0x0000000708000000, 0x0000000708000000, 0x0000000708200000|  0%| F|  |TAMS 0x0000000708000000, 0x0000000708000000| Untracked 
|  43|0x0000000708200000, 0x0000000708200000, 0x0000000708400000|  0%| F|  |TAMS 0x0000000708200000, 0x0000000708200000| Untracked 
|  44|0x0000000708400000, 0x0000000708400000, 0x0000000708600000|  0%| F|  |TAMS 0x0000000708400000, 0x0000000708400000| Untracked 
|  45|0x0000000708600000, 0x0000000708600000, 0x0000000708800000|  0%| F|  |TAMS 0x0000000708600000, 0x0000000708600000| Untracked 
|  46|0x0000000708800000, 0x0000000708800000, 0x0000000708a00000|  0%| F|  |TAMS 0x0000000708800000, 0x0000000708800000| Untracked 
|  47|0x0000000708a00000, 0x0000000708a00000, 0x0000000708c00000|  0%| F|  |TAMS 0x0000000708a00000, 0x0000000708a00000| Untracked 
|  48|0x0000000708c00000, 0x0000000708c00000, 0x0000000708e00000|  0%| F|  |TAMS 0x0000000708c00000, 0x0000000708c00000| Untracked 
|  49|0x0000000708e00000, 0x0000000708e00000, 0x0000000709000000|  0%| F|  |TAMS 0x0000000708e00000, 0x0000000708e00000| Untracked 
|  50|0x0000000709000000, 0x0000000709000000, 0x0000000709200000|  0%| F|  |TAMS 0x0000000709000000, 0x0000000709000000| Untracked 
|  51|0x0000000709200000, 0x0000000709200000, 0x0000000709400000|  0%| F|  |TAMS 0x0000000709200000, 0x0000000709200000| Untracked 
|  52|0x0000000709400000, 0x0000000709400000, 0x0000000709600000|  0%| F|  |TAMS 0x0000000709400000, 0x0000000709400000| Untracked 
|  53|0x0000000709600000, 0x0000000709600000, 0x0000000709800000|  0%| F|  |TAMS 0x0000000709600000, 0x0000000709600000| Untracked 
|  54|0x0000000709800000, 0x0000000709800000, 0x0000000709a00000|  0%| F|  |TAMS 0x0000000709800000, 0x0000000709800000| Untracked 
|  55|0x0000000709a00000, 0x0000000709a00000, 0x0000000709c00000|  0%| F|  |TAMS 0x0000000709a00000, 0x0000000709a00000| Untracked 
|  56|0x0000000709c00000, 0x0000000709c00000, 0x0000000709e00000|  0%| F|  |TAMS 0x0000000709c00000, 0x0000000709c00000| Untracked 
|  57|0x0000000709e00000, 0x0000000709e00000, 0x000000070a000000|  0%| F|  |TAMS 0x0000000709e00000, 0x0000000709e00000| Untracked 
|  58|0x000000070a000000, 0x000000070a000000, 0x000000070a200000|  0%| F|  |TAMS 0x000000070a000000, 0x000000070a000000| Untracked 
|  59|0x000000070a200000, 0x000000070a200000, 0x000000070a400000|  0%| F|  |TAMS 0x000000070a200000, 0x000000070a200000| Untracked 
|  60|0x000000070a400000, 0x000000070a400000, 0x000000070a600000|  0%| F|  |TAMS 0x000000070a400000, 0x000000070a400000| Untracked 
|  61|0x000000070a600000, 0x000000070a600000, 0x000000070a800000|  0%| F|  |TAMS 0x000000070a600000, 0x000000070a600000| Untracked 
|  62|0x000000070a800000, 0x000000070a800000, 0x000000070aa00000|  0%| F|  |TAMS 0x000000070a800000, 0x000000070a800000| Untracked 
|  63|0x000000070aa00000, 0x000000070aa00000, 0x000000070ac00000|  0%| F|  |TAMS 0x000000070aa00000, 0x000000070aa00000| Untracked 
|  64|0x000000070ac00000, 0x000000070ac00000, 0x000000070ae00000|  0%| F|  |TAMS 0x000000070ac00000, 0x000000070ac00000| Untracked 
|  65|0x000000070ae00000, 0x000000070ae00000, 0x000000070b000000|  0%| F|  |TAMS 0x000000070ae00000, 0x000000070ae00000| Untracked 
|  66|0x000000070b000000, 0x000000070b000000, 0x000000070b200000|  0%| F|  |TAMS 0x000000070b000000, 0x000000070b000000| Untracked 
|  67|0x000000070b200000, 0x000000070b200000, 0x000000070b400000|  0%| F|  |TAMS 0x000000070b200000, 0x000000070b200000| Untracked 
|  68|0x000000070b400000, 0x000000070b400000, 0x000000070b600000|  0%| F|  |TAMS 0x000000070b400000, 0x000000070b400000| Untracked 
|  69|0x000000070b600000, 0x000000070b600000, 0x000000070b800000|  0%| F|  |TAMS 0x000000070b600000, 0x000000070b600000| Untracked 
|  70|0x000000070b800000, 0x000000070b800000, 0x000000070ba00000|  0%| F|  |TAMS 0x000000070b800000, 0x000000070b800000| Untracked 
|  71|0x000000070ba00000, 0x000000070ba00000, 0x000000070bc00000|  0%| F|  |TAMS 0x000000070ba00000, 0x000000070ba00000| Untracked 
|  72|0x000000070bc00000, 0x000000070bc00000, 0x000000070be00000|  0%| F|  |TAMS 0x000000070bc00000, 0x000000070bc00000| Untracked 
|  73|0x000000070be00000, 0x000000070be00000, 0x000000070c000000|  0%| F|  |TAMS 0x000000070be00000, 0x000000070be00000| Untracked 
|  74|0x000000070c000000, 0x000000070c000000, 0x000000070c200000|  0%| F|  |TAMS 0x000000070c000000, 0x000000070c000000| Untracked 
|  75|0x000000070c200000, 0x000000070c200000, 0x000000070c400000|  0%| F|  |TAMS 0x000000070c200000, 0x000000070c200000| Untracked 
|  76|0x000000070c400000, 0x000000070c400000, 0x000000070c600000|  0%| F|  |TAMS 0x000000070c400000, 0x000000070c400000| Untracked 
|  77|0x000000070c600000, 0x000000070c600000, 0x000000070c800000|  0%| F|  |TAMS 0x000000070c600000, 0x000000070c600000| Untracked 
|  78|0x000000070c800000, 0x000000070c800000, 0x000000070ca00000|  0%| F|  |TAMS 0x000000070c800000, 0x000000070c800000| Untracked 
|  79|0x000000070ca00000, 0x000000070ca00000, 0x000000070cc00000|  0%| F|  |TAMS 0x000000070ca00000, 0x000000070ca00000| Untracked 
|  80|0x000000070cc00000, 0x000000070cc00000, 0x000000070ce00000|  0%| F|  |TAMS 0x000000070cc00000, 0x000000070cc00000| Untracked 
|  81|0x000000070ce00000, 0x000000070ce00000, 0x000000070d000000|  0%| F|  |TAMS 0x000000070ce00000, 0x000000070ce00000| Untracked 
|  82|0x000000070d000000, 0x000000070d000000, 0x000000070d200000|  0%| F|  |TAMS 0x000000070d000000, 0x000000070d000000| Untracked 
|  83|0x000000070d200000, 0x000000070d200000, 0x000000070d400000|  0%| F|  |TAMS 0x000000070d200000, 0x000000070d200000| Untracked 
|  84|0x000000070d400000, 0x000000070d400000, 0x000000070d600000|  0%| F|  |TAMS 0x000000070d400000, 0x000000070d400000| Untracked 
|  85|0x000000070d600000, 0x000000070d600000, 0x000000070d800000|  0%| F|  |TAMS 0x000000070d600000, 0x000000070d600000| Untracked 
|  86|0x000000070d800000, 0x000000070d800000, 0x000000070da00000|  0%| F|  |TAMS 0x000000070d800000, 0x000000070d800000| Untracked 
|  87|0x000000070da00000, 0x000000070da00000, 0x000000070dc00000|  0%| F|  |TAMS 0x000000070da00000, 0x000000070da00000| Untracked 
|  88|0x000000070dc00000, 0x000000070dc00000, 0x000000070de00000|  0%| F|  |TAMS 0x000000070dc00000, 0x000000070dc00000| Untracked 
|  89|0x000000070de00000, 0x000000070de00000, 0x000000070e000000|  0%| F|  |TAMS 0x000000070de00000, 0x000000070de00000| Untracked 
|  90|0x000000070e000000, 0x000000070e000000, 0x000000070e200000|  0%| F|  |TAMS 0x000000070e000000, 0x000000070e000000| Untracked 
|  91|0x000000070e200000, 0x000000070e200000, 0x000000070e400000|  0%| F|  |TAMS 0x000000070e200000, 0x000000070e200000| Untracked 
|  92|0x000000070e400000, 0x000000070e400000, 0x000000070e600000|  0%| F|  |TAMS 0x000000070e400000, 0x000000070e400000| Untracked 
|  93|0x000000070e600000, 0x000000070e600000, 0x000000070e800000|  0%| F|  |TAMS 0x000000070e600000, 0x000000070e600000| Untracked 
|  94|0x000000070e800000, 0x000000070e800000, 0x000000070ea00000|  0%| F|  |TAMS 0x000000070e800000, 0x000000070e800000| Untracked 
|  95|0x000000070ea00000, 0x000000070ea00000, 0x000000070ec00000|  0%| F|  |TAMS 0x000000070ea00000, 0x000000070ea00000| Untracked 
|  96|0x000000070ec00000, 0x000000070ec00000, 0x000000070ee00000|  0%| F|  |TAMS 0x000000070ec00000, 0x000000070ec00000| Untracked 
|  97|0x000000070ee00000, 0x000000070ee00000, 0x000000070f000000|  0%| F|  |TAMS 0x000000070ee00000, 0x000000070ee00000| Untracked 
|  98|0x000000070f000000, 0x000000070f000000, 0x000000070f200000|  0%| F|  |TAMS 0x000000070f000000, 0x000000070f000000| Untracked 
|  99|0x000000070f200000, 0x000000070f200000, 0x000000070f400000|  0%| F|  |TAMS 0x000000070f200000, 0x000000070f200000| Untracked 
| 100|0x000000070f400000, 0x000000070f400000, 0x000000070f600000|  0%| F|  |TAMS 0x000000070f400000, 0x000000070f400000| Untracked 
| 101|0x000000070f600000, 0x000000070f600000, 0x000000070f800000|  0%| F|  |TAMS 0x000000070f600000, 0x000000070f600000| Untracked 
| 102|0x000000070f800000, 0x000000070f800000, 0x000000070fa00000|  0%| F|  |TAMS 0x000000070f800000, 0x000000070f800000| Untracked 
| 103|0x000000070fa00000, 0x000000070fa00000, 0x000000070fc00000|  0%| F|  |TAMS 0x000000070fa00000, 0x000000070fa00000| Untracked 
| 104|0x000000070fc00000, 0x000000070fc00000, 0x000000070fe00000|  0%| F|  |TAMS 0x000000070fc00000, 0x000000070fc00000| Untracked 
| 105|0x000000070fe00000, 0x000000070fe00000, 0x0000000710000000|  0%| F|  |TAMS 0x000000070fe00000, 0x000000070fe00000| Untracked 
| 106|0x0000000710000000, 0x0000000710000000, 0x0000000710200000|  0%| F|  |TAMS 0x0000000710000000, 0x0000000710000000| Untracked 
| 107|0x0000000710200000, 0x0000000710200000, 0x0000000710400000|  0%| F|  |TAMS 0x0000000710200000, 0x0000000710200000| Untracked 
| 108|0x0000000710400000, 0x0000000710400000, 0x0000000710600000|  0%| F|  |TAMS 0x0000000710400000, 0x0000000710400000| Untracked 
| 109|0x0000000710600000, 0x0000000710600000, 0x0000000710800000|  0%| F|  |TAMS 0x0000000710600000, 0x0000000710600000| Untracked 
| 110|0x0000000710800000, 0x0000000710800000, 0x0000000710a00000|  0%| F|  |TAMS 0x0000000710800000, 0x0000000710800000| Untracked 
| 111|0x0000000710a00000, 0x0000000710a00000, 0x0000000710c00000|  0%| F|  |TAMS 0x0000000710a00000, 0x0000000710a00000| Untracked 
| 112|0x0000000710c00000, 0x0000000710c00000, 0x0000000710e00000|  0%| F|  |TAMS 0x0000000710c00000, 0x0000000710c00000| Untracked 
| 113|0x0000000710e00000, 0x0000000710e00000, 0x0000000711000000|  0%| F|  |TAMS 0x0000000710e00000, 0x0000000710e00000| Untracked 
| 114|0x0000000711000000, 0x0000000711125590, 0x0000000711200000| 57%| S|CS|TAMS 0x0000000711000000, 0x0000000711000000| Complete 
| 115|0x0000000711200000, 0x0000000711400000, 0x0000000711400000|100%| S|CS|TAMS 0x0000000711200000, 0x0000000711200000| Complete 
| 116|0x0000000711400000, 0x0000000711400000, 0x0000000711600000|  0%| F|  |TAMS 0x0000000711400000, 0x0000000711400000| Untracked 
| 117|0x0000000711600000, 0x0000000711600000, 0x0000000711800000|  0%| F|  |TAMS 0x0000000711600000, 0x0000000711600000| Untracked 
| 118|0x0000000711800000, 0x0000000711800000, 0x0000000711a00000|  0%| F|  |TAMS 0x0000000711800000, 0x0000000711800000| Untracked 
| 119|0x0000000711a00000, 0x0000000711a00000, 0x0000000711c00000|  0%| F|  |TAMS 0x0000000711a00000, 0x0000000711a00000| Untracked 
| 120|0x0000000711c00000, 0x0000000711c00000, 0x0000000711e00000|  0%| F|  |TAMS 0x0000000711c00000, 0x0000000711c00000| Untracked 
| 121|0x0000000711e00000, 0x0000000711e00000, 0x0000000712000000|  0%| F|  |TAMS 0x0000000711e00000, 0x0000000711e00000| Untracked 
| 122|0x0000000712000000, 0x0000000712000000, 0x0000000712200000|  0%| F|  |TAMS 0x0000000712000000, 0x0000000712000000| Untracked 
| 123|0x0000000712200000, 0x0000000712200000, 0x0000000712400000|  0%| F|  |TAMS 0x0000000712200000, 0x0000000712200000| Untracked 
| 124|0x0000000712400000, 0x0000000712400000, 0x0000000712600000|  0%| F|  |TAMS 0x0000000712400000, 0x0000000712400000| Untracked 
| 125|0x0000000712600000, 0x0000000712600000, 0x0000000712800000|  0%| F|  |TAMS 0x0000000712600000, 0x0000000712600000| Untracked 
| 126|0x0000000712800000, 0x00000007128a0cf0, 0x0000000712a00000| 31%| E|  |TAMS 0x0000000712800000, 0x0000000712800000| Complete 

Card table byte_map: [0x000002546f8f0000,0x00000254700e0000] _byte_map_base: 0x000002546c0da000

Marking Bits (Prev, Next): (CMBitMap*) 0x000002545c8af350, (CMBitMap*) 0x000002545c8af390
 Prev Bits: [0x00000254708d0000, 0x0000025474820000)
 Next Bits: [0x0000025474820000, 0x0000025478770000)

Polling page: 0x000002545a750000

Metaspace:

Usage:
  Non-class:     14.71 MB used.
      Class:      1.08 MB used.
       Both:     15.79 MB used.

Virtual space:
  Non-class space:       16.00 MB reserved,      14.81 MB ( 93%) committed,  2 nodes.
      Class space:        1.00 GB reserved,       1.12 MB ( <1%) committed,  1 nodes.
              Both:        1.02 GB reserved,      15.94 MB (  2%) committed. 

Chunk freelists:
   Non-Class:  880.00 KB
       Class:  2.69 MB
        Both:  3.55 MB

MaxMetaspaceSize: 17179869184.00 GB
CompressedClassSpaceSize: 1.00 GB
 - commit_granule_bytes: 65536.
 - commit_granule_words: 8192.
 - virtual_space_node_default_size: 1048576.
 - enlarge_chunks_in_place: 1.
 - new_chunks_are_fully_committed: 0.
 - uncommit_free_chunks: 1.
 - use_allocation_guard: 0.
 - handle_deallocations: 1.


Internal statistics:

num_allocs_failed_limit: 0.
num_arena_births: 96.
num_arena_deaths: 0.
num_vsnodes_births: 3.
num_vsnodes_deaths: 0.
num_space_committed: 253.
num_space_uncommitted: 0.
num_chunks_returned_to_freelist: 0.
num_chunks_taken_from_freelist: 335.
num_chunk_merges: 0.
num_chunk_splits: 248.
num_chunks_enlarged: 202.
num_purges: 0.

CodeHeap 'non-profiled nmethods': size=120000Kb used=374Kb max_used=374Kb free=119625Kb
 bounds [0x00000254678a0000, 0x0000025467b10000, 0x000002546edd0000]
CodeHeap 'profiled nmethods': size=120000Kb used=1671Kb max_used=1671Kb free=118328Kb
 bounds [0x0000025460370000, 0x00000254605e0000, 0x00000254678a0000]
CodeHeap 'non-nmethods': size=5760Kb used=1661Kb max_used=1676Kb free=4098Kb
 bounds [0x000002545fdd0000, 0x0000025460040000, 0x0000025460370000]
 total_blobs=2117 nmethods=1015 adapters=1015
 compilation: enabled
              stopped_count=0, restarted_count=0
 full_count=0

Compilation events (20 events):
Event: 2.366 Thread 0x000002547bc8ab80 nmethod 1005 0x00000254678f9c10 code [0x00000254678f9da0, 0x00000254678f9e78]
Event: 2.366 Thread 0x000002547bc8ab80 1006       1       java.util.Formatter$FormatSpecifier::index (5 bytes)
Event: 2.366 Thread 0x000002547bc8ab80 nmethod 1006 0x00000254678f9f10 code [0x00000254678fa0a0, 0x00000254678fa178]
Event: 2.367 Thread 0x000002547bc8a140 1007       4       org.lwjgl.system.MathUtil::mathHasZeroByte (26 bytes)
Event: 2.367 Thread 0x000002547bc8a140 nmethod 1007 0x00000254678fa210 code [0x00000254678fa380, 0x00000254678fa418]
Event: 2.367 Thread 0x000002547bc8a140 1008       4       java.util.HashSet::add (20 bytes)
Event: 2.368 Thread 0x000002547bc8a140 nmethod 1008 0x00000254678fa510 code [0x00000254678fa6a0, 0x00000254678fa808]
Event: 2.368 Thread 0x000002547bc8a140 1009       4       java.nio.Buffer::position (52 bytes)
Event: 2.368 Thread 0x000002547bc8a140 nmethod 1009 0x00000254678fa990 code [0x00000254678fab20, 0x00000254678fabf8]
Event: 2.369 Thread 0x000002547ec43d60 nmethod 993 0x00000254678fad10 code [0x00000254678faf20, 0x00000254678fb650]
Event: 2.373 Thread 0x000002547bc8ab80 1010       3       java.util.zip.ZipFile$InflaterCleanupAction::run (12 bytes)
Event: 2.373 Thread 0x000002547bc8ab80 nmethod 1010 0x0000025460511310 code [0x00000254605114c0, 0x0000025460511628]
Event: 2.373 Thread 0x000002547bc8ab80 1011   !   3       java.util.zip.Inflater::reset (64 bytes)
Event: 2.373 Thread 0x000002547bc8a140 1015       4       org.lwjgl.PointerBuffer::put (24 bytes)
Event: 2.373 Thread 0x000002547ec43d60 1013       4       java.lang.reflect.Field::getLong (29 bytes)
Event: 2.373 Thread 0x000002547bc8ab80 nmethod 1011 0x0000025460511710 code [0x00000254605118e0, 0x0000025460511c58]
Event: 2.374 Thread 0x000002547bc8a140 nmethod 1015 0x00000254678fc690 code [0x00000254678fc820, 0x00000254678fc918]
Event: 2.374 Thread 0x000002547bc8a140 1016       4       java.lang.reflect.AccessibleObject::checkAccess (40 bytes)
Event: 2.377 Thread 0x000002547bc8a140 nmethod 1016 0x00000254678fca10 code [0x00000254678fcbc0, 0x00000254678fd258]
Event: 2.377 Thread 0x000002547bc8a140 1014       4       jdk.internal.reflect.UnsafeQualifiedLongFieldAccessorImpl::getLong (17 bytes)

GC Heap History (2 events):
Event: 2.370 GC heap before
{Heap before GC invocations=0 (full 0):
 garbage-first heap   total 260096K, used 20480K [0x0000000702c00000, 0x0000000800000000)
  region size 2048K, 11 young (22528K), 0 survivors (0K)
 Metaspace       used 16169K, committed 16320K, reserved 1064960K
  class space    used 1108K, committed 1152K, reserved 1048576K
}
Event: 2.373 GC heap after
{Heap after GC invocations=1 (full 0):
 garbage-first heap   total 260096K, used 3221K [0x0000000702c00000, 0x0000000800000000)
  region size 2048K, 2 young (4096K), 2 survivors (4096K)
 Metaspace       used 16169K, committed 16320K, reserved 1064960K
  class space    used 1108K, committed 1152K, reserved 1048576K
}

Deoptimization events (20 events):
Event: 2.005 Thread 0x000002545c85b680 Uncommon trap: trap_request=0xffffff54 fr.pc=0x00000254678c75fc relative=0x000000000000005c
Event: 2.005 Thread 0x000002545c85b680 Uncommon trap: reason=speculate_null_assert action=make_not_entrant pc=0x00000254678c75fc method=sun.misc.Unsafe.getLong(Ljava/lang/Object;J)J @ 5 c2
Event: 2.005 Thread 0x000002545c85b680 DEOPT PACKING pc=0x00000254678c75fc sp=0x000000fb5a0fec10
Event: 2.005 Thread 0x000002545c85b680 DEOPT UNPACKING pc=0x000002545fe1d72e sp=0x000000fb5a0feb98 mode 2
Event: 2.054 Thread 0x000002545c85b680 DEOPT PACKING pc=0x00000254603ac965 sp=0x000000fb5a0fd6e0
Event: 2.054 Thread 0x000002545c85b680 DEOPT UNPACKING pc=0x000002545fe1dece sp=0x000000fb5a0fcb58 mode 0
Event: 2.104 Thread 0x000002545c85b680 Uncommon trap: trap_request=0xffffff54 fr.pc=0x00000254678c7000 relative=0x0000000000000060
Event: 2.104 Thread 0x000002545c85b680 Uncommon trap: reason=speculate_null_assert action=make_not_entrant pc=0x00000254678c7000 method=sun.misc.Unsafe.putLong(Ljava/lang/Object;JJ)V @ 7 c2
Event: 2.104 Thread 0x000002545c85b680 DEOPT PACKING pc=0x00000254678c7000 sp=0x000000fb5a0fec80
Event: 2.104 Thread 0x000002545c85b680 DEOPT UNPACKING pc=0x000002545fe1d72e sp=0x000000fb5a0febf8 mode 2
Event: 2.147 Thread 0x000002545c85b680 Uncommon trap: trap_request=0xffffff45 fr.pc=0x00000254678df164 relative=0x0000000000001de4
Event: 2.147 Thread 0x000002545c85b680 Uncommon trap: reason=unstable_if action=reinterpret pc=0x00000254678df164 method=java.util.jar.JarFile.getVersionedEntry(Ljava/lang/String;Ljava/util/jar/JarEntry;)Ljava/util/jar/JarEntry; @ 6 c2
Event: 2.147 Thread 0x000002545c85b680 DEOPT PACKING pc=0x00000254678df164 sp=0x000000fb5a0fc310
Event: 2.147 Thread 0x000002545c85b680 DEOPT UNPACKING pc=0x000002545fe1d72e sp=0x000000fb5a0fc1c8 mode 2
Event: 2.278 Thread 0x000002545c85b680 DEOPT PACKING pc=0x0000025460500c69 sp=0x000000fb5a0ff060
Event: 2.278 Thread 0x000002545c85b680 DEOPT UNPACKING pc=0x000002545fe1dece sp=0x000000fb5a0fe698 mode 0
Event: 2.283 Thread 0x000002545c85b680 Uncommon trap: trap_request=0xffffff45 fr.pc=0x00000254678f3ac8 relative=0x0000000000000148
Event: 2.283 Thread 0x000002545c85b680 Uncommon trap: reason=unstable_if action=reinterpret pc=0x00000254678f3ac8 method=com.streep.openglleer.Main.run()V @ 63 c2
Event: 2.283 Thread 0x000002545c85b680 DEOPT PACKING pc=0x00000254678f3ac8 sp=0x000000fb5a0ff210
Event: 2.283 Thread 0x000002545c85b680 DEOPT UNPACKING pc=0x000002545fe1d72e sp=0x000000fb5a0ff1a8 mode 2

Classes unloaded (0 events):
No events

Classes redefined (0 events):
No events

Internal exceptions (18 events):
Event: 0.173 Thread 0x000002545c85b680 Exception <a 'java/lang/NoSuchMethodError'{0x00000007124337c0}: 'java.lang.Object java.lang.invoke.DirectMethodHandle$Holder.invokeStatic(java.lang.Object)'> (0x00000007124337c0) 
thrown [t:\workspace\open\src\hotspot\share\interpreter\linkResolver.cpp, line 790]
Event: 0.173 Thread 0x000002545c85b680 Exception <a 'java/lang/NoSuchMethodError'{0x0000000712436ff0}: 'java.lang.Object java.lang.invoke.DirectMethodHandle$Holder.invokeStaticInit(java.lang.Object)'> (0x0000000712436ff0) 
thrown [t:\workspace\open\src\hotspot\share\interpreter\linkResolver.cpp, line 790]
Event: 0.185 Thread 0x000002545c85b680 Exception <a 'java/lang/NoSuchMethodError'{0x0000000712481680}: 'void java.lang.invoke.DirectMethodHandle$Holder.invokeStatic(java.lang.Object, java.lang.Object)'> (0x0000000712481680) 
thrown [t:\workspace\open\src\hotspot\share\interpreter\linkResolver.cpp, line 790]
Event: 0.186 Thread 0x000002545c85b680 Exception <a 'java/lang/NoSuchMethodError'{0x0000000712486fe8}: 'void java.lang.invoke.DirectMethodHandle$Holder.invokeSpecial(java.lang.Object, java.lang.Object, java.lang.Object)'> (0x0000000712486fe8) 
thrown [t:\workspace\open\src\hotspot\share\interpreter\linkResolver.cpp, line 790]
Event: 0.190 Thread 0x000002545c85b680 Exception <a 'java/lang/NoSuchMethodError'{0x000000071249bbe0}: 'java.lang.Object java.lang.invoke.DirectMethodHandle$Holder.invokeStatic(java.lang.Object, java.lang.Object, int)'> (0x000000071249bbe0) 
thrown [t:\workspace\open\src\hotspot\share\interpreter\linkResolver.cpp, line 790]
Event: 0.191 Thread 0x000002545c85b680 Exception <a 'java/lang/NoSuchMethodError'{0x00000007124a7d88}: 'void java.lang.invoke.DelegatingMethodHandle$Holder.delegate(java.lang.Object, java.lang.Object, int, java.lang.Object)'> (0x00000007124a7d88) 
thrown [t:\workspace\open\src\hotspot\share\interpreter\linkResolver.cpp, line 790]
Event: 0.192 Thread 0x000002545c85b680 Exception <a 'java/lang/NoSuchMethodError'{0x00000007124ac0e0}: 'int java.lang.invoke.DirectMethodHandle$Holder.invokeSpecial(java.lang.Object, java.lang.Object, java.lang.Object)'> (0x00000007124ac0e0) 
thrown [t:\workspace\open\src\hotspot\share\interpreter\linkResolver.cpp, line 790]
Event: 0.231 Thread 0x000002545c85b680 Exception <a 'sun/nio/fs/WindowsException'{0x000000071251e1f0}> (0x000000071251e1f0) 
thrown [t:\workspace\open\src\hotspot\share\prims\jni.cpp, line 579]
Event: 0.231 Thread 0x000002545c85b680 Exception <a 'sun/nio/fs/WindowsException'{0x000000071251e770}> (0x000000071251e770) 
thrown [t:\workspace\open\src\hotspot\share\prims\jni.cpp, line 579]
Event: 0.278 Thread 0x000002545c85b680 Exception <a 'sun/nio/fs/WindowsException'{0x0000000712239e28}> (0x0000000712239e28) 
thrown [t:\workspace\open\src\hotspot\share\prims\jni.cpp, line 579]
Event: 0.278 Thread 0x000002545c85b680 Exception <a 'sun/nio/fs/WindowsException'{0x000000071223a1b8}> (0x000000071223a1b8) 
thrown [t:\workspace\open\src\hotspot\share\prims\jni.cpp, line 579]
Event: 1.977 Thread 0x000002545c85b680 Exception <a 'sun/nio/fs/WindowsException'{0x00000007122e3be0}> (0x00000007122e3be0) 
thrown [t:\workspace\open\src\hotspot\share\prims\jni.cpp, line 579]
Event: 1.977 Thread 0x000002545c85b680 Exception <a 'sun/nio/fs/WindowsException'{0x00000007122e3fb8}> (0x00000007122e3fb8) 
thrown [t:\workspace\open\src\hotspot\share\prims\jni.cpp, line 579]
Event: 1.979 Thread 0x000002545c85b680 Exception <a 'sun/nio/fs/WindowsException'{0x00000007122f3128}> (0x00000007122f3128) 
thrown [t:\workspace\open\src\hotspot\share\prims\jni.cpp, line 579]
Event: 1.979 Thread 0x000002545c85b680 Exception <a 'sun/nio/fs/WindowsException'{0x00000007122f3438}> (0x00000007122f3438) 
thrown [t:\workspace\open\src\hotspot\share\prims\jni.cpp, line 579]
Event: 2.150 Thread 0x000002545c85b680 Exception <a 'java/lang/ClassNotFoundException'{0x0000000711bf1b60}: sun/awt/resources/spi/awtProvider> (0x0000000711bf1b60) 
thrown [t:\workspace\open\src\hotspot\share\classfile\systemDictionary.cpp, line 256]
Event: 2.161 Thread 0x000002545c85b680 Exception <a 'java/io/FileNotFoundException'{0x000000071183c8c8}> (0x000000071183c8c8) 
thrown [t:\workspace\open\src\hotspot\share\prims\jni.cpp, line 579]
Event: 2.165 Thread 0x000002545c85b680 Exception <a 'java/io/FileNotFoundException'{0x000000071186b310}> (0x000000071186b310) 
thrown [t:\workspace\open\src\hotspot\share\prims\jni.cpp, line 579]

Events (20 events):
Event: 2.210 loading class java/text/DigitList
Event: 2.210 loading class java/text/DigitList done
Event: 2.210 loading class java/math/RoundingMode
Event: 2.210 loading class java/math/RoundingMode done
Event: 2.217 loading class java/lang/SecurityException
Event: 2.217 loading class java/lang/SecurityException done
Event: 2.218 loading class jdk/internal/access/foreign/MemorySegmentProxy
Event: 2.218 loading class jdk/internal/access/foreign/MemorySegmentProxy done
Event: 2.264 loading class java/io/FileReader
Event: 2.264 loading class java/io/FileReader done
Event: 2.293 loading class java/lang/NumberFormatException
Event: 2.293 loading class java/lang/NumberFormatException done
Event: 2.293 Executing  VM operation: HandshakeAllThreads
Event: 2.293 Executing  VM operation: HandshakeAllThreads done
Event: 2.293 Executing  VM operation: Cleanup
Event: 2.293 Executing  VM operation: Cleanup done
Event: 2.293 loading class java/math/BigInteger
Event: 2.294 loading class java/math/BigInteger done
Event: 2.370 Executing  VM operation: G1CollectForAllocation
Event: 2.373 Executing  VM operation: G1CollectForAllocation done


Dynamic libraries:
0x00007ff773050000 - 0x00007ff77305e000 	C:\Users\streepmsi\Desktop\Programs\eclipse\plugins\org.eclipse.justj.openjdk.hotspot.jre.full.win32.x86_64_16.0.1.v20210528-1205\jre\bin\javaw.exe
0x00007ffae0b30000 - 0x00007ffae0d25000 	C:\Windows\SYSTEM32\ntdll.dll
0x00007ffadfa80000 - 0x00007ffadfb3e000 	C:\Windows\System32\KERNEL32.DLL
0x00007ffade670000 - 0x00007ffade939000 	C:\Windows\System32\KERNELBASE.dll
0x00007ffade2a0000 - 0x00007ffade3a0000 	C:\Windows\System32\ucrtbase.dll
0x00007ffad2390000 - 0x00007ffad23a8000 	C:\Users\streepmsi\Desktop\Programs\eclipse\plugins\org.eclipse.justj.openjdk.hotspot.jre.full.win32.x86_64_16.0.1.v20210528-1205\jre\bin\jli.dll
0x00007ffae0880000 - 0x00007ffae0a21000 	C:\Windows\System32\USER32.dll
0x00007ffadeac0000 - 0x00007ffadeae2000 	C:\Windows\System32\win32u.dll
0x00007ffadf430000 - 0x00007ffadf45b000 	C:\Windows\System32\GDI32.dll
0x00007ffade560000 - 0x00007ffade66b000 	C:\Windows\System32\gdi32full.dll
0x00007ffade940000 - 0x00007ffade9dd000 	C:\Windows\System32\msvcp_win.dll
0x00007ffad2370000 - 0x00007ffad2389000 	C:\Users\streepmsi\Desktop\Programs\eclipse\plugins\org.eclipse.justj.openjdk.hotspot.jre.full.win32.x86_64_16.0.1.v20210528-1205\jre\bin\VCRUNTIME140.dll
0x00007ffac3960000 - 0x00007ffac3bfa000 	C:\Windows\WinSxS\amd64_microsoft.windows.common-controls_6595b64144ccf1df_6.0.19041.1110_none_60b5254171f9507e\COMCTL32.dll
0x00007ffadfe20000 - 0x00007ffadfebe000 	C:\Windows\System32\msvcrt.dll
0x00007ffadf980000 - 0x00007ffadf9b0000 	C:\Windows\System32\IMM32.DLL
0x00007ffad5aa0000 - 0x00007ffad5aac000 	C:\Users\streepmsi\Desktop\Programs\eclipse\plugins\org.eclipse.justj.openjdk.hotspot.jre.full.win32.x86_64_16.0.1.v20210528-1205\jre\bin\vcruntime140_1.dll
0x00007ffad22d0000 - 0x00007ffad2361000 	C:\Users\streepmsi\Desktop\Programs\eclipse\plugins\org.eclipse.justj.openjdk.hotspot.jre.full.win32.x86_64_16.0.1.v20210528-1205\jre\bin\msvcp140.dll
0x00007ffa9bc80000 - 0x00007ffa9c82b000 	C:\Users\streepmsi\Desktop\Programs\eclipse\plugins\org.eclipse.justj.openjdk.hotspot.jre.full.win32.x86_64_16.0.1.v20210528-1205\jre\bin\server\jvm.dll
0x00007ffae0a30000 - 0x00007ffae0adc000 	C:\Windows\System32\ADVAPI32.dll
0x00007ffadf460000 - 0x00007ffadf4fb000 	C:\Windows\System32\sechost.dll
0x00007ffae0730000 - 0x00007ffae085a000 	C:\Windows\System32\RPCRT4.dll
0x00007ffae0ae0000 - 0x00007ffae0ae8000 	C:\Windows\System32\PSAPI.DLL
0x00007ffad9550000 - 0x00007ffad9559000 	C:\Windows\SYSTEM32\WSOCK32.dll
0x00007ffadfc70000 - 0x00007ffadfcdb000 	C:\Windows\System32\WS2_32.dll
0x00007ffac6930000 - 0x00007ffac6957000 	C:\Windows\SYSTEM32\WINMM.dll
0x00007ffad87c0000 - 0x00007ffad87ca000 	C:\Windows\SYSTEM32\VERSION.dll
0x00007ffadc150000 - 0x00007ffadc162000 	C:\Windows\SYSTEM32\kernel.appcore.dll
0x00007ffad8e20000 - 0x00007ffad8e2a000 	C:\Users\streepmsi\Desktop\Programs\eclipse\plugins\org.eclipse.justj.openjdk.hotspot.jre.full.win32.x86_64_16.0.1.v20210528-1205\jre\bin\jimage.dll
0x00007ffac62e0000 - 0x00007ffac64c4000 	C:\Windows\SYSTEM32\DBGHELP.DLL
0x00007ffac6590000 - 0x00007ffac65bc000 	C:\Windows\SYSTEM32\dbgcore.DLL
0x00007ffadeaf0000 - 0x00007ffadeb73000 	C:\Windows\System32\bcryptPrimitives.dll
0x00007ffad29d0000 - 0x00007ffad29f5000 	C:\Users\streepmsi\Desktop\Programs\eclipse\plugins\org.eclipse.justj.openjdk.hotspot.jre.full.win32.x86_64_16.0.1.v20210528-1205\jre\bin\java.dll
0x00007ffad5ee0000 - 0x00007ffad5ef8000 	C:\Users\streepmsi\Desktop\Programs\eclipse\plugins\org.eclipse.justj.openjdk.hotspot.jre.full.win32.x86_64_16.0.1.v20210528-1205\jre\bin\zip.dll
0x00007ffadfff0000 - 0x00007ffae072f000 	C:\Windows\System32\SHELL32.dll
0x00007ffadc350000 - 0x00007ffadcae0000 	C:\Windows\SYSTEM32\windows.storage.dll
0x00007ffadf0d0000 - 0x00007ffadf425000 	C:\Windows\System32\combase.dll
0x00007ffaddca0000 - 0x00007ffaddccc000 	C:\Windows\SYSTEM32\Wldp.dll
0x00007ffadfd70000 - 0x00007ffadfe1e000 	C:\Windows\System32\SHCORE.dll
0x00007ffadf070000 - 0x00007ffadf0c5000 	C:\Windows\System32\shlwapi.dll
0x00007ffade190000 - 0x00007ffade1af000 	C:\Windows\SYSTEM32\profapi.dll
0x00007ffad5d80000 - 0x00007ffad5d99000 	C:\Users\streepmsi\Desktop\Programs\eclipse\plugins\org.eclipse.justj.openjdk.hotspot.jre.full.win32.x86_64_16.0.1.v20210528-1205\jre\bin\net.dll
0x00007ffad5c20000 - 0x00007ffad5d28000 	C:\Windows\SYSTEM32\WINHTTP.dll
0x00007ffadda00000 - 0x00007ffadda6a000 	C:\Windows\system32\mswsock.dll
0x00007ffad5bb0000 - 0x00007ffad5bc3000 	C:\Users\streepmsi\Desktop\Programs\eclipse\plugins\org.eclipse.justj.openjdk.hotspot.jre.full.win32.x86_64_16.0.1.v20210528-1205\jre\bin\nio.dll
0x00007ffad5fc0000 - 0x00007ffad5fd0000 	C:\Users\streepmsi\Desktop\Programs\eclipse\plugins\org.eclipse.justj.openjdk.hotspot.jre.full.win32.x86_64_16.0.1.v20210528-1205\jre\bin\verify.dll
0x00007ffad2260000 - 0x00007ffad22c4000 	C:\Users\streepmsi\AppData\Local\Temp\lwjglstreepmsi\3.2.3-build-13\lwjgl.dll
0x00007ffad21f0000 - 0x00007ffad2252000 	C:\Users\STREEP~1\AppData\Local\Temp\lwjglstreepmsi\3.2.3-build-13\glfw.dll
0x00007ffadbba0000 - 0x00007ffadbc3e000 	C:\Windows\system32\uxtheme.dll
0x00007ffad21a0000 - 0x00007ffad21e5000 	C:\Windows\SYSTEM32\dinput8.dll
0x00007ffad2180000 - 0x00007ffad2191000 	C:\Windows\SYSTEM32\xinput1_4.dll
0x00007ffade250000 - 0x00007ffade29e000 	C:\Windows\System32\cfgmgr32.dll
0x00007ffaddff0000 - 0x00007ffade024000 	C:\Windows\SYSTEM32\DEVOBJ.dll
0x00007ffadbe60000 - 0x00007ffadbe8f000 	C:\Windows\SYSTEM32\dwmapi.dll
0x00007ffacc710000 - 0x00007ffacc862000 	C:\Windows\SYSTEM32\inputhost.dll
0x00007ffadfec0000 - 0x00007ffadff8d000 	C:\Windows\System32\OLEAUT32.dll
0x00007ffadae50000 - 0x00007ffadafa4000 	C:\Windows\SYSTEM32\wintypes.dll
0x00007ffadb880000 - 0x00007ffadb972000 	C:\Windows\SYSTEM32\CoreMessaging.dll
0x00007ffad9900000 - 0x00007ffad99f6000 	C:\Windows\SYSTEM32\PROPSYS.dll
0x00007ffadb520000 - 0x00007ffadb87e000 	C:\Windows\SYSTEM32\CoreUIComponents.dll
0x00007ffadcf40000 - 0x00007ffadcf73000 	C:\Windows\SYSTEM32\ntmarta.dll
0x00007ffadfb40000 - 0x00007ffadfc55000 	C:\Windows\System32\MSCTF.dll
0x00007ffadcae0000 - 0x00007ffadcaed000 	C:\Windows\SYSTEM32\HID.DLL
0x00007ffadf500000 - 0x00007ffadf972000 	C:\Windows\System32\SETUPAPI.DLL
0x00007ffadea90000 - 0x00007ffadeab7000 	C:\Windows\System32\bcrypt.dll
0x00007ffade3a0000 - 0x00007ffade400000 	C:\Windows\System32\WINTRUST.dll
0x00007ffade400000 - 0x00007ffade556000 	C:\Windows\System32\CRYPT32.dll
0x00007ffadde30000 - 0x00007ffadde42000 	C:\Windows\SYSTEM32\MSASN1.dll
0x00007ffaccd10000 - 0x00007ffacce35000 	C:\Windows\SYSTEM32\opengl32.dll
0x00007ffad5910000 - 0x00007ffad593c000 	C:\Windows\SYSTEM32\GLU32.dll
0x00007ffadeee0000 - 0x00007ffadef89000 	C:\Windows\System32\clbcatq.dll
0x00007ffa90830000 - 0x00007ffa937ef000 	C:\Windows\System32\DriverStore\FileRepository\nvmii.inf_amd64_129542dbee5a4a5e\nvoglv64.dll
0x00007ffaded30000 - 0x00007ffadee5a000 	C:\Windows\System32\ole32.dll
0x00007ffad9aa0000 - 0x00007ffad9ab4000 	C:\Windows\SYSTEM32\WTSAPI32.dll
0x00007ffaddbf0000 - 0x00007ffaddbfc000 	C:\Windows\SYSTEM32\CRYPTBASE.DLL
0x00007ffad7a70000 - 0x00007ffad7aa1000 	C:\Windows\SYSTEM32\cryptnet.dll
0x00007ffad4ba0000 - 0x00007ffad4cea000 	C:\Windows\SYSTEM32\drvstore.dll
0x00007ffad4b60000 - 0x00007ffad4b9b000 	C:\Windows\SYSTEM32\dxcore.dll
0x00007ffaa7a20000 - 0x00007ffaa7ce3000 	C:\Windows\system32\nvspcap64.dll
0x00007ffadd7c0000 - 0x00007ffadd80b000 	C:\Windows\SYSTEM32\powrprof.dll
0x00007ffadd680000 - 0x00007ffadd692000 	C:\Windows\SYSTEM32\UMPDC.dll
0x00007ffadcff0000 - 0x00007ffadd04a000 	C:\Windows\SYSTEM32\WINSTA.dll
0x00007ffadcb40000 - 0x00007ffadcc34000 	C:\Windows\system32\dxgi.dll
0x00007ffada3d0000 - 0x00007ffada634000 	C:\Windows\system32\d3d11.dll
0x00007ffaba950000 - 0x00007ffabaa56000 	C:\Windows\System32\DriverStore\FileRepository\nvmii.inf_amd64_129542dbee5a4a5e\nvldumdx.dll
0x00007ffae0860000 - 0x00007ffae087d000 	C:\Windows\System32\imagehlp.dll
0x00007ffaddc00000 - 0x00007ffaddc18000 	C:\Windows\SYSTEM32\CRYPTSP.dll
0x00007ffadd310000 - 0x00007ffadd344000 	C:\Windows\system32\rsaenh.dll
0x00007ffa741b0000 - 0x00007ffa76ad9000 	C:\Windows\System32\DriverStore\FileRepository\nvmii.inf_amd64_129542dbee5a4a5e\nvwgf2umx.dll
0x00007ffacaf80000 - 0x00007ffacb6e1000 	C:\Windows\SYSTEM32\nvapi64.dll
0x00007ffad2120000 - 0x00007ffad2179000 	C:\Users\streepmsi\AppData\Local\Temp\lwjglstreepmsi\3.2.3-build-13\lwjgl_opengl.dll
0x00007ffaca010000 - 0x00007ffaca109000 	C:\Windows\SYSTEM32\textinputframework.dll
0x00007ffaba270000 - 0x00007ffaba3ef000 	C:\Users\streepmsi\Desktop\Programs\eclipse\plugins\org.eclipse.justj.openjdk.hotspot.jre.full.win32.x86_64_16.0.1.v20210528-1205\jre\bin\awt.dll
0x00007ffadbab0000 - 0x00007ffadbb40000 	C:\Windows\SYSTEM32\apphelp.dll
0x00007ffad3040000 - 0x00007ffad46bd000 	C:\Windows\System32\DriverStore\FileRepository\iigd_dch.inf_amd64_a086f01cc7be643a\igd10iumd64.dll
0x00007ffaddd10000 - 0x00007ffaddd37000 	C:\Windows\SYSTEM32\ncrypt.dll
0x00007ffaddcd0000 - 0x00007ffaddd0b000 	C:\Windows\SYSTEM32\NTASN1.dll
0x00007ffad1aa0000 - 0x00007ffad1cdf000 	C:\Windows\System32\DriverStore\FileRepository\iigd_dch.inf_amd64_a086f01cc7be643a\igdgmm64.dll
0x00007fface130000 - 0x00007ffad0d92000 	C:\Windows\System32\DriverStore\FileRepository\iigd_dch.inf_amd64_a086f01cc7be643a\igc64.dll

dbghelp: loaded successfully - version: 4.0.5 - missing functions: none
symbol engine: initialized successfully - sym options: 0x614 - pdb path: .;C:\Users\streepmsi\Desktop\Programs\eclipse\plugins\org.eclipse.justj.openjdk.hotspot.jre.full.win32.x86_64_16.0.1.v20210528-1205\jre\bin;C:\Windows\SYSTEM32;C:\Windows\WinSxS\amd64_microsoft.windows.common-controls_6595b64144ccf1df_6.0.19041.1110_none_60b5254171f9507e;C:\Users\streepmsi\Desktop\Programs\eclipse\plugins\org.eclipse.justj.openjdk.hotspot.jre.full.win32.x86_64_16.0.1.v20210528-1205\jre\bin\server;C:\Users\streepmsi\AppData\Local\Temp\lwjglstreepmsi\3.2.3-build-13;C:\Users\STREEP~1\AppData\Local\Temp\lwjglstreepmsi\3.2.3-build-13;C:\Windows\System32\DriverStore\FileRepository\nvmii.inf_amd64_129542dbee5a4a5e;C:\Windows\System32\DriverStore\FileRepository\iigd_dch.inf_amd64_a086f01cc7be643a

VM Arguments:
jvm_args: -Dfile.encoding=UTF-8 -XX:+ShowCodeDetailsInExceptionMessages 
java_command: com.streep.openglleer.Main
java_class_path (initial): C:\Users\streepmsi\eclipse-workspace\OpenGLLeerproject\bin;C:\Users\streepmsi\Desktop\Libaries\lwjgl.jar;C:\Users\streepmsi\Desktop\Libaries\lwjgl-assimp.jar;C:\Users\streepmsi\Desktop\Libaries\lwjgl-assimp-javadoc.jar;C:\Users\streepmsi\Desktop\Libaries\lwjgl-assimp-natives-windows.jar;C:\Users\streepmsi\Desktop\Libaries\lwjgl-assimp-sources.jar;C:\Users\streepmsi\Desktop\Libaries\lwjgl-bgfx.jar;C:\Users\streepmsi\Desktop\Libaries\lwjgl-bgfx-javadoc.jar;C:\Users\streepmsi\Desktop\Libaries\lwjgl-bgfx-natives-windows.jar;C:\Users\streepmsi\Desktop\Libaries\lwjgl-bgfx-sources.jar;C:\Users\streepmsi\Desktop\Libaries\lwjgl-glfw.jar;C:\Users\streepmsi\Desktop\Libaries\lwjgl-glfw-javadoc.jar;C:\Users\streepmsi\Desktop\Libaries\lwjgl-glfw-natives-windows.jar;C:\Users\streepmsi\Desktop\Libaries\lwjgl-glfw-sources.jar;C:\Users\streepmsi\Desktop\Libaries\lwjgl-javadoc.jar;C:\Users\streepmsi\Desktop\Libaries\lwjgl-nanovg.jar;C:\Users\streepmsi\Desktop\Libaries\lwjgl-nanovg-javadoc.jar;C:\Users\streepmsi\Desktop\Libaries\lwjgl-nanovg-natives-windows.jar;C:\Users\streepmsi\Desktop\Libaries\lwjgl-nanovg-sources.jar;C:\Users\streepmsi\Desktop\Libaries\lwjgl-natives-windows.jar;C:\Users\streepmsi\Desktop\Libaries\lwjgl-nuklear.jar;C:\Users\streepmsi\Desktop\Libaries\lwjgl-nuklear-javadoc.jar;C:\Users\streepmsi\Desktop\Libaries\lwjgl-nuklear-natives-windows.jar;C:\Users\streepmsi\Desktop\Libaries\lwjgl-nuklear-sources.jar;C:\Users\streepmsi\Desktop\Libaries\lwjgl-openal.jar;C:\Users\streepmsi\Desktop\Libaries\lwjgl-openal-javadoc.jar;C:\Users\streepmsi\Desktop\Libaries\lwjgl-openal-natives-windows.jar;C:\Users\streepmsi\Desktop\Libaries\lwjgl-openal-sources.jar;C:\Users\streepmsi\Desktop\Libaries\lwjgl-opengl.jar;C:\Users\streepmsi\Desktop\Libaries\lwjgl-opengl-javadoc.jar;C:\Users\streepmsi\Desktop\Libaries\lwjgl-opengl-natives-windows.jar;C:\Users\streepmsi\Desktop\Libaries\lwjgl-opengl-sources.jar;C:\Users\streepmsi\Desktop\Libaries\lwjgl-par.jar;C:\U
Launcher Type: SUN_STANDARD

[Global flags]
     intx CICompilerCount                          = 4                                         {product} {ergonomic}
     uint ConcGCThreads                            = 2                                         {product} {ergonomic}
     uint G1ConcRefinementThreads                  = 8                                         {product} {ergonomic}
   size_t G1HeapRegionSize                         = 2097152                                   {product} {ergonomic}
    uintx GCDrainStackTargetSize                   = 64                                        {product} {ergonomic}
   size_t InitialHeapSize                          = 266338304                                 {product} {ergonomic}
   size_t MarkStackSize                            = 4194304                                   {product} {ergonomic}
   size_t MaxHeapSize                              = 4248829952                                {product} {ergonomic}
   size_t MaxNewSize                               = 2548039680                                {product} {ergonomic}
   size_t MinHeapDeltaBytes                        = 2097152                                   {product} {ergonomic}
   size_t MinHeapSize                              = 8388608                                   {product} {ergonomic}
    uintx NonNMethodCodeHeapSize                   = 5839372                                {pd product} {ergonomic}
    uintx NonProfiledCodeHeapSize                  = 122909434                              {pd product} {ergonomic}
    uintx ProfiledCodeHeapSize                     = 122909434                              {pd product} {ergonomic}
    uintx ReservedCodeCacheSize                    = 251658240                              {pd product} {ergonomic}
     bool SegmentedCodeCache                       = true                                      {product} {ergonomic}
     bool ShowCodeDetailsInExceptionMessages       = true                                   {manageable} {command line}
   size_t SoftMaxHeapSize                          = 4248829952                             {manageable} {ergonomic}
     bool UseCompressedClassPointers               = true                           {product lp64_product} {ergonomic}
     bool UseCompressedOops                        = true                           {product lp64_product} {ergonomic}
     bool UseG1GC                                  = true                                      {product} {ergonomic}
     bool UseLargePagesIndividualAllocation        = false                                  {pd product} {ergonomic}

Logging:
Log output configuration:
 #0: stdout all=warning uptime,level,tags
 #1: stderr all=off uptime,level,tags

Environment Variables:
PATH=C:/Users/streepmsi/Desktop/Programs/eclipse//plugins/org.eclipse.justj.openjdk.hotspot.jre.full.win32.x86_64_16.0.1.v20210528-1205/jre/bin/server;C:/Users/streepmsi/Desktop/Programs/eclipse//plugins/org.eclipse.justj.openjdk.hotspot.jre.full.win32.x86_64_16.0.1.v20210528-1205/jre/bin;C:\Program Files (x86)\Common Files\Oracle\Java\javapath;C:\Windows\system32;C:\Windows;C:\Windows\System32\Wbem;C:\Windows\System32\WindowsPowerShell\v1.0\;C:\Windows\System32\OpenSSH\;C:\Program Files (x86)\NVIDIA Corporation\PhysX\Common;C:\Program Files\NVIDIA Corporation\NVIDIA NvDLISR;C:\Users\streepmsi\Desktop\Programs\Git\cmd;C:\Users\streepmsi\AppData\Local\Microsoft\WindowsApps;;C:\Users\streepmsi\Desktop\Programs\eclipse;
USERNAME=streepmsi
OS=Windows_NT
PROCESSOR_IDENTIFIER=Intel64 Family 6 Model 165 Stepping 2, GenuineIntel



---------------  S Y S T E M  ---------------

OS:
 Windows 10 , 64 bit Build 19041 (10.0.19041.1202)
OS uptime: 2 days 23:20 hours

CPU: total 8 (initial active 8) (4 cores per cpu, 2 threads per core) family 6 model 165 stepping 2 microcode 0xe2, cx8, cmov, fxsr, ht, mmx, 3dnowpref, sse, sse2, sse3, ssse3, sse4.1, sse4.2, popcnt, lzcnt, tsc, tscinvbit, avx, avx2, aes, erms, clmul, bmi1, bmi2, adx, fma, vzeroupper, clflush, clflushopt

Memory: 4k page, system-wide physical 16205M (9441M free)
TotalPageFile size 18637M (AvailPageFile size 9961M)
current process WorkingSet (physical memory assigned to process): 136M, peak: 136M
current process commit charge ("private bytes"): 419M, peak: 419M

vm_info: OpenJDK 64-Bit Server VM (16.0.1+9-24) for windows-amd64 JRE (16.0.1+9-24), built on Mar 26 2021 19:30:07 by "mach5one" with MS VC++ 16.7 (VS2019)

END.
