#
# A fatal error has been detected by the Java Runtime Environment:
#
#  EXCEPTION_ACCESS_VIOLATION (0xc0000005) at pc=0x00007ffae0b5b8a0, pid=8040, tid=15108
#
# JRE version: OpenJDK Runtime Environment (16.0.1+9) (build 16.0.1+9-24)
# Java VM: OpenJDK 64-Bit Server VM (16.0.1+9-24, mixed mode, tiered, compressed oops, compressed class ptrs, g1 gc, windows-amd64)
# Problematic frame:
# C  [ntdll.dll+0x2b8a0]
#
# No core dump will be written. Minidumps are not enabled by default on client versions of Windows
#
# If you would like to submit a bug report, please visit:
#   https://bugreport.java.com/bugreport/crash.jsp
#

---------------  S U M M A R Y ------------

Command Line: -Dfile.encoding=UTF-8 -XX:+ShowCodeDetailsInExceptionMessages com.streep.openglleer.Main

Host: Intel(R) Core(TM) i5-10200H CPU @ 2.40GHz, 8 cores, 15G,  Windows 10 , 64 bit Build 19041 (10.0.19041.1202)
Time: Thu Oct 14 13:22:36 2021 W. Europe Summer Time elapsed time: 2.350824 seconds (0d 0h 0m 2s)

---------------  T H R E A D  ---------------

Current thread (0x0000028197c67fb0):  JavaThread "C2 CompilerThread0" daemon [_thread_in_vm, id=15108, stack(0x000000a94d200000,0x000000a94d300000)]


Current CompileTask:
C2:   2350 1032       4       java.lang.reflect.Field::checkAccess (32 bytes)

Stack: [0x000000a94d200000,0x000000a94d300000],  sp=0x000000a94d2fb0b0,  free space=1004k
Native frames: (J=compiled Java code, j=interpreted, Vv=VM code, C=native code)
C  [ntdll.dll+0x2b8a0]
C  [ntdll.dll+0x2b3c7]
C  [ucrtbase.dll+0xfde6]
V  [jvm.dll+0x65b290]
V  [jvm.dll+0xa8716]
V  [jvm.dll+0x656065]
V  [jvm.dll+0x1fd644]
V  [jvm.dll+0x22bcb5]
V  [jvm.dll+0x63f062]
V  [jvm.dll+0x6422f4]
V  [jvm.dll+0x1c3653]
V  [jvm.dll+0x670799]
V  [jvm.dll+0x2163c7]
V  [jvm.dll+0x215350]
V  [jvm.dll+0x1a1d9b]
V  [jvm.dll+0x2253a8]
V  [jvm.dll+0x2233ec]
V  [jvm.dll+0x780002]
V  [jvm.dll+0x779b4a]
V  [jvm.dll+0x667666]
C  [ucrtbase.dll+0x21bb2]
C  [KERNEL32.DLL+0x17034]
C  [ntdll.dll+0x52651]


siginfo: EXCEPTION_ACCESS_VIOLATION (0xc0000005), reading address 0x000002819f38040b


Register to memory mapping:

RIP=0x00007ffae0b5b8a0 ntdll.dll
RAX=0x000002819f37a39a points into unknown readable memory: 37 9f 81 02 00 00
RBX=0x000002819f3803fc is an unknown value
RCX=0x00000000cbda6062 is an unknown value
RDX=0x000000000039000a is an unknown value
RSP=0x000000a94d2fb0b0 is pointing into the stack for thread: 0x0000028197c67fb0
RBP=0x0000000000000190 is an unknown value
RSI=0x000000000000008e is an unknown value
RDI=0x000002819ef23af0 points into unknown readable memory: 0x00000281f6321980 | 80 19 32 f6 81 02 00 00
R8 =0x0000000000000039 is an unknown value
R9 =0x0000000000000040 is an unknown value
R10=0x0 is NULL
R11=0xffc0023194aca7ff is an unknown value
R12=0x0000000000000040 is an unknown value
R13=0x00000281f6321980 points into unknown readable memory: 0x00000281f6320cc0 | c0 0c 32 f6 81 02 00 00
R14=0x000000a94c0d8000 points into unknown readable memory: 0x0000000000000000 | 00 00 00 00 00 00 00 00
R15=0x000002819f0a4010 is a thread


Registers:
RAX=0x000002819f37a39a, RBX=0x000002819f3803fc, RCX=0x00000000cbda6062, RDX=0x000000000039000a
RSP=0x000000a94d2fb0b0, RBP=0x0000000000000190, RSI=0x000000000000008e, RDI=0x000002819ef23af0
R8 =0x0000000000000039, R9 =0x0000000000000040, R10=0x0000000000000000, R11=0xffc0023194aca7ff
R12=0x0000000000000040, R13=0x00000281f6321980, R14=0x000000a94c0d8000, R15=0x000002819f0a4010
RIP=0x00007ffae0b5b8a0, EFLAGS=0x0000000000010206

Top of Stack: (sp=0x000000a94d2fb0b0)
0x000000a94d2fb0b0:   000000000017000b 000000000000008e
0x000000a94d2fb0c0:   000002819ef23af0 000000a94d2fb2c0
0x000000a94d2fb0d0:   000002819ec6f6d0 00007ffa9bd4682a
0x000000a94d2fb0e0:   0000000000000000 00000281f6321980
0x000000a94d2fb0f0:   000000a94d2fb2c0 00000281f6320000
0x000000a94d2fb100:   00000281f6320304 0000000000000000
0x000000a94d2fb110:   0000000000000190 00000281f6320cc0
0x000000a94d2fb120:   000000a94d2fbb30 0000000000000000
0x000000a94d2fb130:   0000000000000000 0000000000000190
0x000000a94d2fb140:   0000000000000188 0000000000000002
0x000000a94d2fb150:   00000281f6380000 000000a94d2fb219
0x000000a94d2fb160:   0000000000000019 00007ffae0b5b3c7
0x000000a94d2fb170:   00000281f6320000 00007ffa00000000
0x000000a94d2fb180:   0000000000000188 0000000000000000
0x000000a94d2fb190:   000000a94d2fb470 0000006cffffffff
0x000000a94d2fb1a0:   00000002ffffffff 00007ffaffff9000 

Instructions: (pc=0x00007ffae0b5b8a0)
0x00007ffae0b5b7a0:   4f 20 74 36 ff c2 41 3b d0 76 d5 33 db e9 f8 00
0x00007ffae0b5b7b0:   00 00 49 8b 84 c6 b0 08 00 00 4f 8d 2c 64 49 c1
0x00007ffae0b5b7c0:   e5 06 48 05 40 ff ff ff 4c 03 e8 e9 51 ff ff ff
0x00007ffae0b5b7d0:   89 5f 20 33 db e9 d0 00 00 00 83 fb ff 74 f4 4c
0x00007ffae0b5b7e0:   8b 7f 08 4d 85 ff 74 e8 4c 39 2f 75 e3 66 85 db
0x00007ffae0b5b7f0:   74 de 41 0f b7 85 ac 00 00 00 48 8d 0d ff 47 fd
0x00007ffae0b5b800:   ff 65 4c 8b 34 25 30 00 00 00 44 0f b6 a4 08 10
0x00007ffae0b5b810:   fb 12 00 41 0f b7 86 b2 17 00 00 0f b7 f0 0f b7
0x00007ffae0b5b820:   c8 66 41 23 f3 66 c1 e9 08 66 3b f1 0f 84 f1 01
0x00007ffae0b5b830:   00 00 8d 4e 01 66 33 c8 66 41 23 cb 66 33 c1 66
0x00007ffae0b5b840:   41 89 86 b2 17 00 00 48 8d 0d b2 47 fd ff 0f b7
0x00007ffae0b5b850:   c6 8b d3 c1 fa 10 45 8b cc 44 0f b6 84 08 40 85
0x00007ffae0b5b860:   16 00 49 8d 4f 20 e8 65 8b fd ff 8b c8 0f b7 d3
0x00007ffae0b5b870:   c1 e1 10 44 8b c0 ff ca 0b d1 89 57 20 41 8b 4f
0x00007ffae0b5b880:   18 33 4c 24 48 41 33 cf 33 0d b2 fe 13 00 8b c1
0x00007ffae0b5b890:   0f b7 d9 c1 e8 10 41 0f af c0 49 03 c7 48 03 d8
0x00007ffae0b5b8a0:   f6 43 0f 3f 0f 85 b8 6f 08 00 83 7c 24 30 00 0f
0x00007ffae0b5b8b0:   85 3d 02 00 00 48 85 db 74 53 f6 84 24 d8 00 00
0x00007ffae0b5b8c0:   00 08 75 38 48 8b 44 24 50 48 2b ac 24 d0 00 00
0x00007ffae0b5b8d0:   00 0f b7 00 48 83 fd 3f 0f 83 62 01 00 00 40 80
0x00007ffae0b5b8e0:   cd 80 40 88 6b 0f 48 8d 43 10 48 83 c4 78 41 5f
0x00007ffae0b5b8f0:   41 5e 41 5d 41 5c 5f 5e 5d 5b c3 cc 4c 8d 45 f8
0x00007ffae0b5b900:   33 d2 48 8d 4b 10 e8 f5 84 07 00 eb b7 49 8b 45
0x00007ffae0b5b910:   00 48 89 44 24 48 49 8d 45 10 48 89 44 24 30 45
0x00007ffae0b5b920:   33 e4 0f 1f 40 00 66 66 0f 1f 84 00 00 00 00 00
0x00007ffae0b5b930:   48 8b 6c 24 38 33 ff 45 33 ed 48 8b f0 45 33 ff
0x00007ffae0b5b940:   48 8b 1e 48 85 db 0f 85 cf 01 00 00 ff c7 48 83
0x00007ffae0b5b950:   c6 08 83 ff 10 72 e9 48 8b 6c 24 60 4c 8b 74 24
0x00007ffae0b5b960:   48 4d 85 ed 0f 84 0d 02 00 00 49 8b 4e 18 4c 8b
0x00007ffae0b5b970:   7c 24 38 41 0f b7 87 ac 00 00 00 48 8b bc c1 a8
0x00007ffae0b5b980:   04 00 00 48 81 c7 90 00 00 00 48 8b cf e8 5e 4f
0x00007ffae0b5b990:   07 00 48 8b d8 48 85 c0 74 56 66 0f 1f 44 00 00 


Stack slot to memory mapping:
stack at sp + 0 slots: 0x000000000017000b is an unknown value
stack at sp + 1 slots: 0x000000000000008e is an unknown value
stack at sp + 2 slots: 0x000002819ef23af0 points into unknown readable memory: 0x00000281f6321980 | 80 19 32 f6 81 02 00 00
stack at sp + 3 slots: 0x000000a94d2fb2c0 is pointing into the stack for thread: 0x0000028197c67fb0
stack at sp + 4 slots: 0x000002819ec6f6d0 points into unknown readable memory: 0x00007ffa9c4befe0 | e0 ef 4b 9c fa 7f 00 00
stack at sp + 5 slots: 0x00007ffa9bd4682a jvm.dll
stack at sp + 6 slots: 0x0 is NULL
stack at sp + 7 slots: 0x00000281f6321980 points into unknown readable memory: 0x00000281f6320cc0 | c0 0c 32 f6 81 02 00 00


---------------  P R O C E S S  ---------------

Threads class SMR info:
_java_thread_list=0x000002819f12f420, length=15, elements={
0x00000281f856fc60, 0x0000028197c34250, 0x0000028197c357c0, 0x0000028197c1da50,
0x0000028197c1e560, 0x0000028197c21720, 0x0000028197c5f000, 0x0000028197c67fb0,
0x0000028197c68900, 0x0000028197c7d640, 0x0000028197de6700, 0x0000028197dff020,
0x000002819ea31420, 0x000002819ef23050, 0x000002819f0a4010
}

Java Threads: ( => current thread )
  0x00000281f856fc60 JavaThread "main" [_thread_in_native, id=8868, stack(0x000000a94c500000,0x000000a94c600000)]
  0x0000028197c34250 JavaThread "Reference Handler" daemon [_thread_blocked, id=10204, stack(0x000000a94cc00000,0x000000a94cd00000)]
  0x0000028197c357c0 JavaThread "Finalizer" daemon [_thread_blocked, id=10464, stack(0x000000a94cd00000,0x000000a94ce00000)]
  0x0000028197c1da50 JavaThread "Signal Dispatcher" daemon [_thread_blocked, id=4164, stack(0x000000a94ce00000,0x000000a94cf00000)]
  0x0000028197c1e560 JavaThread "Attach Listener" daemon [_thread_blocked, id=4396, stack(0x000000a94cf00000,0x000000a94d000000)]
  0x0000028197c21720 JavaThread "Service Thread" daemon [_thread_blocked, id=13820, stack(0x000000a94d000000,0x000000a94d100000)]
  0x0000028197c5f000 JavaThread "Monitor Deflation Thread" daemon [_thread_blocked, id=6016, stack(0x000000a94d100000,0x000000a94d200000)]
=>0x0000028197c67fb0 JavaThread "C2 CompilerThread0" daemon [_thread_in_vm, id=15108, stack(0x000000a94d200000,0x000000a94d300000)]
  0x0000028197c68900 JavaThread "C1 CompilerThread0" daemon [_thread_blocked, id=13484, stack(0x000000a94d300000,0x000000a94d400000)]
  0x0000028197c7d640 JavaThread "Sweeper thread" daemon [_thread_blocked, id=10276, stack(0x000000a94d400000,0x000000a94d500000)]
  0x0000028197de6700 JavaThread "Notification Thread" daemon [_thread_blocked, id=14744, stack(0x000000a94d500000,0x000000a94d600000)]
  0x0000028197dff020 JavaThread "Common-Cleaner" daemon [_thread_blocked, id=12216, stack(0x000000a94d700000,0x000000a94d800000)]
  0x000002819ea31420 JavaThread "C2 CompilerThread1" daemon [_thread_blocked, id=15216, stack(0x000000a94d800000,0x000000a94d900000)]
  0x000002819ef23050 JavaThread "Java2D Disposer" daemon [_thread_blocked, id=13980, stack(0x000000a94e100000,0x000000a94e200000)]
  0x000002819f0a4010 JavaThread "C2 CompilerThread2" daemon [_thread_blocked, id=16112, stack(0x000000a94ea00000,0x000000a94eb00000)]

Other Threads:
  0x0000028197c16740 VMThread "VM Thread" [stack: 0x000000a94cb00000,0x000000a94cc00000] [id=15024]
  0x0000028197de7640 WatcherThread [stack: 0x000000a94d600000,0x000000a94d700000] [id=13476]
  0x00000281f85bf310 GCTaskThread "GC Thread#0" [stack: 0x000000a94c600000,0x000000a94c700000] [id=7212]
  0x00000281987c47d0 GCTaskThread "GC Thread#1" [stack: 0x000000a94e300000,0x000000a94e400000] [id=1516]
  0x00000281987c3880 GCTaskThread "GC Thread#2" [stack: 0x000000a94e400000,0x000000a94e500000] [id=16988]
  0x00000281987c2c40 GCTaskThread "GC Thread#3" [stack: 0x000000a94e500000,0x000000a94e600000] [id=9352]
  0x000002819f1cda60 GCTaskThread "GC Thread#4" [stack: 0x000000a94e600000,0x000000a94e700000] [id=724]
  0x000002819f1ca340 GCTaskThread "GC Thread#5" [stack: 0x000000a94e700000,0x000000a94e800000] [id=7864]
  0x000002819f1cbbc0 GCTaskThread "GC Thread#6" [stack: 0x000000a94e800000,0x000000a94e900000] [id=7844]
  0x000002819f1cbed0 GCTaskThread "GC Thread#7" [stack: 0x000000a94e900000,0x000000a94ea00000] [id=12260]
  0x00000281f85d00a0 ConcurrentGCThread "G1 Main Marker" [stack: 0x000000a94c700000,0x000000a94c800000] [id=13528]
  0x00000281f85d2250 ConcurrentGCThread "G1 Conc#0" [stack: 0x000000a94c800000,0x000000a94c900000] [id=16000]
  0x0000028196f024c0 ConcurrentGCThread "G1 Refine#0" [stack: 0x000000a94c900000,0x000000a94ca00000] [id=11812]
  0x0000028196f02ed0 ConcurrentGCThread "G1 Service" [stack: 0x000000a94ca00000,0x000000a94cb00000] [id=6136]

Threads with active compile tasks:
C2 CompilerThread0     2404 1032       4       java.lang.reflect.Field::checkAccess (32 bytes)

VM state: not at safepoint (normal execution)

VM Mutex/Monitor currently owned by a thread:  ([mutex/lock_event])
[0x00000281f8569e30] CodeCache_lock - owner thread: 0x0000028197c67fb0
[0x00000281f856b620] Compile_lock - owner thread: 0x0000028197c67fb0
[0x00000281f856adb0] MethodCompileQueue_lock - owner thread: 0x0000028197c67fb0

Heap address: 0x0000000702c00000, size: 4052 MB, Compressed Oops mode: Zero based, Oop shift amount: 3

CDS disabled.
Compressed class space mapped at: 0x0000000800000000-0x0000000840000000, reserved size: 1073741824
Narrow klass base: 0x0000000800000000, Narrow klass shift: 0, Narrow klass range: 0x40000000

GC Precious Log:
 CPUs: 8 total, 8 available
 Memory: 16205M
 Large Page Support: Disabled
 NUMA Support: Disabled
 Compressed Oops: Enabled (Zero based)
 Heap Region Size: 2M
 Heap Min Capacity: 8M
 Heap Initial Capacity: 254M
 Heap Max Capacity: 4052M
 Pre-touch: Disabled
 Parallel Workers: 8
 Concurrent Workers: 2
 Concurrent Refinement Workers: 8
 Periodic GC: Disabled

Heap:
 garbage-first heap   total 260096K, used 3240K [0x0000000702c00000, 0x0000000800000000)
  region size 2048K, 3 young (6144K), 2 survivors (4096K)
 Metaspace       used 16163K, committed 16320K, reserved 1064960K
  class space    used 1108K, committed 1152K, reserved 1048576K

Heap Regions: E=young(eden), S=young(survivor), O=old, HS=humongous(starts), HC=humongous(continues), CS=collection set, F=free, OA=open archive, CA=closed archive, TAMS=top-at-mark-start (previous, next)
|   0|0x0000000702c00000, 0x0000000702c00000, 0x0000000702e00000|  0%| F|  |TAMS 0x0000000702c00000, 0x0000000702c00000| Untracked 
|   1|0x0000000702e00000, 0x0000000702e00000, 0x0000000703000000|  0%| F|  |TAMS 0x0000000702e00000, 0x0000000702e00000| Untracked 
|   2|0x0000000703000000, 0x0000000703000000, 0x0000000703200000|  0%| F|  |TAMS 0x0000000703000000, 0x0000000703000000| Untracked 
|   3|0x0000000703200000, 0x0000000703200000, 0x0000000703400000|  0%| F|  |TAMS 0x0000000703200000, 0x0000000703200000| Untracked 
|   4|0x0000000703400000, 0x0000000703400000, 0x0000000703600000|  0%| F|  |TAMS 0x0000000703400000, 0x0000000703400000| Untracked 
|   5|0x0000000703600000, 0x0000000703600000, 0x0000000703800000|  0%| F|  |TAMS 0x0000000703600000, 0x0000000703600000| Untracked 
|   6|0x0000000703800000, 0x0000000703800000, 0x0000000703a00000|  0%| F|  |TAMS 0x0000000703800000, 0x0000000703800000| Untracked 
|   7|0x0000000703a00000, 0x0000000703a00000, 0x0000000703c00000|  0%| F|  |TAMS 0x0000000703a00000, 0x0000000703a00000| Untracked 
|   8|0x0000000703c00000, 0x0000000703c00000, 0x0000000703e00000|  0%| F|  |TAMS 0x0000000703c00000, 0x0000000703c00000| Untracked 
|   9|0x0000000703e00000, 0x0000000703e00000, 0x0000000704000000|  0%| F|  |TAMS 0x0000000703e00000, 0x0000000703e00000| Untracked 
|  10|0x0000000704000000, 0x0000000704000000, 0x0000000704200000|  0%| F|  |TAMS 0x0000000704000000, 0x0000000704000000| Untracked 
|  11|0x0000000704200000, 0x0000000704200000, 0x0000000704400000|  0%| F|  |TAMS 0x0000000704200000, 0x0000000704200000| Untracked 
|  12|0x0000000704400000, 0x0000000704400000, 0x0000000704600000|  0%| F|  |TAMS 0x0000000704400000, 0x0000000704400000| Untracked 
|  13|0x0000000704600000, 0x0000000704600000, 0x0000000704800000|  0%| F|  |TAMS 0x0000000704600000, 0x0000000704600000| Untracked 
|  14|0x0000000704800000, 0x0000000704800000, 0x0000000704a00000|  0%| F|  |TAMS 0x0000000704800000, 0x0000000704800000| Untracked 
|  15|0x0000000704a00000, 0x0000000704a00000, 0x0000000704c00000|  0%| F|  |TAMS 0x0000000704a00000, 0x0000000704a00000| Untracked 
|  16|0x0000000704c00000, 0x0000000704c00000, 0x0000000704e00000|  0%| F|  |TAMS 0x0000000704c00000, 0x0000000704c00000| Untracked 
|  17|0x0000000704e00000, 0x0000000704e00000, 0x0000000705000000|  0%| F|  |TAMS 0x0000000704e00000, 0x0000000704e00000| Untracked 
|  18|0x0000000705000000, 0x0000000705000000, 0x0000000705200000|  0%| F|  |TAMS 0x0000000705000000, 0x0000000705000000| Untracked 
|  19|0x0000000705200000, 0x0000000705200000, 0x0000000705400000|  0%| F|  |TAMS 0x0000000705200000, 0x0000000705200000| Untracked 
|  20|0x0000000705400000, 0x0000000705400000, 0x0000000705600000|  0%| F|  |TAMS 0x0000000705400000, 0x0000000705400000| Untracked 
|  21|0x0000000705600000, 0x0000000705600000, 0x0000000705800000|  0%| F|  |TAMS 0x0000000705600000, 0x0000000705600000| Untracked 
|  22|0x0000000705800000, 0x0000000705800000, 0x0000000705a00000|  0%| F|  |TAMS 0x0000000705800000, 0x0000000705800000| Untracked 
|  23|0x0000000705a00000, 0x0000000705a00000, 0x0000000705c00000|  0%| F|  |TAMS 0x0000000705a00000, 0x0000000705a00000| Untracked 
|  24|0x0000000705c00000, 0x0000000705c00000, 0x0000000705e00000|  0%| F|  |TAMS 0x0000000705c00000, 0x0000000705c00000| Untracked 
|  25|0x0000000705e00000, 0x0000000705e00000, 0x0000000706000000|  0%| F|  |TAMS 0x0000000705e00000, 0x0000000705e00000| Untracked 
|  26|0x0000000706000000, 0x0000000706000000, 0x0000000706200000|  0%| F|  |TAMS 0x0000000706000000, 0x0000000706000000| Untracked 
|  27|0x0000000706200000, 0x0000000706200000, 0x0000000706400000|  0%| F|  |TAMS 0x0000000706200000, 0x0000000706200000| Untracked 
|  28|0x0000000706400000, 0x0000000706400000, 0x0000000706600000|  0%| F|  |TAMS 0x0000000706400000, 0x0000000706400000| Untracked 
|  29|0x0000000706600000, 0x0000000706600000, 0x0000000706800000|  0%| F|  |TAMS 0x0000000706600000, 0x0000000706600000| Untracked 
|  30|0x0000000706800000, 0x0000000706800000, 0x0000000706a00000|  0%| F|  |TAMS 0x0000000706800000, 0x0000000706800000| Untracked 
|  31|0x0000000706a00000, 0x0000000706a00000, 0x0000000706c00000|  0%| F|  |TAMS 0x0000000706a00000, 0x0000000706a00000| Untracked 
|  32|0x0000000706c00000, 0x0000000706c00000, 0x0000000706e00000|  0%| F|  |TAMS 0x0000000706c00000, 0x0000000706c00000| Untracked 
|  33|0x0000000706e00000, 0x0000000706e00000, 0x0000000707000000|  0%| F|  |TAMS 0x0000000706e00000, 0x0000000706e00000| Untracked 
|  34|0x0000000707000000, 0x0000000707000000, 0x0000000707200000|  0%| F|  |TAMS 0x0000000707000000, 0x0000000707000000| Untracked 
|  35|0x0000000707200000, 0x0000000707200000, 0x0000000707400000|  0%| F|  |TAMS 0x0000000707200000, 0x0000000707200000| Untracked 
|  36|0x0000000707400000, 0x0000000707400000, 0x0000000707600000|  0%| F|  |TAMS 0x0000000707400000, 0x0000000707400000| Untracked 
|  37|0x0000000707600000, 0x0000000707600000, 0x0000000707800000|  0%| F|  |TAMS 0x0000000707600000, 0x0000000707600000| Untracked 
|  38|0x0000000707800000, 0x0000000707800000, 0x0000000707a00000|  0%| F|  |TAMS 0x0000000707800000, 0x0000000707800000| Untracked 
|  39|0x0000000707a00000, 0x0000000707a00000, 0x0000000707c00000|  0%| F|  |TAMS 0x0000000707a00000, 0x0000000707a00000| Untracked 
|  40|0x0000000707c00000, 0x0000000707c00000, 0x0000000707e00000|  0%| F|  |TAMS 0x0000000707c00000, 0x0000000707c00000| Untracked 
|  41|0x0000000707e00000, 0x0000000707e00000, 0x0000000708000000|  0%| F|  |TAMS 0x0000000707e00000, 0x0000000707e00000| Untracked 
|  42|0x0000000708000000, 0x0000000708000000, 0x0000000708200000|  0%| F|  |TAMS 0x0000000708000000, 0x0000000708000000| Untracked 
|  43|0x0000000708200000, 0x0000000708200000, 0x0000000708400000|  0%| F|  |TAMS 0x0000000708200000, 0x0000000708200000| Untracked 
|  44|0x0000000708400000, 0x0000000708400000, 0x0000000708600000|  0%| F|  |TAMS 0x0000000708400000, 0x0000000708400000| Untracked 
|  45|0x0000000708600000, 0x0000000708600000, 0x0000000708800000|  0%| F|  |TAMS 0x0000000708600000, 0x0000000708600000| Untracked 
|  46|0x0000000708800000, 0x0000000708800000, 0x0000000708a00000|  0%| F|  |TAMS 0x0000000708800000, 0x0000000708800000| Untracked 
|  47|0x0000000708a00000, 0x0000000708a00000, 0x0000000708c00000|  0%| F|  |TAMS 0x0000000708a00000, 0x0000000708a00000| Untracked 
|  48|0x0000000708c00000, 0x0000000708c00000, 0x0000000708e00000|  0%| F|  |TAMS 0x0000000708c00000, 0x0000000708c00000| Untracked 
|  49|0x0000000708e00000, 0x0000000708e00000, 0x0000000709000000|  0%| F|  |TAMS 0x0000000708e00000, 0x0000000708e00000| Untracked 
|  50|0x0000000709000000, 0x0000000709000000, 0x0000000709200000|  0%| F|  |TAMS 0x0000000709000000, 0x0000000709000000| Untracked 
|  51|0x0000000709200000, 0x0000000709200000, 0x0000000709400000|  0%| F|  |TAMS 0x0000000709200000, 0x0000000709200000| Untracked 
|  52|0x0000000709400000, 0x0000000709400000, 0x0000000709600000|  0%| F|  |TAMS 0x0000000709400000, 0x0000000709400000| Untracked 
|  53|0x0000000709600000, 0x0000000709600000, 0x0000000709800000|  0%| F|  |TAMS 0x0000000709600000, 0x0000000709600000| Untracked 
|  54|0x0000000709800000, 0x0000000709800000, 0x0000000709a00000|  0%| F|  |TAMS 0x0000000709800000, 0x0000000709800000| Untracked 
|  55|0x0000000709a00000, 0x0000000709a00000, 0x0000000709c00000|  0%| F|  |TAMS 0x0000000709a00000, 0x0000000709a00000| Untracked 
|  56|0x0000000709c00000, 0x0000000709c00000, 0x0000000709e00000|  0%| F|  |TAMS 0x0000000709c00000, 0x0000000709c00000| Untracked 
|  57|0x0000000709e00000, 0x0000000709e00000, 0x000000070a000000|  0%| F|  |TAMS 0x0000000709e00000, 0x0000000709e00000| Untracked 
|  58|0x000000070a000000, 0x000000070a000000, 0x000000070a200000|  0%| F|  |TAMS 0x000000070a000000, 0x000000070a000000| Untracked 
|  59|0x000000070a200000, 0x000000070a200000, 0x000000070a400000|  0%| F|  |TAMS 0x000000070a200000, 0x000000070a200000| Untracked 
|  60|0x000000070a400000, 0x000000070a400000, 0x000000070a600000|  0%| F|  |TAMS 0x000000070a400000, 0x000000070a400000| Untracked 
|  61|0x000000070a600000, 0x000000070a600000, 0x000000070a800000|  0%| F|  |TAMS 0x000000070a600000, 0x000000070a600000| Untracked 
|  62|0x000000070a800000, 0x000000070a800000, 0x000000070aa00000|  0%| F|  |TAMS 0x000000070a800000, 0x000000070a800000| Untracked 
|  63|0x000000070aa00000, 0x000000070aa00000, 0x000000070ac00000|  0%| F|  |TAMS 0x000000070aa00000, 0x000000070aa00000| Untracked 
|  64|0x000000070ac00000, 0x000000070ac00000, 0x000000070ae00000|  0%| F|  |TAMS 0x000000070ac00000, 0x000000070ac00000| Untracked 
|  65|0x000000070ae00000, 0x000000070ae00000, 0x000000070b000000|  0%| F|  |TAMS 0x000000070ae00000, 0x000000070ae00000| Untracked 
|  66|0x000000070b000000, 0x000000070b000000, 0x000000070b200000|  0%| F|  |TAMS 0x000000070b000000, 0x000000070b000000| Untracked 
|  67|0x000000070b200000, 0x000000070b200000, 0x000000070b400000|  0%| F|  |TAMS 0x000000070b200000, 0x000000070b200000| Untracked 
|  68|0x000000070b400000, 0x000000070b400000, 0x000000070b600000|  0%| F|  |TAMS 0x000000070b400000, 0x000000070b400000| Untracked 
|  69|0x000000070b600000, 0x000000070b600000, 0x000000070b800000|  0%| F|  |TAMS 0x000000070b600000, 0x000000070b600000| Untracked 
|  70|0x000000070b800000, 0x000000070b800000, 0x000000070ba00000|  0%| F|  |TAMS 0x000000070b800000, 0x000000070b800000| Untracked 
|  71|0x000000070ba00000, 0x000000070ba00000, 0x000000070bc00000|  0%| F|  |TAMS 0x000000070ba00000, 0x000000070ba00000| Untracked 
|  72|0x000000070bc00000, 0x000000070bc00000, 0x000000070be00000|  0%| F|  |TAMS 0x000000070bc00000, 0x000000070bc00000| Untracked 
|  73|0x000000070be00000, 0x000000070be00000, 0x000000070c000000|  0%| F|  |TAMS 0x000000070be00000, 0x000000070be00000| Untracked 
|  74|0x000000070c000000, 0x000000070c000000, 0x000000070c200000|  0%| F|  |TAMS 0x000000070c000000, 0x000000070c000000| Untracked 
|  75|0x000000070c200000, 0x000000070c200000, 0x000000070c400000|  0%| F|  |TAMS 0x000000070c200000, 0x000000070c200000| Untracked 
|  76|0x000000070c400000, 0x000000070c400000, 0x000000070c600000|  0%| F|  |TAMS 0x000000070c400000, 0x000000070c400000| Untracked 
|  77|0x000000070c600000, 0x000000070c600000, 0x000000070c800000|  0%| F|  |TAMS 0x000000070c600000, 0x000000070c600000| Untracked 
|  78|0x000000070c800000, 0x000000070c800000, 0x000000070ca00000|  0%| F|  |TAMS 0x000000070c800000, 0x000000070c800000| Untracked 
|  79|0x000000070ca00000, 0x000000070ca00000, 0x000000070cc00000|  0%| F|  |TAMS 0x000000070ca00000, 0x000000070ca00000| Untracked 
|  80|0x000000070cc00000, 0x000000070cc00000, 0x000000070ce00000|  0%| F|  |TAMS 0x000000070cc00000, 0x000000070cc00000| Untracked 
|  81|0x000000070ce00000, 0x000000070ce00000, 0x000000070d000000|  0%| F|  |TAMS 0x000000070ce00000, 0x000000070ce00000| Untracked 
|  82|0x000000070d000000, 0x000000070d000000, 0x000000070d200000|  0%| F|  |TAMS 0x000000070d000000, 0x000000070d000000| Untracked 
|  83|0x000000070d200000, 0x000000070d200000, 0x000000070d400000|  0%| F|  |TAMS 0x000000070d200000, 0x000000070d200000| Untracked 
|  84|0x000000070d400000, 0x000000070d400000, 0x000000070d600000|  0%| F|  |TAMS 0x000000070d400000, 0x000000070d400000| Untracked 
|  85|0x000000070d600000, 0x000000070d600000, 0x000000070d800000|  0%| F|  |TAMS 0x000000070d600000, 0x000000070d600000| Untracked 
|  86|0x000000070d800000, 0x000000070d800000, 0x000000070da00000|  0%| F|  |TAMS 0x000000070d800000, 0x000000070d800000| Untracked 
|  87|0x000000070da00000, 0x000000070da00000, 0x000000070dc00000|  0%| F|  |TAMS 0x000000070da00000, 0x000000070da00000| Untracked 
|  88|0x000000070dc00000, 0x000000070dc00000, 0x000000070de00000|  0%| F|  |TAMS 0x000000070dc00000, 0x000000070dc00000| Untracked 
|  89|0x000000070de00000, 0x000000070de00000, 0x000000070e000000|  0%| F|  |TAMS 0x000000070de00000, 0x000000070de00000| Untracked 
|  90|0x000000070e000000, 0x000000070e000000, 0x000000070e200000|  0%| F|  |TAMS 0x000000070e000000, 0x000000070e000000| Untracked 
|  91|0x000000070e200000, 0x000000070e200000, 0x000000070e400000|  0%| F|  |TAMS 0x000000070e200000, 0x000000070e200000| Untracked 
|  92|0x000000070e400000, 0x000000070e400000, 0x000000070e600000|  0%| F|  |TAMS 0x000000070e400000, 0x000000070e400000| Untracked 
|  93|0x000000070e600000, 0x000000070e600000, 0x000000070e800000|  0%| F|  |TAMS 0x000000070e600000, 0x000000070e600000| Untracked 
|  94|0x000000070e800000, 0x000000070e800000, 0x000000070ea00000|  0%| F|  |TAMS 0x000000070e800000, 0x000000070e800000| Untracked 
|  95|0x000000070ea00000, 0x000000070ea00000, 0x000000070ec00000|  0%| F|  |TAMS 0x000000070ea00000, 0x000000070ea00000| Untracked 
|  96|0x000000070ec00000, 0x000000070ec00000, 0x000000070ee00000|  0%| F|  |TAMS 0x000000070ec00000, 0x000000070ec00000| Untracked 
|  97|0x000000070ee00000, 0x000000070ee00000, 0x000000070f000000|  0%| F|  |TAMS 0x000000070ee00000, 0x000000070ee00000| Untracked 
|  98|0x000000070f000000, 0x000000070f000000, 0x000000070f200000|  0%| F|  |TAMS 0x000000070f000000, 0x000000070f000000| Untracked 
|  99|0x000000070f200000, 0x000000070f200000, 0x000000070f400000|  0%| F|  |TAMS 0x000000070f200000, 0x000000070f200000| Untracked 
| 100|0x000000070f400000, 0x000000070f400000, 0x000000070f600000|  0%| F|  |TAMS 0x000000070f400000, 0x000000070f400000| Untracked 
| 101|0x000000070f600000, 0x000000070f600000, 0x000000070f800000|  0%| F|  |TAMS 0x000000070f600000, 0x000000070f600000| Untracked 
| 102|0x000000070f800000, 0x000000070f800000, 0x000000070fa00000|  0%| F|  |TAMS 0x000000070f800000, 0x000000070f800000| Untracked 
| 103|0x000000070fa00000, 0x000000070fa00000, 0x000000070fc00000|  0%| F|  |TAMS 0x000000070fa00000, 0x000000070fa00000| Untracked 
| 104|0x000000070fc00000, 0x000000070fc00000, 0x000000070fe00000|  0%| F|  |TAMS 0x000000070fc00000, 0x000000070fc00000| Untracked 
| 105|0x000000070fe00000, 0x000000070fe00000, 0x0000000710000000|  0%| F|  |TAMS 0x000000070fe00000, 0x000000070fe00000| Untracked 
| 106|0x0000000710000000, 0x0000000710000000, 0x0000000710200000|  0%| F|  |TAMS 0x0000000710000000, 0x0000000710000000| Untracked 
| 107|0x0000000710200000, 0x0000000710200000, 0x0000000710400000|  0%| F|  |TAMS 0x0000000710200000, 0x0000000710200000| Untracked 
| 108|0x0000000710400000, 0x0000000710400000, 0x0000000710600000|  0%| F|  |TAMS 0x0000000710400000, 0x0000000710400000| Untracked 
| 109|0x0000000710600000, 0x0000000710600000, 0x0000000710800000|  0%| F|  |TAMS 0x0000000710600000, 0x0000000710600000| Untracked 
| 110|0x0000000710800000, 0x0000000710800000, 0x0000000710a00000|  0%| F|  |TAMS 0x0000000710800000, 0x0000000710800000| Untracked 
| 111|0x0000000710a00000, 0x0000000710a00000, 0x0000000710c00000|  0%| F|  |TAMS 0x0000000710a00000, 0x0000000710a00000| Untracked 
| 112|0x0000000710c00000, 0x0000000710c00000, 0x0000000710e00000|  0%| F|  |TAMS 0x0000000710c00000, 0x0000000710c00000| Untracked 
| 113|0x0000000710e00000, 0x0000000710e00000, 0x0000000711000000|  0%| F|  |TAMS 0x0000000710e00000, 0x0000000710e00000| Untracked 
| 114|0x0000000711000000, 0x000000071112a028, 0x0000000711200000| 58%| S|CS|TAMS 0x0000000711000000, 0x0000000711000000| Complete 
| 115|0x0000000711200000, 0x0000000711400000, 0x0000000711400000|100%| S|CS|TAMS 0x0000000711200000, 0x0000000711200000| Complete 
| 116|0x0000000711400000, 0x0000000711400000, 0x0000000711600000|  0%| F|  |TAMS 0x0000000711400000, 0x0000000711400000| Untracked 
| 117|0x0000000711600000, 0x0000000711600000, 0x0000000711800000|  0%| F|  |TAMS 0x0000000711600000, 0x0000000711600000| Untracked 
| 118|0x0000000711800000, 0x0000000711800000, 0x0000000711a00000|  0%| F|  |TAMS 0x0000000711800000, 0x0000000711800000| Untracked 
| 119|0x0000000711a00000, 0x0000000711a00000, 0x0000000711c00000|  0%| F|  |TAMS 0x0000000711a00000, 0x0000000711a00000| Untracked 
| 120|0x0000000711c00000, 0x0000000711c00000, 0x0000000711e00000|  0%| F|  |TAMS 0x0000000711c00000, 0x0000000711c00000| Untracked 
| 121|0x0000000711e00000, 0x0000000711e00000, 0x0000000712000000|  0%| F|  |TAMS 0x0000000711e00000, 0x0000000711e00000| Untracked 
| 122|0x0000000712000000, 0x0000000712000000, 0x0000000712200000|  0%| F|  |TAMS 0x0000000712000000, 0x0000000712000000| Untracked 
| 123|0x0000000712200000, 0x0000000712200000, 0x0000000712400000|  0%| F|  |TAMS 0x0000000712200000, 0x0000000712200000| Untracked 
| 124|0x0000000712400000, 0x0000000712400000, 0x0000000712600000|  0%| F|  |TAMS 0x0000000712400000, 0x0000000712400000| Untracked 
| 125|0x0000000712600000, 0x0000000712600000, 0x0000000712800000|  0%| F|  |TAMS 0x0000000712600000, 0x0000000712600000| Untracked 
| 126|0x0000000712800000, 0x00000007128a0ce0, 0x0000000712a00000| 31%| E|  |TAMS 0x0000000712800000, 0x0000000712800000| Complete 

Card table byte_map: [0x00000281fc600000,0x00000281fcdf0000] _byte_map_base: 0x00000281f8dea000

Marking Bits (Prev, Next): (CMBitMap*) 0x00000281f85bf910, (CMBitMap*) 0x00000281f85bf950
 Prev Bits: [0x000002818f000000, 0x0000028192f50000)
 Next Bits: [0x0000028192f50000, 0x0000028196ea0000)

Polling page: 0x00000281f7d50000

Metaspace:

Usage:
  Non-class:     14.70 MB used.
      Class:      1.08 MB used.
       Both:     15.78 MB used.

Virtual space:
  Non-class space:       16.00 MB reserved,      14.81 MB ( 93%) committed,  2 nodes.
      Class space:        1.00 GB reserved,       1.12 MB ( <1%) committed,  1 nodes.
              Both:        1.02 GB reserved,      15.94 MB (  2%) committed. 

Chunk freelists:
   Non-Class:  880.00 KB
       Class:  2.69 MB
        Both:  3.55 MB

MaxMetaspaceSize: 17179869184.00 GB
CompressedClassSpaceSize: 1.00 GB
 - commit_granule_bytes: 65536.
 - commit_granule_words: 8192.
 - virtual_space_node_default_size: 1048576.
 - enlarge_chunks_in_place: 1.
 - new_chunks_are_fully_committed: 0.
 - uncommit_free_chunks: 1.
 - use_allocation_guard: 0.
 - handle_deallocations: 1.


Internal statistics:

num_allocs_failed_limit: 0.
num_arena_births: 96.
num_arena_deaths: 0.
num_vsnodes_births: 3.
num_vsnodes_deaths: 0.
num_space_committed: 253.
num_space_uncommitted: 0.
num_chunks_returned_to_freelist: 0.
num_chunks_taken_from_freelist: 335.
num_chunk_merges: 0.
num_chunk_splits: 249.
num_chunks_enlarged: 202.
num_purges: 0.

CodeHeap 'non-profiled nmethods': size=120000Kb used=403Kb max_used=403Kb free=119596Kb
 bounds [0x0000028187ad0000, 0x0000028187d40000, 0x000002818f000000]
CodeHeap 'profiled nmethods': size=120000Kb used=1687Kb max_used=1687Kb free=118313Kb
 bounds [0x00000281805a0000, 0x0000028180810000, 0x0000028187ad0000]
CodeHeap 'non-nmethods': size=5760Kb used=1677Kb max_used=1692Kb free=4082Kb
 bounds [0x0000028180000000, 0x0000028180270000, 0x00000281805a0000]
 total_blobs=2136 nmethods=1031 adapters=1015
 compilation: enabled
              stopped_count=0, restarted_count=0
 full_count=0

Compilation events (20 events):
Event: 2.334 Thread 0x0000028197c67fb0 nmethod 1003 0x0000028187b2dd90 code [0x0000028187b2dfa0, 0x0000028187b2e6c0]
Event: 2.338 Thread 0x0000028197c68900 1022   !   3       java.util.zip.ZipFile$CleanableResource::releaseInflater (53 bytes)
Event: 2.338 Thread 0x000002819ea31420 1025       4       java.lang.reflect.Field::getLong (29 bytes)
Event: 2.338 Thread 0x0000028197c67fb0 1026       4       jdk.internal.reflect.UnsafeQualifiedLongFieldAccessorImpl::getLong (17 bytes)
Event: 2.338 Thread 0x0000028197c68900 nmethod 1022 0x0000028180744d10 code [0x0000028180744f00, 0x0000028180745328]
Event: 2.338 Thread 0x0000028197c68900 1023   !   3       java.util.zip.Inflater::reset (64 bytes)
Event: 2.338 Thread 0x0000028197c68900 nmethod 1023 0x0000028180745510 code [0x00000281807456e0, 0x0000028180745a78]
Event: 2.338 Thread 0x0000028197c67fb0 nmethod 1026 0x0000028187b2f710 code [0x0000028187b2f8a0, 0x0000028187b2f9d8]
Event: 2.338 Thread 0x0000028197c67fb0 1027       4       org.lwjgl.PointerBuffer::put (24 bytes)
Event: 2.338 Thread 0x000002819f0a4010 1029       4       java.lang.reflect.AccessibleObject::verifyAccess (55 bytes)
Event: 2.339 Thread 0x0000028197c67fb0 nmethod 1027 0x0000028187b2fb10 code [0x0000028187b2fca0, 0x0000028187b2fd98]
Event: 2.339 Thread 0x0000028197c67fb0 1030       4       java.lang.reflect.AccessibleObject::slowVerifyAccess (73 bytes)
Event: 2.342 Thread 0x000002819f0a4010 nmethod 1029 0x0000028187b2fe90 code [0x0000028187b30040, 0x0000028187b30638]
Event: 2.342 Thread 0x0000028197c67fb0 nmethod 1030 0x0000028187b30a90 code [0x0000028187b30c40, 0x0000028187b31198]
Event: 2.342 Thread 0x000002819f0a4010 1028       4       java.lang.reflect.AccessibleObject::checkAccess (40 bytes)
Event: 2.342 Thread 0x0000028197c67fb0 1031       4       java.lang.reflect.AccessibleObject::logIfExportedForIllegalAccess (54 bytes)
Event: 2.342 Thread 0x0000028197c67fb0 nmethod 1031 0x0000028187b31590 code [0x0000028187b31720, 0x0000028187b31858]
Event: 2.342 Thread 0x0000028197c67fb0 1032       4       java.lang.reflect.Field::checkAccess (32 bytes)
Event: 2.345 Thread 0x000002819ea31420 nmethod 1025 0x0000028187b31990 code [0x0000028187b31b80, 0x0000028187b327a8]
Event: 2.346 Thread 0x000002819f0a4010 nmethod 1028 0x0000028187b33110 code [0x0000028187b332c0, 0x0000028187b33958]

GC Heap History (2 events):
Event: 2.335 GC heap before
{Heap before GC invocations=0 (full 0):
 garbage-first heap   total 260096K, used 22528K [0x0000000702c00000, 0x0000000800000000)
  region size 2048K, 11 young (22528K), 0 survivors (0K)
 Metaspace       used 16161K, committed 16320K, reserved 1064960K
  class space    used 1108K, committed 1152K, reserved 1048576K
}
Event: 2.337 GC heap after
{Heap after GC invocations=1 (full 0):
 garbage-first heap   total 260096K, used 3240K [0x0000000702c00000, 0x0000000800000000)
  region size 2048K, 2 young (4096K), 2 survivors (4096K)
 Metaspace       used 16161K, committed 16320K, reserved 1064960K
  class space    used 1108K, committed 1152K, reserved 1048576K
}

Deoptimization events (20 events):
Event: 1.985 Thread 0x00000281f856fc60 DEOPT PACKING pc=0x00000281805ce0e5 sp=0x000000a94c5fd620
Event: 1.985 Thread 0x00000281f856fc60 DEOPT UNPACKING pc=0x000002818004dece sp=0x000000a94c5fca70 mode 0
Event: 2.037 Thread 0x00000281f856fc60 Uncommon trap: trap_request=0xffffff54 fr.pc=0x0000028187af7600 relative=0x0000000000000060
Event: 2.037 Thread 0x00000281f856fc60 Uncommon trap: reason=speculate_null_assert action=make_not_entrant pc=0x0000028187af7600 method=sun.misc.Unsafe.putLong(Ljava/lang/Object;JJ)V @ 7 c2
Event: 2.037 Thread 0x00000281f856fc60 DEOPT PACKING pc=0x0000028187af7600 sp=0x000000a94c5fea90
Event: 2.037 Thread 0x00000281f856fc60 DEOPT UNPACKING pc=0x000002818004d72e sp=0x000000a94c5fea08 mode 2
Event: 2.088 Thread 0x00000281f856fc60 Uncommon trap: trap_request=0xffffff45 fr.pc=0x0000028187b10de4 relative=0x0000000000001de4
Event: 2.088 Thread 0x00000281f856fc60 Uncommon trap: reason=unstable_if action=reinterpret pc=0x0000028187b10de4 method=java.util.jar.JarFile.getVersionedEntry(Ljava/lang/String;Ljava/util/jar/JarEntry;)Ljava/util/jar/JarEntry; @ 6 c2
Event: 2.088 Thread 0x00000281f856fc60 DEOPT PACKING pc=0x0000028187b10de4 sp=0x000000a94c5fc120
Event: 2.088 Thread 0x00000281f856fc60 DEOPT UNPACKING pc=0x000002818004d72e sp=0x000000a94c5fbfd8 mode 2
Event: 2.088 Thread 0x00000281f856fc60 Uncommon trap: trap_request=0xffffff45 fr.pc=0x0000028187b0cb10 relative=0x0000000000001130
Event: 2.088 Thread 0x00000281f856fc60 Uncommon trap: reason=unstable_if action=reinterpret pc=0x0000028187b0cb10 method=java.util.jar.JarFile.getVersionedEntry(Ljava/lang/String;Ljava/util/jar/JarEntry;)Ljava/util/jar/JarEntry; @ 6 c2
Event: 2.088 Thread 0x00000281f856fc60 DEOPT PACKING pc=0x0000028187b0cb10 sp=0x000000a94c5fc080
Event: 2.088 Thread 0x00000281f856fc60 DEOPT UNPACKING pc=0x000002818004d72e sp=0x000000a94c5fbff8 mode 2
Event: 2.249 Thread 0x00000281f856fc60 DEOPT PACKING pc=0x0000028180734ce9 sp=0x000000a94c5fee70
Event: 2.249 Thread 0x00000281f856fc60 DEOPT UNPACKING pc=0x000002818004dece sp=0x000000a94c5fe4a8 mode 0
Event: 2.255 Thread 0x00000281f856fc60 Uncommon trap: trap_request=0xffffff45 fr.pc=0x0000028187b26ac8 relative=0x0000000000000148
Event: 2.255 Thread 0x00000281f856fc60 Uncommon trap: reason=unstable_if action=reinterpret pc=0x0000028187b26ac8 method=com.streep.openglleer.Main.run()V @ 63 c2
Event: 2.255 Thread 0x00000281f856fc60 DEOPT PACKING pc=0x0000028187b26ac8 sp=0x000000a94c5ff020
Event: 2.255 Thread 0x00000281f856fc60 DEOPT UNPACKING pc=0x000002818004d72e sp=0x000000a94c5fefb8 mode 2

Classes unloaded (0 events):
No events

Classes redefined (0 events):
No events

Internal exceptions (18 events):
Event: 0.142 Thread 0x00000281f856fc60 Exception <a 'java/lang/NoSuchMethodError'{0x00000007124337c0}: 'java.lang.Object java.lang.invoke.DirectMethodHandle$Holder.invokeStatic(java.lang.Object)'> (0x00000007124337c0) 
thrown [t:\workspace\open\src\hotspot\share\interpreter\linkResolver.cpp, line 790]
Event: 0.142 Thread 0x00000281f856fc60 Exception <a 'java/lang/NoSuchMethodError'{0x0000000712436ff0}: 'java.lang.Object java.lang.invoke.DirectMethodHandle$Holder.invokeStaticInit(java.lang.Object)'> (0x0000000712436ff0) 
thrown [t:\workspace\open\src\hotspot\share\interpreter\linkResolver.cpp, line 790]
Event: 0.151 Thread 0x00000281f856fc60 Exception <a 'java/lang/NoSuchMethodError'{0x0000000712481680}: 'void java.lang.invoke.DirectMethodHandle$Holder.invokeStatic(java.lang.Object, java.lang.Object)'> (0x0000000712481680) 
thrown [t:\workspace\open\src\hotspot\share\interpreter\linkResolver.cpp, line 790]
Event: 0.152 Thread 0x00000281f856fc60 Exception <a 'java/lang/NoSuchMethodError'{0x0000000712486fe8}: 'void java.lang.invoke.DirectMethodHandle$Holder.invokeSpecial(java.lang.Object, java.lang.Object, java.lang.Object)'> (0x0000000712486fe8) 
thrown [t:\workspace\open\src\hotspot\share\interpreter\linkResolver.cpp, line 790]
Event: 0.155 Thread 0x00000281f856fc60 Exception <a 'java/lang/NoSuchMethodError'{0x000000071249bbe0}: 'java.lang.Object java.lang.invoke.DirectMethodHandle$Holder.invokeStatic(java.lang.Object, java.lang.Object, int)'> (0x000000071249bbe0) 
thrown [t:\workspace\open\src\hotspot\share\interpreter\linkResolver.cpp, line 790]
Event: 0.156 Thread 0x00000281f856fc60 Exception <a 'java/lang/NoSuchMethodError'{0x00000007124a7d88}: 'void java.lang.invoke.DelegatingMethodHandle$Holder.delegate(java.lang.Object, java.lang.Object, int, java.lang.Object)'> (0x00000007124a7d88) 
thrown [t:\workspace\open\src\hotspot\share\interpreter\linkResolver.cpp, line 790]
Event: 0.156 Thread 0x00000281f856fc60 Exception <a 'java/lang/NoSuchMethodError'{0x00000007124ac0e0}: 'int java.lang.invoke.DirectMethodHandle$Holder.invokeSpecial(java.lang.Object, java.lang.Object, java.lang.Object)'> (0x00000007124ac0e0) 
thrown [t:\workspace\open\src\hotspot\share\interpreter\linkResolver.cpp, line 790]
Event: 0.184 Thread 0x00000281f856fc60 Exception <a 'sun/nio/fs/WindowsException'{0x000000071251e210}> (0x000000071251e210) 
thrown [t:\workspace\open\src\hotspot\share\prims\jni.cpp, line 579]
Event: 0.184 Thread 0x00000281f856fc60 Exception <a 'sun/nio/fs/WindowsException'{0x000000071251e790}> (0x000000071251e790) 
thrown [t:\workspace\open\src\hotspot\share\prims\jni.cpp, line 579]
Event: 0.219 Thread 0x00000281f856fc60 Exception <a 'sun/nio/fs/WindowsException'{0x0000000712239e98}> (0x0000000712239e98) 
thrown [t:\workspace\open\src\hotspot\share\prims\jni.cpp, line 579]
Event: 0.219 Thread 0x00000281f856fc60 Exception <a 'sun/nio/fs/WindowsException'{0x000000071223a228}> (0x000000071223a228) 
thrown [t:\workspace\open\src\hotspot\share\prims\jni.cpp, line 579]
Event: 1.910 Thread 0x00000281f856fc60 Exception <a 'sun/nio/fs/WindowsException'{0x00000007122e3bb0}> (0x00000007122e3bb0) 
thrown [t:\workspace\open\src\hotspot\share\prims\jni.cpp, line 579]
Event: 1.910 Thread 0x00000281f856fc60 Exception <a 'sun/nio/fs/WindowsException'{0x00000007122e3f88}> (0x00000007122e3f88) 
thrown [t:\workspace\open\src\hotspot\share\prims\jni.cpp, line 579]
Event: 1.912 Thread 0x00000281f856fc60 Exception <a 'sun/nio/fs/WindowsException'{0x00000007122f30f8}> (0x00000007122f30f8) 
thrown [t:\workspace\open\src\hotspot\share\prims\jni.cpp, line 579]
Event: 1.912 Thread 0x00000281f856fc60 Exception <a 'sun/nio/fs/WindowsException'{0x00000007122f3408}> (0x00000007122f3408) 
thrown [t:\workspace\open\src\hotspot\share\prims\jni.cpp, line 579]
Event: 2.091 Thread 0x00000281f856fc60 Exception <a 'java/lang/ClassNotFoundException'{0x0000000711bf02b0}: sun/awt/resources/spi/awtProvider> (0x0000000711bf02b0) 
thrown [t:\workspace\open\src\hotspot\share\classfile\systemDictionary.cpp, line 256]
Event: 2.102 Thread 0x00000281f856fc60 Exception <a 'java/io/FileNotFoundException'{0x000000071183b0c8}> (0x000000071183b0c8) 
thrown [t:\workspace\open\src\hotspot\share\prims\jni.cpp, line 579]
Event: 2.106 Thread 0x00000281f856fc60 Exception <a 'java/io/FileNotFoundException'{0x0000000711869b10}> (0x0000000711869b10) 
thrown [t:\workspace\open\src\hotspot\share\prims\jni.cpp, line 579]

Events (20 events):
Event: 2.153 loading class java/text/DigitList done
Event: 2.153 loading class java/math/RoundingMode
Event: 2.153 loading class java/math/RoundingMode done
Event: 2.159 loading class java/lang/SecurityException
Event: 2.159 loading class java/lang/SecurityException done
Event: 2.160 loading class jdk/internal/access/foreign/MemorySegmentProxy
Event: 2.160 loading class jdk/internal/access/foreign/MemorySegmentProxy done
Event: 2.207 loading class java/io/FileReader
Event: 2.207 loading class java/io/FileReader done
Event: 2.264 loading class java/lang/NumberFormatException
Event: 2.264 loading class java/lang/NumberFormatException done
Event: 2.264 Executing  VM operation: HandshakeAllThreads
Event: 2.264 Executing  VM operation: HandshakeAllThreads done
Event: 2.264 Executing  VM operation: Cleanup
Event: 2.264 Executing  VM operation: Cleanup done
Event: 2.264 loading class java/math/BigInteger
Event: 2.265 loading class java/math/BigInteger done
Event: 2.335 Executing  VM operation: G1CollectForAllocation
Event: 2.337 Executing  VM operation: G1CollectForAllocation done
Event: 2.338 Thread 0x000002819f0a4010 Thread added: 0x000002819f0a4010


Dynamic libraries:
0x00007ff773050000 - 0x00007ff77305e000 	C:\Users\streepmsi\Desktop\Programs\eclipse\plugins\org.eclipse.justj.openjdk.hotspot.jre.full.win32.x86_64_16.0.1.v20210528-1205\jre\bin\javaw.exe
0x00007ffae0b30000 - 0x00007ffae0d25000 	C:\Windows\SYSTEM32\ntdll.dll
0x00007ffadfa80000 - 0x00007ffadfb3e000 	C:\Windows\System32\KERNEL32.DLL
0x00007ffade670000 - 0x00007ffade939000 	C:\Windows\System32\KERNELBASE.dll
0x00007ffade2a0000 - 0x00007ffade3a0000 	C:\Windows\System32\ucrtbase.dll
0x00007ffad6010000 - 0x00007ffad6029000 	C:\Users\streepmsi\Desktop\Programs\eclipse\plugins\org.eclipse.justj.openjdk.hotspot.jre.full.win32.x86_64_16.0.1.v20210528-1205\jre\bin\VCRUNTIME140.dll
0x00007ffad2410000 - 0x00007ffad2428000 	C:\Users\streepmsi\Desktop\Programs\eclipse\plugins\org.eclipse.justj.openjdk.hotspot.jre.full.win32.x86_64_16.0.1.v20210528-1205\jre\bin\jli.dll
0x00007ffae0880000 - 0x00007ffae0a21000 	C:\Windows\System32\USER32.dll
0x00007ffac3960000 - 0x00007ffac3bfa000 	C:\Windows\WinSxS\amd64_microsoft.windows.common-controls_6595b64144ccf1df_6.0.19041.1110_none_60b5254171f9507e\COMCTL32.dll
0x00007ffadeac0000 - 0x00007ffadeae2000 	C:\Windows\System32\win32u.dll
0x00007ffadfe20000 - 0x00007ffadfebe000 	C:\Windows\System32\msvcrt.dll
0x00007ffadf430000 - 0x00007ffadf45b000 	C:\Windows\System32\GDI32.dll
0x00007ffade560000 - 0x00007ffade66b000 	C:\Windows\System32\gdi32full.dll
0x00007ffade940000 - 0x00007ffade9dd000 	C:\Windows\System32\msvcp_win.dll
0x00007ffadf980000 - 0x00007ffadf9b0000 	C:\Windows\System32\IMM32.DLL
0x00007ffad4750000 - 0x00007ffad475c000 	C:\Users\streepmsi\Desktop\Programs\eclipse\plugins\org.eclipse.justj.openjdk.hotspot.jre.full.win32.x86_64_16.0.1.v20210528-1205\jre\bin\vcruntime140_1.dll
0x00007ffad2200000 - 0x00007ffad2291000 	C:\Users\streepmsi\Desktop\Programs\eclipse\plugins\org.eclipse.justj.openjdk.hotspot.jre.full.win32.x86_64_16.0.1.v20210528-1205\jre\bin\msvcp140.dll
0x00007ffa9bc80000 - 0x00007ffa9c82b000 	C:\Users\streepmsi\Desktop\Programs\eclipse\plugins\org.eclipse.justj.openjdk.hotspot.jre.full.win32.x86_64_16.0.1.v20210528-1205\jre\bin\server\jvm.dll
0x00007ffae0a30000 - 0x00007ffae0adc000 	C:\Windows\System32\ADVAPI32.dll
0x00007ffadf460000 - 0x00007ffadf4fb000 	C:\Windows\System32\sechost.dll
0x00007ffae0730000 - 0x00007ffae085a000 	C:\Windows\System32\RPCRT4.dll
0x00007ffae0ae0000 - 0x00007ffae0ae8000 	C:\Windows\System32\PSAPI.DLL
0x00007ffad9550000 - 0x00007ffad9559000 	C:\Windows\SYSTEM32\WSOCK32.dll
0x00007ffac6930000 - 0x00007ffac6957000 	C:\Windows\SYSTEM32\WINMM.dll
0x00007ffad87c0000 - 0x00007ffad87ca000 	C:\Windows\SYSTEM32\VERSION.dll
0x00007ffadfc70000 - 0x00007ffadfcdb000 	C:\Windows\System32\WS2_32.dll
0x00007ffadc150000 - 0x00007ffadc162000 	C:\Windows\SYSTEM32\kernel.appcore.dll
0x00007ffad8e20000 - 0x00007ffad8e2a000 	C:\Users\streepmsi\Desktop\Programs\eclipse\plugins\org.eclipse.justj.openjdk.hotspot.jre.full.win32.x86_64_16.0.1.v20210528-1205\jre\bin\jimage.dll
0x00007ffac62e0000 - 0x00007ffac64c4000 	C:\Windows\SYSTEM32\DBGHELP.DLL
0x00007ffac6590000 - 0x00007ffac65bc000 	C:\Windows\SYSTEM32\dbgcore.DLL
0x00007ffadeaf0000 - 0x00007ffadeb73000 	C:\Windows\System32\bcryptPrimitives.dll
0x00007ffad29d0000 - 0x00007ffad29f5000 	C:\Users\streepmsi\Desktop\Programs\eclipse\plugins\org.eclipse.justj.openjdk.hotspot.jre.full.win32.x86_64_16.0.1.v20210528-1205\jre\bin\java.dll
0x00007ffad5ee0000 - 0x00007ffad5ef8000 	C:\Users\streepmsi\Desktop\Programs\eclipse\plugins\org.eclipse.justj.openjdk.hotspot.jre.full.win32.x86_64_16.0.1.v20210528-1205\jre\bin\zip.dll
0x00007ffadfff0000 - 0x00007ffae072f000 	C:\Windows\System32\SHELL32.dll
0x00007ffadc350000 - 0x00007ffadcae0000 	C:\Windows\SYSTEM32\windows.storage.dll
0x00007ffadf0d0000 - 0x00007ffadf425000 	C:\Windows\System32\combase.dll
0x00007ffaddca0000 - 0x00007ffaddccc000 	C:\Windows\SYSTEM32\Wldp.dll
0x00007ffadfd70000 - 0x00007ffadfe1e000 	C:\Windows\System32\SHCORE.dll
0x00007ffadf070000 - 0x00007ffadf0c5000 	C:\Windows\System32\shlwapi.dll
0x00007ffade190000 - 0x00007ffade1af000 	C:\Windows\SYSTEM32\profapi.dll
0x00007ffad5d80000 - 0x00007ffad5d99000 	C:\Users\streepmsi\Desktop\Programs\eclipse\plugins\org.eclipse.justj.openjdk.hotspot.jre.full.win32.x86_64_16.0.1.v20210528-1205\jre\bin\net.dll
0x00007ffad5c20000 - 0x00007ffad5d28000 	C:\Windows\SYSTEM32\WINHTTP.dll
0x00007ffadda00000 - 0x00007ffadda6a000 	C:\Windows\system32\mswsock.dll
0x00007ffad5bb0000 - 0x00007ffad5bc3000 	C:\Users\streepmsi\Desktop\Programs\eclipse\plugins\org.eclipse.justj.openjdk.hotspot.jre.full.win32.x86_64_16.0.1.v20210528-1205\jre\bin\nio.dll
0x00007ffad5fc0000 - 0x00007ffad5fd0000 	C:\Users\streepmsi\Desktop\Programs\eclipse\plugins\org.eclipse.justj.openjdk.hotspot.jre.full.win32.x86_64_16.0.1.v20210528-1205\jre\bin\verify.dll
0x00007ffad2190000 - 0x00007ffad21f4000 	C:\Users\streepmsi\AppData\Local\Temp\lwjglstreepmsi\3.2.3-build-13\lwjgl.dll
0x00007ffad0e90000 - 0x00007ffad0ef2000 	C:\Users\STREEP~1\AppData\Local\Temp\lwjglstreepmsi\3.2.3-build-13\glfw.dll
0x00007ffadbba0000 - 0x00007ffadbc3e000 	C:\Windows\system32\uxtheme.dll
0x00007ffad23c0000 - 0x00007ffad2405000 	C:\Windows\SYSTEM32\dinput8.dll
0x00007ffad2170000 - 0x00007ffad2181000 	C:\Windows\SYSTEM32\xinput1_4.dll
0x00007ffade250000 - 0x00007ffade29e000 	C:\Windows\System32\cfgmgr32.dll
0x00007ffaddff0000 - 0x00007ffade024000 	C:\Windows\SYSTEM32\DEVOBJ.dll
0x00007ffadbe60000 - 0x00007ffadbe8f000 	C:\Windows\SYSTEM32\dwmapi.dll
0x00007ffacc710000 - 0x00007ffacc862000 	C:\Windows\SYSTEM32\inputhost.dll
0x00007ffadfec0000 - 0x00007ffadff8d000 	C:\Windows\System32\OLEAUT32.dll
0x00007ffadae50000 - 0x00007ffadafa4000 	C:\Windows\SYSTEM32\wintypes.dll
0x00007ffadb880000 - 0x00007ffadb972000 	C:\Windows\SYSTEM32\CoreMessaging.dll
0x00007ffad9900000 - 0x00007ffad99f6000 	C:\Windows\SYSTEM32\PROPSYS.dll
0x00007ffadb520000 - 0x00007ffadb87e000 	C:\Windows\SYSTEM32\CoreUIComponents.dll
0x00007ffadcf40000 - 0x00007ffadcf73000 	C:\Windows\SYSTEM32\ntmarta.dll
0x00007ffadfb40000 - 0x00007ffadfc55000 	C:\Windows\System32\MSCTF.dll
0x00007ffadcae0000 - 0x00007ffadcaed000 	C:\Windows\SYSTEM32\HID.DLL
0x00007ffadf500000 - 0x00007ffadf972000 	C:\Windows\System32\SETUPAPI.DLL
0x00007ffadea90000 - 0x00007ffadeab7000 	C:\Windows\System32\bcrypt.dll
0x00007ffade3a0000 - 0x00007ffade400000 	C:\Windows\System32\WINTRUST.dll
0x00007ffade400000 - 0x00007ffade556000 	C:\Windows\System32\CRYPT32.dll
0x00007ffadde30000 - 0x00007ffadde42000 	C:\Windows\SYSTEM32\MSASN1.dll
0x00007ffaccd10000 - 0x00007ffacce35000 	C:\Windows\SYSTEM32\opengl32.dll
0x00007ffad5910000 - 0x00007ffad593c000 	C:\Windows\SYSTEM32\GLU32.dll
0x00007ffadeee0000 - 0x00007ffadef89000 	C:\Windows\System32\clbcatq.dll
0x00007ffa6a190000 - 0x00007ffa6d14f000 	C:\Windows\System32\DriverStore\FileRepository\nvmii.inf_amd64_129542dbee5a4a5e\nvoglv64.dll
0x00007ffaded30000 - 0x00007ffadee5a000 	C:\Windows\System32\ole32.dll
0x00007ffad9aa0000 - 0x00007ffad9ab4000 	C:\Windows\SYSTEM32\WTSAPI32.dll
0x00007ffaddbf0000 - 0x00007ffaddbfc000 	C:\Windows\SYSTEM32\CRYPTBASE.DLL
0x00007ffad7a70000 - 0x00007ffad7aa1000 	C:\Windows\SYSTEM32\cryptnet.dll
0x00007ffad4ba0000 - 0x00007ffad4cea000 	C:\Windows\SYSTEM32\drvstore.dll
0x00007ffad4b60000 - 0x00007ffad4b9b000 	C:\Windows\SYSTEM32\dxcore.dll
0x00007ffaa7a20000 - 0x00007ffaa7ce3000 	C:\Windows\system32\nvspcap64.dll
0x00007ffadd7c0000 - 0x00007ffadd80b000 	C:\Windows\SYSTEM32\powrprof.dll
0x00007ffadd680000 - 0x00007ffadd692000 	C:\Windows\SYSTEM32\UMPDC.dll
0x00007ffadcff0000 - 0x00007ffadd04a000 	C:\Windows\SYSTEM32\WINSTA.dll
0x00007ffadcb40000 - 0x00007ffadcc34000 	C:\Windows\system32\dxgi.dll
0x00007ffada3d0000 - 0x00007ffada634000 	C:\Windows\system32\d3d11.dll
0x00007ffaba8c0000 - 0x00007ffaba9c6000 	C:\Windows\System32\DriverStore\FileRepository\nvmii.inf_amd64_129542dbee5a4a5e\nvldumdx.dll
0x00007ffae0860000 - 0x00007ffae087d000 	C:\Windows\System32\imagehlp.dll
0x00007ffaddc00000 - 0x00007ffaddc18000 	C:\Windows\SYSTEM32\CRYPTSP.dll
0x00007ffadd310000 - 0x00007ffadd344000 	C:\Windows\system32\rsaenh.dll
0x00007ffa6f320000 - 0x00007ffa71c49000 	C:\Windows\System32\DriverStore\FileRepository\nvmii.inf_amd64_129542dbee5a4a5e\nvwgf2umx.dll
0x00007ffacaf80000 - 0x00007ffacb6e1000 	C:\Windows\SYSTEM32\nvapi64.dll
0x00007ffacbfa0000 - 0x00007ffacbff9000 	C:\Users\streepmsi\AppData\Local\Temp\lwjglstreepmsi\3.2.3-build-13\lwjgl_opengl.dll
0x00007ffaca010000 - 0x00007ffaca109000 	C:\Windows\SYSTEM32\textinputframework.dll
0x00007ffaaabd0000 - 0x00007ffaaad4f000 	C:\Users\streepmsi\Desktop\Programs\eclipse\plugins\org.eclipse.justj.openjdk.hotspot.jre.full.win32.x86_64_16.0.1.v20210528-1205\jre\bin\awt.dll
0x00007ffadbab0000 - 0x00007ffadbb40000 	C:\Windows\SYSTEM32\apphelp.dll
0x00007ffad3040000 - 0x00007ffad46bd000 	C:\Windows\System32\DriverStore\FileRepository\iigd_dch.inf_amd64_a086f01cc7be643a\igd10iumd64.dll
0x00007ffaddd10000 - 0x00007ffaddd37000 	C:\Windows\SYSTEM32\ncrypt.dll
0x00007ffaddcd0000 - 0x00007ffaddd0b000 	C:\Windows\SYSTEM32\NTASN1.dll
0x00007ffad1aa0000 - 0x00007ffad1cdf000 	C:\Windows\System32\DriverStore\FileRepository\iigd_dch.inf_amd64_a086f01cc7be643a\igdgmm64.dll
0x00007fface130000 - 0x00007ffad0d92000 	C:\Windows\System32\DriverStore\FileRepository\iigd_dch.inf_amd64_a086f01cc7be643a\igc64.dll

dbghelp: loaded successfully - version: 4.0.5 - missing functions: none
symbol engine: initialized successfully - sym options: 0x614 - pdb path: .;C:\Users\streepmsi\Desktop\Programs\eclipse\plugins\org.eclipse.justj.openjdk.hotspot.jre.full.win32.x86_64_16.0.1.v20210528-1205\jre\bin;C:\Windows\SYSTEM32;C:\Windows\WinSxS\amd64_microsoft.windows.common-controls_6595b64144ccf1df_6.0.19041.1110_none_60b5254171f9507e;C:\Users\streepmsi\Desktop\Programs\eclipse\plugins\org.eclipse.justj.openjdk.hotspot.jre.full.win32.x86_64_16.0.1.v20210528-1205\jre\bin\server;C:\Users\streepmsi\AppData\Local\Temp\lwjglstreepmsi\3.2.3-build-13;C:\Users\STREEP~1\AppData\Local\Temp\lwjglstreepmsi\3.2.3-build-13;C:\Windows\System32\DriverStore\FileRepository\nvmii.inf_amd64_129542dbee5a4a5e;C:\Windows\System32\DriverStore\FileRepository\iigd_dch.inf_amd64_a086f01cc7be643a

VM Arguments:
jvm_args: -Dfile.encoding=UTF-8 -XX:+ShowCodeDetailsInExceptionMessages 
java_command: com.streep.openglleer.Main
java_class_path (initial): C:\Users\streepmsi\eclipse-workspace\OpenGLLeerproject\bin;C:\Users\streepmsi\Desktop\Libaries\lwjgl.jar;C:\Users\streepmsi\Desktop\Libaries\lwjgl-assimp.jar;C:\Users\streepmsi\Desktop\Libaries\lwjgl-assimp-javadoc.jar;C:\Users\streepmsi\Desktop\Libaries\lwjgl-assimp-natives-windows.jar;C:\Users\streepmsi\Desktop\Libaries\lwjgl-assimp-sources.jar;C:\Users\streepmsi\Desktop\Libaries\lwjgl-bgfx.jar;C:\Users\streepmsi\Desktop\Libaries\lwjgl-bgfx-javadoc.jar;C:\Users\streepmsi\Desktop\Libaries\lwjgl-bgfx-natives-windows.jar;C:\Users\streepmsi\Desktop\Libaries\lwjgl-bgfx-sources.jar;C:\Users\streepmsi\Desktop\Libaries\lwjgl-glfw.jar;C:\Users\streepmsi\Desktop\Libaries\lwjgl-glfw-javadoc.jar;C:\Users\streepmsi\Desktop\Libaries\lwjgl-glfw-natives-windows.jar;C:\Users\streepmsi\Desktop\Libaries\lwjgl-glfw-sources.jar;C:\Users\streepmsi\Desktop\Libaries\lwjgl-javadoc.jar;C:\Users\streepmsi\Desktop\Libaries\lwjgl-nanovg.jar;C:\Users\streepmsi\Desktop\Libaries\lwjgl-nanovg-javadoc.jar;C:\Users\streepmsi\Desktop\Libaries\lwjgl-nanovg-natives-windows.jar;C:\Users\streepmsi\Desktop\Libaries\lwjgl-nanovg-sources.jar;C:\Users\streepmsi\Desktop\Libaries\lwjgl-natives-windows.jar;C:\Users\streepmsi\Desktop\Libaries\lwjgl-nuklear.jar;C:\Users\streepmsi\Desktop\Libaries\lwjgl-nuklear-javadoc.jar;C:\Users\streepmsi\Desktop\Libaries\lwjgl-nuklear-natives-windows.jar;C:\Users\streepmsi\Desktop\Libaries\lwjgl-nuklear-sources.jar;C:\Users\streepmsi\Desktop\Libaries\lwjgl-openal.jar;C:\Users\streepmsi\Desktop\Libaries\lwjgl-openal-javadoc.jar;C:\Users\streepmsi\Desktop\Libaries\lwjgl-openal-natives-windows.jar;C:\Users\streepmsi\Desktop\Libaries\lwjgl-openal-sources.jar;C:\Users\streepmsi\Desktop\Libaries\lwjgl-opengl.jar;C:\Users\streepmsi\Desktop\Libaries\lwjgl-opengl-javadoc.jar;C:\Users\streepmsi\Desktop\Libaries\lwjgl-opengl-natives-windows.jar;C:\Users\streepmsi\Desktop\Libaries\lwjgl-opengl-sources.jar;C:\Users\streepmsi\Desktop\Libaries\lwjgl-par.jar;C:\U
Launcher Type: SUN_STANDARD

[Global flags]
     intx CICompilerCount                          = 4                                         {product} {ergonomic}
     uint ConcGCThreads                            = 2                                         {product} {ergonomic}
     uint G1ConcRefinementThreads                  = 8                                         {product} {ergonomic}
   size_t G1HeapRegionSize                         = 2097152                                   {product} {ergonomic}
    uintx GCDrainStackTargetSize                   = 64                                        {product} {ergonomic}
   size_t InitialHeapSize                          = 266338304                                 {product} {ergonomic}
   size_t MarkStackSize                            = 4194304                                   {product} {ergonomic}
   size_t MaxHeapSize                              = 4248829952                                {product} {ergonomic}
   size_t MaxNewSize                               = 2548039680                                {product} {ergonomic}
   size_t MinHeapDeltaBytes                        = 2097152                                   {product} {ergonomic}
   size_t MinHeapSize                              = 8388608                                   {product} {ergonomic}
    uintx NonNMethodCodeHeapSize                   = 5839372                                {pd product} {ergonomic}
    uintx NonProfiledCodeHeapSize                  = 122909434                              {pd product} {ergonomic}
    uintx ProfiledCodeHeapSize                     = 122909434                              {pd product} {ergonomic}
    uintx ReservedCodeCacheSize                    = 251658240                              {pd product} {ergonomic}
     bool SegmentedCodeCache                       = true                                      {product} {ergonomic}
     bool ShowCodeDetailsInExceptionMessages       = true                                   {manageable} {command line}
   size_t SoftMaxHeapSize                          = 4248829952                             {manageable} {ergonomic}
     bool UseCompressedClassPointers               = true                           {product lp64_product} {ergonomic}
     bool UseCompressedOops                        = true                           {product lp64_product} {ergonomic}
     bool UseG1GC                                  = true                                      {product} {ergonomic}
     bool UseLargePagesIndividualAllocation        = false                                  {pd product} {ergonomic}

Logging:
Log output configuration:
 #0: stdout all=warning uptime,level,tags
 #1: stderr all=off uptime,level,tags

Environment Variables:
PATH=C:/Users/streepmsi/Desktop/Programs/eclipse//plugins/org.eclipse.justj.openjdk.hotspot.jre.full.win32.x86_64_16.0.1.v20210528-1205/jre/bin/server;C:/Users/streepmsi/Desktop/Programs/eclipse//plugins/org.eclipse.justj.openjdk.hotspot.jre.full.win32.x86_64_16.0.1.v20210528-1205/jre/bin;C:\Program Files (x86)\Common Files\Oracle\Java\javapath;C:\Windows\system32;C:\Windows;C:\Windows\System32\Wbem;C:\Windows\System32\WindowsPowerShell\v1.0\;C:\Windows\System32\OpenSSH\;C:\Program Files (x86)\NVIDIA Corporation\PhysX\Common;C:\Program Files\NVIDIA Corporation\NVIDIA NvDLISR;C:\Users\streepmsi\Desktop\Programs\Git\cmd;C:\Users\streepmsi\AppData\Local\Microsoft\WindowsApps;;C:\Users\streepmsi\Desktop\Programs\eclipse;
USERNAME=streepmsi
OS=Windows_NT
PROCESSOR_IDENTIFIER=Intel64 Family 6 Model 165 Stepping 2, GenuineIntel



---------------  S Y S T E M  ---------------

OS:
 Windows 10 , 64 bit Build 19041 (10.0.19041.1202)
OS uptime: 2 days 23:54 hours

CPU: total 8 (initial active 8) (4 cores per cpu, 2 threads per core) family 6 model 165 stepping 2 microcode 0xe2, cx8, cmov, fxsr, ht, mmx, 3dnowpref, sse, sse2, sse3, ssse3, sse4.1, sse4.2, popcnt, lzcnt, tsc, tscinvbit, avx, avx2, aes, erms, clmul, bmi1, bmi2, adx, fma, vzeroupper, clflush, clflushopt

Memory: 4k page, system-wide physical 16205M (8782M free)
TotalPageFile size 18637M (AvailPageFile size 9168M)
current process WorkingSet (physical memory assigned to process): 176M, peak: 176M
current process commit charge ("private bytes"): 457M, peak: 457M

vm_info: OpenJDK 64-Bit Server VM (16.0.1+9-24) for windows-amd64 JRE (16.0.1+9-24), built on Mar 26 2021 19:30:07 by "mach5one" with MS VC++ 16.7 (VS2019)

END.
