#
# A fatal error has been detected by the Java Runtime Environment:
#
#  EXCEPTION_ACCESS_VIOLATION (0xc0000005) at pc=0x00007ffa9bc8c160, pid=7984, tid=11604
#
# JRE version: OpenJDK Runtime Environment (16.0.1+9) (build 16.0.1+9-24)
# Java VM: OpenJDK 64-Bit Server VM (16.0.1+9-24, mixed mode, tiered, compressed oops, compressed class ptrs, g1 gc, windows-amd64)
# Problematic frame:
# V  [jvm.dll+0xc160]
#
# No core dump will be written. Minidumps are not enabled by default on client versions of Windows
#
# If you would like to submit a bug report, please visit:
#   https://bugreport.java.com/bugreport/crash.jsp
#

---------------  S U M M A R Y ------------

Command Line: -Dfile.encoding=UTF-8 -XX:+ShowCodeDetailsInExceptionMessages com.streep.openglleer.Main

Host: Intel(R) Core(TM) i5-10200H CPU @ 2.40GHz, 8 cores, 15G,  Windows 10 , 64 bit Build 19041 (10.0.19041.1202)
Time: Thu Oct 14 13:21:37 2021 W. Europe Summer Time elapsed time: 2.445722 seconds (0d 0h 0m 2s)

---------------  T H R E A D  ---------------

Current thread (0x000001cb4b867f70):  JavaThread "C2 CompilerThread0" daemon [_thread_in_vm, id=11604, stack(0x0000009f54000000,0x0000009f54100000)]


Current CompileTask:
C2:   2445 1076       4       org.lwjgl.system.MemoryUtil::strlen64NT1 (119 bytes)

Stack: [0x0000009f54000000,0x0000009f54100000],  sp=0x0000009f540fcdb8,  free space=1011k
Native frames: (J=compiled Java code, j=interpreted, Vv=VM code, C=native code)
V  [jvm.dll+0xc160]


siginfo: EXCEPTION_ACCESS_VIOLATION (0xc0000005), reading address 0xffffffffffffffff


Register to memory mapping:

RIP=0x00007ffa9bc8c160 jvm.dll
RAX=0x00007ffa6ad258f0 nvoglv64.dll
RBX=0x000001cb2c3ee6e0 points into unknown readable memory: 0x000001cb4b867f70 | 70 7f 86 4b cb 01 00 00
RCX=0xcccccccccccccccc is an unknown value
RDX=0x0000000000000060 is an unknown value
RSP=0x0000009f540fcdb8 is pointing into the stack for thread: 0x000001cb4b867f70
RBP=0x000001cb4b867f70 is a thread
RSI=0x0000000711200258 is an oop: java.security.ProtectionDomain 
{0x0000000711200258} - klass: 'java/security/ProtectionDomain'
RDI=0x000001cb52d5f050 points into unknown readable memory: 0x00007ffa6ad259f0 | f0 59 d2 6a fa 7f 00 00
R8 =0x000001cb4ac52028 points into unknown readable memory: 0x7573000fc748ffff | ff ff 48 c7 0f 00 73 75
R9 =0x000001cb4b8643b0 points into unknown readable memory: 0x0000000711200258 | 58 02 20 11 07 00 00 00
R10=0x0000000068f5c748 is an unknown value
R11=0x0000000000000445 is an unknown value
R12=0x0000009f540fd040 is pointing into the stack for thread: 0x000001cb4b867f70
R13=0x0 is NULL
R14=0x000001cb4ac52028 points into unknown readable memory: 0x7573000fc748ffff | ff ff 48 c7 0f 00 73 75
R15=0x000001cb4b88d3c0 points into unknown readable memory: 0x00007ffa9c541410 | 10 14 54 9c fa 7f 00 00


Registers:
RAX=0x00007ffa6ad258f0, RBX=0x000001cb2c3ee6e0, RCX=0xcccccccccccccccc, RDX=0x0000000000000060
RSP=0x0000009f540fcdb8, RBP=0x000001cb4b867f70, RSI=0x0000000711200258, RDI=0x000001cb52d5f050
R8 =0x000001cb4ac52028, R9 =0x000001cb4b8643b0, R10=0x0000000068f5c748, R11=0x0000000000000445
R12=0x0000009f540fd040, R13=0x0000000000000000, R14=0x000001cb4ac52028, R15=0x000001cb4b88d3c0
RIP=0x00007ffa9bc8c160, EFLAGS=0x0000000000010206

Top of Stack: (sp=0x0000009f540fcdb8)
0x0000009f540fcdb8:   00007ffa9bf1b82c 000001cb2c3ee6e0
0x0000009f540fcdc8:   00007ffa9c2eab39 00000008000ef9e8
0x0000009f540fcdd8:   0000009f540fd040 000001cb4b860d50
0x0000009f540fcde8:   00007ffa9bf1b8d6 000001cb4be0e680
0x0000009f540fcdf8:   0000000711208718 000001cb52b7ad10
0x0000009f540fce08:   00007ffa9be54827 000001cb4b8643b0
0x0000009f540fce18:   00007ffa9c3bee9d 000000000000000f
0x0000009f540fce28:   000001cb4bc1caa7 000001cb4b867f70
0x0000009f540fce38:   000001cb4bc1caa7 000001cb4ac52028
0x0000009f540fce48:   00007ffa9c3bf3d4 000001cb4b8643b0
0x0000009f540fce58:   000001cb4ac52028 000001cb4b8643a8
0x0000009f540fce68:   00007ffa9c2bab28 000001cb52b7ad10
0x0000009f540fce78:   00007ffa9c2eab39 0000000000000000
0x0000009f540fce88:   0000009f540fd040 000001cb4b8643b0
0x0000009f540fce98:   000001cb4b8643a8 000001cb4b8643b0
0x0000009f540fcea8:   00007ffa9be42133 000001cb2c3ef660 

Instructions: (pc=0x00007ffa9bc8c160)
0x00007ffa9bc8c060:   bc cf a5 00 48 83 c4 20 5b 48 ff e0 48 8d 05 ed
0x00007ffa9bc8c070:   00 00 00 48 8b cb 48 89 05 a3 cf a5 00 48 83 c4
0x00007ffa9bc8c080:   20 5b 48 ff e0 48 8d 05 d4 00 00 00 48 8b cb 48
0x00007ffa9bc8c090:   89 05 8a cf a5 00 48 83 c4 20 5b 48 ff e0 48 8b
0x00007ffa9bc8c0a0:   0d 1b b0 ab 00 8b 51 10 83 ea 01 0f 84 8b 00 00
0x00007ffa9bc8c0b0:   00 83 ea 01 74 6d 83 ea 01 74 4f 83 fa 01 74 31
0x00007ffa9bc8c0c0:   4c 8d 05 81 ba 81 00 ba e8 00 00 00 48 8d 0d ad
0x00007ffa9bc8c0d0:   ba 81 00 e8 a8 6a 23 00 e8 63 c2 65 00 33 c0 48
0x00007ffa9bc8c0e0:   8b cb 48 89 05 37 cf a5 00 48 83 c4 20 5b 48 ff
0x00007ffa9bc8c0f0:   e0 48 8d 05 78 00 00 00 48 8b cb 48 89 05 1e cf
0x00007ffa9bc8c100:   a5 00 48 83 c4 20 5b 48 ff e0 48 8d 05 4f 00 00
0x00007ffa9bc8c110:   00 48 8b cb 48 89 05 05 cf a5 00 48 83 c4 20 5b
0x00007ffa9bc8c120:   48 ff e0 48 8d 05 36 00 00 00 48 8b cb 48 89 05
0x00007ffa9bc8c130:   ec ce a5 00 48 83 c4 20 5b 48 ff e0 48 8d 05 1d
0x00007ffa9bc8c140:   00 00 00 48 8b cb 48 89 05 d3 ce a5 00 48 83 c4
0x00007ffa9bc8c150:   20 5b 48 ff e0 cc cc cc cc cc cc cc cc cc cc cc
0x00007ffa9bc8c160:   48 8b 01 c3 cc cc cc cc cc cc cc cc cc cc cc cc
0x00007ffa9bc8c170:   48 89 5c 24 08 57 48 83 ec 20 48 8b 39 48 8b d9
0x00007ffa9bc8c180:   48 85 3d a1 7c b0 00 75 0e 48 8b c7 48 8b 5c 24
0x00007ffa9bc8c190:   30 48 83 c4 20 5f c3 48 8b cf e8 81 f6 7e 00 48
0x00007ffa9bc8c1a0:   8b d0 48 85 c0 74 20 48 8b c7 f0 48 0f b1 13 74
0x00007ffa9bc8c1b0:   16 48 85 05 70 7c b0 00 74 0d 48 8b c8 f0 48 0f
0x00007ffa9bc8c1c0:   b1 13 48 3b c1 75 ea 48 8b 5c 24 30 48 8b c2 48
0x00007ffa9bc8c1d0:   83 c4 20 5f c3 cc cc cc cc cc cc cc cc cc cc cc
0x00007ffa9bc8c1e0:   8b 44 24 30 45 03 c9 44 2b 4c 24 28 83 c0 0b 44
0x00007ffa9bc8c1f0:   03 ca 45 03 c8 41 03 c1 c3 cc cc cc cc cc cc cc
0x00007ffa9bc8c200:   48 8b 41 08 0f b7 48 32 0f b7 40 30 83 c0 48 03
0x00007ffa9bc8c210:   c1 c3 cc cc cc cc cc cc cc cc cc cc cc cc cc cc
0x00007ffa9bc8c220:   48 89 5c 24 08 57 48 83 ec 20 0f b6 05 ff 83 b0
0x00007ffa9bc8c230:   00 48 8b fa 48 8b d9 84 c0 74 4f 48 85 15 e6 7b
0x00007ffa9bc8c240:   b0 00 74 38 48 8b ca e8 34 fc 7e 00 48 8b d0 48
0x00007ffa9bc8c250:   85 db 74 25 48 85 c0 74 20 48 8b c7 f0 48 0f b1 


Stack slot to memory mapping:
stack at sp + 0 slots: 0x00007ffa9bf1b82c jvm.dll
stack at sp + 1 slots: 0x000001cb2c3ee6e0 points into unknown readable memory: 0x000001cb4b867f70 | 70 7f 86 4b cb 01 00 00
stack at sp + 2 slots: 0x00007ffa9c2eab39 jvm.dll
stack at sp + 3 slots: 0x00000008000ef9e8 is a pointer to class: 
sun.misc.Unsafe {0x00000008000ef9f0}
stack at sp + 4 slots: 0x0000009f540fd040 is pointing into the stack for thread: 0x000001cb4b867f70
stack at sp + 5 slots: 0x000001cb4b860d50 points into unknown readable memory: 0x0000000000000002 | 02 00 00 00 00 00 00 00
stack at sp + 6 slots: 0x00007ffa9bf1b8d6 jvm.dll
stack at sp + 7 slots: 0x000001cb4be0e680 points into unknown readable memory: 0xb0b0e0a068f5c748 | 48 c7 f5 68 a0 e0 b0 b0


---------------  P R O C E S S  ---------------

Threads class SMR info:
_java_thread_list=0x000001cb5301cda0, length=15, elements={
0x000001cb2c3f49e0, 0x000001cb4b837130, 0x000001cb4b837ff0, 0x000001cb4b822eb0,
0x000001cb4b823ab0, 0x000001cb4b8245b0, 0x000001cb4b8617b0, 0x000001cb4b867f70,
0x000001cb4b8688c0, 0x000001cb4b86bdc0, 0x000001cb4b9cc1e0, 0x000001cb4b9eccc0,
0x000001cb527c1650, 0x000001cb527bf420, 0x000001cb52c67fb0
}

Java Threads: ( => current thread )
  0x000001cb2c3f49e0 JavaThread "main" [_thread_blocked, id=10744, stack(0x0000009f53300000,0x0000009f53400000)]
  0x000001cb4b837130 JavaThread "Reference Handler" daemon [_thread_blocked, id=14524, stack(0x0000009f53a00000,0x0000009f53b00000)]
  0x000001cb4b837ff0 JavaThread "Finalizer" daemon [_thread_blocked, id=4108, stack(0x0000009f53b00000,0x0000009f53c00000)]
  0x000001cb4b822eb0 JavaThread "Signal Dispatcher" daemon [_thread_blocked, id=4088, stack(0x0000009f53c00000,0x0000009f53d00000)]
  0x000001cb4b823ab0 JavaThread "Attach Listener" daemon [_thread_blocked, id=1452, stack(0x0000009f53d00000,0x0000009f53e00000)]
  0x000001cb4b8245b0 JavaThread "Service Thread" daemon [_thread_blocked, id=1604, stack(0x0000009f53e00000,0x0000009f53f00000)]
  0x000001cb4b8617b0 JavaThread "Monitor Deflation Thread" daemon [_thread_blocked, id=13812, stack(0x0000009f53f00000,0x0000009f54000000)]
=>0x000001cb4b867f70 JavaThread "C2 CompilerThread0" daemon [_thread_in_vm, id=11604, stack(0x0000009f54000000,0x0000009f54100000)]
  0x000001cb4b8688c0 JavaThread "C1 CompilerThread0" daemon [_thread_blocked, id=288, stack(0x0000009f54100000,0x0000009f54200000)]
  0x000001cb4b86bdc0 JavaThread "Sweeper thread" daemon [_thread_blocked, id=7288, stack(0x0000009f54200000,0x0000009f54300000)]
  0x000001cb4b9cc1e0 JavaThread "Notification Thread" daemon [_thread_blocked, id=9108, stack(0x0000009f54300000,0x0000009f54400000)]
  0x000001cb4b9eccc0 JavaThread "Common-Cleaner" daemon [_thread_blocked, id=11056, stack(0x0000009f54500000,0x0000009f54600000)]
  0x000001cb527c1650 JavaThread "C2 CompilerThread1" daemon [_thread_blocked, id=4312, stack(0x0000009f54600000,0x0000009f54700000)]
  0x000001cb527bf420 JavaThread "Java2D Disposer" daemon [_thread_blocked, id=16024, stack(0x0000009f54f10000,0x0000009f55010000)]
  0x000001cb52c67fb0 JavaThread "C2 CompilerThread2" daemon [_thread_blocked, id=7776, stack(0x0000009f55120000,0x0000009f55220000)]

Other Threads:
  0x000001cb4ad5d4d0 VMThread "VM Thread" [stack: 0x0000009f53900000,0x0000009f53a00000] [id=13292]
  0x000001cb4b9ccb10 WatcherThread [stack: 0x0000009f54400000,0x0000009f54500000] [id=10956]
  0x000001cb2c43de90 GCTaskThread "GC Thread#0" [stack: 0x0000009f53400000,0x0000009f53500000] [id=7900]
  0x000001cb4c3b9c00 GCTaskThread "GC Thread#1" [stack: 0x0000009f55220000,0x0000009f55320000] [id=5392]
  0x000001cb4c3ba530 GCTaskThread "GC Thread#2" [stack: 0x0000009f55320000,0x0000009f55420000] [id=6988]
  0x000001cb4c3ba840 GCTaskThread "GC Thread#3" [stack: 0x0000009f55420000,0x0000009f55520000] [id=968]
  0x000001cb53051640 GCTaskThread "GC Thread#4" [stack: 0x0000009f55520000,0x0000009f55620000] [id=8748]
  0x000001cb53052ec0 GCTaskThread "GC Thread#5" [stack: 0x0000009f55620000,0x0000009f55720000] [id=16588]
  0x000001cb530503e0 GCTaskThread "GC Thread#6" [stack: 0x0000009f55720000,0x0000009f55820000] [id=3000]
  0x000001cb53051f70 GCTaskThread "GC Thread#7" [stack: 0x0000009f55820000,0x0000009f55920000] [id=15296]
  0x000001cb2c4504c0 ConcurrentGCThread "G1 Main Marker" [stack: 0x0000009f53500000,0x0000009f53600000] [id=464]
  0x000001cb2c450fb0 ConcurrentGCThread "G1 Conc#0" [stack: 0x0000009f53600000,0x0000009f53700000] [id=15188]
  0x000001cb2c4c6f10 ConcurrentGCThread "G1 Refine#0" [stack: 0x0000009f53700000,0x0000009f53800000] [id=3100]
  0x000001cb2c4c7a10 ConcurrentGCThread "G1 Service" [stack: 0x0000009f53800000,0x0000009f53900000] [id=12076]

Threads with active compile tasks:
C2 CompilerThread0     2471 1076       4       org.lwjgl.system.MemoryUtil::strlen64NT1 (119 bytes)
C2 CompilerThread2     2471 1075       4       java.util.concurrent.ConcurrentHashMap::get (162 bytes)

VM state: not at safepoint (normal execution)

VM Mutex/Monitor currently owned by a thread:  ([mutex/lock_event])
[0x000001cb2c3ee6e0] ProtectionDomainSet_lock - owner thread: 0x000001cb4b867f70
[0x000001cb2c3ef660] Compile_lock - owner thread: 0x000001cb4b867f70
[0x000001cb2c3f0e90] MethodCompileQueue_lock - owner thread: 0x000001cb52c67fb0

Heap address: 0x0000000702c00000, size: 4052 MB, Compressed Oops mode: Zero based, Oop shift amount: 3

CDS disabled.
Compressed class space mapped at: 0x0000000800000000-0x0000000840000000, reserved size: 1073741824
Narrow klass base: 0x0000000800000000, Narrow klass shift: 0, Narrow klass range: 0x40000000

GC Precious Log:
 CPUs: 8 total, 8 available
 Memory: 16205M
 Large Page Support: Disabled
 NUMA Support: Disabled
 Compressed Oops: Enabled (Zero based)
 Heap Region Size: 2M
 Heap Min Capacity: 8M
 Heap Initial Capacity: 254M
 Heap Max Capacity: 4052M
 Pre-touch: Disabled
 Parallel Workers: 8
 Concurrent Workers: 2
 Concurrent Refinement Workers: 8
 Periodic GC: Disabled

Heap:
 garbage-first heap   total 260096K, used 3253K [0x0000000702c00000, 0x0000000800000000)
  region size 2048K, 3 young (6144K), 2 survivors (4096K)
 Metaspace       used 16195K, committed 16384K, reserved 1064960K
  class space    used 1108K, committed 1152K, reserved 1048576K

Heap Regions: E=young(eden), S=young(survivor), O=old, HS=humongous(starts), HC=humongous(continues), CS=collection set, F=free, OA=open archive, CA=closed archive, TAMS=top-at-mark-start (previous, next)
|   0|0x0000000702c00000, 0x0000000702c00000, 0x0000000702e00000|  0%| F|  |TAMS 0x0000000702c00000, 0x0000000702c00000| Untracked 
|   1|0x0000000702e00000, 0x0000000702e00000, 0x0000000703000000|  0%| F|  |TAMS 0x0000000702e00000, 0x0000000702e00000| Untracked 
|   2|0x0000000703000000, 0x0000000703000000, 0x0000000703200000|  0%| F|  |TAMS 0x0000000703000000, 0x0000000703000000| Untracked 
|   3|0x0000000703200000, 0x0000000703200000, 0x0000000703400000|  0%| F|  |TAMS 0x0000000703200000, 0x0000000703200000| Untracked 
|   4|0x0000000703400000, 0x0000000703400000, 0x0000000703600000|  0%| F|  |TAMS 0x0000000703400000, 0x0000000703400000| Untracked 
|   5|0x0000000703600000, 0x0000000703600000, 0x0000000703800000|  0%| F|  |TAMS 0x0000000703600000, 0x0000000703600000| Untracked 
|   6|0x0000000703800000, 0x0000000703800000, 0x0000000703a00000|  0%| F|  |TAMS 0x0000000703800000, 0x0000000703800000| Untracked 
|   7|0x0000000703a00000, 0x0000000703a00000, 0x0000000703c00000|  0%| F|  |TAMS 0x0000000703a00000, 0x0000000703a00000| Untracked 
|   8|0x0000000703c00000, 0x0000000703c00000, 0x0000000703e00000|  0%| F|  |TAMS 0x0000000703c00000, 0x0000000703c00000| Untracked 
|   9|0x0000000703e00000, 0x0000000703e00000, 0x0000000704000000|  0%| F|  |TAMS 0x0000000703e00000, 0x0000000703e00000| Untracked 
|  10|0x0000000704000000, 0x0000000704000000, 0x0000000704200000|  0%| F|  |TAMS 0x0000000704000000, 0x0000000704000000| Untracked 
|  11|0x0000000704200000, 0x0000000704200000, 0x0000000704400000|  0%| F|  |TAMS 0x0000000704200000, 0x0000000704200000| Untracked 
|  12|0x0000000704400000, 0x0000000704400000, 0x0000000704600000|  0%| F|  |TAMS 0x0000000704400000, 0x0000000704400000| Untracked 
|  13|0x0000000704600000, 0x0000000704600000, 0x0000000704800000|  0%| F|  |TAMS 0x0000000704600000, 0x0000000704600000| Untracked 
|  14|0x0000000704800000, 0x0000000704800000, 0x0000000704a00000|  0%| F|  |TAMS 0x0000000704800000, 0x0000000704800000| Untracked 
|  15|0x0000000704a00000, 0x0000000704a00000, 0x0000000704c00000|  0%| F|  |TAMS 0x0000000704a00000, 0x0000000704a00000| Untracked 
|  16|0x0000000704c00000, 0x0000000704c00000, 0x0000000704e00000|  0%| F|  |TAMS 0x0000000704c00000, 0x0000000704c00000| Untracked 
|  17|0x0000000704e00000, 0x0000000704e00000, 0x0000000705000000|  0%| F|  |TAMS 0x0000000704e00000, 0x0000000704e00000| Untracked 
|  18|0x0000000705000000, 0x0000000705000000, 0x0000000705200000|  0%| F|  |TAMS 0x0000000705000000, 0x0000000705000000| Untracked 
|  19|0x0000000705200000, 0x0000000705200000, 0x0000000705400000|  0%| F|  |TAMS 0x0000000705200000, 0x0000000705200000| Untracked 
|  20|0x0000000705400000, 0x0000000705400000, 0x0000000705600000|  0%| F|  |TAMS 0x0000000705400000, 0x0000000705400000| Untracked 
|  21|0x0000000705600000, 0x0000000705600000, 0x0000000705800000|  0%| F|  |TAMS 0x0000000705600000, 0x0000000705600000| Untracked 
|  22|0x0000000705800000, 0x0000000705800000, 0x0000000705a00000|  0%| F|  |TAMS 0x0000000705800000, 0x0000000705800000| Untracked 
|  23|0x0000000705a00000, 0x0000000705a00000, 0x0000000705c00000|  0%| F|  |TAMS 0x0000000705a00000, 0x0000000705a00000| Untracked 
|  24|0x0000000705c00000, 0x0000000705c00000, 0x0000000705e00000|  0%| F|  |TAMS 0x0000000705c00000, 0x0000000705c00000| Untracked 
|  25|0x0000000705e00000, 0x0000000705e00000, 0x0000000706000000|  0%| F|  |TAMS 0x0000000705e00000, 0x0000000705e00000| Untracked 
|  26|0x0000000706000000, 0x0000000706000000, 0x0000000706200000|  0%| F|  |TAMS 0x0000000706000000, 0x0000000706000000| Untracked 
|  27|0x0000000706200000, 0x0000000706200000, 0x0000000706400000|  0%| F|  |TAMS 0x0000000706200000, 0x0000000706200000| Untracked 
|  28|0x0000000706400000, 0x0000000706400000, 0x0000000706600000|  0%| F|  |TAMS 0x0000000706400000, 0x0000000706400000| Untracked 
|  29|0x0000000706600000, 0x0000000706600000, 0x0000000706800000|  0%| F|  |TAMS 0x0000000706600000, 0x0000000706600000| Untracked 
|  30|0x0000000706800000, 0x0000000706800000, 0x0000000706a00000|  0%| F|  |TAMS 0x0000000706800000, 0x0000000706800000| Untracked 
|  31|0x0000000706a00000, 0x0000000706a00000, 0x0000000706c00000|  0%| F|  |TAMS 0x0000000706a00000, 0x0000000706a00000| Untracked 
|  32|0x0000000706c00000, 0x0000000706c00000, 0x0000000706e00000|  0%| F|  |TAMS 0x0000000706c00000, 0x0000000706c00000| Untracked 
|  33|0x0000000706e00000, 0x0000000706e00000, 0x0000000707000000|  0%| F|  |TAMS 0x0000000706e00000, 0x0000000706e00000| Untracked 
|  34|0x0000000707000000, 0x0000000707000000, 0x0000000707200000|  0%| F|  |TAMS 0x0000000707000000, 0x0000000707000000| Untracked 
|  35|0x0000000707200000, 0x0000000707200000, 0x0000000707400000|  0%| F|  |TAMS 0x0000000707200000, 0x0000000707200000| Untracked 
|  36|0x0000000707400000, 0x0000000707400000, 0x0000000707600000|  0%| F|  |TAMS 0x0000000707400000, 0x0000000707400000| Untracked 
|  37|0x0000000707600000, 0x0000000707600000, 0x0000000707800000|  0%| F|  |TAMS 0x0000000707600000, 0x0000000707600000| Untracked 
|  38|0x0000000707800000, 0x0000000707800000, 0x0000000707a00000|  0%| F|  |TAMS 0x0000000707800000, 0x0000000707800000| Untracked 
|  39|0x0000000707a00000, 0x0000000707a00000, 0x0000000707c00000|  0%| F|  |TAMS 0x0000000707a00000, 0x0000000707a00000| Untracked 
|  40|0x0000000707c00000, 0x0000000707c00000, 0x0000000707e00000|  0%| F|  |TAMS 0x0000000707c00000, 0x0000000707c00000| Untracked 
|  41|0x0000000707e00000, 0x0000000707e00000, 0x0000000708000000|  0%| F|  |TAMS 0x0000000707e00000, 0x0000000707e00000| Untracked 
|  42|0x0000000708000000, 0x0000000708000000, 0x0000000708200000|  0%| F|  |TAMS 0x0000000708000000, 0x0000000708000000| Untracked 
|  43|0x0000000708200000, 0x0000000708200000, 0x0000000708400000|  0%| F|  |TAMS 0x0000000708200000, 0x0000000708200000| Untracked 
|  44|0x0000000708400000, 0x0000000708400000, 0x0000000708600000|  0%| F|  |TAMS 0x0000000708400000, 0x0000000708400000| Untracked 
|  45|0x0000000708600000, 0x0000000708600000, 0x0000000708800000|  0%| F|  |TAMS 0x0000000708600000, 0x0000000708600000| Untracked 
|  46|0x0000000708800000, 0x0000000708800000, 0x0000000708a00000|  0%| F|  |TAMS 0x0000000708800000, 0x0000000708800000| Untracked 
|  47|0x0000000708a00000, 0x0000000708a00000, 0x0000000708c00000|  0%| F|  |TAMS 0x0000000708a00000, 0x0000000708a00000| Untracked 
|  48|0x0000000708c00000, 0x0000000708c00000, 0x0000000708e00000|  0%| F|  |TAMS 0x0000000708c00000, 0x0000000708c00000| Untracked 
|  49|0x0000000708e00000, 0x0000000708e00000, 0x0000000709000000|  0%| F|  |TAMS 0x0000000708e00000, 0x0000000708e00000| Untracked 
|  50|0x0000000709000000, 0x0000000709000000, 0x0000000709200000|  0%| F|  |TAMS 0x0000000709000000, 0x0000000709000000| Untracked 
|  51|0x0000000709200000, 0x0000000709200000, 0x0000000709400000|  0%| F|  |TAMS 0x0000000709200000, 0x0000000709200000| Untracked 
|  52|0x0000000709400000, 0x0000000709400000, 0x0000000709600000|  0%| F|  |TAMS 0x0000000709400000, 0x0000000709400000| Untracked 
|  53|0x0000000709600000, 0x0000000709600000, 0x0000000709800000|  0%| F|  |TAMS 0x0000000709600000, 0x0000000709600000| Untracked 
|  54|0x0000000709800000, 0x0000000709800000, 0x0000000709a00000|  0%| F|  |TAMS 0x0000000709800000, 0x0000000709800000| Untracked 
|  55|0x0000000709a00000, 0x0000000709a00000, 0x0000000709c00000|  0%| F|  |TAMS 0x0000000709a00000, 0x0000000709a00000| Untracked 
|  56|0x0000000709c00000, 0x0000000709c00000, 0x0000000709e00000|  0%| F|  |TAMS 0x0000000709c00000, 0x0000000709c00000| Untracked 
|  57|0x0000000709e00000, 0x0000000709e00000, 0x000000070a000000|  0%| F|  |TAMS 0x0000000709e00000, 0x0000000709e00000| Untracked 
|  58|0x000000070a000000, 0x000000070a000000, 0x000000070a200000|  0%| F|  |TAMS 0x000000070a000000, 0x000000070a000000| Untracked 
|  59|0x000000070a200000, 0x000000070a200000, 0x000000070a400000|  0%| F|  |TAMS 0x000000070a200000, 0x000000070a200000| Untracked 
|  60|0x000000070a400000, 0x000000070a400000, 0x000000070a600000|  0%| F|  |TAMS 0x000000070a400000, 0x000000070a400000| Untracked 
|  61|0x000000070a600000, 0x000000070a600000, 0x000000070a800000|  0%| F|  |TAMS 0x000000070a600000, 0x000000070a600000| Untracked 
|  62|0x000000070a800000, 0x000000070a800000, 0x000000070aa00000|  0%| F|  |TAMS 0x000000070a800000, 0x000000070a800000| Untracked 
|  63|0x000000070aa00000, 0x000000070aa00000, 0x000000070ac00000|  0%| F|  |TAMS 0x000000070aa00000, 0x000000070aa00000| Untracked 
|  64|0x000000070ac00000, 0x000000070ac00000, 0x000000070ae00000|  0%| F|  |TAMS 0x000000070ac00000, 0x000000070ac00000| Untracked 
|  65|0x000000070ae00000, 0x000000070ae00000, 0x000000070b000000|  0%| F|  |TAMS 0x000000070ae00000, 0x000000070ae00000| Untracked 
|  66|0x000000070b000000, 0x000000070b000000, 0x000000070b200000|  0%| F|  |TAMS 0x000000070b000000, 0x000000070b000000| Untracked 
|  67|0x000000070b200000, 0x000000070b200000, 0x000000070b400000|  0%| F|  |TAMS 0x000000070b200000, 0x000000070b200000| Untracked 
|  68|0x000000070b400000, 0x000000070b400000, 0x000000070b600000|  0%| F|  |TAMS 0x000000070b400000, 0x000000070b400000| Untracked 
|  69|0x000000070b600000, 0x000000070b600000, 0x000000070b800000|  0%| F|  |TAMS 0x000000070b600000, 0x000000070b600000| Untracked 
|  70|0x000000070b800000, 0x000000070b800000, 0x000000070ba00000|  0%| F|  |TAMS 0x000000070b800000, 0x000000070b800000| Untracked 
|  71|0x000000070ba00000, 0x000000070ba00000, 0x000000070bc00000|  0%| F|  |TAMS 0x000000070ba00000, 0x000000070ba00000| Untracked 
|  72|0x000000070bc00000, 0x000000070bc00000, 0x000000070be00000|  0%| F|  |TAMS 0x000000070bc00000, 0x000000070bc00000| Untracked 
|  73|0x000000070be00000, 0x000000070be00000, 0x000000070c000000|  0%| F|  |TAMS 0x000000070be00000, 0x000000070be00000| Untracked 
|  74|0x000000070c000000, 0x000000070c000000, 0x000000070c200000|  0%| F|  |TAMS 0x000000070c000000, 0x000000070c000000| Untracked 
|  75|0x000000070c200000, 0x000000070c200000, 0x000000070c400000|  0%| F|  |TAMS 0x000000070c200000, 0x000000070c200000| Untracked 
|  76|0x000000070c400000, 0x000000070c400000, 0x000000070c600000|  0%| F|  |TAMS 0x000000070c400000, 0x000000070c400000| Untracked 
|  77|0x000000070c600000, 0x000000070c600000, 0x000000070c800000|  0%| F|  |TAMS 0x000000070c600000, 0x000000070c600000| Untracked 
|  78|0x000000070c800000, 0x000000070c800000, 0x000000070ca00000|  0%| F|  |TAMS 0x000000070c800000, 0x000000070c800000| Untracked 
|  79|0x000000070ca00000, 0x000000070ca00000, 0x000000070cc00000|  0%| F|  |TAMS 0x000000070ca00000, 0x000000070ca00000| Untracked 
|  80|0x000000070cc00000, 0x000000070cc00000, 0x000000070ce00000|  0%| F|  |TAMS 0x000000070cc00000, 0x000000070cc00000| Untracked 
|  81|0x000000070ce00000, 0x000000070ce00000, 0x000000070d000000|  0%| F|  |TAMS 0x000000070ce00000, 0x000000070ce00000| Untracked 
|  82|0x000000070d000000, 0x000000070d000000, 0x000000070d200000|  0%| F|  |TAMS 0x000000070d000000, 0x000000070d000000| Untracked 
|  83|0x000000070d200000, 0x000000070d200000, 0x000000070d400000|  0%| F|  |TAMS 0x000000070d200000, 0x000000070d200000| Untracked 
|  84|0x000000070d400000, 0x000000070d400000, 0x000000070d600000|  0%| F|  |TAMS 0x000000070d400000, 0x000000070d400000| Untracked 
|  85|0x000000070d600000, 0x000000070d600000, 0x000000070d800000|  0%| F|  |TAMS 0x000000070d600000, 0x000000070d600000| Untracked 
|  86|0x000000070d800000, 0x000000070d800000, 0x000000070da00000|  0%| F|  |TAMS 0x000000070d800000, 0x000000070d800000| Untracked 
|  87|0x000000070da00000, 0x000000070da00000, 0x000000070dc00000|  0%| F|  |TAMS 0x000000070da00000, 0x000000070da00000| Untracked 
|  88|0x000000070dc00000, 0x000000070dc00000, 0x000000070de00000|  0%| F|  |TAMS 0x000000070dc00000, 0x000000070dc00000| Untracked 
|  89|0x000000070de00000, 0x000000070de00000, 0x000000070e000000|  0%| F|  |TAMS 0x000000070de00000, 0x000000070de00000| Untracked 
|  90|0x000000070e000000, 0x000000070e000000, 0x000000070e200000|  0%| F|  |TAMS 0x000000070e000000, 0x000000070e000000| Untracked 
|  91|0x000000070e200000, 0x000000070e200000, 0x000000070e400000|  0%| F|  |TAMS 0x000000070e200000, 0x000000070e200000| Untracked 
|  92|0x000000070e400000, 0x000000070e400000, 0x000000070e600000|  0%| F|  |TAMS 0x000000070e400000, 0x000000070e400000| Untracked 
|  93|0x000000070e600000, 0x000000070e600000, 0x000000070e800000|  0%| F|  |TAMS 0x000000070e600000, 0x000000070e600000| Untracked 
|  94|0x000000070e800000, 0x000000070e800000, 0x000000070ea00000|  0%| F|  |TAMS 0x000000070e800000, 0x000000070e800000| Untracked 
|  95|0x000000070ea00000, 0x000000070ea00000, 0x000000070ec00000|  0%| F|  |TAMS 0x000000070ea00000, 0x000000070ea00000| Untracked 
|  96|0x000000070ec00000, 0x000000070ec00000, 0x000000070ee00000|  0%| F|  |TAMS 0x000000070ec00000, 0x000000070ec00000| Untracked 
|  97|0x000000070ee00000, 0x000000070ee00000, 0x000000070f000000|  0%| F|  |TAMS 0x000000070ee00000, 0x000000070ee00000| Untracked 
|  98|0x000000070f000000, 0x000000070f000000, 0x000000070f200000|  0%| F|  |TAMS 0x000000070f000000, 0x000000070f000000| Untracked 
|  99|0x000000070f200000, 0x000000070f200000, 0x000000070f400000|  0%| F|  |TAMS 0x000000070f200000, 0x000000070f200000| Untracked 
| 100|0x000000070f400000, 0x000000070f400000, 0x000000070f600000|  0%| F|  |TAMS 0x000000070f400000, 0x000000070f400000| Untracked 
| 101|0x000000070f600000, 0x000000070f600000, 0x000000070f800000|  0%| F|  |TAMS 0x000000070f600000, 0x000000070f600000| Untracked 
| 102|0x000000070f800000, 0x000000070f800000, 0x000000070fa00000|  0%| F|  |TAMS 0x000000070f800000, 0x000000070f800000| Untracked 
| 103|0x000000070fa00000, 0x000000070fa00000, 0x000000070fc00000|  0%| F|  |TAMS 0x000000070fa00000, 0x000000070fa00000| Untracked 
| 104|0x000000070fc00000, 0x000000070fc00000, 0x000000070fe00000|  0%| F|  |TAMS 0x000000070fc00000, 0x000000070fc00000| Untracked 
| 105|0x000000070fe00000, 0x000000070fe00000, 0x0000000710000000|  0%| F|  |TAMS 0x000000070fe00000, 0x000000070fe00000| Untracked 
| 106|0x0000000710000000, 0x0000000710000000, 0x0000000710200000|  0%| F|  |TAMS 0x0000000710000000, 0x0000000710000000| Untracked 
| 107|0x0000000710200000, 0x0000000710200000, 0x0000000710400000|  0%| F|  |TAMS 0x0000000710200000, 0x0000000710200000| Untracked 
| 108|0x0000000710400000, 0x0000000710400000, 0x0000000710600000|  0%| F|  |TAMS 0x0000000710400000, 0x0000000710400000| Untracked 
| 109|0x0000000710600000, 0x0000000710600000, 0x0000000710800000|  0%| F|  |TAMS 0x0000000710600000, 0x0000000710600000| Untracked 
| 110|0x0000000710800000, 0x0000000710800000, 0x0000000710a00000|  0%| F|  |TAMS 0x0000000710800000, 0x0000000710800000| Untracked 
| 111|0x0000000710a00000, 0x0000000710a00000, 0x0000000710c00000|  0%| F|  |TAMS 0x0000000710a00000, 0x0000000710a00000| Untracked 
| 112|0x0000000710c00000, 0x0000000710c00000, 0x0000000710e00000|  0%| F|  |TAMS 0x0000000710c00000, 0x0000000710c00000| Untracked 
| 113|0x0000000710e00000, 0x0000000710e00000, 0x0000000711000000|  0%| F|  |TAMS 0x0000000710e00000, 0x0000000710e00000| Untracked 
| 114|0x0000000711000000, 0x000000071112d7c0, 0x0000000711200000| 58%| S|CS|TAMS 0x0000000711000000, 0x0000000711000000| Complete 
| 115|0x0000000711200000, 0x0000000711400000, 0x0000000711400000|100%| S|CS|TAMS 0x0000000711200000, 0x0000000711200000| Complete 
| 116|0x0000000711400000, 0x0000000711400000, 0x0000000711600000|  0%| F|  |TAMS 0x0000000711400000, 0x0000000711400000| Untracked 
| 117|0x0000000711600000, 0x0000000711600000, 0x0000000711800000|  0%| F|  |TAMS 0x0000000711600000, 0x0000000711600000| Untracked 
| 118|0x0000000711800000, 0x0000000711800000, 0x0000000711a00000|  0%| F|  |TAMS 0x0000000711800000, 0x0000000711800000| Untracked 
| 119|0x0000000711a00000, 0x0000000711a00000, 0x0000000711c00000|  0%| F|  |TAMS 0x0000000711a00000, 0x0000000711a00000| Untracked 
| 120|0x0000000711c00000, 0x0000000711c00000, 0x0000000711e00000|  0%| F|  |TAMS 0x0000000711c00000, 0x0000000711c00000| Untracked 
| 121|0x0000000711e00000, 0x0000000711e00000, 0x0000000712000000|  0%| F|  |TAMS 0x0000000711e00000, 0x0000000711e00000| Untracked 
| 122|0x0000000712000000, 0x0000000712000000, 0x0000000712200000|  0%| F|  |TAMS 0x0000000712000000, 0x0000000712000000| Untracked 
| 123|0x0000000712200000, 0x0000000712200000, 0x0000000712400000|  0%| F|  |TAMS 0x0000000712200000, 0x0000000712200000| Untracked 
| 124|0x0000000712400000, 0x0000000712400000, 0x0000000712600000|  0%| F|  |TAMS 0x0000000712400000, 0x0000000712400000| Untracked 
| 125|0x0000000712600000, 0x0000000712600000, 0x0000000712800000|  0%| F|  |TAMS 0x0000000712600000, 0x0000000712600000| Untracked 
| 126|0x0000000712800000, 0x0000000712a00000, 0x0000000712a00000|100%| E|  |TAMS 0x0000000712800000, 0x0000000712800000| Complete 

Card table byte_map: [0x000001cb3f480000,0x000001cb3fc70000] _byte_map_base: 0x000001cb3bc6a000

Marking Bits (Prev, Next): (CMBitMap*) 0x000001cb2c43f590, (CMBitMap*) 0x000001cb2c43f5d0
 Prev Bits: [0x000001cb40460000, 0x000001cb443b0000)
 Next Bits: [0x000001cb443b0000, 0x000001cb48300000)

Polling page: 0x000001cb2bbd0000

Metaspace:

Usage:
  Non-class:     14.73 MB used.
      Class:      1.08 MB used.
       Both:     15.82 MB used.

Virtual space:
  Non-class space:       16.00 MB reserved,      14.88 MB ( 93%) committed,  2 nodes.
      Class space:        1.00 GB reserved,       1.12 MB ( <1%) committed,  1 nodes.
              Both:        1.02 GB reserved,      16.00 MB (  2%) committed. 

Chunk freelists:
   Non-Class:  880.00 KB
       Class:  2.69 MB
        Both:  3.55 MB

MaxMetaspaceSize: 17179869184.00 GB
CompressedClassSpaceSize: 1.00 GB
 - commit_granule_bytes: 65536.
 - commit_granule_words: 8192.
 - virtual_space_node_default_size: 1048576.
 - enlarge_chunks_in_place: 1.
 - new_chunks_are_fully_committed: 0.
 - uncommit_free_chunks: 1.
 - use_allocation_guard: 0.
 - handle_deallocations: 1.


Internal statistics:

num_allocs_failed_limit: 0.
num_arena_births: 96.
num_arena_deaths: 0.
num_vsnodes_births: 3.
num_vsnodes_deaths: 0.
num_space_committed: 254.
num_space_uncommitted: 0.
num_chunks_returned_to_freelist: 0.
num_chunks_taken_from_freelist: 336.
num_chunk_merges: 0.
num_chunk_splits: 250.
num_chunks_enlarged: 201.
num_purges: 0.

CodeHeap 'non-profiled nmethods': size=120000Kb used=395Kb max_used=395Kb free=119604Kb
 bounds [0x000001cb37430000, 0x000001cb376a0000, 0x000001cb3e960000]
CodeHeap 'profiled nmethods': size=120000Kb used=1781Kb max_used=1781Kb free=118218Kb
 bounds [0x000001cb2ff00000, 0x000001cb30170000, 0x000001cb37430000]
CodeHeap 'non-nmethods': size=5760Kb used=1676Kb max_used=1692Kb free=4083Kb
 bounds [0x000001cb2f960000, 0x000001cb2fbd0000, 0x000001cb2ff00000]
 total_blobs=2178 nmethods=1074 adapters=1015
 compilation: enabled
              stopped_count=0, restarted_count=0
 full_count=0

Compilation events (20 events):
Event: 2.423 Thread 0x000001cb4b8688c0 1071       3       java.util.Formatter::ensureOpen (16 bytes)
Event: 2.423 Thread 0x000001cb4b8688c0 nmethod 1071 0x000001cb300b8b10 code [0x000001cb300b8cc0, 0x000001cb300b8e88]
Event: 2.423 Thread 0x000001cb4b8688c0 1065       3       java.lang.String::chars (43 bytes)
Event: 2.423 Thread 0x000001cb4b8688c0 nmethod 1065 0x000001cb300b8f90 code [0x000001cb300b9160, 0x000001cb300b9508]
Event: 2.423 Thread 0x000001cb4b8688c0 1066       3       java.util.stream.StreamSupport::intStream (14 bytes)
Event: 2.423 Thread 0x000001cb4b8688c0 nmethod 1066 0x000001cb300b9610 code [0x000001cb300b97e0, 0x000001cb300b9ab8]
Event: 2.423 Thread 0x000001cb4b8688c0 1067       3       java.util.stream.IntPipeline$Head::<init> (8 bytes)
Event: 2.423 Thread 0x000001cb4b8688c0 nmethod 1067 0x000001cb300b9c10 code [0x000001cb300b9dc0, 0x000001cb300b9f48]
Event: 2.423 Thread 0x000001cb4b8688c0 1063       3       java.util.Locale::getUnicodeLocaleType (55 bytes)
Event: 2.423 Thread 0x000001cb4b8688c0 nmethod 1063 0x000001cb300ba010 code [0x000001cb300ba2a0, 0x000001cb300bac98]
Event: 2.423 Thread 0x000001cb4b8688c0 1068       1       java.text.DecimalFormatSymbols::getZeroDigit (5 bytes)
Event: 2.423 Thread 0x000001cb4b8688c0 nmethod 1068 0x000001cb37492b10 code [0x000001cb37492ca0, 0x000001cb37492d78]
Event: 2.435 Thread 0x000001cb4b8688c0 1072       3       java.util.Formatter$Conversion::isCharacter (32 bytes)
Event: 2.435 Thread 0x000001cb4b8688c0 nmethod 1072 0x000001cb300bb010 code [0x000001cb300bb1c0, 0x000001cb300bb338]
Event: 2.435 Thread 0x000001cb52c67fb0 1075       4       java.util.concurrent.ConcurrentHashMap::get (162 bytes)
Event: 2.435 Thread 0x000001cb4b8688c0 1073       3       java.util.Formatter$FormatSpecifier::checkInteger (91 bytes)
Event: 2.436 Thread 0x000001cb4b8688c0 nmethod 1073 0x000001cb300bb410 code [0x000001cb300bb660, 0x000001cb300bc0a8]
Event: 2.436 Thread 0x000001cb4b8688c0 1074       3       java.util.Formatter$FormatSpecifier::checkNumeric (168 bytes)
Event: 2.436 Thread 0x000001cb4b8688c0 nmethod 1074 0x000001cb300bc290 code [0x000001cb300bc540, 0x000001cb300bd138]
Event: 2.437 Thread 0x000001cb4b867f70 1076       4       org.lwjgl.system.MemoryUtil::strlen64NT1 (119 bytes)

GC Heap History (2 events):
Event: 2.355 GC heap before
{Heap before GC invocations=0 (full 0):
 garbage-first heap   total 260096K, used 22528K [0x0000000702c00000, 0x0000000800000000)
  region size 2048K, 11 young (22528K), 0 survivors (0K)
 Metaspace       used 16167K, committed 16320K, reserved 1064960K
  class space    used 1108K, committed 1152K, reserved 1048576K
}
Event: 2.358 GC heap after
{Heap after GC invocations=1 (full 0):
 garbage-first heap   total 260096K, used 3253K [0x0000000702c00000, 0x0000000800000000)
  region size 2048K, 2 young (4096K), 2 survivors (4096K)
 Metaspace       used 16167K, committed 16320K, reserved 1064960K
  class space    used 1108K, committed 1152K, reserved 1048576K
}

Deoptimization events (20 events):
Event: 1.955 Thread 0x000001cb2c3f49e0 DEOPT PACKING pc=0x000001cb374582fc sp=0x0000009f533fead0
Event: 1.955 Thread 0x000001cb2c3f49e0 DEOPT UNPACKING pc=0x000001cb2f9ad72e sp=0x0000009f533fea58 mode 2
Event: 2.054 Thread 0x000001cb2c3f49e0 Uncommon trap: trap_request=0xffffff54 fr.pc=0x000001cb37457a00 relative=0x0000000000000060
Event: 2.054 Thread 0x000001cb2c3f49e0 Uncommon trap: reason=speculate_null_assert action=make_not_entrant pc=0x000001cb37457a00 method=sun.misc.Unsafe.putLong(Ljava/lang/Object;JJ)V @ 7 c2
Event: 2.054 Thread 0x000001cb2c3f49e0 DEOPT PACKING pc=0x000001cb37457a00 sp=0x0000009f533fec20
Event: 2.054 Thread 0x000001cb2c3f49e0 DEOPT UNPACKING pc=0x000001cb2f9ad72e sp=0x0000009f533feb98 mode 2
Event: 2.104 Thread 0x000001cb2c3f49e0 Uncommon trap: trap_request=0xffffff45 fr.pc=0x000001cb37470d0c relative=0x0000000000001d8c
Event: 2.104 Thread 0x000001cb2c3f49e0 Uncommon trap: reason=unstable_if action=reinterpret pc=0x000001cb37470d0c method=java.util.jar.JarFile.getVersionedEntry(Ljava/lang/String;Ljava/util/jar/JarEntry;)Ljava/util/jar/JarEntry; @ 6 c2
Event: 2.104 Thread 0x000001cb2c3f49e0 DEOPT PACKING pc=0x000001cb37470d0c sp=0x0000009f533fc2b0
Event: 2.104 Thread 0x000001cb2c3f49e0 DEOPT UNPACKING pc=0x000001cb2f9ad72e sp=0x0000009f533fc168 mode 2
Event: 2.104 Thread 0x000001cb2c3f49e0 Uncommon trap: trap_request=0xffffff45 fr.pc=0x000001cb3746cb08 relative=0x0000000000001128
Event: 2.104 Thread 0x000001cb2c3f49e0 Uncommon trap: reason=unstable_if action=reinterpret pc=0x000001cb3746cb08 method=java.util.jar.JarFile.getVersionedEntry(Ljava/lang/String;Ljava/util/jar/JarEntry;)Ljava/util/jar/JarEntry; @ 6 c2
Event: 2.104 Thread 0x000001cb2c3f49e0 DEOPT PACKING pc=0x000001cb3746cb08 sp=0x0000009f533fc210
Event: 2.104 Thread 0x000001cb2c3f49e0 DEOPT UNPACKING pc=0x000001cb2f9ad72e sp=0x0000009f533fc188 mode 2
Event: 2.233 Thread 0x000001cb2c3f49e0 DEOPT PACKING pc=0x000001cb30096ce9 sp=0x0000009f533ff000
Event: 2.233 Thread 0x000001cb2c3f49e0 DEOPT UNPACKING pc=0x000001cb2f9adece sp=0x0000009f533fe638 mode 0
Event: 2.240 Thread 0x000001cb2c3f49e0 Uncommon trap: trap_request=0xffffff45 fr.pc=0x000001cb37485f48 relative=0x0000000000000148
Event: 2.240 Thread 0x000001cb2c3f49e0 Uncommon trap: reason=unstable_if action=reinterpret pc=0x000001cb37485f48 method=com.streep.openglleer.Main.run()V @ 63 c2
Event: 2.240 Thread 0x000001cb2c3f49e0 DEOPT PACKING pc=0x000001cb37485f48 sp=0x0000009f533ff1b0
Event: 2.240 Thread 0x000001cb2c3f49e0 DEOPT UNPACKING pc=0x000001cb2f9ad72e sp=0x0000009f533ff148 mode 2

Classes unloaded (0 events):
No events

Classes redefined (0 events):
No events

Internal exceptions (18 events):
Event: 0.146 Thread 0x000001cb2c3f49e0 Exception <a 'java/lang/NoSuchMethodError'{0x00000007124337c0}: 'java.lang.Object java.lang.invoke.DirectMethodHandle$Holder.invokeStatic(java.lang.Object)'> (0x00000007124337c0) 
thrown [t:\workspace\open\src\hotspot\share\interpreter\linkResolver.cpp, line 790]
Event: 0.146 Thread 0x000001cb2c3f49e0 Exception <a 'java/lang/NoSuchMethodError'{0x0000000712436ff0}: 'java.lang.Object java.lang.invoke.DirectMethodHandle$Holder.invokeStaticInit(java.lang.Object)'> (0x0000000712436ff0) 
thrown [t:\workspace\open\src\hotspot\share\interpreter\linkResolver.cpp, line 790]
Event: 0.155 Thread 0x000001cb2c3f49e0 Exception <a 'java/lang/NoSuchMethodError'{0x0000000712481680}: 'void java.lang.invoke.DirectMethodHandle$Holder.invokeStatic(java.lang.Object, java.lang.Object)'> (0x0000000712481680) 
thrown [t:\workspace\open\src\hotspot\share\interpreter\linkResolver.cpp, line 790]
Event: 0.156 Thread 0x000001cb2c3f49e0 Exception <a 'java/lang/NoSuchMethodError'{0x0000000712486fe8}: 'void java.lang.invoke.DirectMethodHandle$Holder.invokeSpecial(java.lang.Object, java.lang.Object, java.lang.Object)'> (0x0000000712486fe8) 
thrown [t:\workspace\open\src\hotspot\share\interpreter\linkResolver.cpp, line 790]
Event: 0.159 Thread 0x000001cb2c3f49e0 Exception <a 'java/lang/NoSuchMethodError'{0x000000071249bbe0}: 'java.lang.Object java.lang.invoke.DirectMethodHandle$Holder.invokeStatic(java.lang.Object, java.lang.Object, int)'> (0x000000071249bbe0) 
thrown [t:\workspace\open\src\hotspot\share\interpreter\linkResolver.cpp, line 790]
Event: 0.160 Thread 0x000001cb2c3f49e0 Exception <a 'java/lang/NoSuchMethodError'{0x00000007124a7d88}: 'void java.lang.invoke.DelegatingMethodHandle$Holder.delegate(java.lang.Object, java.lang.Object, int, java.lang.Object)'> (0x00000007124a7d88) 
thrown [t:\workspace\open\src\hotspot\share\interpreter\linkResolver.cpp, line 790]
Event: 0.160 Thread 0x000001cb2c3f49e0 Exception <a 'java/lang/NoSuchMethodError'{0x00000007124ac0e0}: 'int java.lang.invoke.DirectMethodHandle$Holder.invokeSpecial(java.lang.Object, java.lang.Object, java.lang.Object)'> (0x00000007124ac0e0) 
thrown [t:\workspace\open\src\hotspot\share\interpreter\linkResolver.cpp, line 790]
Event: 0.190 Thread 0x000001cb2c3f49e0 Exception <a 'sun/nio/fs/WindowsException'{0x000000071251e270}> (0x000000071251e270) 
thrown [t:\workspace\open\src\hotspot\share\prims\jni.cpp, line 579]
Event: 0.190 Thread 0x000001cb2c3f49e0 Exception <a 'sun/nio/fs/WindowsException'{0x000000071251e7f0}> (0x000000071251e7f0) 
thrown [t:\workspace\open\src\hotspot\share\prims\jni.cpp, line 579]
Event: 0.229 Thread 0x000001cb2c3f49e0 Exception <a 'sun/nio/fs/WindowsException'{0x0000000712239fc8}> (0x0000000712239fc8) 
thrown [t:\workspace\open\src\hotspot\share\prims\jni.cpp, line 579]
Event: 0.229 Thread 0x000001cb2c3f49e0 Exception <a 'sun/nio/fs/WindowsException'{0x000000071223a358}> (0x000000071223a358) 
thrown [t:\workspace\open\src\hotspot\share\prims\jni.cpp, line 579]
Event: 1.926 Thread 0x000001cb2c3f49e0 Exception <a 'sun/nio/fs/WindowsException'{0x00000007122e3d00}> (0x00000007122e3d00) 
thrown [t:\workspace\open\src\hotspot\share\prims\jni.cpp, line 579]
Event: 1.926 Thread 0x000001cb2c3f49e0 Exception <a 'sun/nio/fs/WindowsException'{0x00000007122e40d8}> (0x00000007122e40d8) 
thrown [t:\workspace\open\src\hotspot\share\prims\jni.cpp, line 579]
Event: 1.928 Thread 0x000001cb2c3f49e0 Exception <a 'sun/nio/fs/WindowsException'{0x00000007122f3248}> (0x00000007122f3248) 
thrown [t:\workspace\open\src\hotspot\share\prims\jni.cpp, line 579]
Event: 1.928 Thread 0x000001cb2c3f49e0 Exception <a 'sun/nio/fs/WindowsException'{0x00000007122f3558}> (0x00000007122f3558) 
thrown [t:\workspace\open\src\hotspot\share\prims\jni.cpp, line 579]
Event: 2.107 Thread 0x000001cb2c3f49e0 Exception <a 'java/lang/ClassNotFoundException'{0x0000000711bf1380}: sun/awt/resources/spi/awtProvider> (0x0000000711bf1380) 
thrown [t:\workspace\open\src\hotspot\share\classfile\systemDictionary.cpp, line 256]
Event: 2.118 Thread 0x000001cb2c3f49e0 Exception <a 'java/io/FileNotFoundException'{0x000000071183bf58}> (0x000000071183bf58) 
thrown [t:\workspace\open\src\hotspot\share\prims\jni.cpp, line 579]
Event: 2.121 Thread 0x000001cb2c3f49e0 Exception <a 'java/io/FileNotFoundException'{0x000000071186a9a0}> (0x000000071186a9a0) 
thrown [t:\workspace\open\src\hotspot\share\prims\jni.cpp, line 579]

Events (20 events):
Event: 2.167 loading class java/math/RoundingMode done
Event: 2.173 loading class java/lang/SecurityException
Event: 2.173 loading class java/lang/SecurityException done
Event: 2.174 loading class jdk/internal/access/foreign/MemorySegmentProxy
Event: 2.174 loading class jdk/internal/access/foreign/MemorySegmentProxy done
Event: 2.221 loading class java/io/FileReader
Event: 2.221 loading class java/io/FileReader done
Event: 2.250 loading class java/lang/NumberFormatException
Event: 2.250 loading class java/lang/NumberFormatException done
Event: 2.250 Executing  VM operation: HandshakeAllThreads
Event: 2.250 Executing  VM operation: HandshakeAllThreads done
Event: 2.250 Executing  VM operation: Cleanup
Event: 2.250 Executing  VM operation: Cleanup done
Event: 2.250 loading class java/math/BigInteger
Event: 2.251 loading class java/math/BigInteger done
Event: 2.311 Thread 0x000001cb52c67fb0 Thread added: 0x000001cb52c67fb0
Event: 2.355 Executing  VM operation: G1CollectForAllocation
Event: 2.358 Executing  VM operation: G1CollectForAllocation done
Event: 2.436 Executing  VM operation: ICBufferFull
Event: 2.436 Executing  VM operation: ICBufferFull done


Dynamic libraries:
0x00007ff773050000 - 0x00007ff77305e000 	C:\Users\streepmsi\Desktop\Programs\eclipse\plugins\org.eclipse.justj.openjdk.hotspot.jre.full.win32.x86_64_16.0.1.v20210528-1205\jre\bin\javaw.exe
0x00007ffae0b30000 - 0x00007ffae0d25000 	C:\Windows\SYSTEM32\ntdll.dll
0x00007ffadfa80000 - 0x00007ffadfb3e000 	C:\Windows\System32\KERNEL32.DLL
0x00007ffade670000 - 0x00007ffade939000 	C:\Windows\System32\KERNELBASE.dll
0x00007ffade2a0000 - 0x00007ffade3a0000 	C:\Windows\System32\ucrtbase.dll
0x00007ffad23f0000 - 0x00007ffad2408000 	C:\Users\streepmsi\Desktop\Programs\eclipse\plugins\org.eclipse.justj.openjdk.hotspot.jre.full.win32.x86_64_16.0.1.v20210528-1205\jre\bin\jli.dll
0x00007ffad2410000 - 0x00007ffad2429000 	C:\Users\streepmsi\Desktop\Programs\eclipse\plugins\org.eclipse.justj.openjdk.hotspot.jre.full.win32.x86_64_16.0.1.v20210528-1205\jre\bin\VCRUNTIME140.dll
0x00007ffae0880000 - 0x00007ffae0a21000 	C:\Windows\System32\USER32.dll
0x00007ffac3960000 - 0x00007ffac3bfa000 	C:\Windows\WinSxS\amd64_microsoft.windows.common-controls_6595b64144ccf1df_6.0.19041.1110_none_60b5254171f9507e\COMCTL32.dll
0x00007ffadeac0000 - 0x00007ffadeae2000 	C:\Windows\System32\win32u.dll
0x00007ffadfe20000 - 0x00007ffadfebe000 	C:\Windows\System32\msvcrt.dll
0x00007ffadf430000 - 0x00007ffadf45b000 	C:\Windows\System32\GDI32.dll
0x00007ffade560000 - 0x00007ffade66b000 	C:\Windows\System32\gdi32full.dll
0x00007ffade940000 - 0x00007ffade9dd000 	C:\Windows\System32\msvcp_win.dll
0x00007ffadf980000 - 0x00007ffadf9b0000 	C:\Windows\System32\IMM32.DLL
0x00007ffad4750000 - 0x00007ffad475c000 	C:\Users\streepmsi\Desktop\Programs\eclipse\plugins\org.eclipse.justj.openjdk.hotspot.jre.full.win32.x86_64_16.0.1.v20210528-1205\jre\bin\vcruntime140_1.dll
0x00007ffad2200000 - 0x00007ffad2291000 	C:\Users\streepmsi\Desktop\Programs\eclipse\plugins\org.eclipse.justj.openjdk.hotspot.jre.full.win32.x86_64_16.0.1.v20210528-1205\jre\bin\msvcp140.dll
0x00007ffa9bc80000 - 0x00007ffa9c82b000 	C:\Users\streepmsi\Desktop\Programs\eclipse\plugins\org.eclipse.justj.openjdk.hotspot.jre.full.win32.x86_64_16.0.1.v20210528-1205\jre\bin\server\jvm.dll
0x00007ffae0a30000 - 0x00007ffae0adc000 	C:\Windows\System32\ADVAPI32.dll
0x00007ffadf460000 - 0x00007ffadf4fb000 	C:\Windows\System32\sechost.dll
0x00007ffae0730000 - 0x00007ffae085a000 	C:\Windows\System32\RPCRT4.dll
0x00007ffae0ae0000 - 0x00007ffae0ae8000 	C:\Windows\System32\PSAPI.DLL
0x00007ffad9550000 - 0x00007ffad9559000 	C:\Windows\SYSTEM32\WSOCK32.dll
0x00007ffad87c0000 - 0x00007ffad87ca000 	C:\Windows\SYSTEM32\VERSION.dll
0x00007ffac6930000 - 0x00007ffac6957000 	C:\Windows\SYSTEM32\WINMM.dll
0x00007ffadfc70000 - 0x00007ffadfcdb000 	C:\Windows\System32\WS2_32.dll
0x00007ffadc150000 - 0x00007ffadc162000 	C:\Windows\SYSTEM32\kernel.appcore.dll
0x00007ffad8e20000 - 0x00007ffad8e2a000 	C:\Users\streepmsi\Desktop\Programs\eclipse\plugins\org.eclipse.justj.openjdk.hotspot.jre.full.win32.x86_64_16.0.1.v20210528-1205\jre\bin\jimage.dll
0x00007ffac62e0000 - 0x00007ffac64c4000 	C:\Windows\SYSTEM32\DBGHELP.DLL
0x00007ffac6590000 - 0x00007ffac65bc000 	C:\Windows\SYSTEM32\dbgcore.DLL
0x00007ffadeaf0000 - 0x00007ffadeb73000 	C:\Windows\System32\bcryptPrimitives.dll
0x00007ffad29d0000 - 0x00007ffad29f5000 	C:\Users\streepmsi\Desktop\Programs\eclipse\plugins\org.eclipse.justj.openjdk.hotspot.jre.full.win32.x86_64_16.0.1.v20210528-1205\jre\bin\java.dll
0x00007ffad5ee0000 - 0x00007ffad5ef8000 	C:\Users\streepmsi\Desktop\Programs\eclipse\plugins\org.eclipse.justj.openjdk.hotspot.jre.full.win32.x86_64_16.0.1.v20210528-1205\jre\bin\zip.dll
0x00007ffadfff0000 - 0x00007ffae072f000 	C:\Windows\System32\SHELL32.dll
0x00007ffadc350000 - 0x00007ffadcae0000 	C:\Windows\SYSTEM32\windows.storage.dll
0x00007ffadf0d0000 - 0x00007ffadf425000 	C:\Windows\System32\combase.dll
0x00007ffaddca0000 - 0x00007ffaddccc000 	C:\Windows\SYSTEM32\Wldp.dll
0x00007ffadfd70000 - 0x00007ffadfe1e000 	C:\Windows\System32\SHCORE.dll
0x00007ffadf070000 - 0x00007ffadf0c5000 	C:\Windows\System32\shlwapi.dll
0x00007ffade190000 - 0x00007ffade1af000 	C:\Windows\SYSTEM32\profapi.dll
0x00007ffad5d80000 - 0x00007ffad5d99000 	C:\Users\streepmsi\Desktop\Programs\eclipse\plugins\org.eclipse.justj.openjdk.hotspot.jre.full.win32.x86_64_16.0.1.v20210528-1205\jre\bin\net.dll
0x00007ffad5c20000 - 0x00007ffad5d28000 	C:\Windows\SYSTEM32\WINHTTP.dll
0x00007ffadda00000 - 0x00007ffadda6a000 	C:\Windows\system32\mswsock.dll
0x00007ffad5bb0000 - 0x00007ffad5bc3000 	C:\Users\streepmsi\Desktop\Programs\eclipse\plugins\org.eclipse.justj.openjdk.hotspot.jre.full.win32.x86_64_16.0.1.v20210528-1205\jre\bin\nio.dll
0x00007ffad5fc0000 - 0x00007ffad5fd0000 	C:\Users\streepmsi\Desktop\Programs\eclipse\plugins\org.eclipse.justj.openjdk.hotspot.jre.full.win32.x86_64_16.0.1.v20210528-1205\jre\bin\verify.dll
0x00007ffad2190000 - 0x00007ffad21f4000 	C:\Users\streepmsi\AppData\Local\Temp\lwjglstreepmsi\3.2.3-build-13\lwjgl.dll
0x00007ffad0e90000 - 0x00007ffad0ef2000 	C:\Users\STREEP~1\AppData\Local\Temp\lwjglstreepmsi\3.2.3-build-13\glfw.dll
0x00007ffadbba0000 - 0x00007ffadbc3e000 	C:\Windows\system32\uxtheme.dll
0x00007ffacbfb0000 - 0x00007ffacbff5000 	C:\Windows\SYSTEM32\dinput8.dll
0x00007ffad23d0000 - 0x00007ffad23e1000 	C:\Windows\SYSTEM32\xinput1_4.dll
0x00007ffade250000 - 0x00007ffade29e000 	C:\Windows\System32\cfgmgr32.dll
0x00007ffaddff0000 - 0x00007ffade024000 	C:\Windows\SYSTEM32\DEVOBJ.dll
0x00007ffadbe60000 - 0x00007ffadbe8f000 	C:\Windows\SYSTEM32\dwmapi.dll
0x00007ffacc710000 - 0x00007ffacc862000 	C:\Windows\SYSTEM32\inputhost.dll
0x00007ffadfec0000 - 0x00007ffadff8d000 	C:\Windows\System32\OLEAUT32.dll
0x00007ffadae50000 - 0x00007ffadafa4000 	C:\Windows\SYSTEM32\wintypes.dll
0x00007ffadb880000 - 0x00007ffadb972000 	C:\Windows\SYSTEM32\CoreMessaging.dll
0x00007ffad9900000 - 0x00007ffad99f6000 	C:\Windows\SYSTEM32\PROPSYS.dll
0x00007ffadb520000 - 0x00007ffadb87e000 	C:\Windows\SYSTEM32\CoreUIComponents.dll
0x00007ffadcf40000 - 0x00007ffadcf73000 	C:\Windows\SYSTEM32\ntmarta.dll
0x00007ffadfb40000 - 0x00007ffadfc55000 	C:\Windows\System32\MSCTF.dll
0x00007ffadcae0000 - 0x00007ffadcaed000 	C:\Windows\SYSTEM32\HID.DLL
0x00007ffadf500000 - 0x00007ffadf972000 	C:\Windows\System32\SETUPAPI.DLL
0x00007ffadea90000 - 0x00007ffadeab7000 	C:\Windows\System32\bcrypt.dll
0x00007ffade3a0000 - 0x00007ffade400000 	C:\Windows\System32\WINTRUST.dll
0x00007ffade400000 - 0x00007ffade556000 	C:\Windows\System32\CRYPT32.dll
0x00007ffadde30000 - 0x00007ffadde42000 	C:\Windows\SYSTEM32\MSASN1.dll
0x00007ffaccd10000 - 0x00007ffacce35000 	C:\Windows\SYSTEM32\opengl32.dll
0x00007ffad5910000 - 0x00007ffad593c000 	C:\Windows\SYSTEM32\GLU32.dll
0x00007ffadeee0000 - 0x00007ffadef89000 	C:\Windows\System32\clbcatq.dll
0x00007ffa6a190000 - 0x00007ffa6d14f000 	C:\Windows\System32\DriverStore\FileRepository\nvmii.inf_amd64_129542dbee5a4a5e\nvoglv64.dll
0x00007ffaded30000 - 0x00007ffadee5a000 	C:\Windows\System32\ole32.dll
0x00007ffad9aa0000 - 0x00007ffad9ab4000 	C:\Windows\SYSTEM32\WTSAPI32.dll
0x00007ffaddbf0000 - 0x00007ffaddbfc000 	C:\Windows\SYSTEM32\CRYPTBASE.DLL
0x00007ffad7a70000 - 0x00007ffad7aa1000 	C:\Windows\SYSTEM32\cryptnet.dll
0x00007ffad4ba0000 - 0x00007ffad4cea000 	C:\Windows\SYSTEM32\drvstore.dll
0x00007ffad4b60000 - 0x00007ffad4b9b000 	C:\Windows\SYSTEM32\dxcore.dll
0x00007ffaa7a20000 - 0x00007ffaa7ce3000 	C:\Windows\system32\nvspcap64.dll
0x00007ffadd7c0000 - 0x00007ffadd80b000 	C:\Windows\SYSTEM32\powrprof.dll
0x00007ffadd680000 - 0x00007ffadd692000 	C:\Windows\SYSTEM32\UMPDC.dll
0x00007ffadcff0000 - 0x00007ffadd04a000 	C:\Windows\SYSTEM32\WINSTA.dll
0x00007ffadcb40000 - 0x00007ffadcc34000 	C:\Windows\system32\dxgi.dll
0x00007ffada3d0000 - 0x00007ffada634000 	C:\Windows\system32\d3d11.dll
0x00007ffaba8c0000 - 0x00007ffaba9c6000 	C:\Windows\System32\DriverStore\FileRepository\nvmii.inf_amd64_129542dbee5a4a5e\nvldumdx.dll
0x00007ffae0860000 - 0x00007ffae087d000 	C:\Windows\System32\imagehlp.dll
0x00007ffaddc00000 - 0x00007ffaddc18000 	C:\Windows\SYSTEM32\CRYPTSP.dll
0x00007ffadd310000 - 0x00007ffadd344000 	C:\Windows\system32\rsaenh.dll
0x00007ffa6f320000 - 0x00007ffa71c49000 	C:\Windows\System32\DriverStore\FileRepository\nvmii.inf_amd64_129542dbee5a4a5e\nvwgf2umx.dll
0x00007ffacaf80000 - 0x00007ffacb6e1000 	C:\Windows\SYSTEM32\nvapi64.dll
0x00007ffac7220000 - 0x00007ffac7279000 	C:\Users\streepmsi\AppData\Local\Temp\lwjglstreepmsi\3.2.3-build-13\lwjgl_opengl.dll
0x00007ffaca010000 - 0x00007ffaca109000 	C:\Windows\SYSTEM32\textinputframework.dll
0x00007ffaaabd0000 - 0x00007ffaaad4f000 	C:\Users\streepmsi\Desktop\Programs\eclipse\plugins\org.eclipse.justj.openjdk.hotspot.jre.full.win32.x86_64_16.0.1.v20210528-1205\jre\bin\awt.dll
0x00007ffadbab0000 - 0x00007ffadbb40000 	C:\Windows\SYSTEM32\apphelp.dll
0x00007ffad3040000 - 0x00007ffad46bd000 	C:\Windows\System32\DriverStore\FileRepository\iigd_dch.inf_amd64_a086f01cc7be643a\igd10iumd64.dll
0x00007ffaddd10000 - 0x00007ffaddd37000 	C:\Windows\SYSTEM32\ncrypt.dll
0x00007ffaddcd0000 - 0x00007ffaddd0b000 	C:\Windows\SYSTEM32\NTASN1.dll
0x00007ffad1aa0000 - 0x00007ffad1cdf000 	C:\Windows\System32\DriverStore\FileRepository\iigd_dch.inf_amd64_a086f01cc7be643a\igdgmm64.dll
0x00007fface130000 - 0x00007ffad0d92000 	C:\Windows\System32\DriverStore\FileRepository\iigd_dch.inf_amd64_a086f01cc7be643a\igc64.dll

dbghelp: loaded successfully - version: 4.0.5 - missing functions: none
symbol engine: initialized successfully - sym options: 0x614 - pdb path: .;C:\Users\streepmsi\Desktop\Programs\eclipse\plugins\org.eclipse.justj.openjdk.hotspot.jre.full.win32.x86_64_16.0.1.v20210528-1205\jre\bin;C:\Windows\SYSTEM32;C:\Windows\WinSxS\amd64_microsoft.windows.common-controls_6595b64144ccf1df_6.0.19041.1110_none_60b5254171f9507e;C:\Users\streepmsi\Desktop\Programs\eclipse\plugins\org.eclipse.justj.openjdk.hotspot.jre.full.win32.x86_64_16.0.1.v20210528-1205\jre\bin\server;C:\Users\streepmsi\AppData\Local\Temp\lwjglstreepmsi\3.2.3-build-13;C:\Users\STREEP~1\AppData\Local\Temp\lwjglstreepmsi\3.2.3-build-13;C:\Windows\System32\DriverStore\FileRepository\nvmii.inf_amd64_129542dbee5a4a5e;C:\Windows\System32\DriverStore\FileRepository\iigd_dch.inf_amd64_a086f01cc7be643a

VM Arguments:
jvm_args: -Dfile.encoding=UTF-8 -XX:+ShowCodeDetailsInExceptionMessages 
java_command: com.streep.openglleer.Main
java_class_path (initial): C:\Users\streepmsi\eclipse-workspace\OpenGLLeerproject\bin;C:\Users\streepmsi\Desktop\Libaries\lwjgl.jar;C:\Users\streepmsi\Desktop\Libaries\lwjgl-assimp.jar;C:\Users\streepmsi\Desktop\Libaries\lwjgl-assimp-javadoc.jar;C:\Users\streepmsi\Desktop\Libaries\lwjgl-assimp-natives-windows.jar;C:\Users\streepmsi\Desktop\Libaries\lwjgl-assimp-sources.jar;C:\Users\streepmsi\Desktop\Libaries\lwjgl-bgfx.jar;C:\Users\streepmsi\Desktop\Libaries\lwjgl-bgfx-javadoc.jar;C:\Users\streepmsi\Desktop\Libaries\lwjgl-bgfx-natives-windows.jar;C:\Users\streepmsi\Desktop\Libaries\lwjgl-bgfx-sources.jar;C:\Users\streepmsi\Desktop\Libaries\lwjgl-glfw.jar;C:\Users\streepmsi\Desktop\Libaries\lwjgl-glfw-javadoc.jar;C:\Users\streepmsi\Desktop\Libaries\lwjgl-glfw-natives-windows.jar;C:\Users\streepmsi\Desktop\Libaries\lwjgl-glfw-sources.jar;C:\Users\streepmsi\Desktop\Libaries\lwjgl-javadoc.jar;C:\Users\streepmsi\Desktop\Libaries\lwjgl-nanovg.jar;C:\Users\streepmsi\Desktop\Libaries\lwjgl-nanovg-javadoc.jar;C:\Users\streepmsi\Desktop\Libaries\lwjgl-nanovg-natives-windows.jar;C:\Users\streepmsi\Desktop\Libaries\lwjgl-nanovg-sources.jar;C:\Users\streepmsi\Desktop\Libaries\lwjgl-natives-windows.jar;C:\Users\streepmsi\Desktop\Libaries\lwjgl-nuklear.jar;C:\Users\streepmsi\Desktop\Libaries\lwjgl-nuklear-javadoc.jar;C:\Users\streepmsi\Desktop\Libaries\lwjgl-nuklear-natives-windows.jar;C:\Users\streepmsi\Desktop\Libaries\lwjgl-nuklear-sources.jar;C:\Users\streepmsi\Desktop\Libaries\lwjgl-openal.jar;C:\Users\streepmsi\Desktop\Libaries\lwjgl-openal-javadoc.jar;C:\Users\streepmsi\Desktop\Libaries\lwjgl-openal-natives-windows.jar;C:\Users\streepmsi\Desktop\Libaries\lwjgl-openal-sources.jar;C:\Users\streepmsi\Desktop\Libaries\lwjgl-opengl.jar;C:\Users\streepmsi\Desktop\Libaries\lwjgl-opengl-javadoc.jar;C:\Users\streepmsi\Desktop\Libaries\lwjgl-opengl-natives-windows.jar;C:\Users\streepmsi\Desktop\Libaries\lwjgl-opengl-sources.jar;C:\Users\streepmsi\Desktop\Libaries\lwjgl-par.jar;C:\U
Launcher Type: SUN_STANDARD

[Global flags]
     intx CICompilerCount                          = 4                                         {product} {ergonomic}
     uint ConcGCThreads                            = 2                                         {product} {ergonomic}
     uint G1ConcRefinementThreads                  = 8                                         {product} {ergonomic}
   size_t G1HeapRegionSize                         = 2097152                                   {product} {ergonomic}
    uintx GCDrainStackTargetSize                   = 64                                        {product} {ergonomic}
   size_t InitialHeapSize                          = 266338304                                 {product} {ergonomic}
   size_t MarkStackSize                            = 4194304                                   {product} {ergonomic}
   size_t MaxHeapSize                              = 4248829952                                {product} {ergonomic}
   size_t MaxNewSize                               = 2548039680                                {product} {ergonomic}
   size_t MinHeapDeltaBytes                        = 2097152                                   {product} {ergonomic}
   size_t MinHeapSize                              = 8388608                                   {product} {ergonomic}
    uintx NonNMethodCodeHeapSize                   = 5839372                                {pd product} {ergonomic}
    uintx NonProfiledCodeHeapSize                  = 122909434                              {pd product} {ergonomic}
    uintx ProfiledCodeHeapSize                     = 122909434                              {pd product} {ergonomic}
    uintx ReservedCodeCacheSize                    = 251658240                              {pd product} {ergonomic}
     bool SegmentedCodeCache                       = true                                      {product} {ergonomic}
     bool ShowCodeDetailsInExceptionMessages       = true                                   {manageable} {command line}
   size_t SoftMaxHeapSize                          = 4248829952                             {manageable} {ergonomic}
     bool UseCompressedClassPointers               = true                           {product lp64_product} {ergonomic}
     bool UseCompressedOops                        = true                           {product lp64_product} {ergonomic}
     bool UseG1GC                                  = true                                      {product} {ergonomic}
     bool UseLargePagesIndividualAllocation        = false                                  {pd product} {ergonomic}

Logging:
Log output configuration:
 #0: stdout all=warning uptime,level,tags
 #1: stderr all=off uptime,level,tags

Environment Variables:
PATH=C:/Users/streepmsi/Desktop/Programs/eclipse//plugins/org.eclipse.justj.openjdk.hotspot.jre.full.win32.x86_64_16.0.1.v20210528-1205/jre/bin/server;C:/Users/streepmsi/Desktop/Programs/eclipse//plugins/org.eclipse.justj.openjdk.hotspot.jre.full.win32.x86_64_16.0.1.v20210528-1205/jre/bin;C:\Program Files (x86)\Common Files\Oracle\Java\javapath;C:\Windows\system32;C:\Windows;C:\Windows\System32\Wbem;C:\Windows\System32\WindowsPowerShell\v1.0\;C:\Windows\System32\OpenSSH\;C:\Program Files (x86)\NVIDIA Corporation\PhysX\Common;C:\Program Files\NVIDIA Corporation\NVIDIA NvDLISR;C:\Users\streepmsi\Desktop\Programs\Git\cmd;C:\Users\streepmsi\AppData\Local\Microsoft\WindowsApps;;C:\Users\streepmsi\Desktop\Programs\eclipse;
USERNAME=streepmsi
OS=Windows_NT
PROCESSOR_IDENTIFIER=Intel64 Family 6 Model 165 Stepping 2, GenuineIntel



---------------  S Y S T E M  ---------------

OS:
 Windows 10 , 64 bit Build 19041 (10.0.19041.1202)
OS uptime: 2 days 23:53 hours

CPU: total 8 (initial active 8) (4 cores per cpu, 2 threads per core) family 6 model 165 stepping 2 microcode 0xe2, cx8, cmov, fxsr, ht, mmx, 3dnowpref, sse, sse2, sse3, ssse3, sse4.1, sse4.2, popcnt, lzcnt, tsc, tscinvbit, avx, avx2, aes, erms, clmul, bmi1, bmi2, adx, fma, vzeroupper, clflush, clflushopt

Memory: 4k page, system-wide physical 16205M (8834M free)
TotalPageFile size 18637M (AvailPageFile size 9354M)
current process WorkingSet (physical memory assigned to process): 138M, peak: 138M
current process commit charge ("private bytes"): 420M, peak: 420M

vm_info: OpenJDK 64-Bit Server VM (16.0.1+9-24) for windows-amd64 JRE (16.0.1+9-24), built on Mar 26 2021 19:30:07 by "mach5one" with MS VC++ 16.7 (VS2019)

END.
