#
# A fatal error has been detected by the Java Runtime Environment:
#
#  EXCEPTION_ACCESS_VIOLATION (0xc0000005) at pc=0x00007ffae0b5dfdf, pid=6136, tid=6804
#
# JRE version: OpenJDK Runtime Environment (16.0.1+9) (build 16.0.1+9-24)
# Java VM: OpenJDK 64-Bit Server VM (16.0.1+9-24, mixed mode, tiered, compressed oops, compressed class ptrs, g1 gc, windows-amd64)
# Problematic frame:
# C  [ntdll.dll+0x2dfdf]
#
# No core dump will be written. Minidumps are not enabled by default on client versions of Windows
#
# If you would like to submit a bug report, please visit:
#   https://bugreport.java.com/bugreport/crash.jsp
#

---------------  S U M M A R Y ------------

Command Line: -XX:+ShowCodeDetailsInExceptionMessages -agentlib:jdwp=transport=dt_socket,suspend=y,address=localhost:53593 -javaagent:C:\Users\streepmsi\Desktop\Programs\eclipse\configuration\org.eclipse.osgi\222\0\.cp\lib\javaagent-shaded.jar -Dfile.encoding=UTF-8 com.streep.openglleer.Main

Host: Intel(R) Core(TM) i5-10200H CPU @ 2.40GHz, 8 cores, 15G,  Windows 10 , 64 bit Build 19041 (10.0.19041.1202)
Time: Thu Oct 14 12:44:44 2021 W. Europe Summer Time elapsed time: 2.721318 seconds (0d 0h 0m 2s)

---------------  T H R E A D  ---------------

Current thread (0x000001f7bd8ae060):  JavaThread "C2 CompilerThread1" daemon [_thread_in_native, id=6804, stack(0x000000f50fb00000,0x000000f50fc00000)]


Current CompileTask:
C2:   2721 1445   !   4       java.nio.DirectByteBuffer::get (157 bytes)

Stack: [0x000000f50fb00000,0x000000f50fc00000],  sp=0x000000f50fbfb500,  free space=1005k
Native frames: (J=compiled Java code, j=interpreted, Vv=VM code, C=native code)
C  [ntdll.dll+0x2dfdf]
C  [ntdll.dll+0x2b44d]
C  [ucrtbase.dll+0xfde6]
V  [jvm.dll+0x65b290]
V  [jvm.dll+0xade98]
V  [jvm.dll+0xae5ac]
V  [jvm.dll+0x35af27]
V  [jvm.dll+0x1b9f31]
V  [jvm.dll+0x216066]
V  [jvm.dll+0x215350]
V  [jvm.dll+0x1a1d9b]
V  [jvm.dll+0x2253a8]
V  [jvm.dll+0x2233ec]
V  [jvm.dll+0x780002]
V  [jvm.dll+0x779b4a]
V  [jvm.dll+0x667666]
C  [ucrtbase.dll+0x21bb2]
C  [KERNEL32.DLL+0x17034]
C  [ntdll.dll+0x52651]


siginfo: EXCEPTION_ACCESS_VIOLATION (0xc0000005), writing address 0x000001f7c569a27a


Register to memory mapping:

RIP=0x00007ffae0b5dfdf ntdll.dll
RAX=0x0000000000050000 is an unknown value
RBX=0x000001f796f80000 points into unknown readable memory: 0x0000000000000000 | 00 00 00 00 00 00 00 00
RCX=0x0000000000000010 is an unknown value
RDX=0x0000000000000001 is an unknown value
RSP=0x000000f50fbfb500 is pointing into the stack for thread: 0x000001f7bd8ae060
RBP=0x000000f50fbfb7f9 is pointing into the stack for thread: 0x000001f7bd8ae060
RSI=0x000001f7c569a270 is an unknown value
RDI=0x000001f796f8b0d0 points into unknown readable memory: 0x0000000000000000 | 00 00 00 00 00 00 00 00
R8 =0x0 is NULL
R9 =0x000001f7c5640000 points into unknown readable memory: 0x0000000000000000 | 00 00 00 00 00 00 00 00
R10=0x0 is NULL
R11=0x000001f7bde3ea00 points into unknown readable memory: 0x000001f7c5a19eb0 | b0 9e a1 c5 f7 01 00 00
R12=0x00000000000000da is an unknown value
R13=0x0000000000001127 is an unknown value
R14=0x0 is NULL
R15=0x000001f7c5689000 points into unknown readable memory: 0x3f29e1328b0ea42e | 2e a4 0e 8b 32 e1 29 3f


Registers:
RAX=0x0000000000050000, RBX=0x000001f796f80000, RCX=0x0000000000000010, RDX=0x0000000000000001
RSP=0x000000f50fbfb500, RBP=0x000000f50fbfb7f9, RSI=0x000001f7c569a270, RDI=0x000001f796f8b0d0
R8 =0x0000000000000000, R9 =0x000001f7c5640000, R10=0x0000000000000000, R11=0x000001f7bde3ea00
R12=0x00000000000000da, R13=0x0000000000001127, R14=0x0000000000000000, R15=0x000001f7c5689000
RIP=0x00007ffae0b5dfdf, EFLAGS=0x0000000000010202

Top of Stack: (sp=0x000000f50fbfb500)
0x000000f50fbfb500:   000000f50fbfb701 00007ffa000003ff
0x000000f50fbfb510:   000001f796f80000 000001f7bd97e498
0x000000f50fbfb520:   0000000000001002 00007ffae0b4ead2
0x000000f50fbfb530:   000001f7bd97e401 0000000000001127
0x000000f50fbfb540:   000001f796f80000 0000000000000000
0x000000f50fbfb550:   0000000000000000 0000000000000001
0x000000f50fbfb560:   000001f7c5689000 00007ffa12001002
0x000000f50fbfb570:   00000000000000da 000001f700000075
0x000000f50fbfb580:   000001f700000001 0000000000000000
0x000000f50fbfb590:   0000000000000010 00000000e0b4e3ad
0x000000f50fbfb5a0:   000001f7c5689000 000000f50fbfb609
0x000000f50fbfb5b0:   000000000000006a 000001f7bd97e490
0x000000f50fbfb5c0:   000001f70000018e 000001f700000007
0x000000f50fbfb5d0:   000001f700000175 00000000000003ff
0x000000f50fbfb5e0:   000001f7c5a19eb0 000000000000006a
0x000000f50fbfb5f0:   000001f700000001 000001f796f80150 

Instructions: (pc=0x00007ffae0b5dfdf)
0x00007ffae0b5dedf:   48 89 8b a0 02 00 00 48 89 8b a8 02 00 00 ff 83
0x00007ffae0b5deef:   8c 02 00 00 81 bb 8c 02 00 00 00 10 00 00 72 41
0x00007ffae0b5deff:   80 bb a2 01 00 00 02 75 0e 83 bb 90 02 00 00 10
0x00007ffae0b5df0f:   b8 00 01 00 00 77 05 b8 10 00 00 00 39 83 84 02
0x00007ffae0b5df1f:   00 00 76 11 81 fa 00 00 01 00 73 09 8d 04 12 89
0x00007ffae0b5df2f:   83 88 02 00 00 89 bb 84 02 00 00 89 bb 8c 02 00
0x00007ffae0b5df3f:   00 48 8b 8b 60 01 00 00 e8 e4 12 00 00 c6 44 24
0x00007ffae0b5df4f:   30 00 f6 84 24 58 02 00 00 08 0f 84 24 12 00 00
0x00007ffae0b5df5f:   4d 8d 46 f8 33 d2 48 8b 4c 24 48 e8 91 5e 07 00
0x00007ffae0b5df6f:   e9 0f 12 00 00 49 8d 45 01 48 03 c0 49 89 0c c7
0x00007ffae0b5df7f:   41 c6 47 0f 3f e9 93 fe ff ff 45 33 d2 45 8b c2
0x00007ffae0b5df8f:   85 d2 41 0f 94 c0 44 89 84 24 68 02 00 00 44 89
0x00007ffae0b5df9f:   84 24 9c 00 00 00 41 0f b6 47 0e 84 c0 74 1a 48
0x00007ffae0b5dfaf:   c1 e0 10 4d 8b cf 49 81 e1 00 00 ff ff 4c 2b c8
0x00007ffae0b5dfbf:   49 81 c1 00 00 01 00 eb 03 4c 8b cb 4c 89 64 24
0x00007ffae0b5dfcf:   70 49 8b f5 48 c1 e6 04 49 03 f7 44 89 54 24 5c
0x00007ffae0b5dfdf:   44 88 76 0a 44 88 56 0f 0f b7 83 8c 00 00 00 66
0x00007ffae0b5dfef:   41 33 c5 66 89 46 0c 49 8b 51 28 49 3b d1 75 05
0x00007ffae0b5dfff:   40 32 ff eb 40 48 8b fe 49 2b f9 48 c1 ef 10 48
0x00007ffae0b5e00f:   ff c7 48 89 bc 24 88 01 00 00 48 81 ff fe 00 00
0x00007ffae0b5e01f:   00 72 22 4c 89 54 24 28 4c 89 54 24 20 4c 8b c6
0x00007ffae0b5e02f:   b9 03 00 00 00 e8 d3 fd 0d 00 44 8b 84 24 68 02
0x00007ffae0b5e03f:   00 00 45 33 d2 40 88 7e 0e c6 46 0b 00 66 44 89
0x00007ffae0b5e04f:   66 08 4d 8b f4 49 c1 e6 04 4c 03 f6 8b 4b 7c 8b
0x00007ffae0b5e05f:   c1 c1 e8 14 22 83 8a 00 00 00 41 32 46 0a a8 01
0x00007ffae0b5e06f:   0f 84 d2 06 00 00 0f b7 83 8c 00 00 00 66 41 33
0x00007ffae0b5e07f:   c4 66 41 89 46 0c 45 84 c0 0f 85 26 05 00 00 41
0x00007ffae0b5e08f:   0f b7 d4 48 89 54 24 38 44 88 46 0a 44 88 46 0f
0x00007ffae0b5e09f:   48 8d 83 50 01 00 00 4c 8b ab 38 01 00 00 4d 85
0x00007ffae0b5e0af:   ed 0f 84 07 03 00 00 41 8b 4d 08 48 3b d1 73 0d
0x00007ffae0b5e0bf:   4c 8b f2 48 89 94 24 b0 00 00 00 eb 19 49 8b 45
0x00007ffae0b5e0cf:   00 48 85 c0 0f 85 dc 02 00 00 44 8d 71 ff 4c 89 


Stack slot to memory mapping:
stack at sp + 0 slots: 0x000000f50fbfb701 is pointing into the stack for thread: 0x000001f7bd8ae060
stack at sp + 1 slots: 0x00007ffa000003ff is an unknown value
stack at sp + 2 slots: 0x000001f796f80000 points into unknown readable memory: 0x0000000000000000 | 00 00 00 00 00 00 00 00
stack at sp + 3 slots: 0x000001f7bd97e498 points into unknown readable memory: 0x1088b759e45fec12 | 12 ec 5f e4 59 b7 88 10
stack at sp + 4 slots: 0x0000000000001002 is an unknown value
stack at sp + 5 slots: 0x00007ffae0b4ead2 ntdll.dll
stack at sp + 6 slots: 0x000001f7bd97e401 points into unknown readable memory: 00 cb 49 13 00 67 6c
stack at sp + 7 slots: 0x0000000000001127 is an unknown value


---------------  P R O C E S S  ---------------

Threads class SMR info:
_java_thread_list=0x000001f7c5b2ec00, length=17, elements={
0x000001f7971c0000, 0x000001f7b7b34300, 0x000001f7b7b35870, 0x000001f7b8423580,
0x000001f7b8424090, 0x000001f7b845f7a0, 0x000001f7b84600b0, 0x000001f7b8461c30,
0x000001f7b8466220, 0x000001f7b8469320, 0x000001f7b7ace0a0, 0x000001f7b8793b70,
0x000001f7b879ca50, 0x000001f7b87a11a0, 0x000001f7b8d043d0, 0x000001f7bd8ae060,
0x000001f7c59f9770
}

Java Threads: ( => current thread )
  0x000001f7971c0000 JavaThread "main" [_thread_in_vm, id=16036, stack(0x000000f50ea00000,0x000000f50eb00000)]
  0x000001f7b7b34300 JavaThread "Reference Handler" daemon [_thread_blocked, id=11676, stack(0x000000f50f100000,0x000000f50f200000)]
  0x000001f7b7b35870 JavaThread "Finalizer" daemon [_thread_blocked, id=5212, stack(0x000000f50f200000,0x000000f50f300000)]
  0x000001f7b8423580 JavaThread "Signal Dispatcher" daemon [_thread_blocked, id=6080, stack(0x000000f50f300000,0x000000f50f400000)]
  0x000001f7b8424090 JavaThread "Attach Listener" daemon [_thread_blocked, id=16104, stack(0x000000f50f400000,0x000000f50f500000)]
  0x000001f7b845f7a0 JavaThread "Service Thread" daemon [_thread_blocked, id=14208, stack(0x000000f50f500000,0x000000f50f600000)]
  0x000001f7b84600b0 JavaThread "Monitor Deflation Thread" daemon [_thread_blocked, id=7236, stack(0x000000f50f600000,0x000000f50f700000)]
  0x000001f7b8461c30 JavaThread "C2 CompilerThread0" daemon [_thread_in_native, id=1356, stack(0x000000f50f700000,0x000000f50f800000)]
  0x000001f7b8466220 JavaThread "C1 CompilerThread0" daemon [_thread_blocked, id=14868, stack(0x000000f50f800000,0x000000f50f900000)]
  0x000001f7b8469320 JavaThread "Sweeper thread" daemon [_thread_blocked, id=15984, stack(0x000000f50f900000,0x000000f50fa00000)]
  0x000001f7b7ace0a0 JavaThread "Common-Cleaner" daemon [_thread_blocked, id=11840, stack(0x000000f50fa00000,0x000000f50fb00000)]
  0x000001f7b8793b70 JavaThread "JDWP Transport Listener: dt_socket" daemon [_thread_blocked, id=7676, stack(0x000000f50fc00000,0x000000f50fd00000)]
  0x000001f7b879ca50 JavaThread "JDWP Event Helper Thread" daemon [_thread_blocked, id=1236, stack(0x000000f50fd00000,0x000000f50fe00000)]
  0x000001f7b87a11a0 JavaThread "JDWP Command Reader" daemon [_thread_in_native, id=8572, stack(0x000000f50fe00000,0x000000f50ff00000)]
  0x000001f7b8d043d0 JavaThread "Notification Thread" daemon [_thread_blocked, id=10068, stack(0x000000f50ff00000,0x000000f510000000)]
=>0x000001f7bd8ae060 JavaThread "C2 CompilerThread1" daemon [_thread_in_native, id=6804, stack(0x000000f50fb00000,0x000000f50fc00000)]
  0x000001f7c59f9770 JavaThread "Java2D Disposer" daemon [_thread_blocked, id=12960, stack(0x000000f511100000,0x000000f511200000)]

Other Threads:
  0x000001f7b8418f60 VMThread "VM Thread" [stack: 0x000000f50f000000,0x000000f50f100000] [id=8780]
  0x000001f7b8e9b290 WatcherThread [stack: 0x000000f510000000,0x000000f510100000] [id=14012]
  0x000001f797211ec0 GCTaskThread "GC Thread#0" [stack: 0x000000f50eb00000,0x000000f50ec00000] [id=13204]
  0x000001f7bd54b990 GCTaskThread "GC Thread#1" [stack: 0x000000f510900000,0x000000f510a00000] [id=6988]
  0x000001f7bd54c2c0 GCTaskThread "GC Thread#2" [stack: 0x000000f510a00000,0x000000f510b00000] [id=16916]
  0x000001f7bd54cbf0 GCTaskThread "GC Thread#3" [stack: 0x000000f510b00000,0x000000f510c00000] [id=17396]
  0x000001f7bd54d210 GCTaskThread "GC Thread#4" [stack: 0x000000f510c00000,0x000000f510d00000] [id=8588]
  0x000001f7bd54c5d0 GCTaskThread "GC Thread#5" [stack: 0x000000f510d00000,0x000000f510e00000] [id=12424]
  0x000001f7bd54c8e0 GCTaskThread "GC Thread#6" [stack: 0x000000f510e00000,0x000000f510f00000] [id=15840]
  0x000001f7bd54b680 GCTaskThread "GC Thread#7" [stack: 0x000000f510f00000,0x000000f511000000] [id=13708]
  0x000001f797224400 ConcurrentGCThread "G1 Main Marker" [stack: 0x000000f50ec00000,0x000000f50ed00000] [id=12588]
  0x000001f797225d90 ConcurrentGCThread "G1 Conc#0" [stack: 0x000000f50ed00000,0x000000f50ee00000] [id=15248]
  0x000001f7b79a20c0 ConcurrentGCThread "G1 Refine#0" [stack: 0x000000f50ee00000,0x000000f50ef00000] [id=16816]
  0x000001f7b79a3a60 ConcurrentGCThread "G1 Service" [stack: 0x000000f50ef00000,0x000000f50f000000] [id=4396]

Threads with active compile tasks:
C2 CompilerThread0     2764 1437       4       java.util.regex.Matcher::reset (128 bytes)
C2 CompilerThread1     2764 1445   !   4       java.nio.DirectByteBuffer::get (157 bytes)

VM state: not at safepoint (normal execution)

VM Mutex/Monitor currently owned by a thread: None

Heap address: 0x0000000702c00000, size: 4052 MB, Compressed Oops mode: Zero based, Oop shift amount: 3

CDS disabled.
Compressed class space mapped at: 0x0000000800000000-0x0000000840000000, reserved size: 1073741824
Narrow klass base: 0x0000000800000000, Narrow klass shift: 0, Narrow klass range: 0x40000000

GC Precious Log:
 CPUs: 8 total, 8 available
 Memory: 16205M
 Large Page Support: Disabled
 NUMA Support: Disabled
 Compressed Oops: Enabled (Zero based)
 Heap Region Size: 2M
 Heap Min Capacity: 8M
 Heap Initial Capacity: 254M
 Heap Max Capacity: 4052M
 Pre-touch: Disabled
 Parallel Workers: 8
 Concurrent Workers: 2
 Concurrent Refinement Workers: 8
 Periodic GC: Disabled

Heap:
 garbage-first heap   total 260096K, used 6206K [0x0000000702c00000, 0x0000000800000000)
  region size 2048K, 3 young (6144K), 1 survivors (2048K)
 Metaspace       used 19123K, committed 19328K, reserved 1073152K
  class space    used 1352K, committed 1472K, reserved 1048576K

Heap Regions: E=young(eden), S=young(survivor), O=old, HS=humongous(starts), HC=humongous(continues), CS=collection set, F=free, OA=open archive, CA=closed archive, TAMS=top-at-mark-start (previous, next)
|   0|0x0000000702c00000, 0x0000000702e00000, 0x0000000702e00000|100%| O|  |TAMS 0x0000000702c00000, 0x0000000702c00000| Untracked 
|   1|0x0000000702e00000, 0x0000000702f29e00, 0x0000000703000000| 58%| O|  |TAMS 0x0000000702e00000, 0x0000000702e00000| Untracked 
|   2|0x0000000703000000, 0x0000000703000000, 0x0000000703200000|  0%| F|  |TAMS 0x0000000703000000, 0x0000000703000000| Untracked 
|   3|0x0000000703200000, 0x0000000703200000, 0x0000000703400000|  0%| F|  |TAMS 0x0000000703200000, 0x0000000703200000| Untracked 
|   4|0x0000000703400000, 0x0000000703400000, 0x0000000703600000|  0%| F|  |TAMS 0x0000000703400000, 0x0000000703400000| Untracked 
|   5|0x0000000703600000, 0x0000000703600000, 0x0000000703800000|  0%| F|  |TAMS 0x0000000703600000, 0x0000000703600000| Untracked 
|   6|0x0000000703800000, 0x0000000703800000, 0x0000000703a00000|  0%| F|  |TAMS 0x0000000703800000, 0x0000000703800000| Untracked 
|   7|0x0000000703a00000, 0x0000000703a00000, 0x0000000703c00000|  0%| F|  |TAMS 0x0000000703a00000, 0x0000000703a00000| Untracked 
|   8|0x0000000703c00000, 0x0000000703c00000, 0x0000000703e00000|  0%| F|  |TAMS 0x0000000703c00000, 0x0000000703c00000| Untracked 
|   9|0x0000000703e00000, 0x0000000703e00000, 0x0000000704000000|  0%| F|  |TAMS 0x0000000703e00000, 0x0000000703e00000| Untracked 
|  10|0x0000000704000000, 0x0000000704000000, 0x0000000704200000|  0%| F|  |TAMS 0x0000000704000000, 0x0000000704000000| Untracked 
|  11|0x0000000704200000, 0x0000000704200000, 0x0000000704400000|  0%| F|  |TAMS 0x0000000704200000, 0x0000000704200000| Untracked 
|  12|0x0000000704400000, 0x0000000704400000, 0x0000000704600000|  0%| F|  |TAMS 0x0000000704400000, 0x0000000704400000| Untracked 
|  13|0x0000000704600000, 0x0000000704600000, 0x0000000704800000|  0%| F|  |TAMS 0x0000000704600000, 0x0000000704600000| Untracked 
|  14|0x0000000704800000, 0x0000000704800000, 0x0000000704a00000|  0%| F|  |TAMS 0x0000000704800000, 0x0000000704800000| Untracked 
|  15|0x0000000704a00000, 0x0000000704a00000, 0x0000000704c00000|  0%| F|  |TAMS 0x0000000704a00000, 0x0000000704a00000| Untracked 
|  16|0x0000000704c00000, 0x0000000704c00000, 0x0000000704e00000|  0%| F|  |TAMS 0x0000000704c00000, 0x0000000704c00000| Untracked 
|  17|0x0000000704e00000, 0x0000000704e00000, 0x0000000705000000|  0%| F|  |TAMS 0x0000000704e00000, 0x0000000704e00000| Untracked 
|  18|0x0000000705000000, 0x0000000705000000, 0x0000000705200000|  0%| F|  |TAMS 0x0000000705000000, 0x0000000705000000| Untracked 
|  19|0x0000000705200000, 0x0000000705200000, 0x0000000705400000|  0%| F|  |TAMS 0x0000000705200000, 0x0000000705200000| Untracked 
|  20|0x0000000705400000, 0x0000000705400000, 0x0000000705600000|  0%| F|  |TAMS 0x0000000705400000, 0x0000000705400000| Untracked 
|  21|0x0000000705600000, 0x0000000705600000, 0x0000000705800000|  0%| F|  |TAMS 0x0000000705600000, 0x0000000705600000| Untracked 
|  22|0x0000000705800000, 0x0000000705800000, 0x0000000705a00000|  0%| F|  |TAMS 0x0000000705800000, 0x0000000705800000| Untracked 
|  23|0x0000000705a00000, 0x0000000705a00000, 0x0000000705c00000|  0%| F|  |TAMS 0x0000000705a00000, 0x0000000705a00000| Untracked 
|  24|0x0000000705c00000, 0x0000000705c00000, 0x0000000705e00000|  0%| F|  |TAMS 0x0000000705c00000, 0x0000000705c00000| Untracked 
|  25|0x0000000705e00000, 0x0000000705e00000, 0x0000000706000000|  0%| F|  |TAMS 0x0000000705e00000, 0x0000000705e00000| Untracked 
|  26|0x0000000706000000, 0x0000000706000000, 0x0000000706200000|  0%| F|  |TAMS 0x0000000706000000, 0x0000000706000000| Untracked 
|  27|0x0000000706200000, 0x0000000706200000, 0x0000000706400000|  0%| F|  |TAMS 0x0000000706200000, 0x0000000706200000| Untracked 
|  28|0x0000000706400000, 0x0000000706400000, 0x0000000706600000|  0%| F|  |TAMS 0x0000000706400000, 0x0000000706400000| Untracked 
|  29|0x0000000706600000, 0x0000000706600000, 0x0000000706800000|  0%| F|  |TAMS 0x0000000706600000, 0x0000000706600000| Untracked 
|  30|0x0000000706800000, 0x0000000706800000, 0x0000000706a00000|  0%| F|  |TAMS 0x0000000706800000, 0x0000000706800000| Untracked 
|  31|0x0000000706a00000, 0x0000000706a00000, 0x0000000706c00000|  0%| F|  |TAMS 0x0000000706a00000, 0x0000000706a00000| Untracked 
|  32|0x0000000706c00000, 0x0000000706c00000, 0x0000000706e00000|  0%| F|  |TAMS 0x0000000706c00000, 0x0000000706c00000| Untracked 
|  33|0x0000000706e00000, 0x0000000706e00000, 0x0000000707000000|  0%| F|  |TAMS 0x0000000706e00000, 0x0000000706e00000| Untracked 
|  34|0x0000000707000000, 0x0000000707000000, 0x0000000707200000|  0%| F|  |TAMS 0x0000000707000000, 0x0000000707000000| Untracked 
|  35|0x0000000707200000, 0x0000000707200000, 0x0000000707400000|  0%| F|  |TAMS 0x0000000707200000, 0x0000000707200000| Untracked 
|  36|0x0000000707400000, 0x0000000707400000, 0x0000000707600000|  0%| F|  |TAMS 0x0000000707400000, 0x0000000707400000| Untracked 
|  37|0x0000000707600000, 0x0000000707600000, 0x0000000707800000|  0%| F|  |TAMS 0x0000000707600000, 0x0000000707600000| Untracked 
|  38|0x0000000707800000, 0x0000000707800000, 0x0000000707a00000|  0%| F|  |TAMS 0x0000000707800000, 0x0000000707800000| Untracked 
|  39|0x0000000707a00000, 0x0000000707a00000, 0x0000000707c00000|  0%| F|  |TAMS 0x0000000707a00000, 0x0000000707a00000| Untracked 
|  40|0x0000000707c00000, 0x0000000707c00000, 0x0000000707e00000|  0%| F|  |TAMS 0x0000000707c00000, 0x0000000707c00000| Untracked 
|  41|0x0000000707e00000, 0x0000000707e00000, 0x0000000708000000|  0%| F|  |TAMS 0x0000000707e00000, 0x0000000707e00000| Untracked 
|  42|0x0000000708000000, 0x0000000708000000, 0x0000000708200000|  0%| F|  |TAMS 0x0000000708000000, 0x0000000708000000| Untracked 
|  43|0x0000000708200000, 0x0000000708200000, 0x0000000708400000|  0%| F|  |TAMS 0x0000000708200000, 0x0000000708200000| Untracked 
|  44|0x0000000708400000, 0x0000000708400000, 0x0000000708600000|  0%| F|  |TAMS 0x0000000708400000, 0x0000000708400000| Untracked 
|  45|0x0000000708600000, 0x0000000708600000, 0x0000000708800000|  0%| F|  |TAMS 0x0000000708600000, 0x0000000708600000| Untracked 
|  46|0x0000000708800000, 0x0000000708800000, 0x0000000708a00000|  0%| F|  |TAMS 0x0000000708800000, 0x0000000708800000| Untracked 
|  47|0x0000000708a00000, 0x0000000708a00000, 0x0000000708c00000|  0%| F|  |TAMS 0x0000000708a00000, 0x0000000708a00000| Untracked 
|  48|0x0000000708c00000, 0x0000000708c00000, 0x0000000708e00000|  0%| F|  |TAMS 0x0000000708c00000, 0x0000000708c00000| Untracked 
|  49|0x0000000708e00000, 0x0000000708e00000, 0x0000000709000000|  0%| F|  |TAMS 0x0000000708e00000, 0x0000000708e00000| Untracked 
|  50|0x0000000709000000, 0x0000000709000000, 0x0000000709200000|  0%| F|  |TAMS 0x0000000709000000, 0x0000000709000000| Untracked 
|  51|0x0000000709200000, 0x0000000709200000, 0x0000000709400000|  0%| F|  |TAMS 0x0000000709200000, 0x0000000709200000| Untracked 
|  52|0x0000000709400000, 0x0000000709400000, 0x0000000709600000|  0%| F|  |TAMS 0x0000000709400000, 0x0000000709400000| Untracked 
|  53|0x0000000709600000, 0x0000000709600000, 0x0000000709800000|  0%| F|  |TAMS 0x0000000709600000, 0x0000000709600000| Untracked 
|  54|0x0000000709800000, 0x0000000709800000, 0x0000000709a00000|  0%| F|  |TAMS 0x0000000709800000, 0x0000000709800000| Untracked 
|  55|0x0000000709a00000, 0x0000000709a00000, 0x0000000709c00000|  0%| F|  |TAMS 0x0000000709a00000, 0x0000000709a00000| Untracked 
|  56|0x0000000709c00000, 0x0000000709c00000, 0x0000000709e00000|  0%| F|  |TAMS 0x0000000709c00000, 0x0000000709c00000| Untracked 
|  57|0x0000000709e00000, 0x0000000709e00000, 0x000000070a000000|  0%| F|  |TAMS 0x0000000709e00000, 0x0000000709e00000| Untracked 
|  58|0x000000070a000000, 0x000000070a000000, 0x000000070a200000|  0%| F|  |TAMS 0x000000070a000000, 0x000000070a000000| Untracked 
|  59|0x000000070a200000, 0x000000070a200000, 0x000000070a400000|  0%| F|  |TAMS 0x000000070a200000, 0x000000070a200000| Untracked 
|  60|0x000000070a400000, 0x000000070a400000, 0x000000070a600000|  0%| F|  |TAMS 0x000000070a400000, 0x000000070a400000| Untracked 
|  61|0x000000070a600000, 0x000000070a600000, 0x000000070a800000|  0%| F|  |TAMS 0x000000070a600000, 0x000000070a600000| Untracked 
|  62|0x000000070a800000, 0x000000070a800000, 0x000000070aa00000|  0%| F|  |TAMS 0x000000070a800000, 0x000000070a800000| Untracked 
|  63|0x000000070aa00000, 0x000000070aa00000, 0x000000070ac00000|  0%| F|  |TAMS 0x000000070aa00000, 0x000000070aa00000| Untracked 
|  64|0x000000070ac00000, 0x000000070ac00000, 0x000000070ae00000|  0%| F|  |TAMS 0x000000070ac00000, 0x000000070ac00000| Untracked 
|  65|0x000000070ae00000, 0x000000070ae00000, 0x000000070b000000|  0%| F|  |TAMS 0x000000070ae00000, 0x000000070ae00000| Untracked 
|  66|0x000000070b000000, 0x000000070b000000, 0x000000070b200000|  0%| F|  |TAMS 0x000000070b000000, 0x000000070b000000| Untracked 
|  67|0x000000070b200000, 0x000000070b200000, 0x000000070b400000|  0%| F|  |TAMS 0x000000070b200000, 0x000000070b200000| Untracked 
|  68|0x000000070b400000, 0x000000070b400000, 0x000000070b600000|  0%| F|  |TAMS 0x000000070b400000, 0x000000070b400000| Untracked 
|  69|0x000000070b600000, 0x000000070b600000, 0x000000070b800000|  0%| F|  |TAMS 0x000000070b600000, 0x000000070b600000| Untracked 
|  70|0x000000070b800000, 0x000000070b800000, 0x000000070ba00000|  0%| F|  |TAMS 0x000000070b800000, 0x000000070b800000| Untracked 
|  71|0x000000070ba00000, 0x000000070ba00000, 0x000000070bc00000|  0%| F|  |TAMS 0x000000070ba00000, 0x000000070ba00000| Untracked 
|  72|0x000000070bc00000, 0x000000070bc00000, 0x000000070be00000|  0%| F|  |TAMS 0x000000070bc00000, 0x000000070bc00000| Untracked 
|  73|0x000000070be00000, 0x000000070be00000, 0x000000070c000000|  0%| F|  |TAMS 0x000000070be00000, 0x000000070be00000| Untracked 
|  74|0x000000070c000000, 0x000000070c000000, 0x000000070c200000|  0%| F|  |TAMS 0x000000070c000000, 0x000000070c000000| Untracked 
|  75|0x000000070c200000, 0x000000070c200000, 0x000000070c400000|  0%| F|  |TAMS 0x000000070c200000, 0x000000070c200000| Untracked 
|  76|0x000000070c400000, 0x000000070c400000, 0x000000070c600000|  0%| F|  |TAMS 0x000000070c400000, 0x000000070c400000| Untracked 
|  77|0x000000070c600000, 0x000000070c600000, 0x000000070c800000|  0%| F|  |TAMS 0x000000070c600000, 0x000000070c600000| Untracked 
|  78|0x000000070c800000, 0x000000070c800000, 0x000000070ca00000|  0%| F|  |TAMS 0x000000070c800000, 0x000000070c800000| Untracked 
|  79|0x000000070ca00000, 0x000000070ca00000, 0x000000070cc00000|  0%| F|  |TAMS 0x000000070ca00000, 0x000000070ca00000| Untracked 
|  80|0x000000070cc00000, 0x000000070cc00000, 0x000000070ce00000|  0%| F|  |TAMS 0x000000070cc00000, 0x000000070cc00000| Untracked 
|  81|0x000000070ce00000, 0x000000070ce00000, 0x000000070d000000|  0%| F|  |TAMS 0x000000070ce00000, 0x000000070ce00000| Untracked 
|  82|0x000000070d000000, 0x000000070d000000, 0x000000070d200000|  0%| F|  |TAMS 0x000000070d000000, 0x000000070d000000| Untracked 
|  83|0x000000070d200000, 0x000000070d200000, 0x000000070d400000|  0%| F|  |TAMS 0x000000070d200000, 0x000000070d200000| Untracked 
|  84|0x000000070d400000, 0x000000070d400000, 0x000000070d600000|  0%| F|  |TAMS 0x000000070d400000, 0x000000070d400000| Untracked 
|  85|0x000000070d600000, 0x000000070d600000, 0x000000070d800000|  0%| F|  |TAMS 0x000000070d600000, 0x000000070d600000| Untracked 
|  86|0x000000070d800000, 0x000000070d800000, 0x000000070da00000|  0%| F|  |TAMS 0x000000070d800000, 0x000000070d800000| Untracked 
|  87|0x000000070da00000, 0x000000070da00000, 0x000000070dc00000|  0%| F|  |TAMS 0x000000070da00000, 0x000000070da00000| Untracked 
|  88|0x000000070dc00000, 0x000000070dc00000, 0x000000070de00000|  0%| F|  |TAMS 0x000000070dc00000, 0x000000070dc00000| Untracked 
|  89|0x000000070de00000, 0x000000070de00000, 0x000000070e000000|  0%| F|  |TAMS 0x000000070de00000, 0x000000070de00000| Untracked 
|  90|0x000000070e000000, 0x000000070e000000, 0x000000070e200000|  0%| F|  |TAMS 0x000000070e000000, 0x000000070e000000| Untracked 
|  91|0x000000070e200000, 0x000000070e200000, 0x000000070e400000|  0%| F|  |TAMS 0x000000070e200000, 0x000000070e200000| Untracked 
|  92|0x000000070e400000, 0x000000070e400000, 0x000000070e600000|  0%| F|  |TAMS 0x000000070e400000, 0x000000070e400000| Untracked 
|  93|0x000000070e600000, 0x000000070e600000, 0x000000070e800000|  0%| F|  |TAMS 0x000000070e600000, 0x000000070e600000| Untracked 
|  94|0x000000070e800000, 0x000000070e800000, 0x000000070ea00000|  0%| F|  |TAMS 0x000000070e800000, 0x000000070e800000| Untracked 
|  95|0x000000070ea00000, 0x000000070ea00000, 0x000000070ec00000|  0%| F|  |TAMS 0x000000070ea00000, 0x000000070ea00000| Untracked 
|  96|0x000000070ec00000, 0x000000070ec00000, 0x000000070ee00000|  0%| F|  |TAMS 0x000000070ec00000, 0x000000070ec00000| Untracked 
|  97|0x000000070ee00000, 0x000000070ee00000, 0x000000070f000000|  0%| F|  |TAMS 0x000000070ee00000, 0x000000070ee00000| Untracked 
|  98|0x000000070f000000, 0x000000070f000000, 0x000000070f200000|  0%| F|  |TAMS 0x000000070f000000, 0x000000070f000000| Untracked 
|  99|0x000000070f200000, 0x000000070f200000, 0x000000070f400000|  0%| F|  |TAMS 0x000000070f200000, 0x000000070f200000| Untracked 
| 100|0x000000070f400000, 0x000000070f400000, 0x000000070f600000|  0%| F|  |TAMS 0x000000070f400000, 0x000000070f400000| Untracked 
| 101|0x000000070f600000, 0x000000070f600000, 0x000000070f800000|  0%| F|  |TAMS 0x000000070f600000, 0x000000070f600000| Untracked 
| 102|0x000000070f800000, 0x000000070f800000, 0x000000070fa00000|  0%| F|  |TAMS 0x000000070f800000, 0x000000070f800000| Untracked 
| 103|0x000000070fa00000, 0x000000070fa00000, 0x000000070fc00000|  0%| F|  |TAMS 0x000000070fa00000, 0x000000070fa00000| Untracked 
| 104|0x000000070fc00000, 0x000000070fc00000, 0x000000070fe00000|  0%| F|  |TAMS 0x000000070fc00000, 0x000000070fc00000| Untracked 
| 105|0x000000070fe00000, 0x000000070fe00000, 0x0000000710000000|  0%| F|  |TAMS 0x000000070fe00000, 0x000000070fe00000| Untracked 
| 106|0x0000000710000000, 0x0000000710000000, 0x0000000710200000|  0%| F|  |TAMS 0x0000000710000000, 0x0000000710000000| Untracked 
| 107|0x0000000710200000, 0x00000007102e5b60, 0x0000000710400000| 44%| S|CS|TAMS 0x0000000710200000, 0x0000000710200000| Complete 
| 108|0x0000000710400000, 0x0000000710400000, 0x0000000710600000|  0%| F|  |TAMS 0x0000000710400000, 0x0000000710400000| Untracked 
| 109|0x0000000710600000, 0x0000000710600000, 0x0000000710800000|  0%| F|  |TAMS 0x0000000710600000, 0x0000000710600000| Untracked 
| 110|0x0000000710800000, 0x0000000710800000, 0x0000000710a00000|  0%| F|  |TAMS 0x0000000710800000, 0x0000000710800000| Untracked 
| 111|0x0000000710a00000, 0x0000000710a00000, 0x0000000710c00000|  0%| F|  |TAMS 0x0000000710a00000, 0x0000000710a00000| Untracked 
| 112|0x0000000710c00000, 0x0000000710c00000, 0x0000000710e00000|  0%| F|  |TAMS 0x0000000710c00000, 0x0000000710c00000| Untracked 
| 113|0x0000000710e00000, 0x0000000710e00000, 0x0000000711000000|  0%| F|  |TAMS 0x0000000710e00000, 0x0000000710e00000| Untracked 
| 114|0x0000000711000000, 0x0000000711000000, 0x0000000711200000|  0%| F|  |TAMS 0x0000000711000000, 0x0000000711000000| Untracked 
| 115|0x0000000711200000, 0x0000000711200000, 0x0000000711400000|  0%| F|  |TAMS 0x0000000711200000, 0x0000000711200000| Untracked 
| 116|0x0000000711400000, 0x0000000711400000, 0x0000000711600000|  0%| F|  |TAMS 0x0000000711400000, 0x0000000711400000| Untracked 
| 117|0x0000000711600000, 0x0000000711600000, 0x0000000711800000|  0%| F|  |TAMS 0x0000000711600000, 0x0000000711600000| Untracked 
| 118|0x0000000711800000, 0x0000000711800000, 0x0000000711a00000|  0%| F|  |TAMS 0x0000000711800000, 0x0000000711800000| Untracked 
| 119|0x0000000711a00000, 0x0000000711a00000, 0x0000000711c00000|  0%| F|  |TAMS 0x0000000711a00000, 0x0000000711a00000| Untracked 
| 120|0x0000000711c00000, 0x0000000711c00000, 0x0000000711e00000|  0%| F|  |TAMS 0x0000000711c00000, 0x0000000711c00000| Untracked 
| 121|0x0000000711e00000, 0x0000000711e00000, 0x0000000712000000|  0%| F|  |TAMS 0x0000000711e00000, 0x0000000711e00000| Untracked 
| 122|0x0000000712000000, 0x0000000712000000, 0x0000000712200000|  0%| F|  |TAMS 0x0000000712000000, 0x0000000712000000| Untracked 
| 123|0x0000000712200000, 0x0000000712200000, 0x0000000712400000|  0%| F|  |TAMS 0x0000000712200000, 0x0000000712200000| Untracked 
| 124|0x0000000712400000, 0x0000000712400000, 0x0000000712600000|  0%| F|  |TAMS 0x0000000712400000, 0x0000000712400000| Untracked 
| 125|0x0000000712600000, 0x0000000712800000, 0x0000000712800000|100%| E|  |TAMS 0x0000000712600000, 0x0000000712600000| Complete 
| 126|0x0000000712800000, 0x0000000712a00000, 0x0000000712a00000|100%| E|CS|TAMS 0x0000000712800000, 0x0000000712800000| Complete 

Card table byte_map: [0x000001f7ac190000,0x000001f7ac980000] _byte_map_base: 0x000001f7a897a000

Marking Bits (Prev, Next): (CMBitMap*) 0x000001f7972134d0, (CMBitMap*) 0x000001f797213510
 Prev Bits: [0x000001f7ad170000, 0x000001f7b10c0000)
 Next Bits: [0x000001f7b10c0000, 0x000001f7b5010000)

Polling page: 0x000001f7972a0000

Metaspace:

Usage:
  Non-class:     17.35 MB used.
      Class:      1.32 MB used.
       Both:     18.68 MB used.

Virtual space:
  Non-class space:       24.00 MB reserved,      17.44 MB ( 73%) committed,  3 nodes.
      Class space:        1.00 GB reserved,       1.44 MB ( <1%) committed,  1 nodes.
              Both:        1.02 GB reserved,      18.88 MB (  2%) committed. 

Chunk freelists:
   Non-Class:  2.59 MB
       Class:  2.53 MB
        Both:  5.13 MB

MaxMetaspaceSize: 17179869184.00 GB
CompressedClassSpaceSize: 1.00 GB
 - commit_granule_bytes: 65536.
 - commit_granule_words: 8192.
 - virtual_space_node_default_size: 1048576.
 - enlarge_chunks_in_place: 1.
 - new_chunks_are_fully_committed: 0.
 - uncommit_free_chunks: 1.
 - use_allocation_guard: 0.
 - handle_deallocations: 1.


Internal statistics:

num_allocs_failed_limit: 0.
num_arena_births: 98.
num_arena_deaths: 0.
num_vsnodes_births: 4.
num_vsnodes_deaths: 0.
num_space_committed: 300.
num_space_uncommitted: 0.
num_chunks_returned_to_freelist: 0.
num_chunks_taken_from_freelist: 376.
num_chunk_merges: 0.
num_chunk_splits: 273.
num_chunks_enlarged: 215.
num_purges: 0.

CodeHeap 'non-profiled nmethods': size=120000Kb used=813Kb max_used=813Kb free=119186Kb
 bounds [0x000001f7a39f0000, 0x000001f7a3c60000, 0x000001f7aaf20000]
CodeHeap 'profiled nmethods': size=120000Kb used=2628Kb max_used=2628Kb free=117371Kb
 bounds [0x000001f79c4c0000, 0x000001f79c760000, 0x000001f7a39f0000]
CodeHeap 'non-nmethods': size=5760Kb used=1752Kb max_used=1783Kb free=4007Kb
 bounds [0x000001f79bf20000, 0x000001f79c190000, 0x000001f79c4c0000]
 total_blobs=2567 nmethods=1444 adapters=1036
 compilation: enabled
              stopped_count=0, restarted_count=0
 full_count=0

Compilation events (20 events):
Event: 2.709 Thread 0x000001f7b8466220 nmethod 1434 0x000001f79c749190 code [0x000001f79c749360, 0x000001f79c7499c8]
Event: 2.709 Thread 0x000001f7b8466220 1436       3       java.util.Formatter::checkText (58 bytes)
Event: 2.710 Thread 0x000001f7b8466220 nmethod 1436 0x000001f79c749b90 code [0x000001f79c749e40, 0x000001f79c74aaf8]
Event: 2.710 Thread 0x000001f7b8466220 1435       3       java.lang.StringUTF16::length (5 bytes)
Event: 2.710 Thread 0x000001f7b8466220 nmethod 1435 0x000001f79c74b110 code [0x000001f79c74b2a0, 0x000001f79c74b398]
Event: 2.710 Thread 0x000001f7b8466220 1439       3       java.util.regex.Matcher::end (22 bytes)
Event: 2.710 Thread 0x000001f7b8466220 nmethod 1439 0x000001f79c74b490 code [0x000001f79c74b640, 0x000001f79c74b888]
Event: 2.710 Thread 0x000001f7b8466220 1440       3       java.util.regex.Pattern$$Lambda$34/0x00000008000f3db0::is (13 bytes)
Event: 2.710 Thread 0x000001f7bd8ae060 1445   !   4       java.nio.DirectByteBuffer::get (157 bytes)
Event: 2.710 Thread 0x000001f7b8466220 nmethod 1440 0x000001f79c74b990 code [0x000001f79c74bb40, 0x000001f79c74bd98]
Event: 2.710 Thread 0x000001f7b8466220 1441       3       java.util.regex.Pattern::lambda$Range$10 (7 bytes)
Event: 2.710 Thread 0x000001f7b8466220 nmethod 1441 0x000001f79c74be90 code [0x000001f79c74c040, 0x000001f79c74c218]
Event: 2.710 Thread 0x000001f7b8466220 1442       3       java.util.regex.Pattern::inRange (16 bytes)
Event: 2.710 Thread 0x000001f7b8466220 nmethod 1442 0x000001f79c74c310 code [0x000001f79c74c4a0, 0x000001f79c74c618]
Event: 2.710 Thread 0x000001f7b8466220 1443       3       java.util.Formatter$FormatSpecifier::<init> (259 bytes)
Event: 2.711 Thread 0x000001f7b8466220 nmethod 1443 0x000001f79c74c690 code [0x000001f79c74cb00, 0x000001f79c74e3e8]
Event: 2.711 Thread 0x000001f7b8466220 1444   !   3       java.util.Formatter$FormatSpecifier::index (62 bytes)
Event: 2.711 Thread 0x000001f7b8466220 nmethod 1444 0x000001f79c74ee10 code [0x000001f79c74f000, 0x000001f79c74f328]
Event: 2.711 Thread 0x000001f7b8466220 1438   !   3       sun.util.locale.provider.JRELocaleProviderAdapter::getDecimalFormatSymbolsProvider (51 bytes)
Event: 2.712 Thread 0x000001f7b8466220 nmethod 1438 0x000001f79c74f510 code [0x000001f79c74f780, 0x000001f79c750708]

GC Heap History (4 events):
Event: 2.187 GC heap before
{Heap before GC invocations=0 (full 0):
 garbage-first heap   total 260096K, used 20480K [0x0000000702c00000, 0x0000000800000000)
  region size 2048K, 11 young (22528K), 0 survivors (0K)
 Metaspace       used 12750K, committed 12928K, reserved 1064960K
  class space    used 1029K, committed 1088K, reserved 1048576K
}
Event: 2.189 GC heap after
{Heap after GC invocations=1 (full 0):
 garbage-first heap   total 260096K, used 3401K [0x0000000702c00000, 0x0000000800000000)
  region size 2048K, 2 young (4096K), 2 survivors (4096K)
 Metaspace       used 12750K, committed 12928K, reserved 1064960K
  class space    used 1029K, committed 1088K, reserved 1048576K
}
Event: 2.650 GC heap before
{Heap before GC invocations=1 (full 0):
 garbage-first heap   total 260096K, used 36169K [0x0000000702c00000, 0x0000000800000000)
  region size 2048K, 19 young (38912K), 2 survivors (4096K)
 Metaspace       used 19064K, committed 19264K, reserved 1073152K
  class space    used 1352K, committed 1472K, reserved 1048576K
}
Event: 2.652 GC heap after
{Heap after GC invocations=2 (full 0):
 garbage-first heap   total 260096K, used 4158K [0x0000000702c00000, 0x0000000800000000)
  region size 2048K, 1 young (2048K), 1 survivors (2048K)
 Metaspace       used 19064K, committed 19264K, reserved 1073152K
  class space    used 1352K, committed 1472K, reserved 1048576K
}

Deoptimization events (20 events):
Event: 2.411 Thread 0x000001f7971c0000 Uncommon trap: trap_request=0xffffff45 fr.pc=0x000001f7a3a5786c relative=0x000000000000130c
Event: 2.411 Thread 0x000001f7971c0000 Uncommon trap: reason=unstable_if action=reinterpret pc=0x000001f7a3a5786c method=org.eclipse.jdt.launching.internal.org.objectweb.asm.MethodWriter.putMethodInfo(Lorg/eclipse/jdt/launching/internal/org/objectweb/asm/ByteVector;)V @ 9 c2
Event: 2.411 Thread 0x000001f7971c0000 DEOPT PACKING pc=0x000001f7a3a5786c sp=0x000000f50eafc760
Event: 2.411 Thread 0x000001f7971c0000 DEOPT UNPACKING pc=0x000001f79bf6d72e sp=0x000000f50eafc700 mode 2
Event: 2.477 Thread 0x000001f7971c0000 DEOPT PACKING pc=0x000001f79c657a5f sp=0x000000f50eafb030
Event: 2.477 Thread 0x000001f7971c0000 DEOPT UNPACKING pc=0x000001f79bf6dece sp=0x000000f50eafa578 mode 0
Event: 2.486 Thread 0x000001f7971c0000 Uncommon trap: trap_request=0xffffff45 fr.pc=0x000001f7a3a80448 relative=0x0000000000004968
Event: 2.486 Thread 0x000001f7971c0000 Uncommon trap: reason=unstable_if action=reinterpret pc=0x000001f7a3a80448 method=org.eclipse.jdt.launching.internal.org.objectweb.asm.ClassReader.readConst(I[C)Ljava/lang/Object; @ 15 c2
Event: 2.486 Thread 0x000001f7971c0000 DEOPT PACKING pc=0x000001f7a3a80448 sp=0x000000f50eafc3f0
Event: 2.486 Thread 0x000001f7971c0000 DEOPT UNPACKING pc=0x000001f79bf6d72e sp=0x000000f50eafc3a8 mode 2
Event: 2.487 Thread 0x000001f7971c0000 Uncommon trap: trap_request=0xffffff45 fr.pc=0x000001f7a3a8c894 relative=0x0000000000001614
Event: 2.487 Thread 0x000001f7971c0000 Uncommon trap: reason=unstable_if action=reinterpret pc=0x000001f7a3a8c894 method=org.eclipse.jdt.launching.internal.org.objectweb.asm.SymbolTable.addConstantUtf8(Ljava/lang/String;)I @ 40 c2
Event: 2.487 Thread 0x000001f7971c0000 DEOPT PACKING pc=0x000001f7a3a8c894 sp=0x000000f50eafc340
Event: 2.487 Thread 0x000001f7971c0000 DEOPT UNPACKING pc=0x000001f79bf6d72e sp=0x000000f50eafc218 mode 2
Event: 2.706 Thread 0x000001f7971c0000 DEOPT PACKING pc=0x000001f79c70da2f sp=0x000000f50eaff480
Event: 2.706 Thread 0x000001f7971c0000 DEOPT UNPACKING pc=0x000001f79bf6dece sp=0x000000f50eafeb08 mode 0
Event: 2.708 Thread 0x000001f7971c0000 Uncommon trap: trap_request=0xffffff45 fr.pc=0x000001f7a3a9c934 relative=0x00000000000001b4
Event: 2.708 Thread 0x000001f7971c0000 Uncommon trap: reason=unstable_if action=reinterpret pc=0x000001f7a3a9c934 method=com.streep.openglleer.Main.run()V @ 63 c2
Event: 2.708 Thread 0x000001f7971c0000 DEOPT PACKING pc=0x000001f7a3a9c934 sp=0x000000f50eaff670
Event: 2.708 Thread 0x000001f7971c0000 DEOPT UNPACKING pc=0x000001f79bf6d72e sp=0x000000f50eaff618 mode 2

Classes unloaded (0 events):
No events

Classes redefined (0 events):
No events

Internal exceptions (18 events):
Event: 0.313 Thread 0x000001f7971c0000 Exception <a 'java/lang/NoSuchMethodError'{0x000000071228b378}: 'java.lang.Object java.lang.invoke.DirectMethodHandle$Holder.invokeStatic(java.lang.Object)'> (0x000000071228b378) 
thrown [t:\workspace\open\src\hotspot\share\interpreter\linkResolver.cpp, line 790]
Event: 0.363 Thread 0x000001f7971c0000 Exception <a 'java/lang/NoSuchMethodError'{0x0000000711e03670}: 'java.lang.Object java.lang.invoke.DirectMethodHandle$Holder.invokeStaticInit(java.lang.Object)'> (0x0000000711e03670) 
thrown [t:\workspace\open\src\hotspot\share\interpreter\linkResolver.cpp, line 790]
Event: 0.374 Thread 0x000001f7971c0000 Exception <a 'java/lang/NoSuchMethodError'{0x0000000711ec8f70}: 'void java.lang.invoke.DirectMethodHandle$Holder.invokeStatic(java.lang.Object, java.lang.Object)'> (0x0000000711ec8f70) 
thrown [t:\workspace\open\src\hotspot\share\interpreter\linkResolver.cpp, line 790]
Event: 0.375 Thread 0x000001f7971c0000 Exception <a 'java/lang/NoSuchMethodError'{0x0000000711ed00f0}: 'void java.lang.invoke.DirectMethodHandle$Holder.invokeSpecial(java.lang.Object, java.lang.Object, java.lang.Object)'> (0x0000000711ed00f0) 
thrown [t:\workspace\open\src\hotspot\share\interpreter\linkResolver.cpp, line 790]
Event: 0.377 Thread 0x000001f7971c0000 Exception <a 'java/lang/NoSuchMethodError'{0x0000000711eebaa8}: 'java.lang.Object java.lang.invoke.DirectMethodHandle$Holder.invokeStatic(java.lang.Object, java.lang.Object, int)'> (0x0000000711eebaa8) 
thrown [t:\workspace\open\src\hotspot\share\interpreter\linkResolver.cpp, line 790]
Event: 0.378 Thread 0x000001f7971c0000 Exception <a 'java/lang/NoSuchMethodError'{0x0000000711ef7c50}: 'void java.lang.invoke.DelegatingMethodHandle$Holder.delegate(java.lang.Object, java.lang.Object, int, java.lang.Object)'> (0x0000000711ef7c50) 
thrown [t:\workspace\open\src\hotspot\share\interpreter\linkResolver.cpp, line 790]
Event: 0.378 Thread 0x000001f7971c0000 Exception <a 'java/lang/NoSuchMethodError'{0x0000000711efbda0}: 'int java.lang.invoke.DirectMethodHandle$Holder.invokeSpecial(java.lang.Object, java.lang.Object, java.lang.Object)'> (0x0000000711efbda0) 
thrown [t:\workspace\open\src\hotspot\share\interpreter\linkResolver.cpp, line 790]
Event: 0.402 Thread 0x000001f7971c0000 Exception <a 'sun/nio/fs/WindowsException'{0x0000000711febda0}> (0x0000000711febda0) 
thrown [t:\workspace\open\src\hotspot\share\prims\jni.cpp, line 579]
Event: 0.402 Thread 0x000001f7971c0000 Exception <a 'sun/nio/fs/WindowsException'{0x0000000711fed3f8}> (0x0000000711fed3f8) 
thrown [t:\workspace\open\src\hotspot\share\prims\jni.cpp, line 579]
Event: 0.439 Thread 0x000001f7971c0000 Exception <a 'sun/nio/fs/WindowsException'{0x0000000711aa25e0}> (0x0000000711aa25e0) 
thrown [t:\workspace\open\src\hotspot\share\prims\jni.cpp, line 579]
Event: 0.439 Thread 0x000001f7971c0000 Exception <a 'sun/nio/fs/WindowsException'{0x0000000711aa2970}> (0x0000000711aa2970) 
thrown [t:\workspace\open\src\hotspot\share\prims\jni.cpp, line 579]
Event: 2.127 Thread 0x000001f7971c0000 Exception <a 'sun/nio/fs/WindowsException'{0x000000071188fa98}> (0x000000071188fa98) 
thrown [t:\workspace\open\src\hotspot\share\prims\jni.cpp, line 579]
Event: 2.127 Thread 0x000001f7971c0000 Exception <a 'sun/nio/fs/WindowsException'{0x000000071188fe70}> (0x000000071188fe70) 
thrown [t:\workspace\open\src\hotspot\share\prims\jni.cpp, line 579]
Event: 2.129 Thread 0x000001f7971c0000 Exception <a 'sun/nio/fs/WindowsException'{0x00000007118a15d0}> (0x00000007118a15d0) 
thrown [t:\workspace\open\src\hotspot\share\prims\jni.cpp, line 579]
Event: 2.129 Thread 0x000001f7971c0000 Exception <a 'sun/nio/fs/WindowsException'{0x00000007118a18e0}> (0x00000007118a18e0) 
thrown [t:\workspace\open\src\hotspot\share\prims\jni.cpp, line 579]
Event: 2.345 Thread 0x000001f7971c0000 Exception <a 'java/lang/ClassNotFoundException'{0x00000007116e2230}: sun/awt/resources/spi/awtProvider> (0x00000007116e2230) 
thrown [t:\workspace\open\src\hotspot\share\classfile\systemDictionary.cpp, line 256]
Event: 2.357 Thread 0x000001f7971c0000 Exception <a 'java/io/FileNotFoundException'{0x00000007117317a0}> (0x00000007117317a0) 
thrown [t:\workspace\open\src\hotspot\share\prims\jni.cpp, line 579]
Event: 2.362 Thread 0x000001f7971c0000 Exception <a 'java/io/FileNotFoundException'{0x0000000711762438}> (0x0000000711762438) 
thrown [t:\workspace\open\src\hotspot\share\prims\jni.cpp, line 579]

Events (20 events):
Event: 2.417 loading class java/math/RoundingMode done
Event: 2.424 loading class java/lang/SecurityException
Event: 2.424 loading class java/lang/SecurityException done
Event: 2.425 loading class jdk/internal/access/foreign/MemorySegmentProxy
Event: 2.425 loading class jdk/internal/access/foreign/MemorySegmentProxy done
Event: 2.488 loading class java/io/FileReader
Event: 2.488 loading class java/io/FileReader done
Event: 2.520 loading class java/lang/NumberFormatException
Event: 2.520 loading class java/lang/NumberFormatException done
Event: 2.520 Executing  VM operation: HandshakeAllThreads
Event: 2.520 Executing  VM operation: HandshakeAllThreads done
Event: 2.631 Executing  VM operation: ICBufferFull
Event: 2.632 Executing  VM operation: ICBufferFull done
Event: 2.650 Executing  VM operation: G1CollectForAllocation
Event: 2.652 Executing  VM operation: G1CollectForAllocation done
Event: 2.672 Executing  VM operation: ICBufferFull
Event: 2.672 Executing  VM operation: ICBufferFull done
Event: 2.693 Executing  VM operation: ICBufferFull
Event: 2.693 Executing  VM operation: ICBufferFull done
Event: 2.709 Thread 0x000001f7bd9924d0 Thread exited: 0x000001f7bd9924d0


Dynamic libraries:
0x00007ff773050000 - 0x00007ff77305e000 	C:\Users\streepmsi\Desktop\Programs\eclipse\plugins\org.eclipse.justj.openjdk.hotspot.jre.full.win32.x86_64_16.0.1.v20210528-1205\jre\bin\javaw.exe
0x00007ffae0b30000 - 0x00007ffae0d25000 	C:\Windows\SYSTEM32\ntdll.dll
0x00007ffadfa80000 - 0x00007ffadfb3e000 	C:\Windows\System32\KERNEL32.DLL
0x00007ffade670000 - 0x00007ffade939000 	C:\Windows\System32\KERNELBASE.dll
0x00007ffade2a0000 - 0x00007ffade3a0000 	C:\Windows\System32\ucrtbase.dll
0x00007ffad5bb0000 - 0x00007ffad5bc8000 	C:\Users\streepmsi\Desktop\Programs\eclipse\plugins\org.eclipse.justj.openjdk.hotspot.jre.full.win32.x86_64_16.0.1.v20210528-1205\jre\bin\jli.dll
0x00007ffad5980000 - 0x00007ffad5999000 	C:\Users\streepmsi\Desktop\Programs\eclipse\plugins\org.eclipse.justj.openjdk.hotspot.jre.full.win32.x86_64_16.0.1.v20210528-1205\jre\bin\VCRUNTIME140.dll
0x00007ffae0880000 - 0x00007ffae0a21000 	C:\Windows\System32\USER32.dll
0x00007ffac3960000 - 0x00007ffac3bfa000 	C:\Windows\WinSxS\amd64_microsoft.windows.common-controls_6595b64144ccf1df_6.0.19041.1110_none_60b5254171f9507e\COMCTL32.dll
0x00007ffadeac0000 - 0x00007ffadeae2000 	C:\Windows\System32\win32u.dll
0x00007ffadfe20000 - 0x00007ffadfebe000 	C:\Windows\System32\msvcrt.dll
0x00007ffadf430000 - 0x00007ffadf45b000 	C:\Windows\System32\GDI32.dll
0x00007ffade560000 - 0x00007ffade66b000 	C:\Windows\System32\gdi32full.dll
0x00007ffade940000 - 0x00007ffade9dd000 	C:\Windows\System32\msvcp_win.dll
0x00007ffadf980000 - 0x00007ffadf9b0000 	C:\Windows\System32\IMM32.DLL
0x00007ffad9550000 - 0x00007ffad955c000 	C:\Users\streepmsi\Desktop\Programs\eclipse\plugins\org.eclipse.justj.openjdk.hotspot.jre.full.win32.x86_64_16.0.1.v20210528-1205\jre\bin\vcruntime140_1.dll
0x00007ffabf160000 - 0x00007ffabf1f1000 	C:\Users\streepmsi\Desktop\Programs\eclipse\plugins\org.eclipse.justj.openjdk.hotspot.jre.full.win32.x86_64_16.0.1.v20210528-1205\jre\bin\msvcp140.dll
0x00007ffa9bc80000 - 0x00007ffa9c82b000 	C:\Users\streepmsi\Desktop\Programs\eclipse\plugins\org.eclipse.justj.openjdk.hotspot.jre.full.win32.x86_64_16.0.1.v20210528-1205\jre\bin\server\jvm.dll
0x00007ffae0a30000 - 0x00007ffae0adc000 	C:\Windows\System32\ADVAPI32.dll
0x00007ffadf460000 - 0x00007ffadf4fb000 	C:\Windows\System32\sechost.dll
0x00007ffae0730000 - 0x00007ffae085a000 	C:\Windows\System32\RPCRT4.dll
0x00007ffae0ae0000 - 0x00007ffae0ae8000 	C:\Windows\System32\PSAPI.DLL
0x00007ffad5d90000 - 0x00007ffad5d99000 	C:\Windows\SYSTEM32\WSOCK32.dll
0x00007ffad87c0000 - 0x00007ffad87ca000 	C:\Windows\SYSTEM32\VERSION.dll
0x00007ffac6930000 - 0x00007ffac6957000 	C:\Windows\SYSTEM32\WINMM.dll
0x00007ffadfc70000 - 0x00007ffadfcdb000 	C:\Windows\System32\WS2_32.dll
0x00007ffadc150000 - 0x00007ffadc162000 	C:\Windows\SYSTEM32\kernel.appcore.dll
0x00007ffad1d80000 - 0x00007ffad1d8a000 	C:\Users\streepmsi\Desktop\Programs\eclipse\plugins\org.eclipse.justj.openjdk.hotspot.jre.full.win32.x86_64_16.0.1.v20210528-1205\jre\bin\jimage.dll
0x00007ffac62e0000 - 0x00007ffac64c4000 	C:\Windows\SYSTEM32\DBGHELP.DLL
0x00007ffac6590000 - 0x00007ffac65bc000 	C:\Windows\SYSTEM32\dbgcore.DLL
0x00007ffadeaf0000 - 0x00007ffadeb73000 	C:\Windows\System32\bcryptPrimitives.dll
0x00007ffad4750000 - 0x00007ffad478b000 	C:\Users\streepmsi\Desktop\Programs\eclipse\plugins\org.eclipse.justj.openjdk.hotspot.jre.full.win32.x86_64_16.0.1.v20210528-1205\jre\bin\jdwp.dll
0x00007ffad8e20000 - 0x00007ffad8e2e000 	C:\Users\streepmsi\Desktop\Programs\eclipse\plugins\org.eclipse.justj.openjdk.hotspot.jre.full.win32.x86_64_16.0.1.v20210528-1205\jre\bin\instrument.dll
0x00007ffabef40000 - 0x00007ffabef65000 	C:\Users\streepmsi\Desktop\Programs\eclipse\plugins\org.eclipse.justj.openjdk.hotspot.jre.full.win32.x86_64_16.0.1.v20210528-1205\jre\bin\java.dll
0x00007ffac9ff0000 - 0x00007ffaca008000 	C:\Users\streepmsi\Desktop\Programs\eclipse\plugins\org.eclipse.justj.openjdk.hotspot.jre.full.win32.x86_64_16.0.1.v20210528-1205\jre\bin\zip.dll
0x00007ffadfff0000 - 0x00007ffae072f000 	C:\Windows\System32\SHELL32.dll
0x00007ffadc350000 - 0x00007ffadcae0000 	C:\Windows\SYSTEM32\windows.storage.dll
0x00007ffadf0d0000 - 0x00007ffadf425000 	C:\Windows\System32\combase.dll
0x00007ffaddca0000 - 0x00007ffaddccc000 	C:\Windows\SYSTEM32\Wldp.dll
0x00007ffadfd70000 - 0x00007ffadfe1e000 	C:\Windows\System32\SHCORE.dll
0x00007ffadf070000 - 0x00007ffadf0c5000 	C:\Windows\System32\shlwapi.dll
0x00007ffade190000 - 0x00007ffade1af000 	C:\Windows\SYSTEM32\profapi.dll
0x00007ffad5fc0000 - 0x00007ffad5fcc000 	C:\Users\streepmsi\Desktop\Programs\eclipse\plugins\org.eclipse.justj.openjdk.hotspot.jre.full.win32.x86_64_16.0.1.v20210528-1205\jre\bin\dt_socket.dll
0x00007ffadd6a0000 - 0x00007ffadd6db000 	C:\Windows\SYSTEM32\IPHLPAPI.DLL
0x00007ffadda00000 - 0x00007ffadda6a000 	C:\Windows\system32\mswsock.dll
0x00007ffadd6f0000 - 0x00007ffadd7bc000 	C:\Windows\SYSTEM32\DNSAPI.dll
0x00007ffadfc60000 - 0x00007ffadfc68000 	C:\Windows\System32\NSI.dll
0x00007ffad4cf0000 - 0x00007ffad4cfa000 	C:\Windows\System32\rasadhlp.dll
0x00007ffad46d0000 - 0x00007ffad474f000 	C:\Windows\System32\fwpuclnt.dll
0x00007ffadea90000 - 0x00007ffadeab7000 	C:\Windows\System32\bcrypt.dll
0x00007ffac9c40000 - 0x00007ffac9c59000 	C:\Users\streepmsi\Desktop\Programs\eclipse\plugins\org.eclipse.justj.openjdk.hotspot.jre.full.win32.x86_64_16.0.1.v20210528-1205\jre\bin\net.dll
0x00007ffad5c20000 - 0x00007ffad5d28000 	C:\Windows\SYSTEM32\WINHTTP.dll
0x00007ffabeec0000 - 0x00007ffabeed3000 	C:\Users\streepmsi\Desktop\Programs\eclipse\plugins\org.eclipse.justj.openjdk.hotspot.jre.full.win32.x86_64_16.0.1.v20210528-1205\jre\bin\nio.dll
0x00007ffad1d70000 - 0x00007ffad1d80000 	C:\Users\streepmsi\Desktop\Programs\eclipse\plugins\org.eclipse.justj.openjdk.hotspot.jre.full.win32.x86_64_16.0.1.v20210528-1205\jre\bin\verify.dll
0x00007ffac6970000 - 0x00007ffac69d4000 	C:\Users\streepmsi\AppData\Local\Temp\lwjglstreepmsi\3.2.3-build-13\lwjgl.dll
0x00007ffabf030000 - 0x00007ffabf092000 	C:\Users\STREEP~1\AppData\Local\Temp\lwjglstreepmsi\3.2.3-build-13\glfw.dll
0x00007ffadbba0000 - 0x00007ffadbc3e000 	C:\Windows\system32\uxtheme.dll
0x00007ffacc090000 - 0x00007ffacc0d5000 	C:\Windows\SYSTEM32\dinput8.dll
0x00007ffad29e0000 - 0x00007ffad29f1000 	C:\Windows\SYSTEM32\xinput1_4.dll
0x00007ffade250000 - 0x00007ffade29e000 	C:\Windows\System32\cfgmgr32.dll
0x00007ffaddff0000 - 0x00007ffade024000 	C:\Windows\SYSTEM32\DEVOBJ.dll
0x00007ffadbe60000 - 0x00007ffadbe8f000 	C:\Windows\SYSTEM32\dwmapi.dll
0x00007ffacc710000 - 0x00007ffacc862000 	C:\Windows\SYSTEM32\inputhost.dll
0x00007ffadfec0000 - 0x00007ffadff8d000 	C:\Windows\System32\OLEAUT32.dll
0x00007ffadae50000 - 0x00007ffadafa4000 	C:\Windows\SYSTEM32\wintypes.dll
0x00007ffadb880000 - 0x00007ffadb972000 	C:\Windows\SYSTEM32\CoreMessaging.dll
0x00007ffad9900000 - 0x00007ffad99f6000 	C:\Windows\SYSTEM32\PROPSYS.dll
0x00007ffadb520000 - 0x00007ffadb87e000 	C:\Windows\SYSTEM32\CoreUIComponents.dll
0x00007ffadcf40000 - 0x00007ffadcf73000 	C:\Windows\SYSTEM32\ntmarta.dll
0x00007ffadfb40000 - 0x00007ffadfc55000 	C:\Windows\System32\MSCTF.dll
0x00007ffadcae0000 - 0x00007ffadcaed000 	C:\Windows\SYSTEM32\HID.DLL
0x00007ffadf500000 - 0x00007ffadf972000 	C:\Windows\System32\SETUPAPI.DLL
0x00007ffade3a0000 - 0x00007ffade400000 	C:\Windows\System32\WINTRUST.dll
0x00007ffade400000 - 0x00007ffade556000 	C:\Windows\System32\CRYPT32.dll
0x00007ffadde30000 - 0x00007ffadde42000 	C:\Windows\SYSTEM32\MSASN1.dll
0x00007ffaccd10000 - 0x00007ffacce35000 	C:\Windows\SYSTEM32\opengl32.dll
0x00007ffad5910000 - 0x00007ffad593c000 	C:\Windows\SYSTEM32\GLU32.dll
0x00007ffadeee0000 - 0x00007ffadef89000 	C:\Windows\System32\clbcatq.dll
0x00007ffa90830000 - 0x00007ffa937ef000 	C:\Windows\System32\DriverStore\FileRepository\nvmii.inf_amd64_129542dbee5a4a5e\nvoglv64.dll
0x00007ffaded30000 - 0x00007ffadee5a000 	C:\Windows\System32\ole32.dll
0x00007ffad9aa0000 - 0x00007ffad9ab4000 	C:\Windows\SYSTEM32\WTSAPI32.dll
0x00007ffaddbf0000 - 0x00007ffaddbfc000 	C:\Windows\SYSTEM32\CRYPTBASE.DLL
0x00007ffad7a70000 - 0x00007ffad7aa1000 	C:\Windows\SYSTEM32\cryptnet.dll
0x00007ffad4ba0000 - 0x00007ffad4cea000 	C:\Windows\SYSTEM32\drvstore.dll
0x00007ffad4b60000 - 0x00007ffad4b9b000 	C:\Windows\SYSTEM32\dxcore.dll
0x00007ffaa7a20000 - 0x00007ffaa7ce3000 	C:\Windows\system32\nvspcap64.dll
0x00007ffadd7c0000 - 0x00007ffadd80b000 	C:\Windows\SYSTEM32\powrprof.dll
0x00007ffadd680000 - 0x00007ffadd692000 	C:\Windows\SYSTEM32\UMPDC.dll
0x00007ffadcff0000 - 0x00007ffadd04a000 	C:\Windows\SYSTEM32\WINSTA.dll
0x00007ffadcb40000 - 0x00007ffadcc34000 	C:\Windows\system32\dxgi.dll
0x00007ffada3d0000 - 0x00007ffada634000 	C:\Windows\system32\d3d11.dll
0x00007ffab9f10000 - 0x00007ffaba016000 	C:\Windows\System32\DriverStore\FileRepository\nvmii.inf_amd64_129542dbee5a4a5e\nvldumdx.dll
0x00007ffae0860000 - 0x00007ffae087d000 	C:\Windows\System32\imagehlp.dll
0x00007ffaddc00000 - 0x00007ffaddc18000 	C:\Windows\SYSTEM32\CRYPTSP.dll
0x00007ffadd310000 - 0x00007ffadd344000 	C:\Windows\system32\rsaenh.dll
0x00007ffa741b0000 - 0x00007ffa76ad9000 	C:\Windows\System32\DriverStore\FileRepository\nvmii.inf_amd64_129542dbee5a4a5e\nvwgf2umx.dll
0x00007ffacaf80000 - 0x00007ffacb6e1000 	C:\Windows\SYSTEM32\nvapi64.dll
0x00007ffabcdb0000 - 0x00007ffabce09000 	C:\Users\streepmsi\AppData\Local\Temp\lwjglstreepmsi\3.2.3-build-13\lwjgl_opengl.dll
0x00007ffaca010000 - 0x00007ffaca109000 	C:\Windows\SYSTEM32\textinputframework.dll
0x00007ffaacf70000 - 0x00007ffaad0ef000 	C:\Users\streepmsi\Desktop\Programs\eclipse\plugins\org.eclipse.justj.openjdk.hotspot.jre.full.win32.x86_64_16.0.1.v20210528-1205\jre\bin\awt.dll
0x00007ffadbab0000 - 0x00007ffadbb40000 	C:\Windows\SYSTEM32\apphelp.dll
0x00007ffad3040000 - 0x00007ffad46bd000 	C:\Windows\System32\DriverStore\FileRepository\iigd_dch.inf_amd64_a086f01cc7be643a\igd10iumd64.dll
0x00007ffaddd10000 - 0x00007ffaddd37000 	C:\Windows\SYSTEM32\ncrypt.dll
0x00007ffaddcd0000 - 0x00007ffaddd0b000 	C:\Windows\SYSTEM32\NTASN1.dll
0x00007ffad1aa0000 - 0x00007ffad1cdf000 	C:\Windows\System32\DriverStore\FileRepository\iigd_dch.inf_amd64_a086f01cc7be643a\igdgmm64.dll
0x00007fface130000 - 0x00007ffad0d92000 	C:\Windows\System32\DriverStore\FileRepository\iigd_dch.inf_amd64_a086f01cc7be643a\igc64.dll

dbghelp: loaded successfully - version: 4.0.5 - missing functions: none
symbol engine: initialized successfully - sym options: 0x614 - pdb path: .;C:\Users\streepmsi\Desktop\Programs\eclipse\plugins\org.eclipse.justj.openjdk.hotspot.jre.full.win32.x86_64_16.0.1.v20210528-1205\jre\bin;C:\Windows\SYSTEM32;C:\Windows\WinSxS\amd64_microsoft.windows.common-controls_6595b64144ccf1df_6.0.19041.1110_none_60b5254171f9507e;C:\Users\streepmsi\Desktop\Programs\eclipse\plugins\org.eclipse.justj.openjdk.hotspot.jre.full.win32.x86_64_16.0.1.v20210528-1205\jre\bin\server;C:\Users\streepmsi\AppData\Local\Temp\lwjglstreepmsi\3.2.3-build-13;C:\Users\STREEP~1\AppData\Local\Temp\lwjglstreepmsi\3.2.3-build-13;C:\Windows\System32\DriverStore\FileRepository\nvmii.inf_amd64_129542dbee5a4a5e;C:\Windows\System32\DriverStore\FileRepository\iigd_dch.inf_amd64_a086f01cc7be643a

VM Arguments:
jvm_args: -XX:+ShowCodeDetailsInExceptionMessages -agentlib:jdwp=transport=dt_socket,suspend=y,address=localhost:53593 -javaagent:C:\Users\streepmsi\Desktop\Programs\eclipse\configuration\org.eclipse.osgi\222\0\.cp\lib\javaagent-shaded.jar -Dfile.encoding=UTF-8 
java_command: com.streep.openglleer.Main
java_class_path (initial): C:\Users\streepmsi\eclipse-workspace\OpenGLLeerproject\bin;C:\Users\streepmsi\Desktop\Libaries\lwjgl.jar;C:\Users\streepmsi\Desktop\Libaries\lwjgl-assimp.jar;C:\Users\streepmsi\Desktop\Libaries\lwjgl-assimp-javadoc.jar;C:\Users\streepmsi\Desktop\Libaries\lwjgl-assimp-natives-windows.jar;C:\Users\streepmsi\Desktop\Libaries\lwjgl-assimp-sources.jar;C:\Users\streepmsi\Desktop\Libaries\lwjgl-bgfx.jar;C:\Users\streepmsi\Desktop\Libaries\lwjgl-bgfx-javadoc.jar;C:\Users\streepmsi\Desktop\Libaries\lwjgl-bgfx-natives-windows.jar;C:\Users\streepmsi\Desktop\Libaries\lwjgl-bgfx-sources.jar;C:\Users\streepmsi\Desktop\Libaries\lwjgl-glfw.jar;C:\Users\streepmsi\Desktop\Libaries\lwjgl-glfw-javadoc.jar;C:\Users\streepmsi\Desktop\Libaries\lwjgl-glfw-natives-windows.jar;C:\Users\streepmsi\Desktop\Libaries\lwjgl-glfw-sources.jar;C:\Users\streepmsi\Desktop\Libaries\lwjgl-javadoc.jar;C:\Users\streepmsi\Desktop\Libaries\lwjgl-nanovg.jar;C:\Users\streepmsi\Desktop\Libaries\lwjgl-nanovg-javadoc.jar;C:\Users\streepmsi\Desktop\Libaries\lwjgl-nanovg-natives-windows.jar;C:\Users\streepmsi\Desktop\Libaries\lwjgl-nanovg-sources.jar;C:\Users\streepmsi\Desktop\Libaries\lwjgl-natives-windows.jar;C:\Users\streepmsi\Desktop\Libaries\lwjgl-nuklear.jar;C:\Users\streepmsi\Desktop\Libaries\lwjgl-nuklear-javadoc.jar;C:\Users\streepmsi\Desktop\Libaries\lwjgl-nuklear-natives-windows.jar;C:\Users\streepmsi\Desktop\Libaries\lwjgl-nuklear-sources.jar;C:\Users\streepmsi\Desktop\Libaries\lwjgl-openal.jar;C:\Users\streepmsi\Desktop\Libaries\lwjgl-openal-javadoc.jar;C:\Users\streepmsi\Desktop\Libaries\lwjgl-openal-natives-windows.jar;C:\Users\streepmsi\Desktop\Libaries\lwjgl-openal-sources.jar;C:\Users\streepmsi\Desktop\Libaries\lwjgl-opengl.jar;C:\Users\streepmsi\Desktop\Libaries\lwjgl-opengl-javadoc.jar;C:\Users\streepmsi\Desktop\Libaries\lwjgl-opengl-natives-windows.jar;C:\Users\streepmsi\Desktop\Libaries\lwjgl-opengl-sources.jar;C:\Users\streepmsi\Desktop\Libaries\lwjgl-par.jar;C:\U
Launcher Type: SUN_STANDARD

[Global flags]
     intx CICompilerCount                          = 4                                         {product} {ergonomic}
     uint ConcGCThreads                            = 2                                         {product} {ergonomic}
     uint G1ConcRefinementThreads                  = 8                                         {product} {ergonomic}
   size_t G1HeapRegionSize                         = 2097152                                   {product} {ergonomic}
    uintx GCDrainStackTargetSize                   = 64                                        {product} {ergonomic}
   size_t InitialHeapSize                          = 266338304                                 {product} {ergonomic}
   size_t MarkStackSize                            = 4194304                                   {product} {ergonomic}
   size_t MaxHeapSize                              = 4248829952                                {product} {ergonomic}
   size_t MaxNewSize                               = 2548039680                                {product} {ergonomic}
   size_t MinHeapDeltaBytes                        = 2097152                                   {product} {ergonomic}
   size_t MinHeapSize                              = 8388608                                   {product} {ergonomic}
    uintx NonNMethodCodeHeapSize                   = 5839372                                {pd product} {ergonomic}
    uintx NonProfiledCodeHeapSize                  = 122909434                              {pd product} {ergonomic}
    uintx ProfiledCodeHeapSize                     = 122909434                              {pd product} {ergonomic}
    uintx ReservedCodeCacheSize                    = 251658240                              {pd product} {ergonomic}
     bool SegmentedCodeCache                       = true                                      {product} {ergonomic}
     bool ShowCodeDetailsInExceptionMessages       = true                                   {manageable} {command line}
   size_t SoftMaxHeapSize                          = 4248829952                             {manageable} {ergonomic}
     bool UseCompressedClassPointers               = true                           {product lp64_product} {ergonomic}
     bool UseCompressedOops                        = true                           {product lp64_product} {ergonomic}
     bool UseG1GC                                  = true                                      {product} {ergonomic}
     bool UseLargePagesIndividualAllocation        = false                                  {pd product} {ergonomic}

Logging:
Log output configuration:
 #0: stdout all=warning uptime,level,tags
 #1: stderr all=off uptime,level,tags

Environment Variables:
PATH=C:\Users\streepmsi\Desktop\Programs\eclipse\plugins\org.eclipse.justj.openjdk.hotspot.jre.full.win32.x86_64_16.0.1.v20210528-1205\jre\bin;C:/Users/streepmsi/Desktop/Programs/eclipse//plugins/org.eclipse.justj.openjdk.hotspot.jre.full.win32.x86_64_16.0.1.v20210528-1205/jre/bin/server;C:/Users/streepmsi/Desktop/Programs/eclipse//plugins/org.eclipse.justj.openjdk.hotspot.jre.full.win32.x86_64_16.0.1.v20210528-1205/jre/bin;C:\Program Files (x86)\Common Files\Oracle\Java\javapath;C:\Windows\system32;C:\Windows;C:\Windows\System32\Wbem;C:\Windows\System32\WindowsPowerShell\v1.0\;C:\Windows\System32\OpenSSH\;C:\Program Files (x86)\NVIDIA Corporation\PhysX\Common;C:\Program Files\NVIDIA Corporation\NVIDIA NvDLISR;C:\Users\streepmsi\Desktop\Programs\Git\cmd;C:\Users\streepmsi\AppData\Local\Microsoft\WindowsApps;;C:\Users\streepmsi\Desktop\Programs\eclipse;
USERNAME=streepmsi
OS=Windows_NT
PROCESSOR_IDENTIFIER=Intel64 Family 6 Model 165 Stepping 2, GenuineIntel



---------------  S Y S T E M  ---------------

OS:
 Windows 10 , 64 bit Build 19041 (10.0.19041.1202)
OS uptime: 2 days 23:16 hours

CPU: total 8 (initial active 8) (4 cores per cpu, 2 threads per core) family 6 model 165 stepping 2 microcode 0xe2, cx8, cmov, fxsr, ht, mmx, 3dnowpref, sse, sse2, sse3, ssse3, sse4.1, sse4.2, popcnt, lzcnt, tsc, tscinvbit, avx, avx2, aes, erms, clmul, bmi1, bmi2, adx, fma, vzeroupper, clflush, clflushopt

Memory: 4k page, system-wide physical 16205M (9002M free)
TotalPageFile size 18637M (AvailPageFile size 9560M)
current process WorkingSet (physical memory assigned to process): 185M, peak: 185M
current process commit charge ("private bytes"): 448M, peak: 448M

vm_info: OpenJDK 64-Bit Server VM (16.0.1+9-24) for windows-amd64 JRE (16.0.1+9-24), built on Mar 26 2021 19:30:07 by "mach5one" with MS VC++ 16.7 (VS2019)

END.
