#
# A fatal error has been detected by the Java Runtime Environment:
#
#  EXCEPTION_ACCESS_VIOLATION (0xc0000005) at pc=0x00007ffa9c314c64, pid=16728, tid=3188
#
# JRE version: OpenJDK Runtime Environment (16.0.1+9) (build 16.0.1+9-24)
# Java VM: OpenJDK 64-Bit Server VM (16.0.1+9-24, mixed mode, tiered, compressed oops, compressed class ptrs, g1 gc, windows-amd64)
# Problematic frame:
# V  [jvm.dll+0x694c64]
#
# No core dump will be written. Minidumps are not enabled by default on client versions of Windows
#
# If you would like to submit a bug report, please visit:
#   https://bugreport.java.com/bugreport/crash.jsp
#

---------------  S U M M A R Y ------------

Command Line: -Dfile.encoding=UTF-8 -XX:+ShowCodeDetailsInExceptionMessages com.streep.openglleer.Main

Host: Intel(R) Core(TM) i5-10200H CPU @ 2.40GHz, 8 cores, 15G,  Windows 10 , 64 bit Build 19041 (10.0.19041.1202)
Time: Thu Oct 14 13:21:20 2021 W. Europe Summer Time elapsed time: 1.886889 seconds (0d 0h 0m 1s)

---------------  T H R E A D  ---------------

Current thread (0x000002292885a150):  JavaThread "C2 CompilerThread0" daemon [_thread_in_vm, id=3188, stack(0x0000003287500000,0x0000003287600000)]


Current CompileTask:
C2:   1886 1066       4       org.lwjgl.system.MemoryUtil::strlen64NT1 (119 bytes)

Stack: [0x0000003287500000,0x0000003287600000],  sp=0x00000032875fd2a8,  free space=1012k
Native frames: (J=compiled Java code, j=interpreted, Vv=VM code, C=native code)
V  [jvm.dll+0x694c64]


siginfo: EXCEPTION_ACCESS_VIOLATION (0xc0000005), reading address 0x0000000000000010


Register to memory mapping:

RIP=0x00007ffa9c314c64 jvm.dll
RAX=0x0 is NULL
RBX=0x0000022909298210 points into unknown readable memory: 0x000002292885a150 | 50 a1 85 28 29 02 00 00
RCX=0x000002292fb4f430 points into unknown readable memory: 0x0000000000000000 | 00 00 00 00 00 00 00 00
RDX=0x0000000000000060 is an unknown value
RSP=0x00000032875fd2a8 is pointing into the stack for thread: 0x000002292885a150
RBP=0x000002292885a150 is a thread
RSI=0x000000071125da50 is an oop: java.security.ProtectionDomain 
{0x000000071125da50} - klass: 'java/security/ProtectionDomain'
RDI=0x000002292fb4f430 points into unknown readable memory: 0x0000000000000000 | 00 00 00 00 00 00 00 00
R8 =0x0000022927adfc18 points into unknown readable memory: 0x7573000fc748ffff | ff ff 48 c7 0f 00 73 75
R9 =0x000002292885aad0 points into unknown readable memory: 0x000000071125da50 | 50 da 25 11 07 00 00 00
R10=0x00000000cb85c748 is an unknown value
R11=0x0000000000000445 is an unknown value
R12=0x00000032875fd530 is pointing into the stack for thread: 0x000002292885a150
R13=0x0 is NULL
R14=0x0000022927adfc18 points into unknown readable memory: 0x7573000fc748ffff | ff ff 48 c7 0f 00 73 75
R15=0x00000229288861d0 points into unknown readable memory: 0x00007ffa9c541410 | 10 14 54 9c fa 7f 00 00


Registers:
RAX=0x0000000000000000, RBX=0x0000022909298210, RCX=0x000002292fb4f430, RDX=0x0000000000000060
RSP=0x00000032875fd2a8, RBP=0x000002292885a150, RSI=0x000000071125da50, RDI=0x000002292fb4f430
R8 =0x0000022927adfc18, R9 =0x000002292885aad0, R10=0x00000000cb85c748, R11=0x0000000000000445
R12=0x00000032875fd530, R13=0x0000000000000000, R14=0x0000022927adfc18, R15=0x00000229288861d0
RIP=0x00007ffa9c314c64, EFLAGS=0x0000000000010206

Top of Stack: (sp=0x00000032875fd2a8)
0x00000032875fd2a8:   00007ffa9bf1b82c 0000022909298210
0x00000032875fd2b8:   00007ffa9c2eab39 00000008000ef9e8
0x00000032875fd2c8:   00000032875fd530 0000022928852eb0
0x00000032875fd2d8:   00007ffa9bf1b8d6 0000022928dce760
0x00000032875fd2e8:   0000000711202af8 000002292f998c30
0x00000032875fd2f8:   00007ffa9be54827 000002292885aad0
0x00000032875fd308:   00007ffa9c3bee9d 000000000000000f
0x00000032875fd318:   0000022928c27c97 000002292885a150
0x00000032875fd328:   0000022928c27c97 0000022927adfc18
0x00000032875fd338:   00007ffa9c3bf3d4 000002292885aad0
0x00000032875fd348:   0000022927adfc18 000002292885aac8
0x00000032875fd358:   00007ffa9c2bab28 000002292f998c30
0x00000032875fd368:   00007ffa9c2eab39 0000000000000000
0x00000032875fd378:   00000032875fd530 000002292885aad0
0x00000032875fd388:   000002292885aac8 000002292885aad0
0x00000032875fd398:   00007ffa9be42133 0000022909297130 

Instructions: (pc=0x00007ffa9c314c64)
0x00007ffa9c314b64:   46 fd ff 48 8d 05 a2 e4 20 00 48 8d 4c 24 68 48
0x00007ffa9c314b74:   89 44 24 30 e8 13 b5 ec ff 48 8d 05 2c bd 45 00
0x00007ffa9c314b84:   c7 84 24 c0 00 00 00 02 00 00 00 48 8d 15 82 7b
0x00007ffa9c314b94:   2a 00 48 89 84 24 c8 00 00 00 48 8d 4c 24 30 e8
0x00007ffa9c314ba4:   28 5d fd ff 48 8b 0b 48 8d 54 24 30 e8 1b 07 fc
0x00007ffa9c314bb4:   ff 48 8d 4c 24 30 e8 51 4e fd ff 48 8d 4c 24 30
0x00007ffa9c314bc4:   e8 e7 b4 ec ff e8 32 8d 10 00 48 8b d0 48 8d 4c
0x00007ffa9c314bd4:   24 28 4c 8b c3 e8 c2 85 14 00 4c 8b 44 24 28 8b
0x00007ffa9c314be4:   d5 49 8b ce e8 b3 00 cb ff 48 8b f8 49 8b 46 08
0x00007ffa9c314bf4:   49 8b 0c 07 48 89 4f 08 49 8d 4e 40 49 8b 46 08
0x00007ffa9c314c04:   49 89 3c 07 41 8b 46 2c ff c0 41 89 46 2c e8 69
0x00007ffa9c314c14:   6e 0b 00 48 8b 4f 10 ff 15 df bf 3d 00 48 8b b4
0x00007ffa9c314c24:   24 08 01 00 00 48 8b c7 48 8b 8c 24 d0 00 00 00
0x00007ffa9c314c34:   48 33 cc e8 24 fa 18 00 4c 8d 9c 24 e0 00 00 00
0x00007ffa9c314c44:   49 8b 5b 30 49 8b 6b 38 49 8b e3 41 5f 41 5e 5f
0x00007ffa9c314c54:   c3 cc cc cc cc cc cc cc cc cc cc cc 48 8b 41 08
0x00007ffa9c314c64:   48 8b 48 10 48 ff 25 49 c0 3d 00 cc 48 89 6c 24
0x00007ffa9c314c74:   18 48 89 7c 24 20 41 56 48 83 ec 20 44 8b 49 2c
0x00007ffa9c314c84:   48 8b ea 44 8b 01 48 8d 15 1f 7a 2a 00 4c 8b f1
0x00007ffa9c314c94:   48 8b cd e8 64 5c fd ff 33 ff 41 39 3e 7e 5b 48
0x00007ffa9c314ca4:   89 5c 24 30 48 89 74 24 38 8b f7 90 49 8b 46 08
0x00007ffa9c314cb4:   48 8b 1c 06 48 85 db 74 2c 0f 1f 00 48 8b 4b 10
0x00007ffa9c314cc4:   ff 15 ee bf 3d 00 44 8b c7 48 8d 15 1c 7a 2a 00
0x00007ffa9c314cd4:   4c 8b c8 48 8b cd e8 21 5c fd ff 48 8b 5b 08 48
0x00007ffa9c314ce4:   83 e3 fe 75 d7 ff c7 48 83 c6 08 41 3b 3e 7c bc
0x00007ffa9c314cf4:   48 8b 74 24 38 48 8b 5c 24 30 48 8b 6c 24 40 48
0x00007ffa9c314d04:   8b 7c 24 48 48 83 c4 20 41 5e c3 cc 48 89 5c 24
0x00007ffa9c314d14:   08 57 48 83 ec 20 48 8b 1d 97 72 45 00 48 8b f9
0x00007ffa9c314d24:   48 85 db 74 2d 48 8b cb e8 7f 5f fa ff c6 87 80
0x00007ffa9c314d34:   00 00 00 01 48 8b 0d 79 72 45 00 e8 dc 5f fa ff
0x00007ffa9c314d44:   48 8b cb 48 8b 5c 24 30 48 83 c4 20 5f e9 fa 60
0x00007ffa9c314d54:   fa ff c6 81 80 00 00 00 01 48 8b 0d 54 72 45 00 


Stack slot to memory mapping:
stack at sp + 0 slots: 0x00007ffa9bf1b82c jvm.dll
stack at sp + 1 slots: 0x0000022909298210 points into unknown readable memory: 0x000002292885a150 | 50 a1 85 28 29 02 00 00
stack at sp + 2 slots: 0x00007ffa9c2eab39 jvm.dll
stack at sp + 3 slots: 0x00000008000ef9e8 is a pointer to class: 
sun.misc.Unsafe {0x00000008000ef9f0}
stack at sp + 4 slots: 0x00000032875fd530 is pointing into the stack for thread: 0x000002292885a150
stack at sp + 5 slots: 0x0000022928852eb0 points into unknown readable memory: 0x6c2f617600000002 | 02 00 00 00 76 61 2f 6c
stack at sp + 6 slots: 0x00007ffa9bf1b8d6 jvm.dll
stack at sp + 7 slots: 0x0000022928dce760 points into unknown readable memory: 0x00000000cb85c748 | 48 c7 85 cb 00 00 00 00


---------------  P R O C E S S  ---------------

Threads class SMR info:
_java_thread_list=0x0000022928dcb400, length=14, elements={
0x000002290929a6e0, 0x000002292882d660, 0x0000022927c21070, 0x0000022927c2df10,
0x0000022927c2ea20, 0x0000022928853d90, 0x00000229288556d0, 0x000002292885a150,
0x000002292885b3e0, 0x0000022928870210, 0x00000229289c43d0, 0x00000229289cf020,
0x000002292f5abde0, 0x000002292f65d7b0
}

Java Threads: ( => current thread )
  0x000002290929a6e0 JavaThread "main" [_thread_blocked, id=17172, stack(0x0000003286800000,0x0000003286900000)]
  0x000002292882d660 JavaThread "Reference Handler" daemon [_thread_blocked, id=5960, stack(0x0000003286f00000,0x0000003287000000)]
  0x0000022927c21070 JavaThread "Finalizer" daemon [_thread_blocked, id=15488, stack(0x0000003287000000,0x0000003287100000)]
  0x0000022927c2df10 JavaThread "Signal Dispatcher" daemon [_thread_blocked, id=1164, stack(0x0000003287100000,0x0000003287200000)]
  0x0000022927c2ea20 JavaThread "Attach Listener" daemon [_thread_blocked, id=16628, stack(0x0000003287200000,0x0000003287300000)]
  0x0000022928853d90 JavaThread "Service Thread" daemon [_thread_blocked, id=12664, stack(0x0000003287300000,0x0000003287400000)]
  0x00000229288556d0 JavaThread "Monitor Deflation Thread" daemon [_thread_blocked, id=9520, stack(0x0000003287400000,0x0000003287500000)]
=>0x000002292885a150 JavaThread "C2 CompilerThread0" daemon [_thread_in_vm, id=3188, stack(0x0000003287500000,0x0000003287600000)]
  0x000002292885b3e0 JavaThread "C1 CompilerThread0" daemon [_thread_blocked, id=1416, stack(0x0000003287600000,0x0000003287700000)]
  0x0000022928870210 JavaThread "Sweeper thread" daemon [_thread_blocked, id=7160, stack(0x0000003287700000,0x0000003287800000)]
  0x00000229289c43d0 JavaThread "Notification Thread" daemon [_thread_blocked, id=5052, stack(0x0000003287800000,0x0000003287900000)]
  0x00000229289cf020 JavaThread "Common-Cleaner" daemon [_thread_blocked, id=15432, stack(0x0000003287a00000,0x0000003287b00000)]
  0x000002292f5abde0 JavaThread "C2 CompilerThread1" daemon [_thread_blocked, id=12112, stack(0x0000003287b00000,0x0000003287c00000)]
  0x000002292f65d7b0 JavaThread "Java2D Disposer" daemon [_thread_blocked, id=15748, stack(0x0000003288400000,0x0000003288500000)]

Other Threads:
  0x0000022928818050 VMThread "VM Thread" [stack: 0x0000003286e00000,0x0000003286f00000] [id=5916]
  0x00000229289c4d00 WatcherThread [stack: 0x0000003287900000,0x0000003287a00000] [id=4472]
  0x00000229092ed520 GCTaskThread "GC Thread#0" [stack: 0x0000003286900000,0x0000003286a00000] [id=2220]
  0x00000229293c41a0 GCTaskThread "GC Thread#1" [stack: 0x0000003288600000,0x0000003288700000] [id=12616]
  0x00000229293c50f0 GCTaskThread "GC Thread#2" [stack: 0x0000003288700000,0x0000003288800000] [id=10408]
  0x00000229293c4de0 GCTaskThread "GC Thread#3" [stack: 0x0000003288800000,0x0000003288900000] [id=17060]
  0x000002292fd0a380 GCTaskThread "GC Thread#4" [stack: 0x0000003288900000,0x0000003288a00000] [id=2228]
  0x000002292fd0a070 GCTaskThread "GC Thread#5" [stack: 0x0000003288a00000,0x0000003288b00000] [id=17312]
  0x000002292fd08e10 GCTaskThread "GC Thread#6" [stack: 0x0000003288b00000,0x0000003288c00000] [id=4556]
  0x000002292fd0a690 GCTaskThread "GC Thread#7" [stack: 0x0000003288c00000,0x0000003288d00000] [id=12676]
  0x00000229092ffb50 ConcurrentGCThread "G1 Main Marker" [stack: 0x0000003286a00000,0x0000003286b00000] [id=11804]
  0x00000229093019d0 ConcurrentGCThread "G1 Conc#0" [stack: 0x0000003286b00000,0x0000003286c00000] [id=5140]
  0x0000022927a924c0 ConcurrentGCThread "G1 Refine#0" [stack: 0x0000003286c00000,0x0000003286d00000] [id=7476]
  0x0000022927a92f40 ConcurrentGCThread "G1 Service" [stack: 0x0000003286d00000,0x0000003286e00000] [id=15408]

Threads with active compile tasks:
C2 CompilerThread0     1912 1066       4       org.lwjgl.system.MemoryUtil::strlen64NT1 (119 bytes)
C2 CompilerThread1     1912 1065       4       java.util.concurrent.ConcurrentHashMap::get (162 bytes)

VM state: not at safepoint (normal execution)

VM Mutex/Monitor currently owned by a thread:  ([mutex/lock_event])
[0x0000022909298210] ProtectionDomainSet_lock - owner thread: 0x000002292885a150
[0x0000022909297130] Compile_lock - owner thread: 0x000002292885a150
[0x0000022909297490] MethodCompileQueue_lock - owner thread: 0x000002292f5abde0

Heap address: 0x0000000702c00000, size: 4052 MB, Compressed Oops mode: Zero based, Oop shift amount: 3

CDS disabled.
Compressed class space mapped at: 0x0000000800000000-0x0000000840000000, reserved size: 1073741824
Narrow klass base: 0x0000000800000000, Narrow klass shift: 0, Narrow klass range: 0x40000000

GC Precious Log:
 CPUs: 8 total, 8 available
 Memory: 16205M
 Large Page Support: Disabled
 NUMA Support: Disabled
 Compressed Oops: Enabled (Zero based)
 Heap Region Size: 2M
 Heap Min Capacity: 8M
 Heap Initial Capacity: 254M
 Heap Max Capacity: 4052M
 Pre-touch: Disabled
 Parallel Workers: 8
 Concurrent Workers: 2
 Concurrent Refinement Workers: 8
 Periodic GC: Disabled

Heap:
 garbage-first heap   total 260096K, used 3248K [0x0000000702c00000, 0x0000000800000000)
  region size 2048K, 3 young (6144K), 2 survivors (4096K)
 Metaspace       used 16204K, committed 16384K, reserved 1064960K
  class space    used 1108K, committed 1152K, reserved 1048576K

Heap Regions: E=young(eden), S=young(survivor), O=old, HS=humongous(starts), HC=humongous(continues), CS=collection set, F=free, OA=open archive, CA=closed archive, TAMS=top-at-mark-start (previous, next)
|   0|0x0000000702c00000, 0x0000000702c00000, 0x0000000702e00000|  0%| F|  |TAMS 0x0000000702c00000, 0x0000000702c00000| Untracked 
|   1|0x0000000702e00000, 0x0000000702e00000, 0x0000000703000000|  0%| F|  |TAMS 0x0000000702e00000, 0x0000000702e00000| Untracked 
|   2|0x0000000703000000, 0x0000000703000000, 0x0000000703200000|  0%| F|  |TAMS 0x0000000703000000, 0x0000000703000000| Untracked 
|   3|0x0000000703200000, 0x0000000703200000, 0x0000000703400000|  0%| F|  |TAMS 0x0000000703200000, 0x0000000703200000| Untracked 
|   4|0x0000000703400000, 0x0000000703400000, 0x0000000703600000|  0%| F|  |TAMS 0x0000000703400000, 0x0000000703400000| Untracked 
|   5|0x0000000703600000, 0x0000000703600000, 0x0000000703800000|  0%| F|  |TAMS 0x0000000703600000, 0x0000000703600000| Untracked 
|   6|0x0000000703800000, 0x0000000703800000, 0x0000000703a00000|  0%| F|  |TAMS 0x0000000703800000, 0x0000000703800000| Untracked 
|   7|0x0000000703a00000, 0x0000000703a00000, 0x0000000703c00000|  0%| F|  |TAMS 0x0000000703a00000, 0x0000000703a00000| Untracked 
|   8|0x0000000703c00000, 0x0000000703c00000, 0x0000000703e00000|  0%| F|  |TAMS 0x0000000703c00000, 0x0000000703c00000| Untracked 
|   9|0x0000000703e00000, 0x0000000703e00000, 0x0000000704000000|  0%| F|  |TAMS 0x0000000703e00000, 0x0000000703e00000| Untracked 
|  10|0x0000000704000000, 0x0000000704000000, 0x0000000704200000|  0%| F|  |TAMS 0x0000000704000000, 0x0000000704000000| Untracked 
|  11|0x0000000704200000, 0x0000000704200000, 0x0000000704400000|  0%| F|  |TAMS 0x0000000704200000, 0x0000000704200000| Untracked 
|  12|0x0000000704400000, 0x0000000704400000, 0x0000000704600000|  0%| F|  |TAMS 0x0000000704400000, 0x0000000704400000| Untracked 
|  13|0x0000000704600000, 0x0000000704600000, 0x0000000704800000|  0%| F|  |TAMS 0x0000000704600000, 0x0000000704600000| Untracked 
|  14|0x0000000704800000, 0x0000000704800000, 0x0000000704a00000|  0%| F|  |TAMS 0x0000000704800000, 0x0000000704800000| Untracked 
|  15|0x0000000704a00000, 0x0000000704a00000, 0x0000000704c00000|  0%| F|  |TAMS 0x0000000704a00000, 0x0000000704a00000| Untracked 
|  16|0x0000000704c00000, 0x0000000704c00000, 0x0000000704e00000|  0%| F|  |TAMS 0x0000000704c00000, 0x0000000704c00000| Untracked 
|  17|0x0000000704e00000, 0x0000000704e00000, 0x0000000705000000|  0%| F|  |TAMS 0x0000000704e00000, 0x0000000704e00000| Untracked 
|  18|0x0000000705000000, 0x0000000705000000, 0x0000000705200000|  0%| F|  |TAMS 0x0000000705000000, 0x0000000705000000| Untracked 
|  19|0x0000000705200000, 0x0000000705200000, 0x0000000705400000|  0%| F|  |TAMS 0x0000000705200000, 0x0000000705200000| Untracked 
|  20|0x0000000705400000, 0x0000000705400000, 0x0000000705600000|  0%| F|  |TAMS 0x0000000705400000, 0x0000000705400000| Untracked 
|  21|0x0000000705600000, 0x0000000705600000, 0x0000000705800000|  0%| F|  |TAMS 0x0000000705600000, 0x0000000705600000| Untracked 
|  22|0x0000000705800000, 0x0000000705800000, 0x0000000705a00000|  0%| F|  |TAMS 0x0000000705800000, 0x0000000705800000| Untracked 
|  23|0x0000000705a00000, 0x0000000705a00000, 0x0000000705c00000|  0%| F|  |TAMS 0x0000000705a00000, 0x0000000705a00000| Untracked 
|  24|0x0000000705c00000, 0x0000000705c00000, 0x0000000705e00000|  0%| F|  |TAMS 0x0000000705c00000, 0x0000000705c00000| Untracked 
|  25|0x0000000705e00000, 0x0000000705e00000, 0x0000000706000000|  0%| F|  |TAMS 0x0000000705e00000, 0x0000000705e00000| Untracked 
|  26|0x0000000706000000, 0x0000000706000000, 0x0000000706200000|  0%| F|  |TAMS 0x0000000706000000, 0x0000000706000000| Untracked 
|  27|0x0000000706200000, 0x0000000706200000, 0x0000000706400000|  0%| F|  |TAMS 0x0000000706200000, 0x0000000706200000| Untracked 
|  28|0x0000000706400000, 0x0000000706400000, 0x0000000706600000|  0%| F|  |TAMS 0x0000000706400000, 0x0000000706400000| Untracked 
|  29|0x0000000706600000, 0x0000000706600000, 0x0000000706800000|  0%| F|  |TAMS 0x0000000706600000, 0x0000000706600000| Untracked 
|  30|0x0000000706800000, 0x0000000706800000, 0x0000000706a00000|  0%| F|  |TAMS 0x0000000706800000, 0x0000000706800000| Untracked 
|  31|0x0000000706a00000, 0x0000000706a00000, 0x0000000706c00000|  0%| F|  |TAMS 0x0000000706a00000, 0x0000000706a00000| Untracked 
|  32|0x0000000706c00000, 0x0000000706c00000, 0x0000000706e00000|  0%| F|  |TAMS 0x0000000706c00000, 0x0000000706c00000| Untracked 
|  33|0x0000000706e00000, 0x0000000706e00000, 0x0000000707000000|  0%| F|  |TAMS 0x0000000706e00000, 0x0000000706e00000| Untracked 
|  34|0x0000000707000000, 0x0000000707000000, 0x0000000707200000|  0%| F|  |TAMS 0x0000000707000000, 0x0000000707000000| Untracked 
|  35|0x0000000707200000, 0x0000000707200000, 0x0000000707400000|  0%| F|  |TAMS 0x0000000707200000, 0x0000000707200000| Untracked 
|  36|0x0000000707400000, 0x0000000707400000, 0x0000000707600000|  0%| F|  |TAMS 0x0000000707400000, 0x0000000707400000| Untracked 
|  37|0x0000000707600000, 0x0000000707600000, 0x0000000707800000|  0%| F|  |TAMS 0x0000000707600000, 0x0000000707600000| Untracked 
|  38|0x0000000707800000, 0x0000000707800000, 0x0000000707a00000|  0%| F|  |TAMS 0x0000000707800000, 0x0000000707800000| Untracked 
|  39|0x0000000707a00000, 0x0000000707a00000, 0x0000000707c00000|  0%| F|  |TAMS 0x0000000707a00000, 0x0000000707a00000| Untracked 
|  40|0x0000000707c00000, 0x0000000707c00000, 0x0000000707e00000|  0%| F|  |TAMS 0x0000000707c00000, 0x0000000707c00000| Untracked 
|  41|0x0000000707e00000, 0x0000000707e00000, 0x0000000708000000|  0%| F|  |TAMS 0x0000000707e00000, 0x0000000707e00000| Untracked 
|  42|0x0000000708000000, 0x0000000708000000, 0x0000000708200000|  0%| F|  |TAMS 0x0000000708000000, 0x0000000708000000| Untracked 
|  43|0x0000000708200000, 0x0000000708200000, 0x0000000708400000|  0%| F|  |TAMS 0x0000000708200000, 0x0000000708200000| Untracked 
|  44|0x0000000708400000, 0x0000000708400000, 0x0000000708600000|  0%| F|  |TAMS 0x0000000708400000, 0x0000000708400000| Untracked 
|  45|0x0000000708600000, 0x0000000708600000, 0x0000000708800000|  0%| F|  |TAMS 0x0000000708600000, 0x0000000708600000| Untracked 
|  46|0x0000000708800000, 0x0000000708800000, 0x0000000708a00000|  0%| F|  |TAMS 0x0000000708800000, 0x0000000708800000| Untracked 
|  47|0x0000000708a00000, 0x0000000708a00000, 0x0000000708c00000|  0%| F|  |TAMS 0x0000000708a00000, 0x0000000708a00000| Untracked 
|  48|0x0000000708c00000, 0x0000000708c00000, 0x0000000708e00000|  0%| F|  |TAMS 0x0000000708c00000, 0x0000000708c00000| Untracked 
|  49|0x0000000708e00000, 0x0000000708e00000, 0x0000000709000000|  0%| F|  |TAMS 0x0000000708e00000, 0x0000000708e00000| Untracked 
|  50|0x0000000709000000, 0x0000000709000000, 0x0000000709200000|  0%| F|  |TAMS 0x0000000709000000, 0x0000000709000000| Untracked 
|  51|0x0000000709200000, 0x0000000709200000, 0x0000000709400000|  0%| F|  |TAMS 0x0000000709200000, 0x0000000709200000| Untracked 
|  52|0x0000000709400000, 0x0000000709400000, 0x0000000709600000|  0%| F|  |TAMS 0x0000000709400000, 0x0000000709400000| Untracked 
|  53|0x0000000709600000, 0x0000000709600000, 0x0000000709800000|  0%| F|  |TAMS 0x0000000709600000, 0x0000000709600000| Untracked 
|  54|0x0000000709800000, 0x0000000709800000, 0x0000000709a00000|  0%| F|  |TAMS 0x0000000709800000, 0x0000000709800000| Untracked 
|  55|0x0000000709a00000, 0x0000000709a00000, 0x0000000709c00000|  0%| F|  |TAMS 0x0000000709a00000, 0x0000000709a00000| Untracked 
|  56|0x0000000709c00000, 0x0000000709c00000, 0x0000000709e00000|  0%| F|  |TAMS 0x0000000709c00000, 0x0000000709c00000| Untracked 
|  57|0x0000000709e00000, 0x0000000709e00000, 0x000000070a000000|  0%| F|  |TAMS 0x0000000709e00000, 0x0000000709e00000| Untracked 
|  58|0x000000070a000000, 0x000000070a000000, 0x000000070a200000|  0%| F|  |TAMS 0x000000070a000000, 0x000000070a000000| Untracked 
|  59|0x000000070a200000, 0x000000070a200000, 0x000000070a400000|  0%| F|  |TAMS 0x000000070a200000, 0x000000070a200000| Untracked 
|  60|0x000000070a400000, 0x000000070a400000, 0x000000070a600000|  0%| F|  |TAMS 0x000000070a400000, 0x000000070a400000| Untracked 
|  61|0x000000070a600000, 0x000000070a600000, 0x000000070a800000|  0%| F|  |TAMS 0x000000070a600000, 0x000000070a600000| Untracked 
|  62|0x000000070a800000, 0x000000070a800000, 0x000000070aa00000|  0%| F|  |TAMS 0x000000070a800000, 0x000000070a800000| Untracked 
|  63|0x000000070aa00000, 0x000000070aa00000, 0x000000070ac00000|  0%| F|  |TAMS 0x000000070aa00000, 0x000000070aa00000| Untracked 
|  64|0x000000070ac00000, 0x000000070ac00000, 0x000000070ae00000|  0%| F|  |TAMS 0x000000070ac00000, 0x000000070ac00000| Untracked 
|  65|0x000000070ae00000, 0x000000070ae00000, 0x000000070b000000|  0%| F|  |TAMS 0x000000070ae00000, 0x000000070ae00000| Untracked 
|  66|0x000000070b000000, 0x000000070b000000, 0x000000070b200000|  0%| F|  |TAMS 0x000000070b000000, 0x000000070b000000| Untracked 
|  67|0x000000070b200000, 0x000000070b200000, 0x000000070b400000|  0%| F|  |TAMS 0x000000070b200000, 0x000000070b200000| Untracked 
|  68|0x000000070b400000, 0x000000070b400000, 0x000000070b600000|  0%| F|  |TAMS 0x000000070b400000, 0x000000070b400000| Untracked 
|  69|0x000000070b600000, 0x000000070b600000, 0x000000070b800000|  0%| F|  |TAMS 0x000000070b600000, 0x000000070b600000| Untracked 
|  70|0x000000070b800000, 0x000000070b800000, 0x000000070ba00000|  0%| F|  |TAMS 0x000000070b800000, 0x000000070b800000| Untracked 
|  71|0x000000070ba00000, 0x000000070ba00000, 0x000000070bc00000|  0%| F|  |TAMS 0x000000070ba00000, 0x000000070ba00000| Untracked 
|  72|0x000000070bc00000, 0x000000070bc00000, 0x000000070be00000|  0%| F|  |TAMS 0x000000070bc00000, 0x000000070bc00000| Untracked 
|  73|0x000000070be00000, 0x000000070be00000, 0x000000070c000000|  0%| F|  |TAMS 0x000000070be00000, 0x000000070be00000| Untracked 
|  74|0x000000070c000000, 0x000000070c000000, 0x000000070c200000|  0%| F|  |TAMS 0x000000070c000000, 0x000000070c000000| Untracked 
|  75|0x000000070c200000, 0x000000070c200000, 0x000000070c400000|  0%| F|  |TAMS 0x000000070c200000, 0x000000070c200000| Untracked 
|  76|0x000000070c400000, 0x000000070c400000, 0x000000070c600000|  0%| F|  |TAMS 0x000000070c400000, 0x000000070c400000| Untracked 
|  77|0x000000070c600000, 0x000000070c600000, 0x000000070c800000|  0%| F|  |TAMS 0x000000070c600000, 0x000000070c600000| Untracked 
|  78|0x000000070c800000, 0x000000070c800000, 0x000000070ca00000|  0%| F|  |TAMS 0x000000070c800000, 0x000000070c800000| Untracked 
|  79|0x000000070ca00000, 0x000000070ca00000, 0x000000070cc00000|  0%| F|  |TAMS 0x000000070ca00000, 0x000000070ca00000| Untracked 
|  80|0x000000070cc00000, 0x000000070cc00000, 0x000000070ce00000|  0%| F|  |TAMS 0x000000070cc00000, 0x000000070cc00000| Untracked 
|  81|0x000000070ce00000, 0x000000070ce00000, 0x000000070d000000|  0%| F|  |TAMS 0x000000070ce00000, 0x000000070ce00000| Untracked 
|  82|0x000000070d000000, 0x000000070d000000, 0x000000070d200000|  0%| F|  |TAMS 0x000000070d000000, 0x000000070d000000| Untracked 
|  83|0x000000070d200000, 0x000000070d200000, 0x000000070d400000|  0%| F|  |TAMS 0x000000070d200000, 0x000000070d200000| Untracked 
|  84|0x000000070d400000, 0x000000070d400000, 0x000000070d600000|  0%| F|  |TAMS 0x000000070d400000, 0x000000070d400000| Untracked 
|  85|0x000000070d600000, 0x000000070d600000, 0x000000070d800000|  0%| F|  |TAMS 0x000000070d600000, 0x000000070d600000| Untracked 
|  86|0x000000070d800000, 0x000000070d800000, 0x000000070da00000|  0%| F|  |TAMS 0x000000070d800000, 0x000000070d800000| Untracked 
|  87|0x000000070da00000, 0x000000070da00000, 0x000000070dc00000|  0%| F|  |TAMS 0x000000070da00000, 0x000000070da00000| Untracked 
|  88|0x000000070dc00000, 0x000000070dc00000, 0x000000070de00000|  0%| F|  |TAMS 0x000000070dc00000, 0x000000070dc00000| Untracked 
|  89|0x000000070de00000, 0x000000070de00000, 0x000000070e000000|  0%| F|  |TAMS 0x000000070de00000, 0x000000070de00000| Untracked 
|  90|0x000000070e000000, 0x000000070e000000, 0x000000070e200000|  0%| F|  |TAMS 0x000000070e000000, 0x000000070e000000| Untracked 
|  91|0x000000070e200000, 0x000000070e200000, 0x000000070e400000|  0%| F|  |TAMS 0x000000070e200000, 0x000000070e200000| Untracked 
|  92|0x000000070e400000, 0x000000070e400000, 0x000000070e600000|  0%| F|  |TAMS 0x000000070e400000, 0x000000070e400000| Untracked 
|  93|0x000000070e600000, 0x000000070e600000, 0x000000070e800000|  0%| F|  |TAMS 0x000000070e600000, 0x000000070e600000| Untracked 
|  94|0x000000070e800000, 0x000000070e800000, 0x000000070ea00000|  0%| F|  |TAMS 0x000000070e800000, 0x000000070e800000| Untracked 
|  95|0x000000070ea00000, 0x000000070ea00000, 0x000000070ec00000|  0%| F|  |TAMS 0x000000070ea00000, 0x000000070ea00000| Untracked 
|  96|0x000000070ec00000, 0x000000070ec00000, 0x000000070ee00000|  0%| F|  |TAMS 0x000000070ec00000, 0x000000070ec00000| Untracked 
|  97|0x000000070ee00000, 0x000000070ee00000, 0x000000070f000000|  0%| F|  |TAMS 0x000000070ee00000, 0x000000070ee00000| Untracked 
|  98|0x000000070f000000, 0x000000070f000000, 0x000000070f200000|  0%| F|  |TAMS 0x000000070f000000, 0x000000070f000000| Untracked 
|  99|0x000000070f200000, 0x000000070f200000, 0x000000070f400000|  0%| F|  |TAMS 0x000000070f200000, 0x000000070f200000| Untracked 
| 100|0x000000070f400000, 0x000000070f400000, 0x000000070f600000|  0%| F|  |TAMS 0x000000070f400000, 0x000000070f400000| Untracked 
| 101|0x000000070f600000, 0x000000070f600000, 0x000000070f800000|  0%| F|  |TAMS 0x000000070f600000, 0x000000070f600000| Untracked 
| 102|0x000000070f800000, 0x000000070f800000, 0x000000070fa00000|  0%| F|  |TAMS 0x000000070f800000, 0x000000070f800000| Untracked 
| 103|0x000000070fa00000, 0x000000070fa00000, 0x000000070fc00000|  0%| F|  |TAMS 0x000000070fa00000, 0x000000070fa00000| Untracked 
| 104|0x000000070fc00000, 0x000000070fc00000, 0x000000070fe00000|  0%| F|  |TAMS 0x000000070fc00000, 0x000000070fc00000| Untracked 
| 105|0x000000070fe00000, 0x000000070fe00000, 0x0000000710000000|  0%| F|  |TAMS 0x000000070fe00000, 0x000000070fe00000| Untracked 
| 106|0x0000000710000000, 0x0000000710000000, 0x0000000710200000|  0%| F|  |TAMS 0x0000000710000000, 0x0000000710000000| Untracked 
| 107|0x0000000710200000, 0x0000000710200000, 0x0000000710400000|  0%| F|  |TAMS 0x0000000710200000, 0x0000000710200000| Untracked 
| 108|0x0000000710400000, 0x0000000710400000, 0x0000000710600000|  0%| F|  |TAMS 0x0000000710400000, 0x0000000710400000| Untracked 
| 109|0x0000000710600000, 0x0000000710600000, 0x0000000710800000|  0%| F|  |TAMS 0x0000000710600000, 0x0000000710600000| Untracked 
| 110|0x0000000710800000, 0x0000000710800000, 0x0000000710a00000|  0%| F|  |TAMS 0x0000000710800000, 0x0000000710800000| Untracked 
| 111|0x0000000710a00000, 0x0000000710a00000, 0x0000000710c00000|  0%| F|  |TAMS 0x0000000710a00000, 0x0000000710a00000| Untracked 
| 112|0x0000000710c00000, 0x0000000710c00000, 0x0000000710e00000|  0%| F|  |TAMS 0x0000000710c00000, 0x0000000710c00000| Untracked 
| 113|0x0000000710e00000, 0x0000000710e00000, 0x0000000711000000|  0%| F|  |TAMS 0x0000000710e00000, 0x0000000710e00000| Untracked 
| 114|0x0000000711000000, 0x000000071112c3b8, 0x0000000711200000| 58%| S|CS|TAMS 0x0000000711000000, 0x0000000711000000| Complete 
| 115|0x0000000711200000, 0x0000000711400000, 0x0000000711400000|100%| S|CS|TAMS 0x0000000711200000, 0x0000000711200000| Complete 
| 116|0x0000000711400000, 0x0000000711400000, 0x0000000711600000|  0%| F|  |TAMS 0x0000000711400000, 0x0000000711400000| Untracked 
| 117|0x0000000711600000, 0x0000000711600000, 0x0000000711800000|  0%| F|  |TAMS 0x0000000711600000, 0x0000000711600000| Untracked 
| 118|0x0000000711800000, 0x0000000711800000, 0x0000000711a00000|  0%| F|  |TAMS 0x0000000711800000, 0x0000000711800000| Untracked 
| 119|0x0000000711a00000, 0x0000000711a00000, 0x0000000711c00000|  0%| F|  |TAMS 0x0000000711a00000, 0x0000000711a00000| Untracked 
| 120|0x0000000711c00000, 0x0000000711c00000, 0x0000000711e00000|  0%| F|  |TAMS 0x0000000711c00000, 0x0000000711c00000| Untracked 
| 121|0x0000000711e00000, 0x0000000711e00000, 0x0000000712000000|  0%| F|  |TAMS 0x0000000711e00000, 0x0000000711e00000| Untracked 
| 122|0x0000000712000000, 0x0000000712000000, 0x0000000712200000|  0%| F|  |TAMS 0x0000000712000000, 0x0000000712000000| Untracked 
| 123|0x0000000712200000, 0x0000000712200000, 0x0000000712400000|  0%| F|  |TAMS 0x0000000712200000, 0x0000000712200000| Untracked 
| 124|0x0000000712400000, 0x0000000712400000, 0x0000000712600000|  0%| F|  |TAMS 0x0000000712400000, 0x0000000712400000| Untracked 
| 125|0x0000000712600000, 0x0000000712600000, 0x0000000712800000|  0%| F|  |TAMS 0x0000000712600000, 0x0000000712600000| Untracked 
| 126|0x0000000712800000, 0x0000000712a00000, 0x0000000712a00000|100%| E|  |TAMS 0x0000000712800000, 0x0000000712800000| Complete 

Card table byte_map: [0x000002291c330000,0x000002291cb20000] _byte_map_base: 0x0000022918b1a000

Marking Bits (Prev, Next): (CMBitMap*) 0x00000229092eec20, (CMBitMap*) 0x00000229092eec60
 Prev Bits: [0x000002291d310000, 0x0000022921260000)
 Next Bits: [0x0000022921260000, 0x00000229251b0000)

Polling page: 0x0000022908a80000

Metaspace:

Usage:
  Non-class:     14.74 MB used.
      Class:      1.08 MB used.
       Both:     15.82 MB used.

Virtual space:
  Non-class space:       16.00 MB reserved,      14.88 MB ( 93%) committed,  2 nodes.
      Class space:        1.00 GB reserved,       1.12 MB ( <1%) committed,  1 nodes.
              Both:        1.02 GB reserved,      16.00 MB (  2%) committed. 

Chunk freelists:
   Non-Class:  880.00 KB
       Class:  2.69 MB
        Both:  3.55 MB

MaxMetaspaceSize: 17179869184.00 GB
CompressedClassSpaceSize: 1.00 GB
 - commit_granule_bytes: 65536.
 - commit_granule_words: 8192.
 - virtual_space_node_default_size: 1048576.
 - enlarge_chunks_in_place: 1.
 - new_chunks_are_fully_committed: 0.
 - uncommit_free_chunks: 1.
 - use_allocation_guard: 0.
 - handle_deallocations: 1.


Internal statistics:

num_allocs_failed_limit: 0.
num_arena_births: 96.
num_arena_deaths: 0.
num_vsnodes_births: 3.
num_vsnodes_deaths: 0.
num_space_committed: 254.
num_space_uncommitted: 0.
num_chunks_returned_to_freelist: 0.
num_chunks_taken_from_freelist: 337.
num_chunk_merges: 0.
num_chunk_splits: 250.
num_chunks_enlarged: 200.
num_purges: 0.

CodeHeap 'non-profiled nmethods': size=120000Kb used=398Kb max_used=398Kb free=119601Kb
 bounds [0x00000229142e0000, 0x0000022914550000, 0x000002291b810000]
CodeHeap 'profiled nmethods': size=120000Kb used=1746Kb max_used=1746Kb free=118253Kb
 bounds [0x000002290cdb0000, 0x000002290d020000, 0x00000229142e0000]
CodeHeap 'non-nmethods': size=5760Kb used=1677Kb max_used=1683Kb free=4082Kb
 bounds [0x000002290c810000, 0x000002290ca80000, 0x000002290cdb0000]
 total_blobs=2168 nmethods=1064 adapters=1015
 compilation: enabled
              stopped_count=0, restarted_count=0
 full_count=0

Compilation events (20 events):
Event: 1.870 Thread 0x000002292885b3e0 nmethod 1055 0x000002290cf5fb10 code [0x000002290cf5fce0, 0x000002290cf5ffb8]
Event: 1.870 Thread 0x000002292885b3e0 1056       3       java.util.stream.IntPipeline$10$1::<init> (11 bytes)
Event: 1.870 Thread 0x000002292885b3e0 nmethod 1056 0x000002290cf60110 code [0x000002290cf602e0, 0x000002290cf607e8]
Event: 1.870 Thread 0x000002292885b3e0 1050       3       java.util.Locale::hasExtensions (13 bytes)
Event: 1.870 Thread 0x000002292885b3e0 nmethod 1050 0x000002290cf60990 code [0x000002290cf60b20, 0x000002290cf60c98]
Event: 1.870 Thread 0x000002292885b3e0 1052       3       java.util.Locale::getUnicodeLocaleType (55 bytes)
Event: 1.870 Thread 0x000002292885b3e0 nmethod 1052 0x000002290cf60d10 code [0x000002290cf60fa0, 0x000002290cf61998]
Event: 1.870 Thread 0x000002292885b3e0 1060       3       java.util.Formatter::ensureOpen (16 bytes)
Event: 1.870 Thread 0x000002292f5abde0 nmethod 1061 0x0000022914343210 code [0x00000229143433a0, 0x0000022914343508]
Event: 1.870 Thread 0x000002292885b3e0 nmethod 1060 0x000002290cf61d10 code [0x000002290cf61ec0, 0x000002290cf62088]
Event: 1.870 Thread 0x000002292885b3e0 1057       1       java.text.DecimalFormatSymbols::getZeroDigit (5 bytes)
Event: 1.870 Thread 0x000002292885b3e0 nmethod 1057 0x0000022914343690 code [0x0000022914343820, 0x00000229143438f8]
Event: 1.882 Thread 0x000002292885b3e0 1062       3       java.util.Formatter$Conversion::isCharacter (32 bytes)
Event: 1.882 Thread 0x000002292f5abde0 1065       4       java.util.concurrent.ConcurrentHashMap::get (162 bytes)
Event: 1.882 Thread 0x000002292885b3e0 nmethod 1062 0x000002290cf62190 code [0x000002290cf62340, 0x000002290cf624b8]
Event: 1.882 Thread 0x000002292885b3e0 1063       3       java.util.Formatter$FormatSpecifier::checkInteger (91 bytes)
Event: 1.882 Thread 0x000002292885b3e0 nmethod 1063 0x000002290cf62590 code [0x000002290cf627e0, 0x000002290cf63228]
Event: 1.882 Thread 0x000002292885b3e0 1064       3       java.util.Formatter$FormatSpecifier::printInteger (131 bytes)
Event: 1.883 Thread 0x000002292885b3e0 nmethod 1064 0x000002290cf63410 code [0x000002290cf636c0, 0x000002290cf64708]
Event: 1.883 Thread 0x000002292885a150 1066       4       org.lwjgl.system.MemoryUtil::strlen64NT1 (119 bytes)

GC Heap History (2 events):
Event: 1.806 GC heap before
{Heap before GC invocations=0 (full 0):
 garbage-first heap   total 260096K, used 22528K [0x0000000702c00000, 0x0000000800000000)
  region size 2048K, 11 young (22528K), 0 survivors (0K)
 Metaspace       used 16168K, committed 16320K, reserved 1064960K
  class space    used 1108K, committed 1152K, reserved 1048576K
}
Event: 1.808 GC heap after
{Heap after GC invocations=1 (full 0):
 garbage-first heap   total 260096K, used 3248K [0x0000000702c00000, 0x0000000800000000)
  region size 2048K, 2 young (4096K), 2 survivors (4096K)
 Metaspace       used 16168K, committed 16320K, reserved 1064960K
  class space    used 1108K, committed 1152K, reserved 1048576K
}

Deoptimization events (20 events):
Event: 1.473 Thread 0x000002290929a6e0 DEOPT PACKING pc=0x000002290cdec165 sp=0x00000032868fd9a0
Event: 1.473 Thread 0x000002290929a6e0 DEOPT UNPACKING pc=0x000002290c85dece sp=0x00000032868fce18 mode 0
Event: 1.522 Thread 0x000002290929a6e0 Uncommon trap: trap_request=0xffffff54 fr.pc=0x0000022914306e80 relative=0x0000000000000060
Event: 1.522 Thread 0x000002290929a6e0 Uncommon trap: reason=speculate_null_assert action=make_not_entrant pc=0x0000022914306e80 method=sun.misc.Unsafe.putLong(Ljava/lang/Object;JJ)V @ 7 c2
Event: 1.522 Thread 0x000002290929a6e0 DEOPT PACKING pc=0x0000022914306e80 sp=0x00000032868feec0
Event: 1.522 Thread 0x000002290929a6e0 DEOPT UNPACKING pc=0x000002290c85d72e sp=0x00000032868fee38 mode 2
Event: 1.575 Thread 0x000002290929a6e0 Uncommon trap: trap_request=0xffffff45 fr.pc=0x000002291432108c relative=0x0000000000001d8c
Event: 1.575 Thread 0x000002290929a6e0 Uncommon trap: reason=unstable_if action=reinterpret pc=0x000002291432108c method=java.util.jar.JarFile.getVersionedEntry(Ljava/lang/String;Ljava/util/jar/JarEntry;)Ljava/util/jar/JarEntry; @ 6 c2
Event: 1.575 Thread 0x000002290929a6e0 DEOPT PACKING pc=0x000002291432108c sp=0x00000032868fc550
Event: 1.575 Thread 0x000002290929a6e0 DEOPT UNPACKING pc=0x000002290c85d72e sp=0x00000032868fc408 mode 2
Event: 1.575 Thread 0x000002290929a6e0 Uncommon trap: trap_request=0xffffff45 fr.pc=0x000002291431d0d4 relative=0x00000000000010f4
Event: 1.575 Thread 0x000002290929a6e0 Uncommon trap: reason=unstable_if action=reinterpret pc=0x000002291431d0d4 method=java.util.jar.JarFile.getVersionedEntry(Ljava/lang/String;Ljava/util/jar/JarEntry;)Ljava/util/jar/JarEntry; @ 6 c2
Event: 1.575 Thread 0x000002290929a6e0 DEOPT PACKING pc=0x000002291431d0d4 sp=0x00000032868fc4b0
Event: 1.575 Thread 0x000002290929a6e0 DEOPT UNPACKING pc=0x000002290c85d72e sp=0x00000032868fc428 mode 2
Event: 1.705 Thread 0x000002290929a6e0 DEOPT PACKING pc=0x000002290cf43be9 sp=0x00000032868ff2a0
Event: 1.705 Thread 0x000002290929a6e0 DEOPT UNPACKING pc=0x000002290c85dece sp=0x00000032868fe8d8 mode 0
Event: 1.711 Thread 0x000002290929a6e0 Uncommon trap: trap_request=0xffffff45 fr.pc=0x00000229143367c8 relative=0x0000000000000148
Event: 1.711 Thread 0x000002290929a6e0 Uncommon trap: reason=unstable_if action=reinterpret pc=0x00000229143367c8 method=com.streep.openglleer.Main.run()V @ 63 c2
Event: 1.711 Thread 0x000002290929a6e0 DEOPT PACKING pc=0x00000229143367c8 sp=0x00000032868ff450
Event: 1.711 Thread 0x000002290929a6e0 DEOPT UNPACKING pc=0x000002290c85d72e sp=0x00000032868ff3e8 mode 2

Classes unloaded (0 events):
No events

Classes redefined (0 events):
No events

Internal exceptions (18 events):
Event: 0.137 Thread 0x000002290929a6e0 Exception <a 'java/lang/NoSuchMethodError'{0x00000007124337c0}: 'java.lang.Object java.lang.invoke.DirectMethodHandle$Holder.invokeStatic(java.lang.Object)'> (0x00000007124337c0) 
thrown [t:\workspace\open\src\hotspot\share\interpreter\linkResolver.cpp, line 790]
Event: 0.137 Thread 0x000002290929a6e0 Exception <a 'java/lang/NoSuchMethodError'{0x0000000712436ff0}: 'java.lang.Object java.lang.invoke.DirectMethodHandle$Holder.invokeStaticInit(java.lang.Object)'> (0x0000000712436ff0) 
thrown [t:\workspace\open\src\hotspot\share\interpreter\linkResolver.cpp, line 790]
Event: 0.146 Thread 0x000002290929a6e0 Exception <a 'java/lang/NoSuchMethodError'{0x0000000712481680}: 'void java.lang.invoke.DirectMethodHandle$Holder.invokeStatic(java.lang.Object, java.lang.Object)'> (0x0000000712481680) 
thrown [t:\workspace\open\src\hotspot\share\interpreter\linkResolver.cpp, line 790]
Event: 0.147 Thread 0x000002290929a6e0 Exception <a 'java/lang/NoSuchMethodError'{0x0000000712486fe8}: 'void java.lang.invoke.DirectMethodHandle$Holder.invokeSpecial(java.lang.Object, java.lang.Object, java.lang.Object)'> (0x0000000712486fe8) 
thrown [t:\workspace\open\src\hotspot\share\interpreter\linkResolver.cpp, line 790]
Event: 0.150 Thread 0x000002290929a6e0 Exception <a 'java/lang/NoSuchMethodError'{0x000000071249bbe0}: 'java.lang.Object java.lang.invoke.DirectMethodHandle$Holder.invokeStatic(java.lang.Object, java.lang.Object, int)'> (0x000000071249bbe0) 
thrown [t:\workspace\open\src\hotspot\share\interpreter\linkResolver.cpp, line 790]
Event: 0.151 Thread 0x000002290929a6e0 Exception <a 'java/lang/NoSuchMethodError'{0x00000007124a7d88}: 'void java.lang.invoke.DelegatingMethodHandle$Holder.delegate(java.lang.Object, java.lang.Object, int, java.lang.Object)'> (0x00000007124a7d88) 
thrown [t:\workspace\open\src\hotspot\share\interpreter\linkResolver.cpp, line 790]
Event: 0.151 Thread 0x000002290929a6e0 Exception <a 'java/lang/NoSuchMethodError'{0x00000007124ac0e0}: 'int java.lang.invoke.DirectMethodHandle$Holder.invokeSpecial(java.lang.Object, java.lang.Object, java.lang.Object)'> (0x00000007124ac0e0) 
thrown [t:\workspace\open\src\hotspot\share\interpreter\linkResolver.cpp, line 790]
Event: 0.179 Thread 0x000002290929a6e0 Exception <a 'sun/nio/fs/WindowsException'{0x000000071251e190}> (0x000000071251e190) 
thrown [t:\workspace\open\src\hotspot\share\prims\jni.cpp, line 579]
Event: 0.179 Thread 0x000002290929a6e0 Exception <a 'sun/nio/fs/WindowsException'{0x000000071251e710}> (0x000000071251e710) 
thrown [t:\workspace\open\src\hotspot\share\prims\jni.cpp, line 579]
Event: 0.213 Thread 0x000002290929a6e0 Exception <a 'sun/nio/fs/WindowsException'{0x0000000712239e08}> (0x0000000712239e08) 
thrown [t:\workspace\open\src\hotspot\share\prims\jni.cpp, line 579]
Event: 0.213 Thread 0x000002290929a6e0 Exception <a 'sun/nio/fs/WindowsException'{0x000000071223a198}> (0x000000071223a198) 
thrown [t:\workspace\open\src\hotspot\share\prims\jni.cpp, line 579]
Event: 1.394 Thread 0x000002290929a6e0 Exception <a 'sun/nio/fs/WindowsException'{0x00000007122e3b40}> (0x00000007122e3b40) 
thrown [t:\workspace\open\src\hotspot\share\prims\jni.cpp, line 579]
Event: 1.394 Thread 0x000002290929a6e0 Exception <a 'sun/nio/fs/WindowsException'{0x00000007122e3f18}> (0x00000007122e3f18) 
thrown [t:\workspace\open\src\hotspot\share\prims\jni.cpp, line 579]
Event: 1.396 Thread 0x000002290929a6e0 Exception <a 'sun/nio/fs/WindowsException'{0x00000007122f3088}> (0x00000007122f3088) 
thrown [t:\workspace\open\src\hotspot\share\prims\jni.cpp, line 579]
Event: 1.396 Thread 0x000002290929a6e0 Exception <a 'sun/nio/fs/WindowsException'{0x00000007122f3398}> (0x00000007122f3398) 
thrown [t:\workspace\open\src\hotspot\share\prims\jni.cpp, line 579]
Event: 1.579 Thread 0x000002290929a6e0 Exception <a 'java/lang/ClassNotFoundException'{0x0000000711bf02b0}: sun/awt/resources/spi/awtProvider> (0x0000000711bf02b0) 
thrown [t:\workspace\open\src\hotspot\share\classfile\systemDictionary.cpp, line 256]
Event: 1.589 Thread 0x000002290929a6e0 Exception <a 'java/io/FileNotFoundException'{0x000000071183b0c8}> (0x000000071183b0c8) 
thrown [t:\workspace\open\src\hotspot\share\prims\jni.cpp, line 579]
Event: 1.593 Thread 0x000002290929a6e0 Exception <a 'java/io/FileNotFoundException'{0x0000000711869b10}> (0x0000000711869b10) 
thrown [t:\workspace\open\src\hotspot\share\prims\jni.cpp, line 579]

Events (20 events):
Event: 1.638 loading class java/text/DigitList
Event: 1.639 loading class java/text/DigitList done
Event: 1.639 loading class java/math/RoundingMode
Event: 1.639 loading class java/math/RoundingMode done
Event: 1.645 loading class java/lang/SecurityException
Event: 1.645 loading class java/lang/SecurityException done
Event: 1.646 loading class jdk/internal/access/foreign/MemorySegmentProxy
Event: 1.646 loading class jdk/internal/access/foreign/MemorySegmentProxy done
Event: 1.692 loading class java/io/FileReader
Event: 1.692 loading class java/io/FileReader done
Event: 1.721 loading class java/lang/NumberFormatException
Event: 1.721 loading class java/lang/NumberFormatException done
Event: 1.721 Executing  VM operation: HandshakeAllThreads
Event: 1.721 Executing  VM operation: HandshakeAllThreads done
Event: 1.721 loading class java/math/BigInteger
Event: 1.722 loading class java/math/BigInteger done
Event: 1.806 Executing  VM operation: G1CollectForAllocation
Event: 1.808 Executing  VM operation: G1CollectForAllocation done
Event: 1.882 Executing  VM operation: ICBufferFull
Event: 1.882 Executing  VM operation: ICBufferFull done


Dynamic libraries:
0x00007ff773050000 - 0x00007ff77305e000 	C:\Users\streepmsi\Desktop\Programs\eclipse\plugins\org.eclipse.justj.openjdk.hotspot.jre.full.win32.x86_64_16.0.1.v20210528-1205\jre\bin\javaw.exe
0x00007ffae0b30000 - 0x00007ffae0d25000 	C:\Windows\SYSTEM32\ntdll.dll
0x00007ffadfa80000 - 0x00007ffadfb3e000 	C:\Windows\System32\KERNEL32.DLL
0x00007ffade670000 - 0x00007ffade939000 	C:\Windows\System32\KERNELBASE.dll
0x00007ffade2a0000 - 0x00007ffade3a0000 	C:\Windows\System32\ucrtbase.dll
0x00007ffad2410000 - 0x00007ffad2428000 	C:\Users\streepmsi\Desktop\Programs\eclipse\plugins\org.eclipse.justj.openjdk.hotspot.jre.full.win32.x86_64_16.0.1.v20210528-1205\jre\bin\jli.dll
0x00007ffad23f0000 - 0x00007ffad2409000 	C:\Users\streepmsi\Desktop\Programs\eclipse\plugins\org.eclipse.justj.openjdk.hotspot.jre.full.win32.x86_64_16.0.1.v20210528-1205\jre\bin\VCRUNTIME140.dll
0x00007ffae0880000 - 0x00007ffae0a21000 	C:\Windows\System32\USER32.dll
0x00007ffac3960000 - 0x00007ffac3bfa000 	C:\Windows\WinSxS\amd64_microsoft.windows.common-controls_6595b64144ccf1df_6.0.19041.1110_none_60b5254171f9507e\COMCTL32.dll
0x00007ffadeac0000 - 0x00007ffadeae2000 	C:\Windows\System32\win32u.dll
0x00007ffadfe20000 - 0x00007ffadfebe000 	C:\Windows\System32\msvcrt.dll
0x00007ffadf430000 - 0x00007ffadf45b000 	C:\Windows\System32\GDI32.dll
0x00007ffade560000 - 0x00007ffade66b000 	C:\Windows\System32\gdi32full.dll
0x00007ffade940000 - 0x00007ffade9dd000 	C:\Windows\System32\msvcp_win.dll
0x00007ffadf980000 - 0x00007ffadf9b0000 	C:\Windows\System32\IMM32.DLL
0x00007ffad4750000 - 0x00007ffad475c000 	C:\Users\streepmsi\Desktop\Programs\eclipse\plugins\org.eclipse.justj.openjdk.hotspot.jre.full.win32.x86_64_16.0.1.v20210528-1205\jre\bin\vcruntime140_1.dll
0x00007ffad2200000 - 0x00007ffad2291000 	C:\Users\streepmsi\Desktop\Programs\eclipse\plugins\org.eclipse.justj.openjdk.hotspot.jre.full.win32.x86_64_16.0.1.v20210528-1205\jre\bin\msvcp140.dll
0x00007ffa9bc80000 - 0x00007ffa9c82b000 	C:\Users\streepmsi\Desktop\Programs\eclipse\plugins\org.eclipse.justj.openjdk.hotspot.jre.full.win32.x86_64_16.0.1.v20210528-1205\jre\bin\server\jvm.dll
0x00007ffae0a30000 - 0x00007ffae0adc000 	C:\Windows\System32\ADVAPI32.dll
0x00007ffadf460000 - 0x00007ffadf4fb000 	C:\Windows\System32\sechost.dll
0x00007ffae0730000 - 0x00007ffae085a000 	C:\Windows\System32\RPCRT4.dll
0x00007ffae0ae0000 - 0x00007ffae0ae8000 	C:\Windows\System32\PSAPI.DLL
0x00007ffad9550000 - 0x00007ffad9559000 	C:\Windows\SYSTEM32\WSOCK32.dll
0x00007ffac6930000 - 0x00007ffac6957000 	C:\Windows\SYSTEM32\WINMM.dll
0x00007ffad87c0000 - 0x00007ffad87ca000 	C:\Windows\SYSTEM32\VERSION.dll
0x00007ffadfc70000 - 0x00007ffadfcdb000 	C:\Windows\System32\WS2_32.dll
0x00007ffadc150000 - 0x00007ffadc162000 	C:\Windows\SYSTEM32\kernel.appcore.dll
0x00007ffad8e20000 - 0x00007ffad8e2a000 	C:\Users\streepmsi\Desktop\Programs\eclipse\plugins\org.eclipse.justj.openjdk.hotspot.jre.full.win32.x86_64_16.0.1.v20210528-1205\jre\bin\jimage.dll
0x00007ffac62e0000 - 0x00007ffac64c4000 	C:\Windows\SYSTEM32\DBGHELP.DLL
0x00007ffac6590000 - 0x00007ffac65bc000 	C:\Windows\SYSTEM32\dbgcore.DLL
0x00007ffadeaf0000 - 0x00007ffadeb73000 	C:\Windows\System32\bcryptPrimitives.dll
0x00007ffad29d0000 - 0x00007ffad29f5000 	C:\Users\streepmsi\Desktop\Programs\eclipse\plugins\org.eclipse.justj.openjdk.hotspot.jre.full.win32.x86_64_16.0.1.v20210528-1205\jre\bin\java.dll
0x00007ffad5ee0000 - 0x00007ffad5ef8000 	C:\Users\streepmsi\Desktop\Programs\eclipse\plugins\org.eclipse.justj.openjdk.hotspot.jre.full.win32.x86_64_16.0.1.v20210528-1205\jre\bin\zip.dll
0x00007ffadfff0000 - 0x00007ffae072f000 	C:\Windows\System32\SHELL32.dll
0x00007ffadc350000 - 0x00007ffadcae0000 	C:\Windows\SYSTEM32\windows.storage.dll
0x00007ffadf0d0000 - 0x00007ffadf425000 	C:\Windows\System32\combase.dll
0x00007ffaddca0000 - 0x00007ffaddccc000 	C:\Windows\SYSTEM32\Wldp.dll
0x00007ffadfd70000 - 0x00007ffadfe1e000 	C:\Windows\System32\SHCORE.dll
0x00007ffadf070000 - 0x00007ffadf0c5000 	C:\Windows\System32\shlwapi.dll
0x00007ffade190000 - 0x00007ffade1af000 	C:\Windows\SYSTEM32\profapi.dll
0x00007ffad5d80000 - 0x00007ffad5d99000 	C:\Users\streepmsi\Desktop\Programs\eclipse\plugins\org.eclipse.justj.openjdk.hotspot.jre.full.win32.x86_64_16.0.1.v20210528-1205\jre\bin\net.dll
0x00007ffad5c20000 - 0x00007ffad5d28000 	C:\Windows\SYSTEM32\WINHTTP.dll
0x00007ffadda00000 - 0x00007ffadda6a000 	C:\Windows\system32\mswsock.dll
0x00007ffad5bb0000 - 0x00007ffad5bc3000 	C:\Users\streepmsi\Desktop\Programs\eclipse\plugins\org.eclipse.justj.openjdk.hotspot.jre.full.win32.x86_64_16.0.1.v20210528-1205\jre\bin\nio.dll
0x00007ffad5fc0000 - 0x00007ffad5fd0000 	C:\Users\streepmsi\Desktop\Programs\eclipse\plugins\org.eclipse.justj.openjdk.hotspot.jre.full.win32.x86_64_16.0.1.v20210528-1205\jre\bin\verify.dll
0x00007ffad2190000 - 0x00007ffad21f4000 	C:\Users\streepmsi\AppData\Local\Temp\lwjglstreepmsi\3.2.3-build-13\lwjgl.dll
0x00007ffad0e90000 - 0x00007ffad0ef2000 	C:\Users\STREEP~1\AppData\Local\Temp\lwjglstreepmsi\3.2.3-build-13\glfw.dll
0x00007ffadbba0000 - 0x00007ffadbc3e000 	C:\Windows\system32\uxtheme.dll
0x00007ffacbfb0000 - 0x00007ffacbff5000 	C:\Windows\SYSTEM32\dinput8.dll
0x00007ffad23d0000 - 0x00007ffad23e1000 	C:\Windows\SYSTEM32\xinput1_4.dll
0x00007ffade250000 - 0x00007ffade29e000 	C:\Windows\System32\cfgmgr32.dll
0x00007ffaddff0000 - 0x00007ffade024000 	C:\Windows\SYSTEM32\DEVOBJ.dll
0x00007ffadbe60000 - 0x00007ffadbe8f000 	C:\Windows\SYSTEM32\dwmapi.dll
0x00007ffacc710000 - 0x00007ffacc862000 	C:\Windows\SYSTEM32\inputhost.dll
0x00007ffadfec0000 - 0x00007ffadff8d000 	C:\Windows\System32\OLEAUT32.dll
0x00007ffadae50000 - 0x00007ffadafa4000 	C:\Windows\SYSTEM32\wintypes.dll
0x00007ffadb880000 - 0x00007ffadb972000 	C:\Windows\SYSTEM32\CoreMessaging.dll
0x00007ffad9900000 - 0x00007ffad99f6000 	C:\Windows\SYSTEM32\PROPSYS.dll
0x00007ffadb520000 - 0x00007ffadb87e000 	C:\Windows\SYSTEM32\CoreUIComponents.dll
0x00007ffadcf40000 - 0x00007ffadcf73000 	C:\Windows\SYSTEM32\ntmarta.dll
0x00007ffadfb40000 - 0x00007ffadfc55000 	C:\Windows\System32\MSCTF.dll
0x00007ffadcae0000 - 0x00007ffadcaed000 	C:\Windows\SYSTEM32\HID.DLL
0x00007ffadf500000 - 0x00007ffadf972000 	C:\Windows\System32\SETUPAPI.DLL
0x00007ffadea90000 - 0x00007ffadeab7000 	C:\Windows\System32\bcrypt.dll
0x00007ffade3a0000 - 0x00007ffade400000 	C:\Windows\System32\WINTRUST.dll
0x00007ffade400000 - 0x00007ffade556000 	C:\Windows\System32\CRYPT32.dll
0x00007ffadde30000 - 0x00007ffadde42000 	C:\Windows\SYSTEM32\MSASN1.dll
0x00007ffaccd10000 - 0x00007ffacce35000 	C:\Windows\SYSTEM32\opengl32.dll
0x00007ffad5910000 - 0x00007ffad593c000 	C:\Windows\SYSTEM32\GLU32.dll
0x00007ffadeee0000 - 0x00007ffadef89000 	C:\Windows\System32\clbcatq.dll
0x00007ffa6a190000 - 0x00007ffa6d14f000 	C:\Windows\System32\DriverStore\FileRepository\nvmii.inf_amd64_129542dbee5a4a5e\nvoglv64.dll
0x00007ffaded30000 - 0x00007ffadee5a000 	C:\Windows\System32\ole32.dll
0x00007ffad9aa0000 - 0x00007ffad9ab4000 	C:\Windows\SYSTEM32\WTSAPI32.dll
0x00007ffaddbf0000 - 0x00007ffaddbfc000 	C:\Windows\SYSTEM32\CRYPTBASE.DLL
0x00007ffad7a70000 - 0x00007ffad7aa1000 	C:\Windows\SYSTEM32\cryptnet.dll
0x00007ffad4ba0000 - 0x00007ffad4cea000 	C:\Windows\SYSTEM32\drvstore.dll
0x00007ffad4b60000 - 0x00007ffad4b9b000 	C:\Windows\SYSTEM32\dxcore.dll
0x00007ffaa7a20000 - 0x00007ffaa7ce3000 	C:\Windows\system32\nvspcap64.dll
0x00007ffadd7c0000 - 0x00007ffadd80b000 	C:\Windows\SYSTEM32\powrprof.dll
0x00007ffadd680000 - 0x00007ffadd692000 	C:\Windows\SYSTEM32\UMPDC.dll
0x00007ffadcff0000 - 0x00007ffadd04a000 	C:\Windows\SYSTEM32\WINSTA.dll
0x00007ffadcb40000 - 0x00007ffadcc34000 	C:\Windows\system32\dxgi.dll
0x00007ffada3d0000 - 0x00007ffada634000 	C:\Windows\system32\d3d11.dll
0x00007ffaba8c0000 - 0x00007ffaba9c6000 	C:\Windows\System32\DriverStore\FileRepository\nvmii.inf_amd64_129542dbee5a4a5e\nvldumdx.dll
0x00007ffae0860000 - 0x00007ffae087d000 	C:\Windows\System32\imagehlp.dll
0x00007ffaddc00000 - 0x00007ffaddc18000 	C:\Windows\SYSTEM32\CRYPTSP.dll
0x00007ffadd310000 - 0x00007ffadd344000 	C:\Windows\system32\rsaenh.dll
0x00007ffa6f320000 - 0x00007ffa71c49000 	C:\Windows\System32\DriverStore\FileRepository\nvmii.inf_amd64_129542dbee5a4a5e\nvwgf2umx.dll
0x00007ffacaf80000 - 0x00007ffacb6e1000 	C:\Windows\SYSTEM32\nvapi64.dll
0x00007ffac7220000 - 0x00007ffac7279000 	C:\Users\streepmsi\AppData\Local\Temp\lwjglstreepmsi\3.2.3-build-13\lwjgl_opengl.dll
0x00007ffaca010000 - 0x00007ffaca109000 	C:\Windows\SYSTEM32\textinputframework.dll
0x00007ffaaabd0000 - 0x00007ffaaad4f000 	C:\Users\streepmsi\Desktop\Programs\eclipse\plugins\org.eclipse.justj.openjdk.hotspot.jre.full.win32.x86_64_16.0.1.v20210528-1205\jre\bin\awt.dll
0x00007ffadbab0000 - 0x00007ffadbb40000 	C:\Windows\SYSTEM32\apphelp.dll
0x00007ffad3040000 - 0x00007ffad46bd000 	C:\Windows\System32\DriverStore\FileRepository\iigd_dch.inf_amd64_a086f01cc7be643a\igd10iumd64.dll
0x00007ffaddd10000 - 0x00007ffaddd37000 	C:\Windows\SYSTEM32\ncrypt.dll
0x00007ffaddcd0000 - 0x00007ffaddd0b000 	C:\Windows\SYSTEM32\NTASN1.dll
0x00007ffad1aa0000 - 0x00007ffad1cdf000 	C:\Windows\System32\DriverStore\FileRepository\iigd_dch.inf_amd64_a086f01cc7be643a\igdgmm64.dll
0x00007fface130000 - 0x00007ffad0d92000 	C:\Windows\System32\DriverStore\FileRepository\iigd_dch.inf_amd64_a086f01cc7be643a\igc64.dll

dbghelp: loaded successfully - version: 4.0.5 - missing functions: none
symbol engine: initialized successfully - sym options: 0x614 - pdb path: .;C:\Users\streepmsi\Desktop\Programs\eclipse\plugins\org.eclipse.justj.openjdk.hotspot.jre.full.win32.x86_64_16.0.1.v20210528-1205\jre\bin;C:\Windows\SYSTEM32;C:\Windows\WinSxS\amd64_microsoft.windows.common-controls_6595b64144ccf1df_6.0.19041.1110_none_60b5254171f9507e;C:\Users\streepmsi\Desktop\Programs\eclipse\plugins\org.eclipse.justj.openjdk.hotspot.jre.full.win32.x86_64_16.0.1.v20210528-1205\jre\bin\server;C:\Users\streepmsi\AppData\Local\Temp\lwjglstreepmsi\3.2.3-build-13;C:\Users\STREEP~1\AppData\Local\Temp\lwjglstreepmsi\3.2.3-build-13;C:\Windows\System32\DriverStore\FileRepository\nvmii.inf_amd64_129542dbee5a4a5e;C:\Windows\System32\DriverStore\FileRepository\iigd_dch.inf_amd64_a086f01cc7be643a

VM Arguments:
jvm_args: -Dfile.encoding=UTF-8 -XX:+ShowCodeDetailsInExceptionMessages 
java_command: com.streep.openglleer.Main
java_class_path (initial): C:\Users\streepmsi\eclipse-workspace\OpenGLLeerproject\bin;C:\Users\streepmsi\Desktop\Libaries\lwjgl.jar;C:\Users\streepmsi\Desktop\Libaries\lwjgl-assimp.jar;C:\Users\streepmsi\Desktop\Libaries\lwjgl-assimp-javadoc.jar;C:\Users\streepmsi\Desktop\Libaries\lwjgl-assimp-natives-windows.jar;C:\Users\streepmsi\Desktop\Libaries\lwjgl-assimp-sources.jar;C:\Users\streepmsi\Desktop\Libaries\lwjgl-bgfx.jar;C:\Users\streepmsi\Desktop\Libaries\lwjgl-bgfx-javadoc.jar;C:\Users\streepmsi\Desktop\Libaries\lwjgl-bgfx-natives-windows.jar;C:\Users\streepmsi\Desktop\Libaries\lwjgl-bgfx-sources.jar;C:\Users\streepmsi\Desktop\Libaries\lwjgl-glfw.jar;C:\Users\streepmsi\Desktop\Libaries\lwjgl-glfw-javadoc.jar;C:\Users\streepmsi\Desktop\Libaries\lwjgl-glfw-natives-windows.jar;C:\Users\streepmsi\Desktop\Libaries\lwjgl-glfw-sources.jar;C:\Users\streepmsi\Desktop\Libaries\lwjgl-javadoc.jar;C:\Users\streepmsi\Desktop\Libaries\lwjgl-nanovg.jar;C:\Users\streepmsi\Desktop\Libaries\lwjgl-nanovg-javadoc.jar;C:\Users\streepmsi\Desktop\Libaries\lwjgl-nanovg-natives-windows.jar;C:\Users\streepmsi\Desktop\Libaries\lwjgl-nanovg-sources.jar;C:\Users\streepmsi\Desktop\Libaries\lwjgl-natives-windows.jar;C:\Users\streepmsi\Desktop\Libaries\lwjgl-nuklear.jar;C:\Users\streepmsi\Desktop\Libaries\lwjgl-nuklear-javadoc.jar;C:\Users\streepmsi\Desktop\Libaries\lwjgl-nuklear-natives-windows.jar;C:\Users\streepmsi\Desktop\Libaries\lwjgl-nuklear-sources.jar;C:\Users\streepmsi\Desktop\Libaries\lwjgl-openal.jar;C:\Users\streepmsi\Desktop\Libaries\lwjgl-openal-javadoc.jar;C:\Users\streepmsi\Desktop\Libaries\lwjgl-openal-natives-windows.jar;C:\Users\streepmsi\Desktop\Libaries\lwjgl-openal-sources.jar;C:\Users\streepmsi\Desktop\Libaries\lwjgl-opengl.jar;C:\Users\streepmsi\Desktop\Libaries\lwjgl-opengl-javadoc.jar;C:\Users\streepmsi\Desktop\Libaries\lwjgl-opengl-natives-windows.jar;C:\Users\streepmsi\Desktop\Libaries\lwjgl-opengl-sources.jar;C:\Users\streepmsi\Desktop\Libaries\lwjgl-par.jar;C:\U
Launcher Type: SUN_STANDARD

[Global flags]
     intx CICompilerCount                          = 4                                         {product} {ergonomic}
     uint ConcGCThreads                            = 2                                         {product} {ergonomic}
     uint G1ConcRefinementThreads                  = 8                                         {product} {ergonomic}
   size_t G1HeapRegionSize                         = 2097152                                   {product} {ergonomic}
    uintx GCDrainStackTargetSize                   = 64                                        {product} {ergonomic}
   size_t InitialHeapSize                          = 266338304                                 {product} {ergonomic}
   size_t MarkStackSize                            = 4194304                                   {product} {ergonomic}
   size_t MaxHeapSize                              = 4248829952                                {product} {ergonomic}
   size_t MaxNewSize                               = 2548039680                                {product} {ergonomic}
   size_t MinHeapDeltaBytes                        = 2097152                                   {product} {ergonomic}
   size_t MinHeapSize                              = 8388608                                   {product} {ergonomic}
    uintx NonNMethodCodeHeapSize                   = 5839372                                {pd product} {ergonomic}
    uintx NonProfiledCodeHeapSize                  = 122909434                              {pd product} {ergonomic}
    uintx ProfiledCodeHeapSize                     = 122909434                              {pd product} {ergonomic}
    uintx ReservedCodeCacheSize                    = 251658240                              {pd product} {ergonomic}
     bool SegmentedCodeCache                       = true                                      {product} {ergonomic}
     bool ShowCodeDetailsInExceptionMessages       = true                                   {manageable} {command line}
   size_t SoftMaxHeapSize                          = 4248829952                             {manageable} {ergonomic}
     bool UseCompressedClassPointers               = true                           {product lp64_product} {ergonomic}
     bool UseCompressedOops                        = true                           {product lp64_product} {ergonomic}
     bool UseG1GC                                  = true                                      {product} {ergonomic}
     bool UseLargePagesIndividualAllocation        = false                                  {pd product} {ergonomic}

Logging:
Log output configuration:
 #0: stdout all=warning uptime,level,tags
 #1: stderr all=off uptime,level,tags

Environment Variables:
PATH=C:/Users/streepmsi/Desktop/Programs/eclipse//plugins/org.eclipse.justj.openjdk.hotspot.jre.full.win32.x86_64_16.0.1.v20210528-1205/jre/bin/server;C:/Users/streepmsi/Desktop/Programs/eclipse//plugins/org.eclipse.justj.openjdk.hotspot.jre.full.win32.x86_64_16.0.1.v20210528-1205/jre/bin;C:\Program Files (x86)\Common Files\Oracle\Java\javapath;C:\Windows\system32;C:\Windows;C:\Windows\System32\Wbem;C:\Windows\System32\WindowsPowerShell\v1.0\;C:\Windows\System32\OpenSSH\;C:\Program Files (x86)\NVIDIA Corporation\PhysX\Common;C:\Program Files\NVIDIA Corporation\NVIDIA NvDLISR;C:\Users\streepmsi\Desktop\Programs\Git\cmd;C:\Users\streepmsi\AppData\Local\Microsoft\WindowsApps;;C:\Users\streepmsi\Desktop\Programs\eclipse;
USERNAME=streepmsi
OS=Windows_NT
PROCESSOR_IDENTIFIER=Intel64 Family 6 Model 165 Stepping 2, GenuineIntel



---------------  S Y S T E M  ---------------

OS:
 Windows 10 , 64 bit Build 19041 (10.0.19041.1202)
OS uptime: 2 days 23:53 hours

CPU: total 8 (initial active 8) (4 cores per cpu, 2 threads per core) family 6 model 165 stepping 2 microcode 0xe2, cx8, cmov, fxsr, ht, mmx, 3dnowpref, sse, sse2, sse3, ssse3, sse4.1, sse4.2, popcnt, lzcnt, tsc, tscinvbit, avx, avx2, aes, erms, clmul, bmi1, bmi2, adx, fma, vzeroupper, clflush, clflushopt

Memory: 4k page, system-wide physical 16205M (8819M free)
TotalPageFile size 18637M (AvailPageFile size 9352M)
current process WorkingSet (physical memory assigned to process): 138M, peak: 138M
current process commit charge ("private bytes"): 420M, peak: 420M

vm_info: OpenJDK 64-Bit Server VM (16.0.1+9-24) for windows-amd64 JRE (16.0.1+9-24), built on Mar 26 2021 19:30:07 by "mach5one" with MS VC++ 16.7 (VS2019)

END.
