#
# A fatal error has been detected by the Java Runtime Environment:
#
#  EXCEPTION_ACCESS_VIOLATION (0xc0000005) at pc=0x00007ffbfd62e8e8, pid=1860, tid=6188
#
# JRE version: OpenJDK Runtime Environment (16.0.1+9) (build 16.0.1+9-24)
# Java VM: OpenJDK 64-Bit Server VM (16.0.1+9-24, mixed mode, tiered, compressed oops, compressed class ptrs, g1 gc, windows-amd64)
# Problematic frame:
# C  [ig9icd64.dll+0x6de8e8]
#
# No core dump will be written. Minidumps are not enabled by default on client versions of Windows
#
# If you would like to submit a bug report, please visit:
#   https://bugreport.java.com/bugreport/crash.jsp
# The crash happened outside the Java Virtual Machine in native code.
# See problematic frame for where to report the bug.
#

---------------  S U M M A R Y ------------

Command Line: -Dfile.encoding=UTF-8 -XX:+ShowCodeDetailsInExceptionMessages com.streep.openglleer.Main

Host: Intel(R) Core(TM) i5-10200H CPU @ 2.40GHz, 8 cores, 15G,  Windows 10 , 64 bit Build 19041 (10.0.19041.1202)
Time: Thu Sep 30 11:57:47 2021 W. Europe Summer Time elapsed time: 0.411185 seconds (0d 0h 0m 0s)

---------------  T H R E A D  ---------------

Current thread (0x000002d9cad6ae70):  JavaThread "main" [_thread_in_native, id=6188, stack(0x000000e2cb800000,0x000000e2cb900000)]

Stack: [0x000000e2cb800000,0x000000e2cb900000],  sp=0x000000e2cb8fed60,  free space=1019k
Native frames: (J=compiled Java code, j=interpreted, Vv=VM code, C=native code)
C  [ig9icd64.dll+0x6de8e8]

Java frames: (J=compiled Java code, j=interpreted, Vv=VM code)
j  org.lwjgl.opengl.GL20C.nglGetShaderiv(IIJ)V+0
j  org.lwjgl.opengl.GL20C.glGetShaderiv(IILjava/nio/IntBuffer;)V+17
j  org.lwjgl.opengl.GL20.glGetShaderiv(IILjava/nio/IntBuffer;)V+3
j  com.streep.openglleer.core.ShaderProgram.setCode(Ljava/lang/String;Lcom/streep/openglleer/core/ShaderProgram$ShaderType;)V+103
j  com.streep.openglleer.core.GLRenderer.init()V+23
j  com.streep.openglleer.Main.run()V+7
j  com.streep.openglleer.Main.main([Ljava/lang/String;)V+7
v  ~StubRoutines::call_stub

siginfo: EXCEPTION_ACCESS_VIOLATION (0xc0000005), writing address 0x0000000000000010


Register to memory mapping:

RIP=0x00007ffbfd62e8e8 ig9icd64.dll
RAX=0x0000000000000001 is an unknown value
RBX=0x000002d9eca24640 points into unknown readable memory: 0x000002d9ec6d5e00 | 00 5e 6d ec d9 02 00 00
RCX=0x000002d9ec7aaa10 points into unknown readable memory: 0x00007ffbfdc1bbd8 | d8 bb c1 fd fb 7f 00 00
RDX=0x000002d9eca24640 points into unknown readable memory: 0x000002d9ec6d5e00 | 00 5e 6d ec d9 02 00 00
RSP=0x000000e2cb8fed60 is pointing into the stack for thread: 0x000002d9cad6ae70
RBP=0x000002d9eca24640 points into unknown readable memory: 0x000002d9ec6d5e00 | 00 5e 6d ec d9 02 00 00
RSI=0x000002d9ec901c20 points into unknown readable memory: 0x000002d9ec795e10 | 10 5e 79 ec d9 02 00 00
RDI=0x0000000000000002 is an unknown value
R8 =0x0000000000008b81 is an unknown value
R9 =0x0000000000000010 is an unknown value
R10=0x000002d9ec7aaa10 points into unknown readable memory: 0x00007ffbfdc1bbd8 | d8 bb c1 fd fb 7f 00 00
R11=0x0000000000008b81 is an unknown value
R12=0x0 is NULL
R13={method} {0x000002d9ecea4e40} 'nglGetShaderiv' '(IIJ)V' in 'org/lwjgl/opengl/GL20C'
R14=0x0000000000008b81 is an unknown value
R15=0x000002d9cad6ae70 is a thread


Registers:
RAX=0x0000000000000001, RBX=0x000002d9eca24640, RCX=0x000002d9ec7aaa10, RDX=0x000002d9eca24640
RSP=0x000000e2cb8fed60, RBP=0x000002d9eca24640, RSI=0x000002d9ec901c20, RDI=0x0000000000000002
R8 =0x0000000000008b81, R9 =0x0000000000000010, R10=0x000002d9ec7aaa10, R11=0x0000000000008b81
R12=0x0000000000000000, R13=0x000002d9ecea4e38, R14=0x0000000000008b81, R15=0x000002d9cad6ae70
RIP=0x00007ffbfd62e8e8, EFLAGS=0x0000000000010246

Top of Stack: (sp=0x000000e2cb8fed60)
0x000000e2cb8fed60:   0000000000000000 000000e2cb8fede0
0x000000e2cb8fed70:   000002d9cad6ae70 00007ffc237cabe8
0x000000e2cb8fed80:   000002d9ec795e10 00007ffbfcfd91a7
0x000000e2cb8fed90:   000002d9ecea4e38 000002d9ecea4e38
0x000000e2cb8feda0:   000000e2cb8feeb0 00007ffc235290f7
0x000000e2cb8fedb0:   000000000001755d 000002d9cad6ae70
0x000000e2cb8fedc0:   000000e2cb8feee8 000002d9eca24640
0x000000e2cb8fedd0:   0000000000000010 00007ffbfd7ba981
0x000000e2cb8fede0:   000002d9ec795e10 0000000000000002
0x000000e2cb8fedf0:   0000000000008b81 000002d9ecea4e38
0x000000e2cb8fee00:   0000000000000010 00007ffc23526499
0x000000e2cb8fee10:   0000000000000148 000002d9cfabdce2
0x000000e2cb8fee20:   000002d9ecea4e38 000000e2cb8feeb0
0x000000e2cb8fee30:   0000000000000010 000002d9cfabd9f2
0x000000e2cb8fee40:   0000000000000010 0000000000000010
0x000000e2cb8fee50:   000000e2cb8feec8 000002d9cfab95d9 

Instructions: (pc=0x00007ffbfd62e8e8)
0x00007ffbfd62e7e8:   66 0f 6e c0 0f 5b c0 f3 41 0f 11 01 48 83 c4 28
0x00007ffbfd62e7f8:   c3 8b 81 a8 00 00 00 0f 57 c0 f3 48 0f 2a c0 f3
0x00007ffbfd62e808:   41 0f 11 01 48 83 c4 28 c3 cc cc cc cc cc cc cc
0x00007ffbfd62e818:   cc cc cc cc cc cc cc cc 40 53 48 83 ec 20 41 8b
0x00007ffbfd62e828:   c0 45 8b d8 48 8b da 4c 8b d1 2d 4f 8b 00 00 0f
0x00007ffbfd62e838:   84 b4 00 00 00 83 e8 32 0f 84 8d 00 00 00 83 e8
0x00007ffbfd62e848:   07 74 44 3d ca 09 00 00 74 28 4d 8b c1 41 8b d3
0x00007ffbfd62e858:   e8 e3 3a 9a ff 84 c0 0f 85 95 00 00 00 45 33 c0
0x00007ffbfd62e868:   ba 00 05 00 00 48 8b cb 48 83 c4 20 5b e9 c6 1a
0x00007ffbfd62e878:   ec ff 33 c9 41 38 8a c8 00 00 00 0f 95 c1 41 89
0x00007ffbfd62e888:   09 48 83 c4 20 5b c3 4d 8b 9a b0 00 00 00 33 c9
0x00007ffbfd62e898:   4d 8b 82 b8 00 00 00 8b d1 4d 2b c3 49 c1 f8 05
0x00007ffbfd62e8a8:   4d 85 c0 74 15 8b c1 90 48 c1 e0 05 ff c2 42 03
0x00007ffbfd62e8b8:   4c 18 10 8b c2 49 3b c0 72 ee 85 c9 8d 41 01 0f
0x00007ffbfd62e8c8:   44 c1 41 89 01 48 83 c4 20 5b c3 0f b6 81 cb 00
0x00007ffbfd62e8d8:   00 00 84 c0 75 07 0f b6 81 ca 00 00 00 0f b6 c0
0x00007ffbfd62e8e8:   41 89 01 48 83 c4 20 5b c3 8b 81 a8 00 00 00 41
0x00007ffbfd62e8f8:   89 01 48 83 c4 20 5b c3 cc cc cc cc cc cc cc cc
0x00007ffbfd62e908:   cc cc cc cc cc cc cc cc 40 53 41 54 41 55 41 56
0x00007ffbfd62e918:   41 57 48 83 ec 20 4d 8b e1 4d 8b f8 44 8b ea 4c
0x00007ffbfd62e928:   8b f1 4d 85 c9 0f 84 d1 00 00 00 85 d2 0f 8e c9
0x00007ffbfd62e938:   00 00 00 48 8b 91 b0 00 00 00 33 db 48 8b 81 b8
0x00007ffbfd62e948:   00 00 00 48 89 6c 24 50 48 2b c2 48 c1 f8 05 8b
0x00007ffbfd62e958:   eb 48 89 74 24 58 48 89 7c 24 60 85 c0 7e 70 8b
0x00007ffbfd62e968:   f3 0f 1f 80 00 00 00 00 48 03 d6 48 8b 4a 10 48
0x00007ffbfd62e978:   85 c9 74 3c 41 8b c5 2b c3 ff c8 3b c1 0f 4d c1
0x00007ffbfd62e988:   85 c0 7e 4b 4c 63 c0 49 3b c8 49 8b f8 48 0f 42
0x00007ffbfd62e998:   f9 48 83 7a 18 10 72 03 48 8b 12 49 3b f8 77 74
0x00007ffbfd62e9a8:   48 63 cb 4c 8b c7 49 03 cc e8 ca 1b e3 ff 03 df
0x00007ffbfd62e9b8:   49 8b 96 b0 00 00 00 ff c5 49 8b 86 b8 00 00 00
0x00007ffbfd62e9c8:   48 83 c6 20 48 2b c2 48 c1 f8 05 3b e8 7c 99 48
0x00007ffbfd62e9d8:   63 c3 42 c6 04 20 00 4d 85 ff 74 03 41 89 1f 48 


Stack slot to memory mapping:
stack at sp + 0 slots: 0x0 is NULL
stack at sp + 1 slots: 0x000000e2cb8fede0 is pointing into the stack for thread: 0x000002d9cad6ae70
stack at sp + 2 slots: 0x000002d9cad6ae70 is a thread
stack at sp + 3 slots: 0x00007ffc237cabe8 jvm.dll
stack at sp + 4 slots: 0x000002d9ec795e10 points into unknown readable memory: 0x00007ffbfdc1bbb8 | b8 bb c1 fd fb 7f 00 00
stack at sp + 5 slots: 0x00007ffbfcfd91a7 ig9icd64.dll
stack at sp + 6 slots: {method} {0x000002d9ecea4e40} 'nglGetShaderiv' '(IIJ)V' in 'org/lwjgl/opengl/GL20C'
stack at sp + 7 slots: {method} {0x000002d9ecea4e40} 'nglGetShaderiv' '(IIJ)V' in 'org/lwjgl/opengl/GL20C'


---------------  P R O C E S S  ---------------

Threads class SMR info:
_java_thread_list=0x000002d9f30c86a0, length=14, elements={
0x000002d9cad6ae70, 0x000002d9ec036660, 0x000002d9ec037520, 0x000002d9ec01ee90,
0x000002d9ec020aa0, 0x000002d9ec0215a0, 0x000002d9ec0638f0, 0x000002d9ec06c540,
0x000002d9ec06cf80, 0x000002d9ec081db0, 0x000002d9ec1d6010, 0x000002d9ec1dd050,
0x000002d9ec527440, 0x000002d9f33147a0
}

Java Threads: ( => current thread )
=>0x000002d9cad6ae70 JavaThread "main" [_thread_in_native, id=6188, stack(0x000000e2cb800000,0x000000e2cb900000)]
  0x000002d9ec036660 JavaThread "Reference Handler" daemon [_thread_blocked, id=8116, stack(0x000000e2cbf00000,0x000000e2cc000000)]
  0x000002d9ec037520 JavaThread "Finalizer" daemon [_thread_blocked, id=11720, stack(0x000000e2cc000000,0x000000e2cc100000)]
  0x000002d9ec01ee90 JavaThread "Signal Dispatcher" daemon [_thread_blocked, id=8232, stack(0x000000e2cc100000,0x000000e2cc200000)]
  0x000002d9ec020aa0 JavaThread "Attach Listener" daemon [_thread_blocked, id=5188, stack(0x000000e2cc200000,0x000000e2cc300000)]
  0x000002d9ec0215a0 JavaThread "Service Thread" daemon [_thread_blocked, id=11276, stack(0x000000e2cc300000,0x000000e2cc400000)]
  0x000002d9ec0638f0 JavaThread "Monitor Deflation Thread" daemon [_thread_blocked, id=7372, stack(0x000000e2cc400000,0x000000e2cc500000)]
  0x000002d9ec06c540 JavaThread "C2 CompilerThread0" daemon [_thread_blocked, id=11912, stack(0x000000e2cc500000,0x000000e2cc600000)]
  0x000002d9ec06cf80 JavaThread "C1 CompilerThread0" daemon [_thread_blocked, id=14204, stack(0x000000e2cc600000,0x000000e2cc700000)]
  0x000002d9ec081db0 JavaThread "Sweeper thread" daemon [_thread_blocked, id=10252, stack(0x000000e2cc700000,0x000000e2cc800000)]
  0x000002d9ec1d6010 JavaThread "Notification Thread" daemon [_thread_blocked, id=13172, stack(0x000000e2cc800000,0x000000e2cc900000)]
  0x000002d9ec1dd050 JavaThread "Common-Cleaner" daemon [_thread_blocked, id=13248, stack(0x000000e2cca00000,0x000000e2ccb00000)]
  0x000002d9ec527440 JavaThread "C2 CompilerThread1" daemon [_thread_blocked, id=13668, stack(0x000000e2ccb00000,0x000000e2ccc00000)]
  0x000002d9f33147a0 JavaThread "C2 CompilerThread2" daemon [_thread_blocked, id=5972, stack(0x000000e2cd200000,0x000000e2cd300000)]

Other Threads:
  0x000002d9ec0174f0 VMThread "VM Thread" [stack: 0x000000e2cbe00000,0x000000e2cbf00000] [id=13328]
  0x000002d9ec1d6d40 WatcherThread [stack: 0x000000e2cc900000,0x000000e2cca00000] [id=13016]
  0x000002d9cadbdb60 GCTaskThread "GC Thread#0" [stack: 0x000000e2cb900000,0x000000e2cba00000] [id=14180]
  0x000002d9cadd0190 ConcurrentGCThread "G1 Main Marker" [stack: 0x000000e2cba00000,0x000000e2cbb00000] [id=10136]
  0x000002d9cadd0c80 ConcurrentGCThread "G1 Conc#0" [stack: 0x000000e2cbb00000,0x000000e2cbc00000] [id=8216]
  0x000002d9eb5020c0 ConcurrentGCThread "G1 Refine#0" [stack: 0x000000e2cbc00000,0x000000e2cbd00000] [id=12512]
  0x000002d9eb5029d0 ConcurrentGCThread "G1 Service" [stack: 0x000000e2cbd00000,0x000000e2cbe00000] [id=5808]

Threads with active compile tasks:

VM state: not at safepoint (normal execution)

VM Mutex/Monitor currently owned by a thread: None

Heap address: 0x0000000702c00000, size: 4052 MB, Compressed Oops mode: Zero based, Oop shift amount: 3

CDS disabled.
Compressed class space mapped at: 0x0000000800000000-0x0000000840000000, reserved size: 1073741824
Narrow klass base: 0x0000000800000000, Narrow klass shift: 0, Narrow klass range: 0x40000000

GC Precious Log:
 CPUs: 8 total, 8 available
 Memory: 16205M
 Large Page Support: Disabled
 NUMA Support: Disabled
 Compressed Oops: Enabled (Zero based)
 Heap Region Size: 2M
 Heap Min Capacity: 8M
 Heap Initial Capacity: 254M
 Heap Max Capacity: 4052M
 Pre-touch: Disabled
 Parallel Workers: 8
 Concurrent Workers: 2
 Concurrent Refinement Workers: 8
 Periodic GC: Disabled

Heap:
 garbage-first heap   total 260096K, used 12288K [0x0000000702c00000, 0x0000000800000000)
  region size 2048K, 7 young (14336K), 0 survivors (0K)
 Metaspace       used 11837K, committed 12032K, reserved 1064960K
  class space    used 824K, committed 896K, reserved 1048576K

Heap Regions: E=young(eden), S=young(survivor), O=old, HS=humongous(starts), HC=humongous(continues), CS=collection set, F=free, OA=open archive, CA=closed archive, TAMS=top-at-mark-start (previous, next)
|   0|0x0000000702c00000, 0x0000000702c00000, 0x0000000702e00000|  0%| F|  |TAMS 0x0000000702c00000, 0x0000000702c00000| Untracked 
|   1|0x0000000702e00000, 0x0000000702e00000, 0x0000000703000000|  0%| F|  |TAMS 0x0000000702e00000, 0x0000000702e00000| Untracked 
|   2|0x0000000703000000, 0x0000000703000000, 0x0000000703200000|  0%| F|  |TAMS 0x0000000703000000, 0x0000000703000000| Untracked 
|   3|0x0000000703200000, 0x0000000703200000, 0x0000000703400000|  0%| F|  |TAMS 0x0000000703200000, 0x0000000703200000| Untracked 
|   4|0x0000000703400000, 0x0000000703400000, 0x0000000703600000|  0%| F|  |TAMS 0x0000000703400000, 0x0000000703400000| Untracked 
|   5|0x0000000703600000, 0x0000000703600000, 0x0000000703800000|  0%| F|  |TAMS 0x0000000703600000, 0x0000000703600000| Untracked 
|   6|0x0000000703800000, 0x0000000703800000, 0x0000000703a00000|  0%| F|  |TAMS 0x0000000703800000, 0x0000000703800000| Untracked 
|   7|0x0000000703a00000, 0x0000000703a00000, 0x0000000703c00000|  0%| F|  |TAMS 0x0000000703a00000, 0x0000000703a00000| Untracked 
|   8|0x0000000703c00000, 0x0000000703c00000, 0x0000000703e00000|  0%| F|  |TAMS 0x0000000703c00000, 0x0000000703c00000| Untracked 
|   9|0x0000000703e00000, 0x0000000703e00000, 0x0000000704000000|  0%| F|  |TAMS 0x0000000703e00000, 0x0000000703e00000| Untracked 
|  10|0x0000000704000000, 0x0000000704000000, 0x0000000704200000|  0%| F|  |TAMS 0x0000000704000000, 0x0000000704000000| Untracked 
|  11|0x0000000704200000, 0x0000000704200000, 0x0000000704400000|  0%| F|  |TAMS 0x0000000704200000, 0x0000000704200000| Untracked 
|  12|0x0000000704400000, 0x0000000704400000, 0x0000000704600000|  0%| F|  |TAMS 0x0000000704400000, 0x0000000704400000| Untracked 
|  13|0x0000000704600000, 0x0000000704600000, 0x0000000704800000|  0%| F|  |TAMS 0x0000000704600000, 0x0000000704600000| Untracked 
|  14|0x0000000704800000, 0x0000000704800000, 0x0000000704a00000|  0%| F|  |TAMS 0x0000000704800000, 0x0000000704800000| Untracked 
|  15|0x0000000704a00000, 0x0000000704a00000, 0x0000000704c00000|  0%| F|  |TAMS 0x0000000704a00000, 0x0000000704a00000| Untracked 
|  16|0x0000000704c00000, 0x0000000704c00000, 0x0000000704e00000|  0%| F|  |TAMS 0x0000000704c00000, 0x0000000704c00000| Untracked 
|  17|0x0000000704e00000, 0x0000000704e00000, 0x0000000705000000|  0%| F|  |TAMS 0x0000000704e00000, 0x0000000704e00000| Untracked 
|  18|0x0000000705000000, 0x0000000705000000, 0x0000000705200000|  0%| F|  |TAMS 0x0000000705000000, 0x0000000705000000| Untracked 
|  19|0x0000000705200000, 0x0000000705200000, 0x0000000705400000|  0%| F|  |TAMS 0x0000000705200000, 0x0000000705200000| Untracked 
|  20|0x0000000705400000, 0x0000000705400000, 0x0000000705600000|  0%| F|  |TAMS 0x0000000705400000, 0x0000000705400000| Untracked 
|  21|0x0000000705600000, 0x0000000705600000, 0x0000000705800000|  0%| F|  |TAMS 0x0000000705600000, 0x0000000705600000| Untracked 
|  22|0x0000000705800000, 0x0000000705800000, 0x0000000705a00000|  0%| F|  |TAMS 0x0000000705800000, 0x0000000705800000| Untracked 
|  23|0x0000000705a00000, 0x0000000705a00000, 0x0000000705c00000|  0%| F|  |TAMS 0x0000000705a00000, 0x0000000705a00000| Untracked 
|  24|0x0000000705c00000, 0x0000000705c00000, 0x0000000705e00000|  0%| F|  |TAMS 0x0000000705c00000, 0x0000000705c00000| Untracked 
|  25|0x0000000705e00000, 0x0000000705e00000, 0x0000000706000000|  0%| F|  |TAMS 0x0000000705e00000, 0x0000000705e00000| Untracked 
|  26|0x0000000706000000, 0x0000000706000000, 0x0000000706200000|  0%| F|  |TAMS 0x0000000706000000, 0x0000000706000000| Untracked 
|  27|0x0000000706200000, 0x0000000706200000, 0x0000000706400000|  0%| F|  |TAMS 0x0000000706200000, 0x0000000706200000| Untracked 
|  28|0x0000000706400000, 0x0000000706400000, 0x0000000706600000|  0%| F|  |TAMS 0x0000000706400000, 0x0000000706400000| Untracked 
|  29|0x0000000706600000, 0x0000000706600000, 0x0000000706800000|  0%| F|  |TAMS 0x0000000706600000, 0x0000000706600000| Untracked 
|  30|0x0000000706800000, 0x0000000706800000, 0x0000000706a00000|  0%| F|  |TAMS 0x0000000706800000, 0x0000000706800000| Untracked 
|  31|0x0000000706a00000, 0x0000000706a00000, 0x0000000706c00000|  0%| F|  |TAMS 0x0000000706a00000, 0x0000000706a00000| Untracked 
|  32|0x0000000706c00000, 0x0000000706c00000, 0x0000000706e00000|  0%| F|  |TAMS 0x0000000706c00000, 0x0000000706c00000| Untracked 
|  33|0x0000000706e00000, 0x0000000706e00000, 0x0000000707000000|  0%| F|  |TAMS 0x0000000706e00000, 0x0000000706e00000| Untracked 
|  34|0x0000000707000000, 0x0000000707000000, 0x0000000707200000|  0%| F|  |TAMS 0x0000000707000000, 0x0000000707000000| Untracked 
|  35|0x0000000707200000, 0x0000000707200000, 0x0000000707400000|  0%| F|  |TAMS 0x0000000707200000, 0x0000000707200000| Untracked 
|  36|0x0000000707400000, 0x0000000707400000, 0x0000000707600000|  0%| F|  |TAMS 0x0000000707400000, 0x0000000707400000| Untracked 
|  37|0x0000000707600000, 0x0000000707600000, 0x0000000707800000|  0%| F|  |TAMS 0x0000000707600000, 0x0000000707600000| Untracked 
|  38|0x0000000707800000, 0x0000000707800000, 0x0000000707a00000|  0%| F|  |TAMS 0x0000000707800000, 0x0000000707800000| Untracked 
|  39|0x0000000707a00000, 0x0000000707a00000, 0x0000000707c00000|  0%| F|  |TAMS 0x0000000707a00000, 0x0000000707a00000| Untracked 
|  40|0x0000000707c00000, 0x0000000707c00000, 0x0000000707e00000|  0%| F|  |TAMS 0x0000000707c00000, 0x0000000707c00000| Untracked 
|  41|0x0000000707e00000, 0x0000000707e00000, 0x0000000708000000|  0%| F|  |TAMS 0x0000000707e00000, 0x0000000707e00000| Untracked 
|  42|0x0000000708000000, 0x0000000708000000, 0x0000000708200000|  0%| F|  |TAMS 0x0000000708000000, 0x0000000708000000| Untracked 
|  43|0x0000000708200000, 0x0000000708200000, 0x0000000708400000|  0%| F|  |TAMS 0x0000000708200000, 0x0000000708200000| Untracked 
|  44|0x0000000708400000, 0x0000000708400000, 0x0000000708600000|  0%| F|  |TAMS 0x0000000708400000, 0x0000000708400000| Untracked 
|  45|0x0000000708600000, 0x0000000708600000, 0x0000000708800000|  0%| F|  |TAMS 0x0000000708600000, 0x0000000708600000| Untracked 
|  46|0x0000000708800000, 0x0000000708800000, 0x0000000708a00000|  0%| F|  |TAMS 0x0000000708800000, 0x0000000708800000| Untracked 
|  47|0x0000000708a00000, 0x0000000708a00000, 0x0000000708c00000|  0%| F|  |TAMS 0x0000000708a00000, 0x0000000708a00000| Untracked 
|  48|0x0000000708c00000, 0x0000000708c00000, 0x0000000708e00000|  0%| F|  |TAMS 0x0000000708c00000, 0x0000000708c00000| Untracked 
|  49|0x0000000708e00000, 0x0000000708e00000, 0x0000000709000000|  0%| F|  |TAMS 0x0000000708e00000, 0x0000000708e00000| Untracked 
|  50|0x0000000709000000, 0x0000000709000000, 0x0000000709200000|  0%| F|  |TAMS 0x0000000709000000, 0x0000000709000000| Untracked 
|  51|0x0000000709200000, 0x0000000709200000, 0x0000000709400000|  0%| F|  |TAMS 0x0000000709200000, 0x0000000709200000| Untracked 
|  52|0x0000000709400000, 0x0000000709400000, 0x0000000709600000|  0%| F|  |TAMS 0x0000000709400000, 0x0000000709400000| Untracked 
|  53|0x0000000709600000, 0x0000000709600000, 0x0000000709800000|  0%| F|  |TAMS 0x0000000709600000, 0x0000000709600000| Untracked 
|  54|0x0000000709800000, 0x0000000709800000, 0x0000000709a00000|  0%| F|  |TAMS 0x0000000709800000, 0x0000000709800000| Untracked 
|  55|0x0000000709a00000, 0x0000000709a00000, 0x0000000709c00000|  0%| F|  |TAMS 0x0000000709a00000, 0x0000000709a00000| Untracked 
|  56|0x0000000709c00000, 0x0000000709c00000, 0x0000000709e00000|  0%| F|  |TAMS 0x0000000709c00000, 0x0000000709c00000| Untracked 
|  57|0x0000000709e00000, 0x0000000709e00000, 0x000000070a000000|  0%| F|  |TAMS 0x0000000709e00000, 0x0000000709e00000| Untracked 
|  58|0x000000070a000000, 0x000000070a000000, 0x000000070a200000|  0%| F|  |TAMS 0x000000070a000000, 0x000000070a000000| Untracked 
|  59|0x000000070a200000, 0x000000070a200000, 0x000000070a400000|  0%| F|  |TAMS 0x000000070a200000, 0x000000070a200000| Untracked 
|  60|0x000000070a400000, 0x000000070a400000, 0x000000070a600000|  0%| F|  |TAMS 0x000000070a400000, 0x000000070a400000| Untracked 
|  61|0x000000070a600000, 0x000000070a600000, 0x000000070a800000|  0%| F|  |TAMS 0x000000070a600000, 0x000000070a600000| Untracked 
|  62|0x000000070a800000, 0x000000070a800000, 0x000000070aa00000|  0%| F|  |TAMS 0x000000070a800000, 0x000000070a800000| Untracked 
|  63|0x000000070aa00000, 0x000000070aa00000, 0x000000070ac00000|  0%| F|  |TAMS 0x000000070aa00000, 0x000000070aa00000| Untracked 
|  64|0x000000070ac00000, 0x000000070ac00000, 0x000000070ae00000|  0%| F|  |TAMS 0x000000070ac00000, 0x000000070ac00000| Untracked 
|  65|0x000000070ae00000, 0x000000070ae00000, 0x000000070b000000|  0%| F|  |TAMS 0x000000070ae00000, 0x000000070ae00000| Untracked 
|  66|0x000000070b000000, 0x000000070b000000, 0x000000070b200000|  0%| F|  |TAMS 0x000000070b000000, 0x000000070b000000| Untracked 
|  67|0x000000070b200000, 0x000000070b200000, 0x000000070b400000|  0%| F|  |TAMS 0x000000070b200000, 0x000000070b200000| Untracked 
|  68|0x000000070b400000, 0x000000070b400000, 0x000000070b600000|  0%| F|  |TAMS 0x000000070b400000, 0x000000070b400000| Untracked 
|  69|0x000000070b600000, 0x000000070b600000, 0x000000070b800000|  0%| F|  |TAMS 0x000000070b600000, 0x000000070b600000| Untracked 
|  70|0x000000070b800000, 0x000000070b800000, 0x000000070ba00000|  0%| F|  |TAMS 0x000000070b800000, 0x000000070b800000| Untracked 
|  71|0x000000070ba00000, 0x000000070ba00000, 0x000000070bc00000|  0%| F|  |TAMS 0x000000070ba00000, 0x000000070ba00000| Untracked 
|  72|0x000000070bc00000, 0x000000070bc00000, 0x000000070be00000|  0%| F|  |TAMS 0x000000070bc00000, 0x000000070bc00000| Untracked 
|  73|0x000000070be00000, 0x000000070be00000, 0x000000070c000000|  0%| F|  |TAMS 0x000000070be00000, 0x000000070be00000| Untracked 
|  74|0x000000070c000000, 0x000000070c000000, 0x000000070c200000|  0%| F|  |TAMS 0x000000070c000000, 0x000000070c000000| Untracked 
|  75|0x000000070c200000, 0x000000070c200000, 0x000000070c400000|  0%| F|  |TAMS 0x000000070c200000, 0x000000070c200000| Untracked 
|  76|0x000000070c400000, 0x000000070c400000, 0x000000070c600000|  0%| F|  |TAMS 0x000000070c400000, 0x000000070c400000| Untracked 
|  77|0x000000070c600000, 0x000000070c600000, 0x000000070c800000|  0%| F|  |TAMS 0x000000070c600000, 0x000000070c600000| Untracked 
|  78|0x000000070c800000, 0x000000070c800000, 0x000000070ca00000|  0%| F|  |TAMS 0x000000070c800000, 0x000000070c800000| Untracked 
|  79|0x000000070ca00000, 0x000000070ca00000, 0x000000070cc00000|  0%| F|  |TAMS 0x000000070ca00000, 0x000000070ca00000| Untracked 
|  80|0x000000070cc00000, 0x000000070cc00000, 0x000000070ce00000|  0%| F|  |TAMS 0x000000070cc00000, 0x000000070cc00000| Untracked 
|  81|0x000000070ce00000, 0x000000070ce00000, 0x000000070d000000|  0%| F|  |TAMS 0x000000070ce00000, 0x000000070ce00000| Untracked 
|  82|0x000000070d000000, 0x000000070d000000, 0x000000070d200000|  0%| F|  |TAMS 0x000000070d000000, 0x000000070d000000| Untracked 
|  83|0x000000070d200000, 0x000000070d200000, 0x000000070d400000|  0%| F|  |TAMS 0x000000070d200000, 0x000000070d200000| Untracked 
|  84|0x000000070d400000, 0x000000070d400000, 0x000000070d600000|  0%| F|  |TAMS 0x000000070d400000, 0x000000070d400000| Untracked 
|  85|0x000000070d600000, 0x000000070d600000, 0x000000070d800000|  0%| F|  |TAMS 0x000000070d600000, 0x000000070d600000| Untracked 
|  86|0x000000070d800000, 0x000000070d800000, 0x000000070da00000|  0%| F|  |TAMS 0x000000070d800000, 0x000000070d800000| Untracked 
|  87|0x000000070da00000, 0x000000070da00000, 0x000000070dc00000|  0%| F|  |TAMS 0x000000070da00000, 0x000000070da00000| Untracked 
|  88|0x000000070dc00000, 0x000000070dc00000, 0x000000070de00000|  0%| F|  |TAMS 0x000000070dc00000, 0x000000070dc00000| Untracked 
|  89|0x000000070de00000, 0x000000070de00000, 0x000000070e000000|  0%| F|  |TAMS 0x000000070de00000, 0x000000070de00000| Untracked 
|  90|0x000000070e000000, 0x000000070e000000, 0x000000070e200000|  0%| F|  |TAMS 0x000000070e000000, 0x000000070e000000| Untracked 
|  91|0x000000070e200000, 0x000000070e200000, 0x000000070e400000|  0%| F|  |TAMS 0x000000070e200000, 0x000000070e200000| Untracked 
|  92|0x000000070e400000, 0x000000070e400000, 0x000000070e600000|  0%| F|  |TAMS 0x000000070e400000, 0x000000070e400000| Untracked 
|  93|0x000000070e600000, 0x000000070e600000, 0x000000070e800000|  0%| F|  |TAMS 0x000000070e600000, 0x000000070e600000| Untracked 
|  94|0x000000070e800000, 0x000000070e800000, 0x000000070ea00000|  0%| F|  |TAMS 0x000000070e800000, 0x000000070e800000| Untracked 
|  95|0x000000070ea00000, 0x000000070ea00000, 0x000000070ec00000|  0%| F|  |TAMS 0x000000070ea00000, 0x000000070ea00000| Untracked 
|  96|0x000000070ec00000, 0x000000070ec00000, 0x000000070ee00000|  0%| F|  |TAMS 0x000000070ec00000, 0x000000070ec00000| Untracked 
|  97|0x000000070ee00000, 0x000000070ee00000, 0x000000070f000000|  0%| F|  |TAMS 0x000000070ee00000, 0x000000070ee00000| Untracked 
|  98|0x000000070f000000, 0x000000070f000000, 0x000000070f200000|  0%| F|  |TAMS 0x000000070f000000, 0x000000070f000000| Untracked 
|  99|0x000000070f200000, 0x000000070f200000, 0x000000070f400000|  0%| F|  |TAMS 0x000000070f200000, 0x000000070f200000| Untracked 
| 100|0x000000070f400000, 0x000000070f400000, 0x000000070f600000|  0%| F|  |TAMS 0x000000070f400000, 0x000000070f400000| Untracked 
| 101|0x000000070f600000, 0x000000070f600000, 0x000000070f800000|  0%| F|  |TAMS 0x000000070f600000, 0x000000070f600000| Untracked 
| 102|0x000000070f800000, 0x000000070f800000, 0x000000070fa00000|  0%| F|  |TAMS 0x000000070f800000, 0x000000070f800000| Untracked 
| 103|0x000000070fa00000, 0x000000070fa00000, 0x000000070fc00000|  0%| F|  |TAMS 0x000000070fa00000, 0x000000070fa00000| Untracked 
| 104|0x000000070fc00000, 0x000000070fc00000, 0x000000070fe00000|  0%| F|  |TAMS 0x000000070fc00000, 0x000000070fc00000| Untracked 
| 105|0x000000070fe00000, 0x000000070fe00000, 0x0000000710000000|  0%| F|  |TAMS 0x000000070fe00000, 0x000000070fe00000| Untracked 
| 106|0x0000000710000000, 0x0000000710000000, 0x0000000710200000|  0%| F|  |TAMS 0x0000000710000000, 0x0000000710000000| Untracked 
| 107|0x0000000710200000, 0x0000000710200000, 0x0000000710400000|  0%| F|  |TAMS 0x0000000710200000, 0x0000000710200000| Untracked 
| 108|0x0000000710400000, 0x0000000710400000, 0x0000000710600000|  0%| F|  |TAMS 0x0000000710400000, 0x0000000710400000| Untracked 
| 109|0x0000000710600000, 0x0000000710600000, 0x0000000710800000|  0%| F|  |TAMS 0x0000000710600000, 0x0000000710600000| Untracked 
| 110|0x0000000710800000, 0x0000000710800000, 0x0000000710a00000|  0%| F|  |TAMS 0x0000000710800000, 0x0000000710800000| Untracked 
| 111|0x0000000710a00000, 0x0000000710a00000, 0x0000000710c00000|  0%| F|  |TAMS 0x0000000710a00000, 0x0000000710a00000| Untracked 
| 112|0x0000000710c00000, 0x0000000710c00000, 0x0000000710e00000|  0%| F|  |TAMS 0x0000000710c00000, 0x0000000710c00000| Untracked 
| 113|0x0000000710e00000, 0x0000000710e00000, 0x0000000711000000|  0%| F|  |TAMS 0x0000000710e00000, 0x0000000710e00000| Untracked 
| 114|0x0000000711000000, 0x0000000711000000, 0x0000000711200000|  0%| F|  |TAMS 0x0000000711000000, 0x0000000711000000| Untracked 
| 115|0x0000000711200000, 0x0000000711200000, 0x0000000711400000|  0%| F|  |TAMS 0x0000000711200000, 0x0000000711200000| Untracked 
| 116|0x0000000711400000, 0x0000000711400000, 0x0000000711600000|  0%| F|  |TAMS 0x0000000711400000, 0x0000000711400000| Untracked 
| 117|0x0000000711600000, 0x0000000711600000, 0x0000000711800000|  0%| F|  |TAMS 0x0000000711600000, 0x0000000711600000| Untracked 
| 118|0x0000000711800000, 0x0000000711800000, 0x0000000711a00000|  0%| F|  |TAMS 0x0000000711800000, 0x0000000711800000| Untracked 
| 119|0x0000000711a00000, 0x0000000711a00000, 0x0000000711c00000|  0%| F|  |TAMS 0x0000000711a00000, 0x0000000711a00000| Untracked 
| 120|0x0000000711c00000, 0x0000000711df9f10, 0x0000000711e00000| 98%| E|  |TAMS 0x0000000711c00000, 0x0000000711c00000| Complete 
| 121|0x0000000711e00000, 0x0000000712000000, 0x0000000712000000|100%| E|CS|TAMS 0x0000000711e00000, 0x0000000711e00000| Complete 
| 122|0x0000000712000000, 0x0000000712200000, 0x0000000712200000|100%| E|CS|TAMS 0x0000000712000000, 0x0000000712000000| Complete 
| 123|0x0000000712200000, 0x0000000712400000, 0x0000000712400000|100%| E|CS|TAMS 0x0000000712200000, 0x0000000712200000| Complete 
| 124|0x0000000712400000, 0x0000000712600000, 0x0000000712600000|100%| E|CS|TAMS 0x0000000712400000, 0x0000000712400000| Complete 
| 125|0x0000000712600000, 0x0000000712800000, 0x0000000712800000|100%| E|CS|TAMS 0x0000000712600000, 0x0000000712600000| Complete 
| 126|0x0000000712800000, 0x0000000712a00000, 0x0000000712a00000|100%| E|CS|TAMS 0x0000000712800000, 0x0000000712800000| Complete 

Card table byte_map: [0x000002d9dfd00000,0x000002d9e04f0000] _byte_map_base: 0x000002d9dc4ea000

Marking Bits (Prev, Next): (CMBitMap*) 0x000002d9cadbf260, (CMBitMap*) 0x000002d9cadbf2a0
 Prev Bits: [0x000002d9e0ce0000, 0x000002d9e4c30000)
 Next Bits: [0x000002d9e4c30000, 0x000002d9e8b80000)

Polling page: 0x000002d9cac30000

Metaspace:

Usage:
  Non-class:     10.76 MB used.
      Class:    824.20 KB used.
       Both:     11.56 MB used.

Virtual space:
  Non-class space:       16.00 MB reserved,      10.88 MB ( 68%) committed,  2 nodes.
      Class space:        1.00 GB reserved,     896.00 KB ( <1%) committed,  1 nodes.
              Both:        1.02 GB reserved,      11.75 MB (  1%) committed. 

Chunk freelists:
   Non-Class:  1.17 MB
       Class:  3.12 MB
        Both:  4.30 MB

MaxMetaspaceSize: 17179869184.00 GB
CompressedClassSpaceSize: 1.00 GB
 - commit_granule_bytes: 65536.
 - commit_granule_words: 8192.
 - virtual_space_node_default_size: 1048576.
 - enlarge_chunks_in_place: 1.
 - new_chunks_are_fully_committed: 0.
 - uncommit_free_chunks: 1.
 - use_allocation_guard: 0.
 - handle_deallocations: 1.


Internal statistics:

num_allocs_failed_limit: 0.
num_arena_births: 44.
num_arena_deaths: 0.
num_vsnodes_births: 3.
num_vsnodes_deaths: 0.
num_space_committed: 186.
num_space_uncommitted: 0.
num_chunks_returned_to_freelist: 0.
num_chunks_taken_from_freelist: 188.
num_chunk_merges: 0.
num_chunk_splits: 137.
num_chunks_enlarged: 113.
num_purges: 0.

CodeHeap 'non-profiled nmethods': size=120000Kb used=232Kb max_used=232Kb free=119767Kb
 bounds [0x000002d9d7580000, 0x000002d9d77f0000, 0x000002d9deab0000]
CodeHeap 'profiled nmethods': size=120000Kb used=1221Kb max_used=1221Kb free=118778Kb
 bounds [0x000002d9d0050000, 0x000002d9d02c0000, 0x000002d9d7580000]
CodeHeap 'non-nmethods': size=5760Kb used=1540Kb max_used=1561Kb free=4219Kb
 bounds [0x000002d9cfab0000, 0x000002d9cfd20000, 0x000002d9d0050000]
 total_blobs=1669 nmethods=725 adapters=857
 compilation: enabled
              stopped_count=0, restarted_count=0
 full_count=0

Compilation events (20 events):
Event: 0.382 Thread 0x000002d9ec06cf80 nmethod 708 0x000002d9d017bf90 code [0x000002d9d017c180, 0x000002d9d017c558]
Event: 0.382 Thread 0x000002d9ec06cf80  709       3       jdk.internal.reflect.UnsafeQualifiedLongFieldAccessorImpl::<init> (7 bytes)
Event: 0.382 Thread 0x000002d9ec06cf80 nmethod 709 0x000002d9d017c690 code [0x000002d9d017c840, 0x000002d9d017ca08]
Event: 0.382 Thread 0x000002d9ec06cf80  711       3       jdk.internal.reflect.UnsafeQualifiedFieldAccessorImpl::<init> (11 bytes)
Event: 0.382 Thread 0x000002d9ec06cf80 nmethod 711 0x000002d9d017cb10 code [0x000002d9d017ccc0, 0x000002d9d017ce28]
Event: 0.384 Thread 0x000002d9f33147a0 nmethod 661 0x000002d9d75b7610 code [0x000002d9d75b7860, 0x000002d9d75b91a0]
Event: 0.395 Thread 0x000002d9ec06cf80  719   !   3       jdk.internal.loader.BuiltinClassLoader::findClassOnClassPathOrNull (64 bytes)
Event: 0.396 Thread 0x000002d9ec06cf80 nmethod 719 0x000002d9d017cf10 code [0x000002d9d017d2e0, 0x000002d9d017eac8]
Event: 0.397 Thread 0x000002d9ec06cf80  720       3       sun.net.www.protocol.jar.Handler::checkNestedProtocol (18 bytes)
Event: 0.397 Thread 0x000002d9ec06cf80 nmethod 720 0x000002d9d017f390 code [0x000002d9d017f540, 0x000002d9d017f728]
Event: 0.397 Thread 0x000002d9ec06cf80  721       3       java.util.jar.Attributes::getValue (9 bytes)
Event: 0.397 Thread 0x000002d9ec06cf80 nmethod 721 0x000002d9d017f810 code [0x000002d9d017f9c0, 0x000002d9d017fce8]
Event: 0.397 Thread 0x000002d9ec06cf80  723       3       java.lang.String::equalsIgnoreCase (45 bytes)
Event: 0.398 Thread 0x000002d9ec06cf80 nmethod 723 0x000002d9d017fe10 code [0x000002d9d0180000, 0x000002d9d0180568]
Event: 0.398 Thread 0x000002d9ec06cf80  724       3       java.io.FilterInputStream::<init> (10 bytes)
Event: 0.398 Thread 0x000002d9ec06cf80 nmethod 724 0x000002d9d0180790 code [0x000002d9d0180940, 0x000002d9d0180b78]
Event: 0.398 Thread 0x000002d9ec06cf80  722       3       java.util.jar.Attributes::get (11 bytes)
Event: 0.398 Thread 0x000002d9ec06cf80 nmethod 722 0x000002d9d0180c90 code [0x000002d9d0180e40, 0x000002d9d0181028]
Event: 0.401 Thread 0x000002d9ec06cf80  725       3       java.lang.invoke.LambdaForm::forceInterpretation (14 bytes)
Event: 0.401 Thread 0x000002d9ec06cf80 nmethod 725 0x000002d9d0181110 code [0x000002d9d01812a0, 0x000002d9d0181418]

GC Heap History (0 events):
No events

Deoptimization events (2 events):
Event: 0.345 Thread 0x000002d9cad6ae70 DEOPT PACKING pc=0x000002d9d0076fe5 sp=0x000000e2cb8fd630
Event: 0.345 Thread 0x000002d9cad6ae70 DEOPT UNPACKING pc=0x000002d9cfafdece sp=0x000000e2cb8fca80 mode 0

Classes unloaded (0 events):
No events

Classes redefined (0 events):
No events

Internal exceptions (15 events):
Event: 0.119 Thread 0x000002d9cad6ae70 Exception <a 'java/lang/NoSuchMethodError'{0x00000007126714b0}: 'java.lang.Object java.lang.invoke.DirectMethodHandle$Holder.invokeStatic(java.lang.Object)'> (0x00000007126714b0) 
thrown [t:\workspace\open\src\hotspot\share\interpreter\linkResolver.cpp, line 790]
Event: 0.120 Thread 0x000002d9cad6ae70 Exception <a 'java/lang/NoSuchMethodError'{0x0000000712693b00}: 'java.lang.Object java.lang.invoke.DirectMethodHandle$Holder.invokeStaticInit(java.lang.Object)'> (0x0000000712693b00) 
thrown [t:\workspace\open\src\hotspot\share\interpreter\linkResolver.cpp, line 790]
Event: 0.129 Thread 0x000002d9cad6ae70 Exception <a 'java/lang/NoSuchMethodError'{0x00000007126de158}: 'void java.lang.invoke.DirectMethodHandle$Holder.invokeStatic(java.lang.Object, java.lang.Object)'> (0x00000007126de158) 
thrown [t:\workspace\open\src\hotspot\share\interpreter\linkResolver.cpp, line 790]
Event: 0.130 Thread 0x000002d9cad6ae70 Exception <a 'java/lang/NoSuchMethodError'{0x00000007126e3ac0}: 'void java.lang.invoke.DirectMethodHandle$Holder.invokeSpecial(java.lang.Object, java.lang.Object, java.lang.Object)'> (0x00000007126e3ac0) 
thrown [t:\workspace\open\src\hotspot\share\interpreter\linkResolver.cpp, line 790]
Event: 0.132 Thread 0x000002d9cad6ae70 Exception <a 'java/lang/NoSuchMethodError'{0x00000007126f86b8}: 'java.lang.Object java.lang.invoke.DirectMethodHandle$Holder.invokeStatic(java.lang.Object, java.lang.Object, int)'> (0x00000007126f86b8) 
thrown [t:\workspace\open\src\hotspot\share\interpreter\linkResolver.cpp, line 790]
Event: 0.133 Thread 0x000002d9cad6ae70 Exception <a 'java/lang/NoSuchMethodError'{0x0000000712704b00}: 'void java.lang.invoke.DelegatingMethodHandle$Holder.delegate(java.lang.Object, java.lang.Object, int, java.lang.Object)'> (0x0000000712704b00) 
thrown [t:\workspace\open\src\hotspot\share\interpreter\linkResolver.cpp, line 790]
Event: 0.133 Thread 0x000002d9cad6ae70 Exception <a 'java/lang/NoSuchMethodError'{0x0000000712708e58}: 'int java.lang.invoke.DirectMethodHandle$Holder.invokeSpecial(java.lang.Object, java.lang.Object, java.lang.Object)'> (0x0000000712708e58) 
thrown [t:\workspace\open\src\hotspot\share\interpreter\linkResolver.cpp, line 790]
Event: 0.165 Thread 0x000002d9cad6ae70 Exception <a 'sun/nio/fs/WindowsException'{0x00000007127bc0a8}> (0x00000007127bc0a8) 
thrown [t:\workspace\open\src\hotspot\share\prims\jni.cpp, line 579]
Event: 0.166 Thread 0x000002d9cad6ae70 Exception <a 'sun/nio/fs/WindowsException'{0x00000007127bc628}> (0x00000007127bc628) 
thrown [t:\workspace\open\src\hotspot\share\prims\jni.cpp, line 579]
Event: 0.210 Thread 0x000002d9cad6ae70 Exception <a 'sun/nio/fs/WindowsException'{0x00000007122003d0}> (0x00000007122003d0) 
thrown [t:\workspace\open\src\hotspot\share\prims\jni.cpp, line 579]
Event: 0.210 Thread 0x000002d9cad6ae70 Exception <a 'sun/nio/fs/WindowsException'{0x0000000712200a70}> (0x0000000712200a70) 
thrown [t:\workspace\open\src\hotspot\share\prims\jni.cpp, line 579]
Event: 0.272 Thread 0x000002d9cad6ae70 Exception <a 'sun/nio/fs/WindowsException'{0x000000071229c580}> (0x000000071229c580) 
thrown [t:\workspace\open\src\hotspot\share\prims\jni.cpp, line 579]
Event: 0.272 Thread 0x000002d9cad6ae70 Exception <a 'sun/nio/fs/WindowsException'{0x000000071229c958}> (0x000000071229c958) 
thrown [t:\workspace\open\src\hotspot\share\prims\jni.cpp, line 579]
Event: 0.275 Thread 0x000002d9cad6ae70 Exception <a 'sun/nio/fs/WindowsException'{0x00000007122ac160}> (0x00000007122ac160) 
thrown [t:\workspace\open\src\hotspot\share\prims\jni.cpp, line 579]
Event: 0.275 Thread 0x000002d9cad6ae70 Exception <a 'sun/nio/fs/WindowsException'{0x00000007122ac470}> (0x00000007122ac470) 
thrown [t:\workspace\open\src\hotspot\share\prims\jni.cpp, line 579]

Events (20 events):
Event: 0.200 loading class java/nio/BufferUnderflowException
Event: 0.200 loading class java/nio/BufferUnderflowException done
Event: 0.204 loading class java/util/function/BiPredicate
Event: 0.204 loading class java/util/function/BiPredicate done
Event: 0.207 loading class jdk/internal/misc/ScopedMemoryAccess$Scope
Event: 0.207 loading class jdk/internal/misc/ScopedMemoryAccess$Scope done
Event: 0.210 loading class java/lang/NoSuchFieldError
Event: 0.211 loading class java/lang/NoSuchFieldError done
Event: 0.213 loading class jdk/internal/reflect/UnsafeQualifiedStaticIntegerFieldAccessorImpl
Event: 0.213 loading class jdk/internal/reflect/UnsafeQualifiedStaticIntegerFieldAccessorImpl done
Event: 0.273 Loaded shared library C:\Users\streepmsi\AppData\Local\Temp\lwjglstreepmsi\3.2.3-build-13\lwjgl_opengl.dll
Event: 0.279 loading class java/util/LinkedHashSet
Event: 0.279 loading class java/util/LinkedHashSet done
Event: 0.308 Thread 0x000002d9f33147a0 Thread added: 0x000002d9f33147a0
Event: 0.375 loading class jdk/internal/reflect/UnsafeQualifiedLongFieldAccessorImpl
Event: 0.375 loading class jdk/internal/reflect/UnsafeQualifiedFieldAccessorImpl
Event: 0.375 loading class jdk/internal/reflect/UnsafeQualifiedFieldAccessorImpl done
Event: 0.375 loading class jdk/internal/reflect/UnsafeQualifiedLongFieldAccessorImpl done
Event: 0.402 loading class java/nio/HeapIntBuffer
Event: 0.402 loading class java/nio/HeapIntBuffer done


Dynamic libraries:
0x00007ff7b0a90000 - 0x00007ff7b0a9e000 	C:\Users\streepmsi\Desktop\Programs\eclipse\plugins\org.eclipse.justj.openjdk.hotspot.jre.full.win32.x86_64_16.0.1.v20210528-1205\jre\bin\javaw.exe
0x00007ffc5cf70000 - 0x00007ffc5d165000 	C:\Windows\SYSTEM32\ntdll.dll
0x00007ffc5afc0000 - 0x00007ffc5b07e000 	C:\Windows\System32\KERNEL32.DLL
0x00007ffc5ab50000 - 0x00007ffc5ae19000 	C:\Windows\System32\KERNELBASE.dll
0x00007ffc5ae20000 - 0x00007ffc5af20000 	C:\Windows\System32\ucrtbase.dll
0x00007ffc51040000 - 0x00007ffc51058000 	C:\Users\streepmsi\Desktop\Programs\eclipse\plugins\org.eclipse.justj.openjdk.hotspot.jre.full.win32.x86_64_16.0.1.v20210528-1205\jre\bin\jli.dll
0x00007ffc4f320000 - 0x00007ffc4f339000 	C:\Users\streepmsi\Desktop\Programs\eclipse\plugins\org.eclipse.justj.openjdk.hotspot.jre.full.win32.x86_64_16.0.1.v20210528-1205\jre\bin\VCRUNTIME140.dll
0x00007ffc5bf10000 - 0x00007ffc5c0b1000 	C:\Windows\System32\USER32.dll
0x00007ffc452a0000 - 0x00007ffc4553a000 	C:\Windows\WinSxS\amd64_microsoft.windows.common-controls_6595b64144ccf1df_6.0.19041.1110_none_60b5254171f9507e\COMCTL32.dll
0x00007ffc5a7d0000 - 0x00007ffc5a7f2000 	C:\Windows\System32\win32u.dll
0x00007ffc5b9e0000 - 0x00007ffc5ba7e000 	C:\Windows\System32\msvcrt.dll
0x00007ffc5bee0000 - 0x00007ffc5bf0b000 	C:\Windows\System32\GDI32.dll
0x00007ffc5a990000 - 0x00007ffc5aa9b000 	C:\Windows\System32\gdi32full.dll
0x00007ffc5af20000 - 0x00007ffc5afbd000 	C:\Windows\System32\msvcp_win.dll
0x00007ffc5b9b0000 - 0x00007ffc5b9e0000 	C:\Windows\System32\IMM32.DLL
0x00007ffc574b0000 - 0x00007ffc574bc000 	C:\Users\streepmsi\Desktop\Programs\eclipse\plugins\org.eclipse.justj.openjdk.hotspot.jre.full.win32.x86_64_16.0.1.v20210528-1205\jre\bin\vcruntime140_1.dll
0x00007ffc35100000 - 0x00007ffc35191000 	C:\Users\streepmsi\Desktop\Programs\eclipse\plugins\org.eclipse.justj.openjdk.hotspot.jre.full.win32.x86_64_16.0.1.v20210528-1205\jre\bin\msvcp140.dll
0x00007ffc231b0000 - 0x00007ffc23d5b000 	C:\Users\streepmsi\Desktop\Programs\eclipse\plugins\org.eclipse.justj.openjdk.hotspot.jre.full.win32.x86_64_16.0.1.v20210528-1205\jre\bin\server\jvm.dll
0x00007ffc5bd40000 - 0x00007ffc5bdec000 	C:\Windows\System32\ADVAPI32.dll
0x00007ffc5c2b0000 - 0x00007ffc5c34b000 	C:\Windows\System32\sechost.dll
0x00007ffc5baf0000 - 0x00007ffc5bc1a000 	C:\Windows\System32\RPCRT4.dll
0x00007ffc5ba80000 - 0x00007ffc5ba88000 	C:\Windows\System32\PSAPI.DLL
0x00007ffc574a0000 - 0x00007ffc574a9000 	C:\Windows\SYSTEM32\WSOCK32.dll
0x00007ffc48050000 - 0x00007ffc48077000 	C:\Windows\SYSTEM32\WINMM.dll
0x00007ffc54730000 - 0x00007ffc5473a000 	C:\Windows\SYSTEM32\VERSION.dll
0x00007ffc5b790000 - 0x00007ffc5b7fb000 	C:\Windows\System32\WS2_32.dll
0x00007ffc58590000 - 0x00007ffc585a2000 	C:\Windows\SYSTEM32\kernel.appcore.dll
0x00007ffc548a0000 - 0x00007ffc548aa000 	C:\Users\streepmsi\Desktop\Programs\eclipse\plugins\org.eclipse.justj.openjdk.hotspot.jre.full.win32.x86_64_16.0.1.v20210528-1205\jre\bin\jimage.dll
0x00007ffc421a0000 - 0x00007ffc42384000 	C:\Windows\SYSTEM32\DBGHELP.DLL
0x00007ffc42160000 - 0x00007ffc4218c000 	C:\Windows\SYSTEM32\dbgcore.DLL
0x00007ffc5a740000 - 0x00007ffc5a7c3000 	C:\Windows\System32\bcryptPrimitives.dll
0x00007ffc4f170000 - 0x00007ffc4f195000 	C:\Users\streepmsi\Desktop\Programs\eclipse\plugins\org.eclipse.justj.openjdk.hotspot.jre.full.win32.x86_64_16.0.1.v20210528-1205\jre\bin\java.dll
0x00007ffc52bb0000 - 0x00007ffc52bc8000 	C:\Users\streepmsi\Desktop\Programs\eclipse\plugins\org.eclipse.justj.openjdk.hotspot.jre.full.win32.x86_64_16.0.1.v20210528-1205\jre\bin\zip.dll
0x00007ffc5c6b0000 - 0x00007ffc5cdef000 	C:\Windows\System32\SHELL32.dll
0x00007ffc58790000 - 0x00007ffc58f20000 	C:\Windows\SYSTEM32\windows.storage.dll
0x00007ffc5c350000 - 0x00007ffc5c6a5000 	C:\Windows\System32\combase.dll
0x00007ffc5a0e0000 - 0x00007ffc5a10c000 	C:\Windows\SYSTEM32\Wldp.dll
0x00007ffc5c200000 - 0x00007ffc5c2ae000 	C:\Windows\System32\SHCORE.dll
0x00007ffc5c1a0000 - 0x00007ffc5c1f5000 	C:\Windows\System32\shlwapi.dll
0x00007ffc5a5d0000 - 0x00007ffc5a5ef000 	C:\Windows\SYSTEM32\profapi.dll
0x00007ffc4f2e0000 - 0x00007ffc4f2f9000 	C:\Users\streepmsi\Desktop\Programs\eclipse\plugins\org.eclipse.justj.openjdk.hotspot.jre.full.win32.x86_64_16.0.1.v20210528-1205\jre\bin\net.dll
0x00007ffc52f90000 - 0x00007ffc53098000 	C:\Windows\SYSTEM32\WINHTTP.dll
0x00007ffc59e40000 - 0x00007ffc59eaa000 	C:\Windows\system32\mswsock.dll
0x00007ffc4f210000 - 0x00007ffc4f223000 	C:\Users\streepmsi\Desktop\Programs\eclipse\plugins\org.eclipse.justj.openjdk.hotspot.jre.full.win32.x86_64_16.0.1.v20210528-1205\jre\bin\nio.dll
0x00007ffc4f240000 - 0x00007ffc4f2a4000 	C:\Users\streepmsi\AppData\Local\Temp\lwjglstreepmsi\3.2.3-build-13\lwjgl.dll
0x00007ffc34ee0000 - 0x00007ffc34f42000 	C:\Users\STREEP~1\AppData\Local\Temp\lwjglstreepmsi\3.2.3-build-13\glfw.dll
0x00007ffc57fe0000 - 0x00007ffc5807e000 	C:\Windows\system32\uxtheme.dll
0x00007ffc4efe0000 - 0x00007ffc4f025000 	C:\Windows\SYSTEM32\dinput8.dll
0x00007ffc4f300000 - 0x00007ffc4f311000 	C:\Windows\SYSTEM32\xinput1_4.dll
0x00007ffc5ab00000 - 0x00007ffc5ab4e000 	C:\Windows\System32\cfgmgr32.dll
0x00007ffc5a450000 - 0x00007ffc5a484000 	C:\Windows\SYSTEM32\DEVOBJ.dll
0x00007ffc582a0000 - 0x00007ffc582cf000 	C:\Windows\SYSTEM32\dwmapi.dll
0x00007ffc48d50000 - 0x00007ffc48ea2000 	C:\Windows\SYSTEM32\inputhost.dll
0x00007ffc5b080000 - 0x00007ffc5b14d000 	C:\Windows\System32\OLEAUT32.dll
0x00007ffc57010000 - 0x00007ffc57164000 	C:\Windows\SYSTEM32\wintypes.dll
0x00007ffc57d10000 - 0x00007ffc57e02000 	C:\Windows\SYSTEM32\CoreMessaging.dll
0x00007ffc55ef0000 - 0x00007ffc55fe6000 	C:\Windows\SYSTEM32\PROPSYS.dll
0x00007ffc57980000 - 0x00007ffc57cde000 	C:\Windows\SYSTEM32\CoreUIComponents.dll
0x00007ffc59380000 - 0x00007ffc593b3000 	C:\Windows\SYSTEM32\ntmarta.dll
0x00007ffc5bc20000 - 0x00007ffc5bd35000 	C:\Windows\System32\MSCTF.dll
0x00007ffc58f20000 - 0x00007ffc58f2d000 	C:\Windows\SYSTEM32\HID.DLL
0x00007ffc5b1e0000 - 0x00007ffc5b652000 	C:\Windows\System32\SETUPAPI.DLL
0x00007ffc5a800000 - 0x00007ffc5a827000 	C:\Windows\System32\bcrypt.dll
0x00007ffc5aaa0000 - 0x00007ffc5ab00000 	C:\Windows\System32\WINTRUST.dll
0x00007ffc5a830000 - 0x00007ffc5a986000 	C:\Windows\System32\CRYPT32.dll
0x00007ffc5a270000 - 0x00007ffc5a282000 	C:\Windows\SYSTEM32\MSASN1.dll
0x00007ffc35d00000 - 0x00007ffc35e25000 	C:\Windows\SYSTEM32\opengl32.dll
0x00007ffc424b0000 - 0x00007ffc424dc000 	C:\Windows\SYSTEM32\GLU32.dll
0x00007ffc5ce00000 - 0x00007ffc5cea9000 	C:\Windows\System32\clbcatq.dll
0x00007ffbfcf50000 - 0x00007ffbfdf15000 	C:\Windows\System32\DriverStore\FileRepository\iigd_dch.inf_amd64_a086f01cc7be643a\ig9icd64.dll
0x00007ffc5b660000 - 0x00007ffc5b78a000 	C:\Windows\System32\ole32.dll
0x00007ffc58f80000 - 0x00007ffc59074000 	C:\Windows\system32\dxgi.dll
0x00007ffc4de10000 - 0x00007ffc4e04f000 	C:\Windows\System32\DriverStore\FileRepository\iigd_dch.inf_amd64_a086f01cc7be643a\igdgmm64.dll
0x00007ffc4b060000 - 0x00007ffc4dcc2000 	C:\Windows\System32\DriverStore\FileRepository\iigd_dch.inf_amd64_a086f01cc7be643a\igc64.dll
0x00007ffc59c50000 - 0x00007ffc59c9b000 	C:\Windows\SYSTEM32\powrprof.dll
0x00007ffc59ac0000 - 0x00007ffc59ad2000 	C:\Windows\SYSTEM32\UMPDC.dll
0x00007ffc04410000 - 0x00007ffc04825000 	C:\Windows\System32\DriverStore\FileRepository\iigd_dch.inf_amd64_a086f01cc7be643a\igdml64.dll
0x00007ffc23d70000 - 0x00007ffc23dc9000 	C:\Users\streepmsi\AppData\Local\Temp\lwjglstreepmsi\3.2.3-build-13\lwjgl_opengl.dll
0x00007ffc50f20000 - 0x00007ffc51019000 	C:\Windows\SYSTEM32\textinputframework.dll

dbghelp: loaded successfully - version: 4.0.5 - missing functions: none
symbol engine: initialized successfully - sym options: 0x614 - pdb path: .;C:\Users\streepmsi\Desktop\Programs\eclipse\plugins\org.eclipse.justj.openjdk.hotspot.jre.full.win32.x86_64_16.0.1.v20210528-1205\jre\bin;C:\Windows\SYSTEM32;C:\Windows\WinSxS\amd64_microsoft.windows.common-controls_6595b64144ccf1df_6.0.19041.1110_none_60b5254171f9507e;C:\Users\streepmsi\Desktop\Programs\eclipse\plugins\org.eclipse.justj.openjdk.hotspot.jre.full.win32.x86_64_16.0.1.v20210528-1205\jre\bin\server;C:\Users\streepmsi\AppData\Local\Temp\lwjglstreepmsi\3.2.3-build-13;C:\Users\STREEP~1\AppData\Local\Temp\lwjglstreepmsi\3.2.3-build-13;C:\Windows\System32\DriverStore\FileRepository\iigd_dch.inf_amd64_a086f01cc7be643a

VM Arguments:
jvm_args: -Dfile.encoding=UTF-8 -XX:+ShowCodeDetailsInExceptionMessages 
java_command: com.streep.openglleer.Main
java_class_path (initial): C:\Users\streepmsi\eclipse-workspace\OpenGLLeerproject\bin;C:\Users\streepmsi\Desktop\Libaries\lwjgl.jar;C:\Users\streepmsi\Desktop\Libaries\lwjgl-assimp.jar;C:\Users\streepmsi\Desktop\Libaries\lwjgl-assimp-javadoc.jar;C:\Users\streepmsi\Desktop\Libaries\lwjgl-assimp-natives-windows.jar;C:\Users\streepmsi\Desktop\Libaries\lwjgl-assimp-sources.jar;C:\Users\streepmsi\Desktop\Libaries\lwjgl-bgfx.jar;C:\Users\streepmsi\Desktop\Libaries\lwjgl-bgfx-javadoc.jar;C:\Users\streepmsi\Desktop\Libaries\lwjgl-bgfx-natives-windows.jar;C:\Users\streepmsi\Desktop\Libaries\lwjgl-bgfx-sources.jar;C:\Users\streepmsi\Desktop\Libaries\lwjgl-glfw.jar;C:\Users\streepmsi\Desktop\Libaries\lwjgl-glfw-javadoc.jar;C:\Users\streepmsi\Desktop\Libaries\lwjgl-glfw-natives-windows.jar;C:\Users\streepmsi\Desktop\Libaries\lwjgl-glfw-sources.jar;C:\Users\streepmsi\Desktop\Libaries\lwjgl-javadoc.jar;C:\Users\streepmsi\Desktop\Libaries\lwjgl-nanovg.jar;C:\Users\streepmsi\Desktop\Libaries\lwjgl-nanovg-javadoc.jar;C:\Users\streepmsi\Desktop\Libaries\lwjgl-nanovg-natives-windows.jar;C:\Users\streepmsi\Desktop\Libaries\lwjgl-nanovg-sources.jar;C:\Users\streepmsi\Desktop\Libaries\lwjgl-natives-windows.jar;C:\Users\streepmsi\Desktop\Libaries\lwjgl-nuklear.jar;C:\Users\streepmsi\Desktop\Libaries\lwjgl-nuklear-javadoc.jar;C:\Users\streepmsi\Desktop\Libaries\lwjgl-nuklear-natives-windows.jar;C:\Users\streepmsi\Desktop\Libaries\lwjgl-nuklear-sources.jar;C:\Users\streepmsi\Desktop\Libaries\lwjgl-openal.jar;C:\Users\streepmsi\Desktop\Libaries\lwjgl-openal-javadoc.jar;C:\Users\streepmsi\Desktop\Libaries\lwjgl-openal-natives-windows.jar;C:\Users\streepmsi\Desktop\Libaries\lwjgl-openal-sources.jar;C:\Users\streepmsi\Desktop\Libaries\lwjgl-opengl.jar;C:\Users\streepmsi\Desktop\Libaries\lwjgl-opengl-javadoc.jar;C:\Users\streepmsi\Desktop\Libaries\lwjgl-opengl-natives-windows.jar;C:\Users\streepmsi\Desktop\Libaries\lwjgl-opengl-sources.jar;C:\Users\streepmsi\Desktop\Libaries\lwjgl-par.jar;C:\U
Launcher Type: SUN_STANDARD

[Global flags]
     intx CICompilerCount                          = 4                                         {product} {ergonomic}
     uint ConcGCThreads                            = 2                                         {product} {ergonomic}
     uint G1ConcRefinementThreads                  = 8                                         {product} {ergonomic}
   size_t G1HeapRegionSize                         = 2097152                                   {product} {ergonomic}
    uintx GCDrainStackTargetSize                   = 64                                        {product} {ergonomic}
   size_t InitialHeapSize                          = 266338304                                 {product} {ergonomic}
   size_t MarkStackSize                            = 4194304                                   {product} {ergonomic}
   size_t MaxHeapSize                              = 4248829952                                {product} {ergonomic}
   size_t MaxNewSize                               = 2548039680                                {product} {ergonomic}
   size_t MinHeapDeltaBytes                        = 2097152                                   {product} {ergonomic}
   size_t MinHeapSize                              = 8388608                                   {product} {ergonomic}
    uintx NonNMethodCodeHeapSize                   = 5839372                                {pd product} {ergonomic}
    uintx NonProfiledCodeHeapSize                  = 122909434                              {pd product} {ergonomic}
    uintx ProfiledCodeHeapSize                     = 122909434                              {pd product} {ergonomic}
    uintx ReservedCodeCacheSize                    = 251658240                              {pd product} {ergonomic}
     bool SegmentedCodeCache                       = true                                      {product} {ergonomic}
     bool ShowCodeDetailsInExceptionMessages       = true                                   {manageable} {command line}
   size_t SoftMaxHeapSize                          = 4248829952                             {manageable} {ergonomic}
     bool UseCompressedClassPointers               = true                           {product lp64_product} {ergonomic}
     bool UseCompressedOops                        = true                           {product lp64_product} {ergonomic}
     bool UseG1GC                                  = true                                      {product} {ergonomic}
     bool UseLargePagesIndividualAllocation        = false                                  {pd product} {ergonomic}

Logging:
Log output configuration:
 #0: stdout all=warning uptime,level,tags
 #1: stderr all=off uptime,level,tags

Environment Variables:
PATH=C:/Users/streepmsi/Desktop/Programs/eclipse//plugins/org.eclipse.justj.openjdk.hotspot.jre.full.win32.x86_64_16.0.1.v20210528-1205/jre/bin/server;C:/Users/streepmsi/Desktop/Programs/eclipse//plugins/org.eclipse.justj.openjdk.hotspot.jre.full.win32.x86_64_16.0.1.v20210528-1205/jre/bin;C:\Program Files (x86)\Common Files\Oracle\Java\javapath;C:\Windows\system32;C:\Windows;C:\Windows\System32\Wbem;C:\Windows\System32\WindowsPowerShell\v1.0\;C:\Windows\System32\OpenSSH\;C:\Program Files (x86)\NVIDIA Corporation\PhysX\Common;C:\Program Files\NVIDIA Corporation\NVIDIA NvDLISR;C:\Users\streepmsi\Desktop\Programs\Git\cmd;C:\Users\streepmsi\AppData\Local\Microsoft\WindowsApps;;C:\Users\streepmsi\Desktop\Programs\eclipse;
USERNAME=streepmsi
OS=Windows_NT
PROCESSOR_IDENTIFIER=Intel64 Family 6 Model 165 Stepping 2, GenuineIntel



---------------  S Y S T E M  ---------------

OS:
 Windows 10 , 64 bit Build 19041 (10.0.19041.1202)
OS uptime: 3 days 0:58 hours

CPU: total 8 (initial active 8) (4 cores per cpu, 2 threads per core) family 6 model 165 stepping 2 microcode 0xe2, cx8, cmov, fxsr, ht, mmx, 3dnowpref, sse, sse2, sse3, ssse3, sse4.1, sse4.2, popcnt, lzcnt, tsc, tscinvbit, avx, avx2, aes, erms, clmul, bmi1, bmi2, adx, fma, vzeroupper, clflush, clflushopt

Memory: 4k page, system-wide physical 16205M (9435M free)
TotalPageFile size 18637M (AvailPageFile size 9825M)
current process WorkingSet (physical memory assigned to process): 98M, peak: 98M
current process commit charge ("private bytes"): 364M, peak: 364M

vm_info: OpenJDK 64-Bit Server VM (16.0.1+9-24) for windows-amd64 JRE (16.0.1+9-24), built on Mar 26 2021 19:30:07 by "mach5one" with MS VC++ 16.7 (VS2019)

END.
