#
# A fatal error has been detected by the Java Runtime Environment:
#
#  EXCEPTION_ACCESS_VIOLATION (0xc0000005) at pc=0x00007ffa6aa3c090, pid=6860, tid=8272
#
# JRE version: OpenJDK Runtime Environment (16.0.1+9) (build 16.0.1+9-24)
# Java VM: OpenJDK 64-Bit Server VM (16.0.1+9-24, mixed mode, tiered, compressed oops, compressed class ptrs, g1 gc, windows-amd64)
# Problematic frame:
# C  [nvoglv64.dll+0x8ac090]
#
# No core dump will be written. Minidumps are not enabled by default on client versions of Windows
#
# If you would like to submit a bug report, please visit:
#   https://bugreport.java.com/bugreport/crash.jsp
# The crash happened outside the Java Virtual Machine in native code.
# See problematic frame for where to report the bug.
#

---------------  S U M M A R Y ------------

Command Line: -Dfile.encoding=UTF-8 -XX:+ShowCodeDetailsInExceptionMessages com.streep.openglleer.Main

Host: Intel(R) Core(TM) i5-10200H CPU @ 2.40GHz, 8 cores, 15G,  Windows 10 , 64 bit Build 19041 (10.0.19041.1202)
Time: Thu Oct 14 14:02:32 2021 W. Europe Summer Time elapsed time: 2.217387 seconds (0d 0h 0m 2s)

---------------  T H R E A D  ---------------

Current thread (0x0000022c1633e810):  JavaThread "main" [_thread_in_native, id=8272, stack(0x000000994b400000,0x000000994b500000)]

Stack: [0x000000994b400000,0x000000994b500000],  sp=0x000000994b4ff110,  free space=1020k
Native frames: (J=compiled Java code, j=interpreted, Vv=VM code, C=native code)
C  [nvoglv64.dll+0x8ac090]

Java frames: (J=compiled Java code, j=interpreted, Vv=VM code)
j  org.lwjgl.opengl.GL11C.nglDrawElements(IIIJ)V+0
j  org.lwjgl.opengl.GL11C.glDrawElements(IIIJ)V+4
j  org.lwjgl.opengl.GL11.glDrawElements(IIIJ)V+4
j  com.streep.openglleer.engine.MeshRenderer.render(Lcom/streep/openglleer/core/GLRenderer;)V+125
j  com.streep.openglleer.core.GLRenderer.render(Lcom/streep/openglleer/mangement/Enviroment;)V+71
j  com.streep.openglleer.Main.loop()V+36
j  com.streep.openglleer.Main.run()V+50
j  com.streep.openglleer.Main.main([Ljava/lang/String;)V+7
v  ~StubRoutines::call_stub

siginfo: EXCEPTION_ACCESS_VIOLATION (0xc0000005), reading address 0x0000000000000000


Register to memory mapping:

RIP=0x00007ffa6aa3c090 nvoglv64.dll
RAX=0x0 is NULL
RBX=0x0 is NULL
RCX=0x00000000fffffffc is an unknown value
RDX=0x0000022c382e4140 points into unknown readable memory: 0x0000000000000000 | 00 00 00 00 00 00 00 00
RSP=0x000000994b4ff110 is pointing into the stack for thread: 0x0000022c1633e810
RBP=0x00000000000000bc is an unknown value
RSI=0x0000000000000024 is an unknown value
RDI=0x0000022c39841080 points into unknown readable memory: 0x0000000000000000 | 00 00 00 00 00 00 00 00
R8 =0x0000000000000004 is an unknown value
R9 =0x0000022c382e411c points into unknown readable memory: 06 e0 05 00
R10=0x0000022c382e4134 points into unknown readable memory: 00 00 00 00
R11=0x0000000000000004 is an unknown value
R12=0x0000022c382e4140 points into unknown readable memory: 0x0000000000000000 | 00 00 00 00 00 00 00 00
R13=0x0000000000001405 is an unknown value
R14=0x0000000000000090 is an unknown value
R15=0x0 is NULL


Registers:
RAX=0x0000000000000000, RBX=0x0000000000000000, RCX=0x00000000fffffffc, RDX=0x0000022c382e4140
RSP=0x000000994b4ff110, RBP=0x00000000000000bc, RSI=0x0000000000000024, RDI=0x0000022c39841080
R8 =0x0000000000000004, R9 =0x0000022c382e411c, R10=0x0000022c382e4134, R11=0x0000000000000004
R12=0x0000022c382e4140, R13=0x0000000000001405, R14=0x0000000000000090, R15=0x0000000000000000
RIP=0x00007ffa6aa3c090, EFLAGS=0x0000000000010297

Top of Stack: (sp=0x000000994b4ff110)
0x000000994b4ff110:   0000000800004ed8 0000022c3877ab20
0x000000994b4ff120:   000000994b4ff238 00007ffa9bff90f7
0x000000994b4ff130:   000000000017555d 0000022c1b0d0140
0x000000994b4ff140:   0000022c1633e810 0000000800004ed8
0x000000994b4ff150:   0000022c3877ab20 0000022c1633e810
0x000000994b4ff160:   0000000000000000 0000000000000000
0x000000994b4ff170:   0000022c1633e810 0000022c3877ab20
0x000000994b4ff180:   0000000000000000 0000022c1b08950a
0x000000994b4ff190:   0000000800004ed8 0000022c1b08dce2
0x000000994b4ff1a0:   000000994b4ff238 0000000000000301
0x000000994b4ff1b0:   000000994b4ff278 0000022c3877ab20
0x000000994b4ff1c0:   0000022c00001405 0000000000000000
0x000000994b4ff1d0:   3ff0000000000000 0000022c1633e810
0x000000994b4ff1e0:   0000022c1633e810 0000022c1b08d996
0x000000994b4ff1f0:   000000994b4ff1f0 0000022c3877ab20
0x000000994b4ff200:   000000994b4ff278 0000022c388035a8 

Instructions: (pc=0x00007ffa6aa3c090)
0x00007ffa6aa3bf90:   90 00 00 00 4c 8b b4 24 a0 00 00 00 48 8b 9c 24
0x00007ffa6aa3bfa0:   a8 00 00 00 48 83 c4 60 41 5f 41 5d 41 5c 5f 5e
0x00007ffa6aa3bfb0:   c3 4c 8b 4f 40 8b c3 48 8b 4f 50 49 2b c9 48 c1
0x00007ffa6aa3bfc0:   f9 02 85 c9 0f 49 c1 c1 e0 02 3b e8 72 0e 8b d5
0x00007ffa6aa3bfd0:   48 8b cf e8 98 6f 21 00 4c 8b 4f 40 8b c5 45 89
0x00007ffa6aa3bfe0:   61 04 c1 e0 0b 83 c8 06 41 89 71 08 41 89 01 45
0x00007ffa6aa3bff0:   89 69 0c 4d 89 79 10 38 9c 24 98 00 00 00 0f 84
0x00007ffa6aa3c000:   15 01 00 00 4c 8b 57 40 41 8d 4f 0f 83 e1 f0 49
0x00007ffa6aa3c010:   83 c2 18 41 2b cf 0f 57 db d1 f9 49 8b c7 44 8b
0x00007ffa6aa3c020:   c6 66 0f 7f 5c 24 50 49 8d 52 04 03 ca 49 8d 52
0x00007ffa6aa3c030:   04 f7 d9 83 e1 0f 48 03 d1 4c 8b e2 41 f6 c7 0f
0x00007ffa6aa3c040:   74 1b 45 85 c0 74 16 8b 08 41 ff c8 66 89 0a 0b
0x00007ffa6aa3c050:   d9 48 83 c2 02 48 83 c0 04 a8 0f 75 e5 41 83 f8
0x00007ffa6aa3c060:   08 7e 71 66 0f 6f 25 05 fc 8d 01 41 8d 48 f7 66
0x00007ffa6aa3c070:   0f 6f 2d 09 fc 8d 01 c1 e9 03 ff c1 44 8b d9 f7
0x00007ffa6aa3c080:   d9 45 8d 04 c8 66 66 66 0f 1f 84 00 00 00 00 00
0x00007ffa6aa3c090:   f3 0f 6f 10 f3 0f 6f 48 10 66 0f 6f c2 66 0f eb
0x00007ffa6aa3c0a0:   c3 48 83 c0 20 66 0f 6f d8 66 0f eb d9 0f 18 00
0x00007ffa6aa3c0b0:   66 0f fe d4 66 0f fe cc 66 0f 6b d1 66 0f fd d5
0x00007ffa6aa3c0c0:   f3 0f 7f 12 48 83 c2 10 49 83 eb 01 75 c2 66 0f
0x00007ffa6aa3c0d0:   7f 5c 24 50 8b 4c 24 5c 0b 4c 24 58 0b 4c 24 54
0x00007ffa6aa3c0e0:   0b 4c 24 50 0b d9 45 85 c0 74 1a 0f 1f 44 00 00
0x00007ffa6aa3c0f0:   8b 08 0b d9 66 89 0a 48 8d 52 02 48 8d 40 04 41
0x00007ffa6aa3c100:   83 e8 01 75 eb 45 2b e2 45 89 22 f7 c3 00 00 ff
0x00007ffa6aa3c110:   ff 74 46 ff 87 ec ef 55 00 48 8b 5f 40 49 8b d7
0x00007ffa6aa3c120:   4d 63 c6 48 8d 4b 1c e8 24 13 9d 00 c7 43 18 04
0x00007ffa6aa3c130:   00 00 00 48 63 c5 48 83 e0 fc 48 01 47 40 48 8b
0x00007ffa6aa3c140:   47 40 48 3b 47 48 0f 82 40 fe ff ff 48 8b cf e8
0x00007ffa6aa3c150:   4c 6a 21 00 e9 33 fe ff ff 41 c7 41 0c 03 14 00
0x00007ffa6aa3c160:   00 41 8b 2a 48 8b 47 40 83 c5 03 8d 6c 75 00 83
0x00007ffa6aa3c170:   e5 fc 83 c5 18 8b cd c1 e1 0b 83 c9 06 89 08 8b
0x00007ffa6aa3c180:   87 ec ef 55 00 85 c0 74 aa ff c8 89 87 ec ef 55 


Stack slot to memory mapping:
stack at sp + 0 slots: 0x0000000800004ed8 is a pointer to class: 
org.lwjgl.system.MemoryStack {0x0000000800004ee0}
stack at sp + 1 slots: {method} {0x0000022c3877ab28} 'nglDrawElements' '(IIIJ)V' in 'org/lwjgl/opengl/GL11C'
stack at sp + 2 slots: 0x000000994b4ff238 is pointing into the stack for thread: 0x0000022c1633e810
stack at sp + 3 slots: 0x00007ffa9bff90f7 jvm.dll
stack at sp + 4 slots: 0x000000000017555d is an unknown value
stack at sp + 5 slots: 0x0000022c1b0d0140 is at code_begin+4032 in 
[CodeBlob (0x0000022c1b0cf110)]
Framesize: 0
BufferBlob (0x0000022c1b0cf110) used for native signature handlers
stack at sp + 6 slots: 0x0000022c1633e810 is a thread
stack at sp + 7 slots: 0x0000000800004ed8 is a pointer to class: 
org.lwjgl.system.MemoryStack {0x0000000800004ee0}


---------------  P R O C E S S  ---------------

Threads class SMR info:
_java_thread_list=0x0000022c3e2eead0, length=13, elements={
0x0000022c1633e810, 0x0000022c37836020, 0x0000022c37836cf0, 0x0000022c3781e3b0,
0x0000022c3781eec0, 0x0000022c378218e0, 0x0000022c378221f0, 0x0000022c3786a840,
0x0000022c3786b190, 0x0000022c378782e0, 0x0000022c379dedf0, 0x0000022c379df340,
0x0000022c3e6276c0
}

Java Threads: ( => current thread )
=>0x0000022c1633e810 JavaThread "main" [_thread_in_native, id=8272, stack(0x000000994b400000,0x000000994b500000)]
  0x0000022c37836020 JavaThread "Reference Handler" daemon [_thread_blocked, id=3800, stack(0x000000994bb00000,0x000000994bc00000)]
  0x0000022c37836cf0 JavaThread "Finalizer" daemon [_thread_blocked, id=15828, stack(0x000000994bc00000,0x000000994bd00000)]
  0x0000022c3781e3b0 JavaThread "Signal Dispatcher" daemon [_thread_blocked, id=11084, stack(0x000000994bd00000,0x000000994be00000)]
  0x0000022c3781eec0 JavaThread "Attach Listener" daemon [_thread_blocked, id=7764, stack(0x000000994be00000,0x000000994bf00000)]
  0x0000022c378218e0 JavaThread "Service Thread" daemon [_thread_blocked, id=6500, stack(0x000000994bf00000,0x000000994c000000)]
  0x0000022c378221f0 JavaThread "Monitor Deflation Thread" daemon [_thread_blocked, id=14064, stack(0x000000994c000000,0x000000994c100000)]
  0x0000022c3786a840 JavaThread "C2 CompilerThread0" daemon [_thread_blocked, id=6928, stack(0x000000994c100000,0x000000994c200000)]
  0x0000022c3786b190 JavaThread "C1 CompilerThread0" daemon [_thread_blocked, id=7476, stack(0x000000994c200000,0x000000994c300000)]
  0x0000022c378782e0 JavaThread "Sweeper thread" daemon [_thread_blocked, id=8596, stack(0x000000994c300000,0x000000994c400000)]
  0x0000022c379dedf0 JavaThread "Notification Thread" daemon [_thread_blocked, id=9352, stack(0x000000994c400000,0x000000994c500000)]
  0x0000022c379df340 JavaThread "Common-Cleaner" daemon [_thread_blocked, id=11648, stack(0x000000994c600000,0x000000994c700000)]
  0x0000022c3e6276c0 JavaThread "C2 CompilerThread1" daemon [_thread_blocked, id=13864, stack(0x000000994cf00000,0x000000994d000000)]

Other Threads:
  0x0000022c36c76230 VMThread "VM Thread" [stack: 0x000000994ba00000,0x000000994bb00000] [id=16768]
  0x0000022c36c0fe00 WatcherThread [stack: 0x000000994c500000,0x000000994c600000] [id=16964]
  0x0000022c16390080 GCTaskThread "GC Thread#0" [stack: 0x000000994b500000,0x000000994b600000] [id=2356]
  0x0000022c163a15b0 ConcurrentGCThread "G1 Main Marker" [stack: 0x000000994b600000,0x000000994b700000] [id=9412]
  0x0000022c163a2fc0 ConcurrentGCThread "G1 Conc#0" [stack: 0x000000994b700000,0x000000994b800000] [id=16308]
  0x0000022c36ae24c0 ConcurrentGCThread "G1 Refine#0" [stack: 0x000000994b800000,0x000000994b900000] [id=8300]
  0x0000022c36ae2ed0 ConcurrentGCThread "G1 Service" [stack: 0x000000994b900000,0x000000994ba00000] [id=7044]

Threads with active compile tasks:

VM state: not at safepoint (normal execution)

VM Mutex/Monitor currently owned by a thread: None

Heap address: 0x0000000702c00000, size: 4052 MB, Compressed Oops mode: Zero based, Oop shift amount: 3

CDS disabled.
Compressed class space mapped at: 0x0000000800000000-0x0000000840000000, reserved size: 1073741824
Narrow klass base: 0x0000000800000000, Narrow klass shift: 0, Narrow klass range: 0x40000000

GC Precious Log:
 CPUs: 8 total, 8 available
 Memory: 16205M
 Large Page Support: Disabled
 NUMA Support: Disabled
 Compressed Oops: Enabled (Zero based)
 Heap Region Size: 2M
 Heap Min Capacity: 8M
 Heap Initial Capacity: 254M
 Heap Max Capacity: 4052M
 Pre-touch: Disabled
 Parallel Workers: 8
 Concurrent Workers: 2
 Concurrent Refinement Workers: 8
 Periodic GC: Disabled

Heap:
 garbage-first heap   total 260096K, used 18432K [0x0000000702c00000, 0x0000000800000000)
  region size 2048K, 10 young (20480K), 0 survivors (0K)
 Metaspace       used 14552K, committed 14720K, reserved 1064960K
  class space    used 940K, committed 1024K, reserved 1048576K

Heap Regions: E=young(eden), S=young(survivor), O=old, HS=humongous(starts), HC=humongous(continues), CS=collection set, F=free, OA=open archive, CA=closed archive, TAMS=top-at-mark-start (previous, next)
|   0|0x0000000702c00000, 0x0000000702c00000, 0x0000000702e00000|  0%| F|  |TAMS 0x0000000702c00000, 0x0000000702c00000| Untracked 
|   1|0x0000000702e00000, 0x0000000702e00000, 0x0000000703000000|  0%| F|  |TAMS 0x0000000702e00000, 0x0000000702e00000| Untracked 
|   2|0x0000000703000000, 0x0000000703000000, 0x0000000703200000|  0%| F|  |TAMS 0x0000000703000000, 0x0000000703000000| Untracked 
|   3|0x0000000703200000, 0x0000000703200000, 0x0000000703400000|  0%| F|  |TAMS 0x0000000703200000, 0x0000000703200000| Untracked 
|   4|0x0000000703400000, 0x0000000703400000, 0x0000000703600000|  0%| F|  |TAMS 0x0000000703400000, 0x0000000703400000| Untracked 
|   5|0x0000000703600000, 0x0000000703600000, 0x0000000703800000|  0%| F|  |TAMS 0x0000000703600000, 0x0000000703600000| Untracked 
|   6|0x0000000703800000, 0x0000000703800000, 0x0000000703a00000|  0%| F|  |TAMS 0x0000000703800000, 0x0000000703800000| Untracked 
|   7|0x0000000703a00000, 0x0000000703a00000, 0x0000000703c00000|  0%| F|  |TAMS 0x0000000703a00000, 0x0000000703a00000| Untracked 
|   8|0x0000000703c00000, 0x0000000703c00000, 0x0000000703e00000|  0%| F|  |TAMS 0x0000000703c00000, 0x0000000703c00000| Untracked 
|   9|0x0000000703e00000, 0x0000000703e00000, 0x0000000704000000|  0%| F|  |TAMS 0x0000000703e00000, 0x0000000703e00000| Untracked 
|  10|0x0000000704000000, 0x0000000704000000, 0x0000000704200000|  0%| F|  |TAMS 0x0000000704000000, 0x0000000704000000| Untracked 
|  11|0x0000000704200000, 0x0000000704200000, 0x0000000704400000|  0%| F|  |TAMS 0x0000000704200000, 0x0000000704200000| Untracked 
|  12|0x0000000704400000, 0x0000000704400000, 0x0000000704600000|  0%| F|  |TAMS 0x0000000704400000, 0x0000000704400000| Untracked 
|  13|0x0000000704600000, 0x0000000704600000, 0x0000000704800000|  0%| F|  |TAMS 0x0000000704600000, 0x0000000704600000| Untracked 
|  14|0x0000000704800000, 0x0000000704800000, 0x0000000704a00000|  0%| F|  |TAMS 0x0000000704800000, 0x0000000704800000| Untracked 
|  15|0x0000000704a00000, 0x0000000704a00000, 0x0000000704c00000|  0%| F|  |TAMS 0x0000000704a00000, 0x0000000704a00000| Untracked 
|  16|0x0000000704c00000, 0x0000000704c00000, 0x0000000704e00000|  0%| F|  |TAMS 0x0000000704c00000, 0x0000000704c00000| Untracked 
|  17|0x0000000704e00000, 0x0000000704e00000, 0x0000000705000000|  0%| F|  |TAMS 0x0000000704e00000, 0x0000000704e00000| Untracked 
|  18|0x0000000705000000, 0x0000000705000000, 0x0000000705200000|  0%| F|  |TAMS 0x0000000705000000, 0x0000000705000000| Untracked 
|  19|0x0000000705200000, 0x0000000705200000, 0x0000000705400000|  0%| F|  |TAMS 0x0000000705200000, 0x0000000705200000| Untracked 
|  20|0x0000000705400000, 0x0000000705400000, 0x0000000705600000|  0%| F|  |TAMS 0x0000000705400000, 0x0000000705400000| Untracked 
|  21|0x0000000705600000, 0x0000000705600000, 0x0000000705800000|  0%| F|  |TAMS 0x0000000705600000, 0x0000000705600000| Untracked 
|  22|0x0000000705800000, 0x0000000705800000, 0x0000000705a00000|  0%| F|  |TAMS 0x0000000705800000, 0x0000000705800000| Untracked 
|  23|0x0000000705a00000, 0x0000000705a00000, 0x0000000705c00000|  0%| F|  |TAMS 0x0000000705a00000, 0x0000000705a00000| Untracked 
|  24|0x0000000705c00000, 0x0000000705c00000, 0x0000000705e00000|  0%| F|  |TAMS 0x0000000705c00000, 0x0000000705c00000| Untracked 
|  25|0x0000000705e00000, 0x0000000705e00000, 0x0000000706000000|  0%| F|  |TAMS 0x0000000705e00000, 0x0000000705e00000| Untracked 
|  26|0x0000000706000000, 0x0000000706000000, 0x0000000706200000|  0%| F|  |TAMS 0x0000000706000000, 0x0000000706000000| Untracked 
|  27|0x0000000706200000, 0x0000000706200000, 0x0000000706400000|  0%| F|  |TAMS 0x0000000706200000, 0x0000000706200000| Untracked 
|  28|0x0000000706400000, 0x0000000706400000, 0x0000000706600000|  0%| F|  |TAMS 0x0000000706400000, 0x0000000706400000| Untracked 
|  29|0x0000000706600000, 0x0000000706600000, 0x0000000706800000|  0%| F|  |TAMS 0x0000000706600000, 0x0000000706600000| Untracked 
|  30|0x0000000706800000, 0x0000000706800000, 0x0000000706a00000|  0%| F|  |TAMS 0x0000000706800000, 0x0000000706800000| Untracked 
|  31|0x0000000706a00000, 0x0000000706a00000, 0x0000000706c00000|  0%| F|  |TAMS 0x0000000706a00000, 0x0000000706a00000| Untracked 
|  32|0x0000000706c00000, 0x0000000706c00000, 0x0000000706e00000|  0%| F|  |TAMS 0x0000000706c00000, 0x0000000706c00000| Untracked 
|  33|0x0000000706e00000, 0x0000000706e00000, 0x0000000707000000|  0%| F|  |TAMS 0x0000000706e00000, 0x0000000706e00000| Untracked 
|  34|0x0000000707000000, 0x0000000707000000, 0x0000000707200000|  0%| F|  |TAMS 0x0000000707000000, 0x0000000707000000| Untracked 
|  35|0x0000000707200000, 0x0000000707200000, 0x0000000707400000|  0%| F|  |TAMS 0x0000000707200000, 0x0000000707200000| Untracked 
|  36|0x0000000707400000, 0x0000000707400000, 0x0000000707600000|  0%| F|  |TAMS 0x0000000707400000, 0x0000000707400000| Untracked 
|  37|0x0000000707600000, 0x0000000707600000, 0x0000000707800000|  0%| F|  |TAMS 0x0000000707600000, 0x0000000707600000| Untracked 
|  38|0x0000000707800000, 0x0000000707800000, 0x0000000707a00000|  0%| F|  |TAMS 0x0000000707800000, 0x0000000707800000| Untracked 
|  39|0x0000000707a00000, 0x0000000707a00000, 0x0000000707c00000|  0%| F|  |TAMS 0x0000000707a00000, 0x0000000707a00000| Untracked 
|  40|0x0000000707c00000, 0x0000000707c00000, 0x0000000707e00000|  0%| F|  |TAMS 0x0000000707c00000, 0x0000000707c00000| Untracked 
|  41|0x0000000707e00000, 0x0000000707e00000, 0x0000000708000000|  0%| F|  |TAMS 0x0000000707e00000, 0x0000000707e00000| Untracked 
|  42|0x0000000708000000, 0x0000000708000000, 0x0000000708200000|  0%| F|  |TAMS 0x0000000708000000, 0x0000000708000000| Untracked 
|  43|0x0000000708200000, 0x0000000708200000, 0x0000000708400000|  0%| F|  |TAMS 0x0000000708200000, 0x0000000708200000| Untracked 
|  44|0x0000000708400000, 0x0000000708400000, 0x0000000708600000|  0%| F|  |TAMS 0x0000000708400000, 0x0000000708400000| Untracked 
|  45|0x0000000708600000, 0x0000000708600000, 0x0000000708800000|  0%| F|  |TAMS 0x0000000708600000, 0x0000000708600000| Untracked 
|  46|0x0000000708800000, 0x0000000708800000, 0x0000000708a00000|  0%| F|  |TAMS 0x0000000708800000, 0x0000000708800000| Untracked 
|  47|0x0000000708a00000, 0x0000000708a00000, 0x0000000708c00000|  0%| F|  |TAMS 0x0000000708a00000, 0x0000000708a00000| Untracked 
|  48|0x0000000708c00000, 0x0000000708c00000, 0x0000000708e00000|  0%| F|  |TAMS 0x0000000708c00000, 0x0000000708c00000| Untracked 
|  49|0x0000000708e00000, 0x0000000708e00000, 0x0000000709000000|  0%| F|  |TAMS 0x0000000708e00000, 0x0000000708e00000| Untracked 
|  50|0x0000000709000000, 0x0000000709000000, 0x0000000709200000|  0%| F|  |TAMS 0x0000000709000000, 0x0000000709000000| Untracked 
|  51|0x0000000709200000, 0x0000000709200000, 0x0000000709400000|  0%| F|  |TAMS 0x0000000709200000, 0x0000000709200000| Untracked 
|  52|0x0000000709400000, 0x0000000709400000, 0x0000000709600000|  0%| F|  |TAMS 0x0000000709400000, 0x0000000709400000| Untracked 
|  53|0x0000000709600000, 0x0000000709600000, 0x0000000709800000|  0%| F|  |TAMS 0x0000000709600000, 0x0000000709600000| Untracked 
|  54|0x0000000709800000, 0x0000000709800000, 0x0000000709a00000|  0%| F|  |TAMS 0x0000000709800000, 0x0000000709800000| Untracked 
|  55|0x0000000709a00000, 0x0000000709a00000, 0x0000000709c00000|  0%| F|  |TAMS 0x0000000709a00000, 0x0000000709a00000| Untracked 
|  56|0x0000000709c00000, 0x0000000709c00000, 0x0000000709e00000|  0%| F|  |TAMS 0x0000000709c00000, 0x0000000709c00000| Untracked 
|  57|0x0000000709e00000, 0x0000000709e00000, 0x000000070a000000|  0%| F|  |TAMS 0x0000000709e00000, 0x0000000709e00000| Untracked 
|  58|0x000000070a000000, 0x000000070a000000, 0x000000070a200000|  0%| F|  |TAMS 0x000000070a000000, 0x000000070a000000| Untracked 
|  59|0x000000070a200000, 0x000000070a200000, 0x000000070a400000|  0%| F|  |TAMS 0x000000070a200000, 0x000000070a200000| Untracked 
|  60|0x000000070a400000, 0x000000070a400000, 0x000000070a600000|  0%| F|  |TAMS 0x000000070a400000, 0x000000070a400000| Untracked 
|  61|0x000000070a600000, 0x000000070a600000, 0x000000070a800000|  0%| F|  |TAMS 0x000000070a600000, 0x000000070a600000| Untracked 
|  62|0x000000070a800000, 0x000000070a800000, 0x000000070aa00000|  0%| F|  |TAMS 0x000000070a800000, 0x000000070a800000| Untracked 
|  63|0x000000070aa00000, 0x000000070aa00000, 0x000000070ac00000|  0%| F|  |TAMS 0x000000070aa00000, 0x000000070aa00000| Untracked 
|  64|0x000000070ac00000, 0x000000070ac00000, 0x000000070ae00000|  0%| F|  |TAMS 0x000000070ac00000, 0x000000070ac00000| Untracked 
|  65|0x000000070ae00000, 0x000000070ae00000, 0x000000070b000000|  0%| F|  |TAMS 0x000000070ae00000, 0x000000070ae00000| Untracked 
|  66|0x000000070b000000, 0x000000070b000000, 0x000000070b200000|  0%| F|  |TAMS 0x000000070b000000, 0x000000070b000000| Untracked 
|  67|0x000000070b200000, 0x000000070b200000, 0x000000070b400000|  0%| F|  |TAMS 0x000000070b200000, 0x000000070b200000| Untracked 
|  68|0x000000070b400000, 0x000000070b400000, 0x000000070b600000|  0%| F|  |TAMS 0x000000070b400000, 0x000000070b400000| Untracked 
|  69|0x000000070b600000, 0x000000070b600000, 0x000000070b800000|  0%| F|  |TAMS 0x000000070b600000, 0x000000070b600000| Untracked 
|  70|0x000000070b800000, 0x000000070b800000, 0x000000070ba00000|  0%| F|  |TAMS 0x000000070b800000, 0x000000070b800000| Untracked 
|  71|0x000000070ba00000, 0x000000070ba00000, 0x000000070bc00000|  0%| F|  |TAMS 0x000000070ba00000, 0x000000070ba00000| Untracked 
|  72|0x000000070bc00000, 0x000000070bc00000, 0x000000070be00000|  0%| F|  |TAMS 0x000000070bc00000, 0x000000070bc00000| Untracked 
|  73|0x000000070be00000, 0x000000070be00000, 0x000000070c000000|  0%| F|  |TAMS 0x000000070be00000, 0x000000070be00000| Untracked 
|  74|0x000000070c000000, 0x000000070c000000, 0x000000070c200000|  0%| F|  |TAMS 0x000000070c000000, 0x000000070c000000| Untracked 
|  75|0x000000070c200000, 0x000000070c200000, 0x000000070c400000|  0%| F|  |TAMS 0x000000070c200000, 0x000000070c200000| Untracked 
|  76|0x000000070c400000, 0x000000070c400000, 0x000000070c600000|  0%| F|  |TAMS 0x000000070c400000, 0x000000070c400000| Untracked 
|  77|0x000000070c600000, 0x000000070c600000, 0x000000070c800000|  0%| F|  |TAMS 0x000000070c600000, 0x000000070c600000| Untracked 
|  78|0x000000070c800000, 0x000000070c800000, 0x000000070ca00000|  0%| F|  |TAMS 0x000000070c800000, 0x000000070c800000| Untracked 
|  79|0x000000070ca00000, 0x000000070ca00000, 0x000000070cc00000|  0%| F|  |TAMS 0x000000070ca00000, 0x000000070ca00000| Untracked 
|  80|0x000000070cc00000, 0x000000070cc00000, 0x000000070ce00000|  0%| F|  |TAMS 0x000000070cc00000, 0x000000070cc00000| Untracked 
|  81|0x000000070ce00000, 0x000000070ce00000, 0x000000070d000000|  0%| F|  |TAMS 0x000000070ce00000, 0x000000070ce00000| Untracked 
|  82|0x000000070d000000, 0x000000070d000000, 0x000000070d200000|  0%| F|  |TAMS 0x000000070d000000, 0x000000070d000000| Untracked 
|  83|0x000000070d200000, 0x000000070d200000, 0x000000070d400000|  0%| F|  |TAMS 0x000000070d200000, 0x000000070d200000| Untracked 
|  84|0x000000070d400000, 0x000000070d400000, 0x000000070d600000|  0%| F|  |TAMS 0x000000070d400000, 0x000000070d400000| Untracked 
|  85|0x000000070d600000, 0x000000070d600000, 0x000000070d800000|  0%| F|  |TAMS 0x000000070d600000, 0x000000070d600000| Untracked 
|  86|0x000000070d800000, 0x000000070d800000, 0x000000070da00000|  0%| F|  |TAMS 0x000000070d800000, 0x000000070d800000| Untracked 
|  87|0x000000070da00000, 0x000000070da00000, 0x000000070dc00000|  0%| F|  |TAMS 0x000000070da00000, 0x000000070da00000| Untracked 
|  88|0x000000070dc00000, 0x000000070dc00000, 0x000000070de00000|  0%| F|  |TAMS 0x000000070dc00000, 0x000000070dc00000| Untracked 
|  89|0x000000070de00000, 0x000000070de00000, 0x000000070e000000|  0%| F|  |TAMS 0x000000070de00000, 0x000000070de00000| Untracked 
|  90|0x000000070e000000, 0x000000070e000000, 0x000000070e200000|  0%| F|  |TAMS 0x000000070e000000, 0x000000070e000000| Untracked 
|  91|0x000000070e200000, 0x000000070e200000, 0x000000070e400000|  0%| F|  |TAMS 0x000000070e200000, 0x000000070e200000| Untracked 
|  92|0x000000070e400000, 0x000000070e400000, 0x000000070e600000|  0%| F|  |TAMS 0x000000070e400000, 0x000000070e400000| Untracked 
|  93|0x000000070e600000, 0x000000070e600000, 0x000000070e800000|  0%| F|  |TAMS 0x000000070e600000, 0x000000070e600000| Untracked 
|  94|0x000000070e800000, 0x000000070e800000, 0x000000070ea00000|  0%| F|  |TAMS 0x000000070e800000, 0x000000070e800000| Untracked 
|  95|0x000000070ea00000, 0x000000070ea00000, 0x000000070ec00000|  0%| F|  |TAMS 0x000000070ea00000, 0x000000070ea00000| Untracked 
|  96|0x000000070ec00000, 0x000000070ec00000, 0x000000070ee00000|  0%| F|  |TAMS 0x000000070ec00000, 0x000000070ec00000| Untracked 
|  97|0x000000070ee00000, 0x000000070ee00000, 0x000000070f000000|  0%| F|  |TAMS 0x000000070ee00000, 0x000000070ee00000| Untracked 
|  98|0x000000070f000000, 0x000000070f000000, 0x000000070f200000|  0%| F|  |TAMS 0x000000070f000000, 0x000000070f000000| Untracked 
|  99|0x000000070f200000, 0x000000070f200000, 0x000000070f400000|  0%| F|  |TAMS 0x000000070f200000, 0x000000070f200000| Untracked 
| 100|0x000000070f400000, 0x000000070f400000, 0x000000070f600000|  0%| F|  |TAMS 0x000000070f400000, 0x000000070f400000| Untracked 
| 101|0x000000070f600000, 0x000000070f600000, 0x000000070f800000|  0%| F|  |TAMS 0x000000070f600000, 0x000000070f600000| Untracked 
| 102|0x000000070f800000, 0x000000070f800000, 0x000000070fa00000|  0%| F|  |TAMS 0x000000070f800000, 0x000000070f800000| Untracked 
| 103|0x000000070fa00000, 0x000000070fa00000, 0x000000070fc00000|  0%| F|  |TAMS 0x000000070fa00000, 0x000000070fa00000| Untracked 
| 104|0x000000070fc00000, 0x000000070fc00000, 0x000000070fe00000|  0%| F|  |TAMS 0x000000070fc00000, 0x000000070fc00000| Untracked 
| 105|0x000000070fe00000, 0x000000070fe00000, 0x0000000710000000|  0%| F|  |TAMS 0x000000070fe00000, 0x000000070fe00000| Untracked 
| 106|0x0000000710000000, 0x0000000710000000, 0x0000000710200000|  0%| F|  |TAMS 0x0000000710000000, 0x0000000710000000| Untracked 
| 107|0x0000000710200000, 0x0000000710200000, 0x0000000710400000|  0%| F|  |TAMS 0x0000000710200000, 0x0000000710200000| Untracked 
| 108|0x0000000710400000, 0x0000000710400000, 0x0000000710600000|  0%| F|  |TAMS 0x0000000710400000, 0x0000000710400000| Untracked 
| 109|0x0000000710600000, 0x0000000710600000, 0x0000000710800000|  0%| F|  |TAMS 0x0000000710600000, 0x0000000710600000| Untracked 
| 110|0x0000000710800000, 0x0000000710800000, 0x0000000710a00000|  0%| F|  |TAMS 0x0000000710800000, 0x0000000710800000| Untracked 
| 111|0x0000000710a00000, 0x0000000710a00000, 0x0000000710c00000|  0%| F|  |TAMS 0x0000000710a00000, 0x0000000710a00000| Untracked 
| 112|0x0000000710c00000, 0x0000000710c00000, 0x0000000710e00000|  0%| F|  |TAMS 0x0000000710c00000, 0x0000000710c00000| Untracked 
| 113|0x0000000710e00000, 0x0000000710e00000, 0x0000000711000000|  0%| F|  |TAMS 0x0000000710e00000, 0x0000000710e00000| Untracked 
| 114|0x0000000711000000, 0x0000000711000000, 0x0000000711200000|  0%| F|  |TAMS 0x0000000711000000, 0x0000000711000000| Untracked 
| 115|0x0000000711200000, 0x0000000711200000, 0x0000000711400000|  0%| F|  |TAMS 0x0000000711200000, 0x0000000711200000| Untracked 
| 116|0x0000000711400000, 0x0000000711400000, 0x0000000711600000|  0%| F|  |TAMS 0x0000000711400000, 0x0000000711400000| Untracked 
| 117|0x0000000711600000, 0x00000007117e4450, 0x0000000711800000| 94%| E|  |TAMS 0x0000000711600000, 0x0000000711600000| Complete 
| 118|0x0000000711800000, 0x0000000711a00000, 0x0000000711a00000|100%| E|CS|TAMS 0x0000000711800000, 0x0000000711800000| Complete 
| 119|0x0000000711a00000, 0x0000000711c00000, 0x0000000711c00000|100%| E|CS|TAMS 0x0000000711a00000, 0x0000000711a00000| Complete 
| 120|0x0000000711c00000, 0x0000000711e00000, 0x0000000711e00000|100%| E|CS|TAMS 0x0000000711c00000, 0x0000000711c00000| Complete 
| 121|0x0000000711e00000, 0x0000000712000000, 0x0000000712000000|100%| E|CS|TAMS 0x0000000711e00000, 0x0000000711e00000| Complete 
| 122|0x0000000712000000, 0x0000000712200000, 0x0000000712200000|100%| E|CS|TAMS 0x0000000712000000, 0x0000000712000000| Complete 
| 123|0x0000000712200000, 0x0000000712400000, 0x0000000712400000|100%| E|CS|TAMS 0x0000000712200000, 0x0000000712200000| Complete 
| 124|0x0000000712400000, 0x0000000712600000, 0x0000000712600000|100%| E|CS|TAMS 0x0000000712400000, 0x0000000712400000| Complete 
| 125|0x0000000712600000, 0x0000000712800000, 0x0000000712800000|100%| E|CS|TAMS 0x0000000712600000, 0x0000000712600000| Complete 
| 126|0x0000000712800000, 0x0000000712a00000, 0x0000000712a00000|100%| E|CS|TAMS 0x0000000712800000, 0x0000000712800000| Complete 

Card table byte_map: [0x0000022c2b2f0000,0x0000022c2bae0000] _byte_map_base: 0x0000022c27ada000

Marking Bits (Prev, Next): (CMBitMap*) 0x0000022c16390680, (CMBitMap*) 0x0000022c163906c0
 Prev Bits: [0x0000022c2c2d0000, 0x0000022c30220000)
 Next Bits: [0x0000022c30220000, 0x0000022c34170000)

Polling page: 0x0000022c16420000

Metaspace:

Usage:
  Non-class:     13.29 MB used.
      Class:    940.56 KB used.
       Both:     14.21 MB used.

Virtual space:
  Non-class space:       16.00 MB reserved,      13.38 MB ( 84%) committed,  2 nodes.
      Class space:        1.00 GB reserved,       1.00 MB ( <1%) committed,  1 nodes.
              Both:        1.02 GB reserved,      14.38 MB (  1%) committed. 

Chunk freelists:
   Non-Class:  2.44 MB
       Class:  3.02 MB
        Both:  5.45 MB

MaxMetaspaceSize: 17179869184.00 GB
CompressedClassSpaceSize: 1.00 GB
 - commit_granule_bytes: 65536.
 - commit_granule_words: 8192.
 - virtual_space_node_default_size: 1048576.
 - enlarge_chunks_in_place: 1.
 - new_chunks_are_fully_committed: 0.
 - uncommit_free_chunks: 1.
 - use_allocation_guard: 0.
 - handle_deallocations: 1.


Internal statistics:

num_allocs_failed_limit: 0.
num_arena_births: 48.
num_arena_deaths: 0.
num_vsnodes_births: 3.
num_vsnodes_deaths: 0.
num_space_committed: 228.
num_space_uncommitted: 0.
num_chunks_returned_to_freelist: 0.
num_chunks_taken_from_freelist: 277.
num_chunk_merges: 0.
num_chunk_splits: 215.
num_chunks_enlarged: 187.
num_purges: 0.

CodeHeap 'non-profiled nmethods': size=120000Kb used=303Kb max_used=303Kb free=119696Kb
 bounds [0x0000022c22b50000, 0x0000022c22dc0000, 0x0000022c2a080000]
CodeHeap 'profiled nmethods': size=120000Kb used=1485Kb max_used=1485Kb free=118514Kb
 bounds [0x0000022c1b620000, 0x0000022c1b890000, 0x0000022c22b50000]
CodeHeap 'non-nmethods': size=5760Kb used=1646Kb max_used=1664Kb free=4113Kb
 bounds [0x0000022c1b080000, 0x0000022c1b2f0000, 0x0000022c1b620000]
 total_blobs=1923 nmethods=841 adapters=995
 compilation: enabled
              stopped_count=0, restarted_count=0
 full_count=0

Compilation events (20 events):
Event: 2.208 Thread 0x0000022c3e6276c0  832       4       java.lang.ThreadLocal::get (38 bytes)
Event: 2.209 Thread 0x0000022c3e6276c0 nmethod 832 0x0000022c22b98790 code [0x0000022c22b98940, 0x0000022c22b98ab8]
Event: 2.210 Thread 0x0000022c3e6276c0  833       4       java.nio.ByteBuffer::order (48 bytes)
Event: 2.210 Thread 0x0000022c3786b190  834       3       org.lwjgl.opengl.GLCapabilities::checkExtension (37 bytes)
Event: 2.210 Thread 0x0000022c3786b190 nmethod 834 0x0000022c1b791f10 code [0x0000022c1b792100, 0x0000022c1b792428]
Event: 2.211 Thread 0x0000022c3e6276c0 nmethod 833 0x0000022c22b98c90 code [0x0000022c22b98e20, 0x0000022c22b98ed8]
Event: 2.211 Thread 0x0000022c3e6276c0  836       4       java.lang.reflect.Field::copy (80 bytes)
Event: 2.211 Thread 0x0000022c3e6276c0 nmethod 836 0x0000022c22b98f90 code [0x0000022c22b99120, 0x0000022c22b99298]
Event: 2.211 Thread 0x0000022c3e6276c0  835       4       jdk.internal.reflect.ReflectionFactory::copyField (11 bytes)
Event: 2.212 Thread 0x0000022c3786b190  838       3       org.lwjgl.system.MemoryUtil::memGetAddress (31 bytes)
Event: 2.212 Thread 0x0000022c3786b190 nmethod 838 0x0000022c1b792590 code [0x0000022c1b792740, 0x0000022c1b792938]
Event: 2.212 Thread 0x0000022c3786b190  839       3       org.lwjgl.PointerBuffer::get (22 bytes)
Event: 2.212 Thread 0x0000022c3786b190 nmethod 839 0x0000022c1b792a10 code [0x0000022c1b792c00, 0x0000022c1b793168]
Event: 2.212 Thread 0x0000022c3786b190  840       3       org.lwjgl.system.CustomBuffer::remaining (10 bytes)
Event: 2.212 Thread 0x0000022c3e6276c0 nmethod 835 0x0000022c22b99390 code [0x0000022c22b99520, 0x0000022c22b996f8]
Event: 2.212 Thread 0x0000022c3786b190 nmethod 840 0x0000022c1b793390 code [0x0000022c1b793520, 0x0000022c1b793638]
Event: 2.212 Thread 0x0000022c3e6276c0  837       4       java.util.ArrayList::add (25 bytes)
Event: 2.214 Thread 0x0000022c3e6276c0 nmethod 837 0x0000022c22b99890 code [0x0000022c22b99a20, 0x0000022c22b99c28]
Event: 2.214 Thread 0x0000022c3e6276c0  841       4       org.lwjgl.system.Checks::check (17 bytes)
Event: 2.214 Thread 0x0000022c3e6276c0 nmethod 841 0x0000022c22b99d90 code [0x0000022c22b99f20, 0x0000022c22b99fb8]

GC Heap History (0 events):
No events

Deoptimization events (20 events):
Event: 1.966 Thread 0x0000022c1633e810 Uncommon trap: trap_request=0xffffff54 fr.pc=0x0000022c22b77d00 relative=0x0000000000000060
Event: 1.966 Thread 0x0000022c1633e810 Uncommon trap: reason=speculate_null_assert action=make_not_entrant pc=0x0000022c22b77d00 method=sun.misc.Unsafe.putLong(Ljava/lang/Object;JJ)V @ 7 c2
Event: 1.966 Thread 0x0000022c1633e810 DEOPT PACKING pc=0x0000022c22b77d00 sp=0x000000994b4feeb0
Event: 1.966 Thread 0x0000022c1633e810 DEOPT UNPACKING pc=0x0000022c1b0cd72e sp=0x000000994b4fee28 mode 2
Event: 1.966 Thread 0x0000022c1633e810 Uncommon trap: trap_request=0xffffff54 fr.pc=0x0000022c22b788fc relative=0x000000000000005c
Event: 1.966 Thread 0x0000022c1633e810 Uncommon trap: reason=speculate_null_assert action=make_not_entrant pc=0x0000022c22b788fc method=sun.misc.Unsafe.getLong(Ljava/lang/Object;J)J @ 5 c2
Event: 1.966 Thread 0x0000022c1633e810 DEOPT PACKING pc=0x0000022c22b788fc sp=0x000000994b4feef0
Event: 1.966 Thread 0x0000022c1633e810 DEOPT UNPACKING pc=0x0000022c1b0cd72e sp=0x000000994b4fee78 mode 2
Event: 2.014 Thread 0x0000022c1633e810 DEOPT PACKING pc=0x0000022c1b654065 sp=0x000000994b4fdaf0
Event: 2.014 Thread 0x0000022c1633e810 DEOPT UNPACKING pc=0x0000022c1b0cdece sp=0x000000994b4fcf40 mode 0
Event: 2.114 Thread 0x0000022c1633e810 Uncommon trap: trap_request=0xffffff45 fr.pc=0x0000022c22b7aae8 relative=0x00000000000010a8
Event: 2.114 Thread 0x0000022c1633e810 Uncommon trap: reason=unstable_if action=reinterpret pc=0x0000022c22b7aae8 method=java.util.LinkedHashMap.linkNodeLast(Ljava/util/LinkedHashMap$Entry;)V @ 11 c2
Event: 2.114 Thread 0x0000022c1633e810 DEOPT PACKING pc=0x0000022c22b7aae8 sp=0x000000994b4fdbc0
Event: 2.114 Thread 0x0000022c1633e810 DEOPT UNPACKING pc=0x0000022c1b0cd72e sp=0x000000994b4fda70 mode 2
Event: 2.197 Thread 0x0000022c1633e810 DEOPT PACKING pc=0x0000022c1b786469 sp=0x000000994b4ff340
Event: 2.197 Thread 0x0000022c1633e810 DEOPT UNPACKING pc=0x0000022c1b0cdece sp=0x000000994b4fe978 mode 0
Event: 2.204 Thread 0x0000022c1633e810 Uncommon trap: trap_request=0xffffff45 fr.pc=0x0000022c22b96d48 relative=0x0000000000000148
Event: 2.204 Thread 0x0000022c1633e810 Uncommon trap: reason=unstable_if action=reinterpret pc=0x0000022c22b96d48 method=com.streep.openglleer.Main.run()V @ 63 c2
Event: 2.204 Thread 0x0000022c1633e810 DEOPT PACKING pc=0x0000022c22b96d48 sp=0x000000994b4ff4f0
Event: 2.204 Thread 0x0000022c1633e810 DEOPT UNPACKING pc=0x0000022c1b0cd72e sp=0x000000994b4ff488 mode 2

Classes unloaded (0 events):
No events

Classes redefined (0 events):
No events

Internal exceptions (17 events):
Event: 0.143 Thread 0x0000022c1633e810 Exception <a 'java/lang/NoSuchMethodError'{0x00000007124337c0}: 'java.lang.Object java.lang.invoke.DirectMethodHandle$Holder.invokeStatic(java.lang.Object)'> (0x00000007124337c0) 
thrown [t:\workspace\open\src\hotspot\share\interpreter\linkResolver.cpp, line 790]
Event: 0.144 Thread 0x0000022c1633e810 Exception <a 'java/lang/NoSuchMethodError'{0x0000000712436ff0}: 'java.lang.Object java.lang.invoke.DirectMethodHandle$Holder.invokeStaticInit(java.lang.Object)'> (0x0000000712436ff0) 
thrown [t:\workspace\open\src\hotspot\share\interpreter\linkResolver.cpp, line 790]
Event: 0.152 Thread 0x0000022c1633e810 Exception <a 'java/lang/NoSuchMethodError'{0x0000000712481680}: 'void java.lang.invoke.DirectMethodHandle$Holder.invokeStatic(java.lang.Object, java.lang.Object)'> (0x0000000712481680) 
thrown [t:\workspace\open\src\hotspot\share\interpreter\linkResolver.cpp, line 790]
Event: 0.153 Thread 0x0000022c1633e810 Exception <a 'java/lang/NoSuchMethodError'{0x0000000712486fe8}: 'void java.lang.invoke.DirectMethodHandle$Holder.invokeSpecial(java.lang.Object, java.lang.Object, java.lang.Object)'> (0x0000000712486fe8) 
thrown [t:\workspace\open\src\hotspot\share\interpreter\linkResolver.cpp, line 790]
Event: 0.156 Thread 0x0000022c1633e810 Exception <a 'java/lang/NoSuchMethodError'{0x000000071249bbe0}: 'java.lang.Object java.lang.invoke.DirectMethodHandle$Holder.invokeStatic(java.lang.Object, java.lang.Object, int)'> (0x000000071249bbe0) 
thrown [t:\workspace\open\src\hotspot\share\interpreter\linkResolver.cpp, line 790]
Event: 0.157 Thread 0x0000022c1633e810 Exception <a 'java/lang/NoSuchMethodError'{0x00000007124a7d88}: 'void java.lang.invoke.DelegatingMethodHandle$Holder.delegate(java.lang.Object, java.lang.Object, int, java.lang.Object)'> (0x00000007124a7d88) 
thrown [t:\workspace\open\src\hotspot\share\interpreter\linkResolver.cpp, line 790]
Event: 0.157 Thread 0x0000022c1633e810 Exception <a 'java/lang/NoSuchMethodError'{0x00000007124ac0e0}: 'int java.lang.invoke.DirectMethodHandle$Holder.invokeSpecial(java.lang.Object, java.lang.Object, java.lang.Object)'> (0x00000007124ac0e0) 
thrown [t:\workspace\open\src\hotspot\share\interpreter\linkResolver.cpp, line 790]
Event: 0.185 Thread 0x0000022c1633e810 Exception <a 'sun/nio/fs/WindowsException'{0x000000071251e190}> (0x000000071251e190) 
thrown [t:\workspace\open\src\hotspot\share\prims\jni.cpp, line 579]
Event: 0.185 Thread 0x0000022c1633e810 Exception <a 'sun/nio/fs/WindowsException'{0x000000071251e710}> (0x000000071251e710) 
thrown [t:\workspace\open\src\hotspot\share\prims\jni.cpp, line 579]
Event: 0.219 Thread 0x0000022c1633e810 Exception <a 'sun/nio/fs/WindowsException'{0x0000000712239e38}> (0x0000000712239e38) 
thrown [t:\workspace\open\src\hotspot\share\prims\jni.cpp, line 579]
Event: 0.219 Thread 0x0000022c1633e810 Exception <a 'sun/nio/fs/WindowsException'{0x000000071223a1c8}> (0x000000071223a1c8) 
thrown [t:\workspace\open\src\hotspot\share\prims\jni.cpp, line 579]
Event: 1.939 Thread 0x0000022c1633e810 Exception <a 'sun/nio/fs/WindowsException'{0x00000007122e3c10}> (0x00000007122e3c10) 
thrown [t:\workspace\open\src\hotspot\share\prims\jni.cpp, line 579]
Event: 1.939 Thread 0x0000022c1633e810 Exception <a 'sun/nio/fs/WindowsException'{0x00000007122e3fe8}> (0x00000007122e3fe8) 
thrown [t:\workspace\open\src\hotspot\share\prims\jni.cpp, line 579]
Event: 1.941 Thread 0x0000022c1633e810 Exception <a 'sun/nio/fs/WindowsException'{0x00000007122f3158}> (0x00000007122f3158) 
thrown [t:\workspace\open\src\hotspot\share\prims\jni.cpp, line 579]
Event: 1.941 Thread 0x0000022c1633e810 Exception <a 'sun/nio/fs/WindowsException'{0x00000007122f3468}> (0x00000007122f3468) 
thrown [t:\workspace\open\src\hotspot\share\prims\jni.cpp, line 579]
Event: 2.119 Thread 0x0000022c1633e810 Exception <a 'sun/nio/fs/WindowsException'{0x000000071180fc18}> (0x000000071180fc18) 
thrown [t:\workspace\open\src\hotspot\share\prims\jni.cpp, line 579]
Event: 2.119 Thread 0x0000022c1633e810 Exception <a 'sun/nio/fs/WindowsException'{0x000000071180ffc8}> (0x000000071180ffc8) 
thrown [t:\workspace\open\src\hotspot\share\prims\jni.cpp, line 579]

Events (20 events):
Event: 2.131 loading class java/text/FieldPosition
Event: 2.131 loading class java/text/FieldPosition done
Event: 2.131 loading class java/text/DigitList
Event: 2.131 loading class java/text/DigitList done
Event: 2.131 loading class java/math/RoundingMode
Event: 2.131 loading class java/math/RoundingMode done
Event: 2.137 loading class java/lang/SecurityException
Event: 2.137 loading class java/lang/SecurityException done
Event: 2.138 loading class jdk/internal/access/foreign/MemorySegmentProxy
Event: 2.138 loading class jdk/internal/access/foreign/MemorySegmentProxy done
Event: 2.184 loading class java/io/FileReader
Event: 2.184 loading class java/io/FileReader done
Event: 2.213 loading class java/lang/NumberFormatException
Event: 2.213 loading class java/lang/NumberFormatException done
Event: 2.213 Executing  VM operation: HandshakeAllThreads
Event: 2.213 Executing  VM operation: HandshakeAllThreads done
Event: 2.213 Executing  VM operation: Cleanup
Event: 2.213 Executing  VM operation: Cleanup done
Event: 2.213 loading class java/math/BigInteger
Event: 2.214 loading class java/math/BigInteger done


Dynamic libraries:
0x00007ff773050000 - 0x00007ff77305e000 	C:\Users\streepmsi\Desktop\Programs\eclipse\plugins\org.eclipse.justj.openjdk.hotspot.jre.full.win32.x86_64_16.0.1.v20210528-1205\jre\bin\javaw.exe
0x00007ffae0b30000 - 0x00007ffae0d25000 	C:\Windows\SYSTEM32\ntdll.dll
0x00007ffadfa80000 - 0x00007ffadfb3e000 	C:\Windows\System32\KERNEL32.DLL
0x00007ffade670000 - 0x00007ffade939000 	C:\Windows\System32\KERNELBASE.dll
0x00007ffade2a0000 - 0x00007ffade3a0000 	C:\Windows\System32\ucrtbase.dll
0x00007ffad5f00000 - 0x00007ffad5f19000 	C:\Users\streepmsi\Desktop\Programs\eclipse\plugins\org.eclipse.justj.openjdk.hotspot.jre.full.win32.x86_64_16.0.1.v20210528-1205\jre\bin\VCRUNTIME140.dll
0x00007ffad2330000 - 0x00007ffad2348000 	C:\Users\streepmsi\Desktop\Programs\eclipse\plugins\org.eclipse.justj.openjdk.hotspot.jre.full.win32.x86_64_16.0.1.v20210528-1205\jre\bin\jli.dll
0x00007ffae0880000 - 0x00007ffae0a21000 	C:\Windows\System32\USER32.dll
0x00007ffac3960000 - 0x00007ffac3bfa000 	C:\Windows\WinSxS\amd64_microsoft.windows.common-controls_6595b64144ccf1df_6.0.19041.1110_none_60b5254171f9507e\COMCTL32.dll
0x00007ffadeac0000 - 0x00007ffadeae2000 	C:\Windows\System32\win32u.dll
0x00007ffadf430000 - 0x00007ffadf45b000 	C:\Windows\System32\GDI32.dll
0x00007ffadfe20000 - 0x00007ffadfebe000 	C:\Windows\System32\msvcrt.dll
0x00007ffade560000 - 0x00007ffade66b000 	C:\Windows\System32\gdi32full.dll
0x00007ffade940000 - 0x00007ffade9dd000 	C:\Windows\System32\msvcp_win.dll
0x00007ffadf980000 - 0x00007ffadf9b0000 	C:\Windows\System32\IMM32.DLL
0x00007ffad2320000 - 0x00007ffad232c000 	C:\Users\streepmsi\Desktop\Programs\eclipse\plugins\org.eclipse.justj.openjdk.hotspot.jre.full.win32.x86_64_16.0.1.v20210528-1205\jre\bin\vcruntime140_1.dll
0x00007ffad2280000 - 0x00007ffad2311000 	C:\Users\streepmsi\Desktop\Programs\eclipse\plugins\org.eclipse.justj.openjdk.hotspot.jre.full.win32.x86_64_16.0.1.v20210528-1205\jre\bin\msvcp140.dll
0x00007ffa9bc80000 - 0x00007ffa9c82b000 	C:\Users\streepmsi\Desktop\Programs\eclipse\plugins\org.eclipse.justj.openjdk.hotspot.jre.full.win32.x86_64_16.0.1.v20210528-1205\jre\bin\server\jvm.dll
0x00007ffae0a30000 - 0x00007ffae0adc000 	C:\Windows\System32\ADVAPI32.dll
0x00007ffadf460000 - 0x00007ffadf4fb000 	C:\Windows\System32\sechost.dll
0x00007ffae0730000 - 0x00007ffae085a000 	C:\Windows\System32\RPCRT4.dll
0x00007ffae0ae0000 - 0x00007ffae0ae8000 	C:\Windows\System32\PSAPI.DLL
0x00007ffad9550000 - 0x00007ffad9559000 	C:\Windows\SYSTEM32\WSOCK32.dll
0x00007ffad87c0000 - 0x00007ffad87ca000 	C:\Windows\SYSTEM32\VERSION.dll
0x00007ffac6930000 - 0x00007ffac6957000 	C:\Windows\SYSTEM32\WINMM.dll
0x00007ffadfc70000 - 0x00007ffadfcdb000 	C:\Windows\System32\WS2_32.dll
0x00007ffadc150000 - 0x00007ffadc162000 	C:\Windows\SYSTEM32\kernel.appcore.dll
0x00007ffad8e20000 - 0x00007ffad8e2a000 	C:\Users\streepmsi\Desktop\Programs\eclipse\plugins\org.eclipse.justj.openjdk.hotspot.jre.full.win32.x86_64_16.0.1.v20210528-1205\jre\bin\jimage.dll
0x00007ffac62e0000 - 0x00007ffac64c4000 	C:\Windows\SYSTEM32\DBGHELP.DLL
0x00007ffac6590000 - 0x00007ffac65bc000 	C:\Windows\SYSTEM32\dbgcore.DLL
0x00007ffadeaf0000 - 0x00007ffadeb73000 	C:\Windows\System32\bcryptPrimitives.dll
0x00007ffad29d0000 - 0x00007ffad29f5000 	C:\Users\streepmsi\Desktop\Programs\eclipse\plugins\org.eclipse.justj.openjdk.hotspot.jre.full.win32.x86_64_16.0.1.v20210528-1205\jre\bin\java.dll
0x00007ffad5ee0000 - 0x00007ffad5ef8000 	C:\Users\streepmsi\Desktop\Programs\eclipse\plugins\org.eclipse.justj.openjdk.hotspot.jre.full.win32.x86_64_16.0.1.v20210528-1205\jre\bin\zip.dll
0x00007ffadfff0000 - 0x00007ffae072f000 	C:\Windows\System32\SHELL32.dll
0x00007ffadc350000 - 0x00007ffadcae0000 	C:\Windows\SYSTEM32\windows.storage.dll
0x00007ffadf0d0000 - 0x00007ffadf425000 	C:\Windows\System32\combase.dll
0x00007ffaddca0000 - 0x00007ffaddccc000 	C:\Windows\SYSTEM32\Wldp.dll
0x00007ffadfd70000 - 0x00007ffadfe1e000 	C:\Windows\System32\SHCORE.dll
0x00007ffadf070000 - 0x00007ffadf0c5000 	C:\Windows\System32\shlwapi.dll
0x00007ffade190000 - 0x00007ffade1af000 	C:\Windows\SYSTEM32\profapi.dll
0x00007ffad5d80000 - 0x00007ffad5d99000 	C:\Users\streepmsi\Desktop\Programs\eclipse\plugins\org.eclipse.justj.openjdk.hotspot.jre.full.win32.x86_64_16.0.1.v20210528-1205\jre\bin\net.dll
0x00007ffad5c20000 - 0x00007ffad5d28000 	C:\Windows\SYSTEM32\WINHTTP.dll
0x00007ffadda00000 - 0x00007ffadda6a000 	C:\Windows\system32\mswsock.dll
0x00007ffad5bb0000 - 0x00007ffad5bc3000 	C:\Users\streepmsi\Desktop\Programs\eclipse\plugins\org.eclipse.justj.openjdk.hotspot.jre.full.win32.x86_64_16.0.1.v20210528-1205\jre\bin\nio.dll
0x00007ffad5fc0000 - 0x00007ffad5fd0000 	C:\Users\streepmsi\Desktop\Programs\eclipse\plugins\org.eclipse.justj.openjdk.hotspot.jre.full.win32.x86_64_16.0.1.v20210528-1205\jre\bin\verify.dll
0x00007ffabe0b0000 - 0x00007ffabe114000 	C:\Users\streepmsi\AppData\Local\Temp\lwjglstreepmsi\3.2.3-build-13\lwjgl.dll
0x00007ffabc710000 - 0x00007ffabc772000 	C:\Users\STREEP~1\AppData\Local\Temp\lwjglstreepmsi\3.2.3-build-13\glfw.dll
0x00007ffadbba0000 - 0x00007ffadbc3e000 	C:\Windows\system32\uxtheme.dll
0x00007ffad2230000 - 0x00007ffad2275000 	C:\Windows\SYSTEM32\dinput8.dll
0x00007ffad2120000 - 0x00007ffad2131000 	C:\Windows\SYSTEM32\xinput1_4.dll
0x00007ffade250000 - 0x00007ffade29e000 	C:\Windows\System32\cfgmgr32.dll
0x00007ffaddff0000 - 0x00007ffade024000 	C:\Windows\SYSTEM32\DEVOBJ.dll
0x00007ffadbe60000 - 0x00007ffadbe8f000 	C:\Windows\SYSTEM32\dwmapi.dll
0x00007ffacc710000 - 0x00007ffacc862000 	C:\Windows\SYSTEM32\inputhost.dll
0x00007ffadfec0000 - 0x00007ffadff8d000 	C:\Windows\System32\OLEAUT32.dll
0x00007ffadae50000 - 0x00007ffadafa4000 	C:\Windows\SYSTEM32\wintypes.dll
0x00007ffadb880000 - 0x00007ffadb972000 	C:\Windows\SYSTEM32\CoreMessaging.dll
0x00007ffad9900000 - 0x00007ffad99f6000 	C:\Windows\SYSTEM32\PROPSYS.dll
0x00007ffadb520000 - 0x00007ffadb87e000 	C:\Windows\SYSTEM32\CoreUIComponents.dll
0x00007ffadcf40000 - 0x00007ffadcf73000 	C:\Windows\SYSTEM32\ntmarta.dll
0x00007ffadfb40000 - 0x00007ffadfc55000 	C:\Windows\System32\MSCTF.dll
0x00007ffadcae0000 - 0x00007ffadcaed000 	C:\Windows\SYSTEM32\HID.DLL
0x00007ffadf500000 - 0x00007ffadf972000 	C:\Windows\System32\SETUPAPI.DLL
0x00007ffadea90000 - 0x00007ffadeab7000 	C:\Windows\System32\bcrypt.dll
0x00007ffade3a0000 - 0x00007ffade400000 	C:\Windows\System32\WINTRUST.dll
0x00007ffade400000 - 0x00007ffade556000 	C:\Windows\System32\CRYPT32.dll
0x00007ffadde30000 - 0x00007ffadde42000 	C:\Windows\SYSTEM32\MSASN1.dll
0x00007ffaccd10000 - 0x00007ffacce35000 	C:\Windows\SYSTEM32\opengl32.dll
0x00007ffad5910000 - 0x00007ffad593c000 	C:\Windows\SYSTEM32\GLU32.dll
0x00007ffadeee0000 - 0x00007ffadef89000 	C:\Windows\System32\clbcatq.dll
0x00007ffa6a190000 - 0x00007ffa6d14f000 	C:\Windows\System32\DriverStore\FileRepository\nvmii.inf_amd64_129542dbee5a4a5e\nvoglv64.dll
0x00007ffaded30000 - 0x00007ffadee5a000 	C:\Windows\System32\ole32.dll
0x00007ffad9aa0000 - 0x00007ffad9ab4000 	C:\Windows\SYSTEM32\WTSAPI32.dll
0x00007ffaddbf0000 - 0x00007ffaddbfc000 	C:\Windows\SYSTEM32\CRYPTBASE.DLL
0x00007ffad7a70000 - 0x00007ffad7aa1000 	C:\Windows\SYSTEM32\cryptnet.dll
0x00007ffad4ba0000 - 0x00007ffad4cea000 	C:\Windows\SYSTEM32\drvstore.dll
0x00007ffad4b60000 - 0x00007ffad4b9b000 	C:\Windows\SYSTEM32\dxcore.dll
0x00007ffaa7a20000 - 0x00007ffaa7ce3000 	C:\Windows\system32\nvspcap64.dll
0x00007ffadd7c0000 - 0x00007ffadd80b000 	C:\Windows\SYSTEM32\powrprof.dll
0x00007ffadd680000 - 0x00007ffadd692000 	C:\Windows\SYSTEM32\UMPDC.dll
0x00007ffadcff0000 - 0x00007ffadd04a000 	C:\Windows\SYSTEM32\WINSTA.dll
0x00007ffadcb40000 - 0x00007ffadcc34000 	C:\Windows\system32\dxgi.dll
0x00007ffada3d0000 - 0x00007ffada634000 	C:\Windows\system32\d3d11.dll
0x00007ffaaac40000 - 0x00007ffaaad46000 	C:\Windows\System32\DriverStore\FileRepository\nvmii.inf_amd64_129542dbee5a4a5e\nvldumdx.dll
0x00007ffae0860000 - 0x00007ffae087d000 	C:\Windows\System32\imagehlp.dll
0x00007ffaddc00000 - 0x00007ffaddc18000 	C:\Windows\SYSTEM32\CRYPTSP.dll
0x00007ffadd310000 - 0x00007ffadd344000 	C:\Windows\system32\rsaenh.dll
0x00007ffa67860000 - 0x00007ffa6a189000 	C:\Windows\System32\DriverStore\FileRepository\nvmii.inf_amd64_129542dbee5a4a5e\nvwgf2umx.dll
0x00007ffacaf80000 - 0x00007ffacb6e1000 	C:\Windows\SYSTEM32\nvapi64.dll
0x00007ffabef40000 - 0x00007ffabef99000 	C:\Users\streepmsi\AppData\Local\Temp\lwjglstreepmsi\3.2.3-build-13\lwjgl_opengl.dll
0x00007ffaca010000 - 0x00007ffaca109000 	C:\Windows\SYSTEM32\textinputframework.dll
0x00007ffab9d40000 - 0x00007ffab9db7000 	C:\Users\streepmsi\AppData\Local\Temp\lwjglstreepmsi\3.2.3-build-13\lwjgl_stb.dll

dbghelp: loaded successfully - version: 4.0.5 - missing functions: none
symbol engine: initialized successfully - sym options: 0x614 - pdb path: .;C:\Users\streepmsi\Desktop\Programs\eclipse\plugins\org.eclipse.justj.openjdk.hotspot.jre.full.win32.x86_64_16.0.1.v20210528-1205\jre\bin;C:\Windows\SYSTEM32;C:\Windows\WinSxS\amd64_microsoft.windows.common-controls_6595b64144ccf1df_6.0.19041.1110_none_60b5254171f9507e;C:\Users\streepmsi\Desktop\Programs\eclipse\plugins\org.eclipse.justj.openjdk.hotspot.jre.full.win32.x86_64_16.0.1.v20210528-1205\jre\bin\server;C:\Users\streepmsi\AppData\Local\Temp\lwjglstreepmsi\3.2.3-build-13;C:\Users\STREEP~1\AppData\Local\Temp\lwjglstreepmsi\3.2.3-build-13;C:\Windows\System32\DriverStore\FileRepository\nvmii.inf_amd64_129542dbee5a4a5e

VM Arguments:
jvm_args: -Dfile.encoding=UTF-8 -XX:+ShowCodeDetailsInExceptionMessages 
java_command: com.streep.openglleer.Main
java_class_path (initial): C:\Users\streepmsi\eclipse-workspace\OpenGLLeerproject\bin;C:\Users\streepmsi\Desktop\Libaries\lwjgl.jar;C:\Users\streepmsi\Desktop\Libaries\lwjgl-assimp.jar;C:\Users\streepmsi\Desktop\Libaries\lwjgl-assimp-javadoc.jar;C:\Users\streepmsi\Desktop\Libaries\lwjgl-assimp-natives-windows.jar;C:\Users\streepmsi\Desktop\Libaries\lwjgl-assimp-sources.jar;C:\Users\streepmsi\Desktop\Libaries\lwjgl-bgfx.jar;C:\Users\streepmsi\Desktop\Libaries\lwjgl-bgfx-javadoc.jar;C:\Users\streepmsi\Desktop\Libaries\lwjgl-bgfx-natives-windows.jar;C:\Users\streepmsi\Desktop\Libaries\lwjgl-bgfx-sources.jar;C:\Users\streepmsi\Desktop\Libaries\lwjgl-glfw.jar;C:\Users\streepmsi\Desktop\Libaries\lwjgl-glfw-javadoc.jar;C:\Users\streepmsi\Desktop\Libaries\lwjgl-glfw-natives-windows.jar;C:\Users\streepmsi\Desktop\Libaries\lwjgl-glfw-sources.jar;C:\Users\streepmsi\Desktop\Libaries\lwjgl-javadoc.jar;C:\Users\streepmsi\Desktop\Libaries\lwjgl-nanovg.jar;C:\Users\streepmsi\Desktop\Libaries\lwjgl-nanovg-javadoc.jar;C:\Users\streepmsi\Desktop\Libaries\lwjgl-nanovg-natives-windows.jar;C:\Users\streepmsi\Desktop\Libaries\lwjgl-nanovg-sources.jar;C:\Users\streepmsi\Desktop\Libaries\lwjgl-natives-windows.jar;C:\Users\streepmsi\Desktop\Libaries\lwjgl-nuklear.jar;C:\Users\streepmsi\Desktop\Libaries\lwjgl-nuklear-javadoc.jar;C:\Users\streepmsi\Desktop\Libaries\lwjgl-nuklear-natives-windows.jar;C:\Users\streepmsi\Desktop\Libaries\lwjgl-nuklear-sources.jar;C:\Users\streepmsi\Desktop\Libaries\lwjgl-openal.jar;C:\Users\streepmsi\Desktop\Libaries\lwjgl-openal-javadoc.jar;C:\Users\streepmsi\Desktop\Libaries\lwjgl-openal-natives-windows.jar;C:\Users\streepmsi\Desktop\Libaries\lwjgl-openal-sources.jar;C:\Users\streepmsi\Desktop\Libaries\lwjgl-opengl.jar;C:\Users\streepmsi\Desktop\Libaries\lwjgl-opengl-javadoc.jar;C:\Users\streepmsi\Desktop\Libaries\lwjgl-opengl-natives-windows.jar;C:\Users\streepmsi\Desktop\Libaries\lwjgl-opengl-sources.jar;C:\Users\streepmsi\Desktop\Libaries\lwjgl-par.jar;C:\U
Launcher Type: SUN_STANDARD

[Global flags]
     intx CICompilerCount                          = 4                                         {product} {ergonomic}
     uint ConcGCThreads                            = 2                                         {product} {ergonomic}
     uint G1ConcRefinementThreads                  = 8                                         {product} {ergonomic}
   size_t G1HeapRegionSize                         = 2097152                                   {product} {ergonomic}
    uintx GCDrainStackTargetSize                   = 64                                        {product} {ergonomic}
   size_t InitialHeapSize                          = 266338304                                 {product} {ergonomic}
   size_t MarkStackSize                            = 4194304                                   {product} {ergonomic}
   size_t MaxHeapSize                              = 4248829952                                {product} {ergonomic}
   size_t MaxNewSize                               = 2548039680                                {product} {ergonomic}
   size_t MinHeapDeltaBytes                        = 2097152                                   {product} {ergonomic}
   size_t MinHeapSize                              = 8388608                                   {product} {ergonomic}
    uintx NonNMethodCodeHeapSize                   = 5839372                                {pd product} {ergonomic}
    uintx NonProfiledCodeHeapSize                  = 122909434                              {pd product} {ergonomic}
    uintx ProfiledCodeHeapSize                     = 122909434                              {pd product} {ergonomic}
    uintx ReservedCodeCacheSize                    = 251658240                              {pd product} {ergonomic}
     bool SegmentedCodeCache                       = true                                      {product} {ergonomic}
     bool ShowCodeDetailsInExceptionMessages       = true                                   {manageable} {command line}
   size_t SoftMaxHeapSize                          = 4248829952                             {manageable} {ergonomic}
     bool UseCompressedClassPointers               = true                           {product lp64_product} {ergonomic}
     bool UseCompressedOops                        = true                           {product lp64_product} {ergonomic}
     bool UseG1GC                                  = true                                      {product} {ergonomic}
     bool UseLargePagesIndividualAllocation        = false                                  {pd product} {ergonomic}

Logging:
Log output configuration:
 #0: stdout all=warning uptime,level,tags
 #1: stderr all=off uptime,level,tags

Environment Variables:
PATH=C:/Users/streepmsi/Desktop/Programs/eclipse//plugins/org.eclipse.justj.openjdk.hotspot.jre.full.win32.x86_64_16.0.1.v20210528-1205/jre/bin/server;C:/Users/streepmsi/Desktop/Programs/eclipse//plugins/org.eclipse.justj.openjdk.hotspot.jre.full.win32.x86_64_16.0.1.v20210528-1205/jre/bin;C:\Program Files (x86)\Common Files\Oracle\Java\javapath;C:\Windows\system32;C:\Windows;C:\Windows\System32\Wbem;C:\Windows\System32\WindowsPowerShell\v1.0\;C:\Windows\System32\OpenSSH\;C:\Program Files (x86)\NVIDIA Corporation\PhysX\Common;C:\Program Files\NVIDIA Corporation\NVIDIA NvDLISR;C:\Users\streepmsi\Desktop\Programs\Git\cmd;C:\Users\streepmsi\AppData\Local\Microsoft\WindowsApps;;C:\Users\streepmsi\Desktop\Programs\eclipse;
USERNAME=streepmsi
OS=Windows_NT
PROCESSOR_IDENTIFIER=Intel64 Family 6 Model 165 Stepping 2, GenuineIntel



---------------  S Y S T E M  ---------------

OS:
 Windows 10 , 64 bit Build 19041 (10.0.19041.1202)
OS uptime: 3 days 0:34 hours

CPU: total 8 (initial active 8) (4 cores per cpu, 2 threads per core) family 6 model 165 stepping 2 microcode 0xe2, cx8, cmov, fxsr, ht, mmx, 3dnowpref, sse, sse2, sse3, ssse3, sse4.1, sse4.2, popcnt, lzcnt, tsc, tscinvbit, avx, avx2, aes, erms, clmul, bmi1, bmi2, adx, fma, vzeroupper, clflush, clflushopt

Memory: 4k page, system-wide physical 16205M (8355M free)
TotalPageFile size 18637M (AvailPageFile size 8858M)
current process WorkingSet (physical memory assigned to process): 118M, peak: 118M
current process commit charge ("private bytes"): 412M, peak: 413M

vm_info: OpenJDK 64-Bit Server VM (16.0.1+9-24) for windows-amd64 JRE (16.0.1+9-24), built on Mar 26 2021 19:30:07 by "mach5one" with MS VC++ 16.7 (VS2019)

END.
