#
# A fatal error has been detected by the Java Runtime Environment:
#
#  EXCEPTION_ACCESS_VIOLATION (0xc0000005) at pc=0x00007ffa9c314c64, pid=2844, tid=11576
#
# JRE version: OpenJDK Runtime Environment (16.0.1+9) (build 16.0.1+9-24)
# Java VM: OpenJDK 64-Bit Server VM (16.0.1+9-24, mixed mode, tiered, compressed oops, compressed class ptrs, g1 gc, windows-amd64)
# Problematic frame:
# V  [jvm.dll+0x694c64]
#
# No core dump will be written. Minidumps are not enabled by default on client versions of Windows
#
# If you would like to submit a bug report, please visit:
#   https://bugreport.java.com/bugreport/crash.jsp
#

---------------  S U M M A R Y ------------

Command Line: -Dfile.encoding=UTF-8 -XX:+ShowCodeDetailsInExceptionMessages com.streep.openglleer.Main

Host: Intel(R) Core(TM) i5-10200H CPU @ 2.40GHz, 8 cores, 15G,  Windows 10 , 64 bit Build 19041 (10.0.19041.1202)
Time: Thu Oct 14 12:22:33 2021 W. Europe Summer Time elapsed time: 1.886429 seconds (0d 0h 0m 1s)

---------------  T H R E A D  ---------------

Current thread (0x000001b8ab871ba0):  JavaThread "C2 CompilerThread0" daemon [_thread_in_vm, id=11576, stack(0x000000906c500000,0x000000906c600000)]


Current CompileTask:
C2:   1886 1073       4       org.lwjgl.system.MemoryUtil::strlen64NT1 (119 bytes)

Stack: [0x000000906c500000,0x000000906c600000],  sp=0x000000906c5fcec8,  free space=1011k
Native frames: (J=compiled Java code, j=interpreted, Vv=VM code, C=native code)
V  [jvm.dll+0x694c64]


siginfo: EXCEPTION_ACCESS_VIOLATION (0xc0000005), reading address 0x0000000000000010


Register to memory mapping:

RIP=0x00007ffa9c314c64 jvm.dll
RAX=0x0 is NULL
RBX=0x000001b88a598210 points into unknown readable memory: 0x000001b8ab871ba0 | a0 1b 87 ab b8 01 00 00
RCX=0x000001b8b2e90cd0 points into unknown readable memory: 0x0000000000000000 | 00 00 00 00 00 00 00 00
RDX=0x0000000000000060 is an unknown value
RSP=0x000000906c5fcec8 is pointing into the stack for thread: 0x000001b8ab871ba0
RBP=0x000001b8ab871ba0 is a thread
RSI=0x00000007112233c0 is an oop: java.security.ProtectionDomain 
{0x00000007112233c0} - klass: 'java/security/ProtectionDomain'
RDI=0x000001b8b2e90cd0 points into unknown readable memory: 0x0000000000000000 | 00 00 00 00 00 00 00 00
R8 =0x000001b8aadb3d48 points into unknown readable memory: 0x7573000fc748ffff | ff ff 48 c7 0f 00 73 75
R9 =0x000001b8ab872520 points into unknown readable memory: 0x00000007112233c0 | c0 33 22 11 07 00 00 00
R10=0x000000001080c748 is an unknown value
R11=0x0000000000000445 is an unknown value
R12=0x000000906c5fd150 is pointing into the stack for thread: 0x000001b8ab871ba0
R13=0x0 is NULL
R14=0x000001b8aadb3d48 points into unknown readable memory: 0x7573000fc748ffff | ff ff 48 c7 0f 00 73 75
R15=0x000001b8ab891780 points into unknown readable memory: 0x00007ffa9c541410 | 10 14 54 9c fa 7f 00 00


Registers:
RAX=0x0000000000000000, RBX=0x000001b88a598210, RCX=0x000001b8b2e90cd0, RDX=0x0000000000000060
RSP=0x000000906c5fcec8, RBP=0x000001b8ab871ba0, RSI=0x00000007112233c0, RDI=0x000001b8b2e90cd0
R8 =0x000001b8aadb3d48, R9 =0x000001b8ab872520, R10=0x000000001080c748, R11=0x0000000000000445
R12=0x000000906c5fd150, R13=0x0000000000000000, R14=0x000001b8aadb3d48, R15=0x000001b8ab891780
RIP=0x00007ffa9c314c64, EFLAGS=0x0000000000010202

Top of Stack: (sp=0x000000906c5fcec8)
0x000000906c5fcec8:   00007ffa9bf1b82c 000001b88a598210
0x000000906c5fced8:   00007ffa9c2eab39 00000008000ef9e8
0x000000906c5fcee8:   000000906c5fd150 000001b8ab858e20
0x000000906c5fcef8:   00007ffa9bf1b8d6 000001b8abdc4660
0x000000906c5fcf08:   00000007112086c0 000001b8b2c74520
0x000000906c5fcf18:   00007ffa9be54827 000001b8ab872520
0x000000906c5fcf28:   00007ffa9c3bee9d 000000000000000f
0x000000906c5fcf38:   000001b8abbfec27 000001b8ab871ba0
0x000000906c5fcf48:   000001b8abbfec27 000001b8aadb3d48
0x000000906c5fcf58:   00007ffa9c3bf3d4 000001b8ab872520
0x000000906c5fcf68:   000001b8aadb3d48 000001b8ab872518
0x000000906c5fcf78:   00007ffa9c2bab28 000001b8b2c74520
0x000000906c5fcf88:   00007ffa9c2eab39 0000000000000000
0x000000906c5fcf98:   000000906c5fd150 000001b8ab872520
0x000000906c5fcfa8:   000001b8ab872518 000001b8ab872520
0x000000906c5fcfb8:   00007ffa9be42133 000001b88a5996e0 

Instructions: (pc=0x00007ffa9c314c64)
0x00007ffa9c314b64:   46 fd ff 48 8d 05 a2 e4 20 00 48 8d 4c 24 68 48
0x00007ffa9c314b74:   89 44 24 30 e8 13 b5 ec ff 48 8d 05 2c bd 45 00
0x00007ffa9c314b84:   c7 84 24 c0 00 00 00 02 00 00 00 48 8d 15 82 7b
0x00007ffa9c314b94:   2a 00 48 89 84 24 c8 00 00 00 48 8d 4c 24 30 e8
0x00007ffa9c314ba4:   28 5d fd ff 48 8b 0b 48 8d 54 24 30 e8 1b 07 fc
0x00007ffa9c314bb4:   ff 48 8d 4c 24 30 e8 51 4e fd ff 48 8d 4c 24 30
0x00007ffa9c314bc4:   e8 e7 b4 ec ff e8 32 8d 10 00 48 8b d0 48 8d 4c
0x00007ffa9c314bd4:   24 28 4c 8b c3 e8 c2 85 14 00 4c 8b 44 24 28 8b
0x00007ffa9c314be4:   d5 49 8b ce e8 b3 00 cb ff 48 8b f8 49 8b 46 08
0x00007ffa9c314bf4:   49 8b 0c 07 48 89 4f 08 49 8d 4e 40 49 8b 46 08
0x00007ffa9c314c04:   49 89 3c 07 41 8b 46 2c ff c0 41 89 46 2c e8 69
0x00007ffa9c314c14:   6e 0b 00 48 8b 4f 10 ff 15 df bf 3d 00 48 8b b4
0x00007ffa9c314c24:   24 08 01 00 00 48 8b c7 48 8b 8c 24 d0 00 00 00
0x00007ffa9c314c34:   48 33 cc e8 24 fa 18 00 4c 8d 9c 24 e0 00 00 00
0x00007ffa9c314c44:   49 8b 5b 30 49 8b 6b 38 49 8b e3 41 5f 41 5e 5f
0x00007ffa9c314c54:   c3 cc cc cc cc cc cc cc cc cc cc cc 48 8b 41 08
0x00007ffa9c314c64:   48 8b 48 10 48 ff 25 49 c0 3d 00 cc 48 89 6c 24
0x00007ffa9c314c74:   18 48 89 7c 24 20 41 56 48 83 ec 20 44 8b 49 2c
0x00007ffa9c314c84:   48 8b ea 44 8b 01 48 8d 15 1f 7a 2a 00 4c 8b f1
0x00007ffa9c314c94:   48 8b cd e8 64 5c fd ff 33 ff 41 39 3e 7e 5b 48
0x00007ffa9c314ca4:   89 5c 24 30 48 89 74 24 38 8b f7 90 49 8b 46 08
0x00007ffa9c314cb4:   48 8b 1c 06 48 85 db 74 2c 0f 1f 00 48 8b 4b 10
0x00007ffa9c314cc4:   ff 15 ee bf 3d 00 44 8b c7 48 8d 15 1c 7a 2a 00
0x00007ffa9c314cd4:   4c 8b c8 48 8b cd e8 21 5c fd ff 48 8b 5b 08 48
0x00007ffa9c314ce4:   83 e3 fe 75 d7 ff c7 48 83 c6 08 41 3b 3e 7c bc
0x00007ffa9c314cf4:   48 8b 74 24 38 48 8b 5c 24 30 48 8b 6c 24 40 48
0x00007ffa9c314d04:   8b 7c 24 48 48 83 c4 20 41 5e c3 cc 48 89 5c 24
0x00007ffa9c314d14:   08 57 48 83 ec 20 48 8b 1d 97 72 45 00 48 8b f9
0x00007ffa9c314d24:   48 85 db 74 2d 48 8b cb e8 7f 5f fa ff c6 87 80
0x00007ffa9c314d34:   00 00 00 01 48 8b 0d 79 72 45 00 e8 dc 5f fa ff
0x00007ffa9c314d44:   48 8b cb 48 8b 5c 24 30 48 83 c4 20 5f e9 fa 60
0x00007ffa9c314d54:   fa ff c6 81 80 00 00 00 01 48 8b 0d 54 72 45 00 


Stack slot to memory mapping:
stack at sp + 0 slots: 0x00007ffa9bf1b82c jvm.dll
stack at sp + 1 slots: 0x000001b88a598210 points into unknown readable memory: 0x000001b8ab871ba0 | a0 1b 87 ab b8 01 00 00
stack at sp + 2 slots: 0x00007ffa9c2eab39 jvm.dll
stack at sp + 3 slots: 0x00000008000ef9e8 is a pointer to class: 
sun.misc.Unsafe {0x00000008000ef9f0}
stack at sp + 4 slots: 0x000000906c5fd150 is pointing into the stack for thread: 0x000001b8ab871ba0
stack at sp + 5 slots: 0x000001b8ab858e20 points into unknown readable memory: 0x616a4c2000000002 | 02 00 00 00 20 4c 6a 61
stack at sp + 6 slots: 0x00007ffa9bf1b8d6 jvm.dll
stack at sp + 7 slots: 0x000001b8abdc4660 points into unknown readable memory: 0x000000001080c748 | 48 c7 80 10 00 00 00 00


---------------  P R O C E S S  ---------------

Threads class SMR info:
_java_thread_list=0x000001b8b2d4d630, length=15, elements={
0x000001b88a59c720, 0x000001b8ab834250, 0x000001b8ab835110, 0x000001b8ab862400,
0x000001b8ab862f10, 0x000001b8ab859370, 0x000001b8ab85cb50, 0x000001b8ab871ba0,
0x000001b8ab872690, 0x000001b8ab87f4d0, 0x000001b8ab85d0a0, 0x000001b8ab85c0b0,
0x000001b8b287df80, 0x000001b8ab85a620, 0x000001b8b3181790
}

Java Threads: ( => current thread )
  0x000001b88a59c720 JavaThread "main" [_thread_blocked, id=14492, stack(0x000000906b800000,0x000000906b900000)]
  0x000001b8ab834250 JavaThread "Reference Handler" daemon [_thread_blocked, id=11720, stack(0x000000906bf00000,0x000000906c000000)]
  0x000001b8ab835110 JavaThread "Finalizer" daemon [_thread_blocked, id=9292, stack(0x000000906c000000,0x000000906c100000)]
  0x000001b8ab862400 JavaThread "Signal Dispatcher" daemon [_thread_blocked, id=8564, stack(0x000000906c100000,0x000000906c200000)]
  0x000001b8ab862f10 JavaThread "Attach Listener" daemon [_thread_blocked, id=11480, stack(0x000000906c200000,0x000000906c300000)]
  0x000001b8ab859370 JavaThread "Service Thread" daemon [_thread_blocked, id=11076, stack(0x000000906c300000,0x000000906c400000)]
  0x000001b8ab85cb50 JavaThread "Monitor Deflation Thread" daemon [_thread_blocked, id=3084, stack(0x000000906c400000,0x000000906c500000)]
=>0x000001b8ab871ba0 JavaThread "C2 CompilerThread0" daemon [_thread_in_vm, id=11576, stack(0x000000906c500000,0x000000906c600000)]
  0x000001b8ab872690 JavaThread "C1 CompilerThread0" daemon [_thread_blocked, id=13304, stack(0x000000906c600000,0x000000906c700000)]
  0x000001b8ab87f4d0 JavaThread "Sweeper thread" daemon [_thread_blocked, id=2616, stack(0x000000906c700000,0x000000906c800000)]
  0x000001b8ab85d0a0 JavaThread "Notification Thread" daemon [_thread_blocked, id=16560, stack(0x000000906c800000,0x000000906c900000)]
  0x000001b8ab85c0b0 JavaThread "Common-Cleaner" daemon [_thread_blocked, id=14560, stack(0x000000906ca00000,0x000000906cb00000)]
  0x000001b8b287df80 JavaThread "C2 CompilerThread1" daemon [_thread_blocked, id=1248, stack(0x000000906cb00000,0x000000906cc00000)]
  0x000001b8ab85a620 JavaThread "Java2D Disposer" daemon [_thread_blocked, id=17056, stack(0x000000906d400000,0x000000906d500000)]
  0x000001b8b3181790 JavaThread "C2 CompilerThread2" daemon [_thread_blocked, id=3108, stack(0x000000906d600000,0x000000906d700000)]

Other Threads:
  0x000001b8ab817440 VMThread "VM Thread" [stack: 0x000000906be00000,0x000000906bf00000] [id=11984]
  0x000001b8ab9dc6a0 WatcherThread [stack: 0x000000906c900000,0x000000906ca00000] [id=9772]
  0x000001b88a5ed810 GCTaskThread "GC Thread#0" [stack: 0x000000906b900000,0x000000906ba00000] [id=9668]
  0x000001b8ac3db020 GCTaskThread "GC Thread#1" [stack: 0x000000906d700000,0x000000906d800000] [id=520]
  0x000001b8ac3db640 GCTaskThread "GC Thread#2" [stack: 0x000000906d800000,0x000000906d900000] [id=1560]
  0x000001b8b3185bf0 GCTaskThread "GC Thread#3" [stack: 0x000000906d900000,0x000000906da00000] [id=17100]
  0x000001b8b3186b40 GCTaskThread "GC Thread#4" [stack: 0x000000906da00000,0x000000906db00000] [id=3512]
  0x000001b8b3185f00 GCTaskThread "GC Thread#5" [stack: 0x000000906db00000,0x000000906dc00000] [id=16524]
  0x000001b8b3186520 GCTaskThread "GC Thread#6" [stack: 0x000000906dc00000,0x000000906dd00000] [id=13692]
  0x000001b8b3184680 GCTaskThread "GC Thread#7" [stack: 0x000000906dd00000,0x000000906de00000] [id=7896]
  0x000001b88a600240 ConcurrentGCThread "G1 Main Marker" [stack: 0x000000906ba00000,0x000000906bb00000] [id=12644]
  0x000001b88a601cc0 ConcurrentGCThread "G1 Conc#0" [stack: 0x000000906bb00000,0x000000906bc00000] [id=6828]
  0x000001b88a674960 ConcurrentGCThread "G1 Refine#0" [stack: 0x000000906bc00000,0x000000906bd00000] [id=6708]
  0x000001b88a6753e0 ConcurrentGCThread "G1 Service" [stack: 0x000000906bd00000,0x000000906be00000] [id=3480]

Threads with active compile tasks:
C2 CompilerThread0     1911 1073       4       org.lwjgl.system.MemoryUtil::strlen64NT1 (119 bytes)
C2 CompilerThread2     1911 1072       4       java.util.concurrent.ConcurrentHashMap::get (162 bytes)

VM state: not at safepoint (normal execution)

VM Mutex/Monitor currently owned by a thread:  ([mutex/lock_event])
[0x000001b88a598210] ProtectionDomainSet_lock - owner thread: 0x000001b8ab871ba0
[0x000001b88a5996e0] Compile_lock - owner thread: 0x000001b8ab871ba0
[0x000001b88a599530] MethodCompileQueue_lock - owner thread: 0x000001b8b3181790

Heap address: 0x0000000702c00000, size: 4052 MB, Compressed Oops mode: Zero based, Oop shift amount: 3

CDS disabled.
Compressed class space mapped at: 0x0000000800000000-0x0000000840000000, reserved size: 1073741824
Narrow klass base: 0x0000000800000000, Narrow klass shift: 0, Narrow klass range: 0x40000000

GC Precious Log:
 CPUs: 8 total, 8 available
 Memory: 16205M
 Large Page Support: Disabled
 NUMA Support: Disabled
 Compressed Oops: Enabled (Zero based)
 Heap Region Size: 2M
 Heap Min Capacity: 8M
 Heap Initial Capacity: 254M
 Heap Max Capacity: 4052M
 Pre-touch: Disabled
 Parallel Workers: 8
 Concurrent Workers: 2
 Concurrent Refinement Workers: 8
 Periodic GC: Disabled

Heap:
 garbage-first heap   total 260096K, used 3307K [0x0000000702c00000, 0x0000000800000000)
  region size 2048K, 3 young (6144K), 2 survivors (4096K)
 Metaspace       used 16194K, committed 16384K, reserved 1064960K
  class space    used 1108K, committed 1152K, reserved 1048576K

Heap Regions: E=young(eden), S=young(survivor), O=old, HS=humongous(starts), HC=humongous(continues), CS=collection set, F=free, OA=open archive, CA=closed archive, TAMS=top-at-mark-start (previous, next)
|   0|0x0000000702c00000, 0x0000000702c00000, 0x0000000702e00000|  0%| F|  |TAMS 0x0000000702c00000, 0x0000000702c00000| Untracked 
|   1|0x0000000702e00000, 0x0000000702e00000, 0x0000000703000000|  0%| F|  |TAMS 0x0000000702e00000, 0x0000000702e00000| Untracked 
|   2|0x0000000703000000, 0x0000000703000000, 0x0000000703200000|  0%| F|  |TAMS 0x0000000703000000, 0x0000000703000000| Untracked 
|   3|0x0000000703200000, 0x0000000703200000, 0x0000000703400000|  0%| F|  |TAMS 0x0000000703200000, 0x0000000703200000| Untracked 
|   4|0x0000000703400000, 0x0000000703400000, 0x0000000703600000|  0%| F|  |TAMS 0x0000000703400000, 0x0000000703400000| Untracked 
|   5|0x0000000703600000, 0x0000000703600000, 0x0000000703800000|  0%| F|  |TAMS 0x0000000703600000, 0x0000000703600000| Untracked 
|   6|0x0000000703800000, 0x0000000703800000, 0x0000000703a00000|  0%| F|  |TAMS 0x0000000703800000, 0x0000000703800000| Untracked 
|   7|0x0000000703a00000, 0x0000000703a00000, 0x0000000703c00000|  0%| F|  |TAMS 0x0000000703a00000, 0x0000000703a00000| Untracked 
|   8|0x0000000703c00000, 0x0000000703c00000, 0x0000000703e00000|  0%| F|  |TAMS 0x0000000703c00000, 0x0000000703c00000| Untracked 
|   9|0x0000000703e00000, 0x0000000703e00000, 0x0000000704000000|  0%| F|  |TAMS 0x0000000703e00000, 0x0000000703e00000| Untracked 
|  10|0x0000000704000000, 0x0000000704000000, 0x0000000704200000|  0%| F|  |TAMS 0x0000000704000000, 0x0000000704000000| Untracked 
|  11|0x0000000704200000, 0x0000000704200000, 0x0000000704400000|  0%| F|  |TAMS 0x0000000704200000, 0x0000000704200000| Untracked 
|  12|0x0000000704400000, 0x0000000704400000, 0x0000000704600000|  0%| F|  |TAMS 0x0000000704400000, 0x0000000704400000| Untracked 
|  13|0x0000000704600000, 0x0000000704600000, 0x0000000704800000|  0%| F|  |TAMS 0x0000000704600000, 0x0000000704600000| Untracked 
|  14|0x0000000704800000, 0x0000000704800000, 0x0000000704a00000|  0%| F|  |TAMS 0x0000000704800000, 0x0000000704800000| Untracked 
|  15|0x0000000704a00000, 0x0000000704a00000, 0x0000000704c00000|  0%| F|  |TAMS 0x0000000704a00000, 0x0000000704a00000| Untracked 
|  16|0x0000000704c00000, 0x0000000704c00000, 0x0000000704e00000|  0%| F|  |TAMS 0x0000000704c00000, 0x0000000704c00000| Untracked 
|  17|0x0000000704e00000, 0x0000000704e00000, 0x0000000705000000|  0%| F|  |TAMS 0x0000000704e00000, 0x0000000704e00000| Untracked 
|  18|0x0000000705000000, 0x0000000705000000, 0x0000000705200000|  0%| F|  |TAMS 0x0000000705000000, 0x0000000705000000| Untracked 
|  19|0x0000000705200000, 0x0000000705200000, 0x0000000705400000|  0%| F|  |TAMS 0x0000000705200000, 0x0000000705200000| Untracked 
|  20|0x0000000705400000, 0x0000000705400000, 0x0000000705600000|  0%| F|  |TAMS 0x0000000705400000, 0x0000000705400000| Untracked 
|  21|0x0000000705600000, 0x0000000705600000, 0x0000000705800000|  0%| F|  |TAMS 0x0000000705600000, 0x0000000705600000| Untracked 
|  22|0x0000000705800000, 0x0000000705800000, 0x0000000705a00000|  0%| F|  |TAMS 0x0000000705800000, 0x0000000705800000| Untracked 
|  23|0x0000000705a00000, 0x0000000705a00000, 0x0000000705c00000|  0%| F|  |TAMS 0x0000000705a00000, 0x0000000705a00000| Untracked 
|  24|0x0000000705c00000, 0x0000000705c00000, 0x0000000705e00000|  0%| F|  |TAMS 0x0000000705c00000, 0x0000000705c00000| Untracked 
|  25|0x0000000705e00000, 0x0000000705e00000, 0x0000000706000000|  0%| F|  |TAMS 0x0000000705e00000, 0x0000000705e00000| Untracked 
|  26|0x0000000706000000, 0x0000000706000000, 0x0000000706200000|  0%| F|  |TAMS 0x0000000706000000, 0x0000000706000000| Untracked 
|  27|0x0000000706200000, 0x0000000706200000, 0x0000000706400000|  0%| F|  |TAMS 0x0000000706200000, 0x0000000706200000| Untracked 
|  28|0x0000000706400000, 0x0000000706400000, 0x0000000706600000|  0%| F|  |TAMS 0x0000000706400000, 0x0000000706400000| Untracked 
|  29|0x0000000706600000, 0x0000000706600000, 0x0000000706800000|  0%| F|  |TAMS 0x0000000706600000, 0x0000000706600000| Untracked 
|  30|0x0000000706800000, 0x0000000706800000, 0x0000000706a00000|  0%| F|  |TAMS 0x0000000706800000, 0x0000000706800000| Untracked 
|  31|0x0000000706a00000, 0x0000000706a00000, 0x0000000706c00000|  0%| F|  |TAMS 0x0000000706a00000, 0x0000000706a00000| Untracked 
|  32|0x0000000706c00000, 0x0000000706c00000, 0x0000000706e00000|  0%| F|  |TAMS 0x0000000706c00000, 0x0000000706c00000| Untracked 
|  33|0x0000000706e00000, 0x0000000706e00000, 0x0000000707000000|  0%| F|  |TAMS 0x0000000706e00000, 0x0000000706e00000| Untracked 
|  34|0x0000000707000000, 0x0000000707000000, 0x0000000707200000|  0%| F|  |TAMS 0x0000000707000000, 0x0000000707000000| Untracked 
|  35|0x0000000707200000, 0x0000000707200000, 0x0000000707400000|  0%| F|  |TAMS 0x0000000707200000, 0x0000000707200000| Untracked 
|  36|0x0000000707400000, 0x0000000707400000, 0x0000000707600000|  0%| F|  |TAMS 0x0000000707400000, 0x0000000707400000| Untracked 
|  37|0x0000000707600000, 0x0000000707600000, 0x0000000707800000|  0%| F|  |TAMS 0x0000000707600000, 0x0000000707600000| Untracked 
|  38|0x0000000707800000, 0x0000000707800000, 0x0000000707a00000|  0%| F|  |TAMS 0x0000000707800000, 0x0000000707800000| Untracked 
|  39|0x0000000707a00000, 0x0000000707a00000, 0x0000000707c00000|  0%| F|  |TAMS 0x0000000707a00000, 0x0000000707a00000| Untracked 
|  40|0x0000000707c00000, 0x0000000707c00000, 0x0000000707e00000|  0%| F|  |TAMS 0x0000000707c00000, 0x0000000707c00000| Untracked 
|  41|0x0000000707e00000, 0x0000000707e00000, 0x0000000708000000|  0%| F|  |TAMS 0x0000000707e00000, 0x0000000707e00000| Untracked 
|  42|0x0000000708000000, 0x0000000708000000, 0x0000000708200000|  0%| F|  |TAMS 0x0000000708000000, 0x0000000708000000| Untracked 
|  43|0x0000000708200000, 0x0000000708200000, 0x0000000708400000|  0%| F|  |TAMS 0x0000000708200000, 0x0000000708200000| Untracked 
|  44|0x0000000708400000, 0x0000000708400000, 0x0000000708600000|  0%| F|  |TAMS 0x0000000708400000, 0x0000000708400000| Untracked 
|  45|0x0000000708600000, 0x0000000708600000, 0x0000000708800000|  0%| F|  |TAMS 0x0000000708600000, 0x0000000708600000| Untracked 
|  46|0x0000000708800000, 0x0000000708800000, 0x0000000708a00000|  0%| F|  |TAMS 0x0000000708800000, 0x0000000708800000| Untracked 
|  47|0x0000000708a00000, 0x0000000708a00000, 0x0000000708c00000|  0%| F|  |TAMS 0x0000000708a00000, 0x0000000708a00000| Untracked 
|  48|0x0000000708c00000, 0x0000000708c00000, 0x0000000708e00000|  0%| F|  |TAMS 0x0000000708c00000, 0x0000000708c00000| Untracked 
|  49|0x0000000708e00000, 0x0000000708e00000, 0x0000000709000000|  0%| F|  |TAMS 0x0000000708e00000, 0x0000000708e00000| Untracked 
|  50|0x0000000709000000, 0x0000000709000000, 0x0000000709200000|  0%| F|  |TAMS 0x0000000709000000, 0x0000000709000000| Untracked 
|  51|0x0000000709200000, 0x0000000709200000, 0x0000000709400000|  0%| F|  |TAMS 0x0000000709200000, 0x0000000709200000| Untracked 
|  52|0x0000000709400000, 0x0000000709400000, 0x0000000709600000|  0%| F|  |TAMS 0x0000000709400000, 0x0000000709400000| Untracked 
|  53|0x0000000709600000, 0x0000000709600000, 0x0000000709800000|  0%| F|  |TAMS 0x0000000709600000, 0x0000000709600000| Untracked 
|  54|0x0000000709800000, 0x0000000709800000, 0x0000000709a00000|  0%| F|  |TAMS 0x0000000709800000, 0x0000000709800000| Untracked 
|  55|0x0000000709a00000, 0x0000000709a00000, 0x0000000709c00000|  0%| F|  |TAMS 0x0000000709a00000, 0x0000000709a00000| Untracked 
|  56|0x0000000709c00000, 0x0000000709c00000, 0x0000000709e00000|  0%| F|  |TAMS 0x0000000709c00000, 0x0000000709c00000| Untracked 
|  57|0x0000000709e00000, 0x0000000709e00000, 0x000000070a000000|  0%| F|  |TAMS 0x0000000709e00000, 0x0000000709e00000| Untracked 
|  58|0x000000070a000000, 0x000000070a000000, 0x000000070a200000|  0%| F|  |TAMS 0x000000070a000000, 0x000000070a000000| Untracked 
|  59|0x000000070a200000, 0x000000070a200000, 0x000000070a400000|  0%| F|  |TAMS 0x000000070a200000, 0x000000070a200000| Untracked 
|  60|0x000000070a400000, 0x000000070a400000, 0x000000070a600000|  0%| F|  |TAMS 0x000000070a400000, 0x000000070a400000| Untracked 
|  61|0x000000070a600000, 0x000000070a600000, 0x000000070a800000|  0%| F|  |TAMS 0x000000070a600000, 0x000000070a600000| Untracked 
|  62|0x000000070a800000, 0x000000070a800000, 0x000000070aa00000|  0%| F|  |TAMS 0x000000070a800000, 0x000000070a800000| Untracked 
|  63|0x000000070aa00000, 0x000000070aa00000, 0x000000070ac00000|  0%| F|  |TAMS 0x000000070aa00000, 0x000000070aa00000| Untracked 
|  64|0x000000070ac00000, 0x000000070ac00000, 0x000000070ae00000|  0%| F|  |TAMS 0x000000070ac00000, 0x000000070ac00000| Untracked 
|  65|0x000000070ae00000, 0x000000070ae00000, 0x000000070b000000|  0%| F|  |TAMS 0x000000070ae00000, 0x000000070ae00000| Untracked 
|  66|0x000000070b000000, 0x000000070b000000, 0x000000070b200000|  0%| F|  |TAMS 0x000000070b000000, 0x000000070b000000| Untracked 
|  67|0x000000070b200000, 0x000000070b200000, 0x000000070b400000|  0%| F|  |TAMS 0x000000070b200000, 0x000000070b200000| Untracked 
|  68|0x000000070b400000, 0x000000070b400000, 0x000000070b600000|  0%| F|  |TAMS 0x000000070b400000, 0x000000070b400000| Untracked 
|  69|0x000000070b600000, 0x000000070b600000, 0x000000070b800000|  0%| F|  |TAMS 0x000000070b600000, 0x000000070b600000| Untracked 
|  70|0x000000070b800000, 0x000000070b800000, 0x000000070ba00000|  0%| F|  |TAMS 0x000000070b800000, 0x000000070b800000| Untracked 
|  71|0x000000070ba00000, 0x000000070ba00000, 0x000000070bc00000|  0%| F|  |TAMS 0x000000070ba00000, 0x000000070ba00000| Untracked 
|  72|0x000000070bc00000, 0x000000070bc00000, 0x000000070be00000|  0%| F|  |TAMS 0x000000070bc00000, 0x000000070bc00000| Untracked 
|  73|0x000000070be00000, 0x000000070be00000, 0x000000070c000000|  0%| F|  |TAMS 0x000000070be00000, 0x000000070be00000| Untracked 
|  74|0x000000070c000000, 0x000000070c000000, 0x000000070c200000|  0%| F|  |TAMS 0x000000070c000000, 0x000000070c000000| Untracked 
|  75|0x000000070c200000, 0x000000070c200000, 0x000000070c400000|  0%| F|  |TAMS 0x000000070c200000, 0x000000070c200000| Untracked 
|  76|0x000000070c400000, 0x000000070c400000, 0x000000070c600000|  0%| F|  |TAMS 0x000000070c400000, 0x000000070c400000| Untracked 
|  77|0x000000070c600000, 0x000000070c600000, 0x000000070c800000|  0%| F|  |TAMS 0x000000070c600000, 0x000000070c600000| Untracked 
|  78|0x000000070c800000, 0x000000070c800000, 0x000000070ca00000|  0%| F|  |TAMS 0x000000070c800000, 0x000000070c800000| Untracked 
|  79|0x000000070ca00000, 0x000000070ca00000, 0x000000070cc00000|  0%| F|  |TAMS 0x000000070ca00000, 0x000000070ca00000| Untracked 
|  80|0x000000070cc00000, 0x000000070cc00000, 0x000000070ce00000|  0%| F|  |TAMS 0x000000070cc00000, 0x000000070cc00000| Untracked 
|  81|0x000000070ce00000, 0x000000070ce00000, 0x000000070d000000|  0%| F|  |TAMS 0x000000070ce00000, 0x000000070ce00000| Untracked 
|  82|0x000000070d000000, 0x000000070d000000, 0x000000070d200000|  0%| F|  |TAMS 0x000000070d000000, 0x000000070d000000| Untracked 
|  83|0x000000070d200000, 0x000000070d200000, 0x000000070d400000|  0%| F|  |TAMS 0x000000070d200000, 0x000000070d200000| Untracked 
|  84|0x000000070d400000, 0x000000070d400000, 0x000000070d600000|  0%| F|  |TAMS 0x000000070d400000, 0x000000070d400000| Untracked 
|  85|0x000000070d600000, 0x000000070d600000, 0x000000070d800000|  0%| F|  |TAMS 0x000000070d600000, 0x000000070d600000| Untracked 
|  86|0x000000070d800000, 0x000000070d800000, 0x000000070da00000|  0%| F|  |TAMS 0x000000070d800000, 0x000000070d800000| Untracked 
|  87|0x000000070da00000, 0x000000070da00000, 0x000000070dc00000|  0%| F|  |TAMS 0x000000070da00000, 0x000000070da00000| Untracked 
|  88|0x000000070dc00000, 0x000000070dc00000, 0x000000070de00000|  0%| F|  |TAMS 0x000000070dc00000, 0x000000070dc00000| Untracked 
|  89|0x000000070de00000, 0x000000070de00000, 0x000000070e000000|  0%| F|  |TAMS 0x000000070de00000, 0x000000070de00000| Untracked 
|  90|0x000000070e000000, 0x000000070e000000, 0x000000070e200000|  0%| F|  |TAMS 0x000000070e000000, 0x000000070e000000| Untracked 
|  91|0x000000070e200000, 0x000000070e200000, 0x000000070e400000|  0%| F|  |TAMS 0x000000070e200000, 0x000000070e200000| Untracked 
|  92|0x000000070e400000, 0x000000070e400000, 0x000000070e600000|  0%| F|  |TAMS 0x000000070e400000, 0x000000070e400000| Untracked 
|  93|0x000000070e600000, 0x000000070e600000, 0x000000070e800000|  0%| F|  |TAMS 0x000000070e600000, 0x000000070e600000| Untracked 
|  94|0x000000070e800000, 0x000000070e800000, 0x000000070ea00000|  0%| F|  |TAMS 0x000000070e800000, 0x000000070e800000| Untracked 
|  95|0x000000070ea00000, 0x000000070ea00000, 0x000000070ec00000|  0%| F|  |TAMS 0x000000070ea00000, 0x000000070ea00000| Untracked 
|  96|0x000000070ec00000, 0x000000070ec00000, 0x000000070ee00000|  0%| F|  |TAMS 0x000000070ec00000, 0x000000070ec00000| Untracked 
|  97|0x000000070ee00000, 0x000000070ee00000, 0x000000070f000000|  0%| F|  |TAMS 0x000000070ee00000, 0x000000070ee00000| Untracked 
|  98|0x000000070f000000, 0x000000070f000000, 0x000000070f200000|  0%| F|  |TAMS 0x000000070f000000, 0x000000070f000000| Untracked 
|  99|0x000000070f200000, 0x000000070f200000, 0x000000070f400000|  0%| F|  |TAMS 0x000000070f200000, 0x000000070f200000| Untracked 
| 100|0x000000070f400000, 0x000000070f400000, 0x000000070f600000|  0%| F|  |TAMS 0x000000070f400000, 0x000000070f400000| Untracked 
| 101|0x000000070f600000, 0x000000070f600000, 0x000000070f800000|  0%| F|  |TAMS 0x000000070f600000, 0x000000070f600000| Untracked 
| 102|0x000000070f800000, 0x000000070f800000, 0x000000070fa00000|  0%| F|  |TAMS 0x000000070f800000, 0x000000070f800000| Untracked 
| 103|0x000000070fa00000, 0x000000070fa00000, 0x000000070fc00000|  0%| F|  |TAMS 0x000000070fa00000, 0x000000070fa00000| Untracked 
| 104|0x000000070fc00000, 0x000000070fc00000, 0x000000070fe00000|  0%| F|  |TAMS 0x000000070fc00000, 0x000000070fc00000| Untracked 
| 105|0x000000070fe00000, 0x000000070fe00000, 0x0000000710000000|  0%| F|  |TAMS 0x000000070fe00000, 0x000000070fe00000| Untracked 
| 106|0x0000000710000000, 0x0000000710000000, 0x0000000710200000|  0%| F|  |TAMS 0x0000000710000000, 0x0000000710000000| Untracked 
| 107|0x0000000710200000, 0x0000000710200000, 0x0000000710400000|  0%| F|  |TAMS 0x0000000710200000, 0x0000000710200000| Untracked 
| 108|0x0000000710400000, 0x0000000710400000, 0x0000000710600000|  0%| F|  |TAMS 0x0000000710400000, 0x0000000710400000| Untracked 
| 109|0x0000000710600000, 0x0000000710600000, 0x0000000710800000|  0%| F|  |TAMS 0x0000000710600000, 0x0000000710600000| Untracked 
| 110|0x0000000710800000, 0x0000000710800000, 0x0000000710a00000|  0%| F|  |TAMS 0x0000000710800000, 0x0000000710800000| Untracked 
| 111|0x0000000710a00000, 0x0000000710a00000, 0x0000000710c00000|  0%| F|  |TAMS 0x0000000710a00000, 0x0000000710a00000| Untracked 
| 112|0x0000000710c00000, 0x0000000710c00000, 0x0000000710e00000|  0%| F|  |TAMS 0x0000000710c00000, 0x0000000710c00000| Untracked 
| 113|0x0000000710e00000, 0x0000000710e00000, 0x0000000711000000|  0%| F|  |TAMS 0x0000000710e00000, 0x0000000710e00000| Untracked 
| 114|0x0000000711000000, 0x000000071113af20, 0x0000000711200000| 61%| S|CS|TAMS 0x0000000711000000, 0x0000000711000000| Complete 
| 115|0x0000000711200000, 0x0000000711400000, 0x0000000711400000|100%| S|CS|TAMS 0x0000000711200000, 0x0000000711200000| Complete 
| 116|0x0000000711400000, 0x0000000711400000, 0x0000000711600000|  0%| F|  |TAMS 0x0000000711400000, 0x0000000711400000| Untracked 
| 117|0x0000000711600000, 0x0000000711600000, 0x0000000711800000|  0%| F|  |TAMS 0x0000000711600000, 0x0000000711600000| Untracked 
| 118|0x0000000711800000, 0x0000000711800000, 0x0000000711a00000|  0%| F|  |TAMS 0x0000000711800000, 0x0000000711800000| Untracked 
| 119|0x0000000711a00000, 0x0000000711a00000, 0x0000000711c00000|  0%| F|  |TAMS 0x0000000711a00000, 0x0000000711a00000| Untracked 
| 120|0x0000000711c00000, 0x0000000711c00000, 0x0000000711e00000|  0%| F|  |TAMS 0x0000000711c00000, 0x0000000711c00000| Untracked 
| 121|0x0000000711e00000, 0x0000000711e00000, 0x0000000712000000|  0%| F|  |TAMS 0x0000000711e00000, 0x0000000711e00000| Untracked 
| 122|0x0000000712000000, 0x0000000712000000, 0x0000000712200000|  0%| F|  |TAMS 0x0000000712000000, 0x0000000712000000| Untracked 
| 123|0x0000000712200000, 0x0000000712200000, 0x0000000712400000|  0%| F|  |TAMS 0x0000000712200000, 0x0000000712200000| Untracked 
| 124|0x0000000712400000, 0x0000000712400000, 0x0000000712600000|  0%| F|  |TAMS 0x0000000712400000, 0x0000000712400000| Untracked 
| 125|0x0000000712600000, 0x0000000712600000, 0x0000000712800000|  0%| F|  |TAMS 0x0000000712600000, 0x0000000712600000| Untracked 
| 126|0x0000000712800000, 0x0000000712a00000, 0x0000000712a00000|100%| E|  |TAMS 0x0000000712800000, 0x0000000712800000| Complete 

Card table byte_map: [0x000001b89f570000,0x000001b89fd60000] _byte_map_base: 0x000001b89bd5a000

Marking Bits (Prev, Next): (CMBitMap*) 0x000001b88a5ef310, (CMBitMap*) 0x000001b88a5ef350
 Prev Bits: [0x000001b8a0550000, 0x000001b8a44a0000)
 Next Bits: [0x000001b8a44a0000, 0x000001b8a83f0000)

Polling page: 0x000001b88a680000

Metaspace:

Usage:
  Non-class:     14.73 MB used.
      Class:      1.08 MB used.
       Both:     15.81 MB used.

Virtual space:
  Non-class space:       16.00 MB reserved,      14.88 MB ( 93%) committed,  2 nodes.
      Class space:        1.00 GB reserved,       1.12 MB ( <1%) committed,  1 nodes.
              Both:        1.02 GB reserved,      16.00 MB (  2%) committed. 

Chunk freelists:
   Non-Class:  880.00 KB
       Class:  2.69 MB
        Both:  3.55 MB

MaxMetaspaceSize: 17179869184.00 GB
CompressedClassSpaceSize: 1.00 GB
 - commit_granule_bytes: 65536.
 - commit_granule_words: 8192.
 - virtual_space_node_default_size: 1048576.
 - enlarge_chunks_in_place: 1.
 - new_chunks_are_fully_committed: 0.
 - uncommit_free_chunks: 1.
 - use_allocation_guard: 0.
 - handle_deallocations: 1.


Internal statistics:

num_allocs_failed_limit: 0.
num_arena_births: 96.
num_arena_deaths: 0.
num_vsnodes_births: 3.
num_vsnodes_deaths: 0.
num_space_committed: 254.
num_space_uncommitted: 0.
num_chunks_returned_to_freelist: 0.
num_chunks_taken_from_freelist: 335.
num_chunk_merges: 0.
num_chunk_splits: 249.
num_chunks_enlarged: 202.
num_purges: 0.

CodeHeap 'non-profiled nmethods': size=120000Kb used=396Kb max_used=396Kb free=119604Kb
 bounds [0x000001b896de0000, 0x000001b897050000, 0x000001b89e310000]
CodeHeap 'profiled nmethods': size=120000Kb used=1769Kb max_used=1769Kb free=118231Kb
 bounds [0x000001b88f8b0000, 0x000001b88fb20000, 0x000001b896de0000]
CodeHeap 'non-nmethods': size=5760Kb used=1677Kb max_used=1685Kb free=4082Kb
 bounds [0x000001b88f310000, 0x000001b88f580000, 0x000001b88f8b0000]
 total_blobs=2175 nmethods=1071 adapters=1015
 compilation: enabled
              stopped_count=0, restarted_count=0
 full_count=0

Compilation events (20 events):
Event: 1.863 Thread 0x000001b8ab872690 1068       3       java.util.Formatter$Conversion::isGeneral (64 bytes)
Event: 1.863 Thread 0x000001b8ab872690 nmethod 1068 0x000001b88fa66c90 code [0x000001b88fa66e40, 0x000001b88fa67038]
Event: 1.863 Thread 0x000001b8ab872690 1061       3       java.text.DecimalFormatSymbols::findNonFormatChar (25 bytes)
Event: 1.864 Thread 0x000001b8ab872690 nmethod 1061 0x000001b88fa67110 code [0x000001b88fa67320, 0x000001b88fa67aa8]
Event: 1.864 Thread 0x000001b8ab872690 1062       3       java.lang.String::chars (43 bytes)
Event: 1.864 Thread 0x000001b8ab872690 nmethod 1062 0x000001b88fa67d10 code [0x000001b88fa67ee0, 0x000001b88fa68288]
Event: 1.864 Thread 0x000001b8ab872690 1063       3       java.util.stream.StreamSupport::intStream (14 bytes)
Event: 1.864 Thread 0x000001b8ab872690 nmethod 1063 0x000001b88fa68390 code [0x000001b88fa68560, 0x000001b88fa68838]
Event: 1.864 Thread 0x000001b8ab872690 1064       3       java.util.stream.IntPipeline$Head::<init> (8 bytes)
Event: 1.864 Thread 0x000001b8ab872690 nmethod 1064 0x000001b88fa68990 code [0x000001b88fa68b40, 0x000001b88fa68cc8]
Event: 1.864 Thread 0x000001b8ab872690 1065       1       java.text.DecimalFormatSymbols::getZeroDigit (5 bytes)
Event: 1.864 Thread 0x000001b8ab872690 nmethod 1065 0x000001b896e42d10 code [0x000001b896e42ea0, 0x000001b896e42f78]
Event: 1.875 Thread 0x000001b8ab872690 1069       3       java.util.Formatter$Conversion::isCharacter (32 bytes)
Event: 1.876 Thread 0x000001b8ab872690 nmethod 1069 0x000001b88fa68d90 code [0x000001b88fa68f40, 0x000001b88fa690b8]
Event: 1.876 Thread 0x000001b8ab872690 1070       3       java.util.Formatter$Conversion::isInteger (48 bytes)
Event: 1.876 Thread 0x000001b8b3181790 1072       4       java.util.concurrent.ConcurrentHashMap::get (162 bytes)
Event: 1.876 Thread 0x000001b8ab872690 nmethod 1070 0x000001b88fa69190 code [0x000001b88fa69340, 0x000001b88fa694f8]
Event: 1.876 Thread 0x000001b8ab872690 1071       3       java.util.Formatter$FormatSpecifier::checkInteger (91 bytes)
Event: 1.876 Thread 0x000001b8ab872690 nmethod 1071 0x000001b88fa69590 code [0x000001b88fa697e0, 0x000001b88fa6a228]
Event: 1.877 Thread 0x000001b8ab871ba0 1073       4       org.lwjgl.system.MemoryUtil::strlen64NT1 (119 bytes)

GC Heap History (2 events):
Event: 1.799 GC heap before
{Heap before GC invocations=0 (full 0):
 garbage-first heap   total 260096K, used 22528K [0x0000000702c00000, 0x0000000800000000)
  region size 2048K, 11 young (22528K), 0 survivors (0K)
 Metaspace       used 16169K, committed 16320K, reserved 1064960K
  class space    used 1108K, committed 1152K, reserved 1048576K
}
Event: 1.802 GC heap after
{Heap after GC invocations=1 (full 0):
 garbage-first heap   total 260096K, used 3307K [0x0000000702c00000, 0x0000000800000000)
  region size 2048K, 2 young (4096K), 2 survivors (4096K)
 Metaspace       used 16169K, committed 16320K, reserved 1064960K
  class space    used 1108K, committed 1152K, reserved 1048576K
}

Deoptimization events (20 events):
Event: 1.459 Thread 0x000001b88a59c720 DEOPT PACKING pc=0x000001b88f8ebce5 sp=0x000000906b8fdc40
Event: 1.459 Thread 0x000001b88a59c720 DEOPT UNPACKING pc=0x000001b88f35dece sp=0x000000906b8fd0b8 mode 0
Event: 1.511 Thread 0x000001b88a59c720 Uncommon trap: trap_request=0xffffff54 fr.pc=0x000001b896e07f00 relative=0x0000000000000060
Event: 1.511 Thread 0x000001b88a59c720 Uncommon trap: reason=speculate_null_assert action=make_not_entrant pc=0x000001b896e07f00 method=sun.misc.Unsafe.putLong(Ljava/lang/Object;JJ)V @ 7 c2
Event: 1.511 Thread 0x000001b88a59c720 DEOPT PACKING pc=0x000001b896e07f00 sp=0x000000906b8ff1e0
Event: 1.511 Thread 0x000001b88a59c720 DEOPT UNPACKING pc=0x000001b88f35d72e sp=0x000000906b8ff158 mode 2
Event: 1.544 Thread 0x000001b88a59c720 Uncommon trap: trap_request=0xffffff45 fr.pc=0x000001b896e20a0c relative=0x0000000000001d8c
Event: 1.544 Thread 0x000001b88a59c720 Uncommon trap: reason=unstable_if action=reinterpret pc=0x000001b896e20a0c method=java.util.jar.JarFile.getVersionedEntry(Ljava/lang/String;Ljava/util/jar/JarEntry;)Ljava/util/jar/JarEntry; @ 6 c2
Event: 1.544 Thread 0x000001b88a59c720 DEOPT PACKING pc=0x000001b896e20a0c sp=0x000000906b8fc870
Event: 1.544 Thread 0x000001b88a59c720 DEOPT UNPACKING pc=0x000001b88f35d72e sp=0x000000906b8fc728 mode 2
Event: 1.545 Thread 0x000001b88a59c720 Uncommon trap: trap_request=0xffffff45 fr.pc=0x000001b896e1c788 relative=0x0000000000001128
Event: 1.545 Thread 0x000001b88a59c720 Uncommon trap: reason=unstable_if action=reinterpret pc=0x000001b896e1c788 method=java.util.jar.JarFile.getVersionedEntry(Ljava/lang/String;Ljava/util/jar/JarEntry;)Ljava/util/jar/JarEntry; @ 6 c2
Event: 1.545 Thread 0x000001b88a59c720 DEOPT PACKING pc=0x000001b896e1c788 sp=0x000000906b8fc7d0
Event: 1.545 Thread 0x000001b88a59c720 DEOPT UNPACKING pc=0x000001b88f35d72e sp=0x000000906b8fc748 mode 2
Event: 1.676 Thread 0x000001b88a59c720 DEOPT PACKING pc=0x000001b88fa48769 sp=0x000000906b8ff5c0
Event: 1.676 Thread 0x000001b88a59c720 DEOPT UNPACKING pc=0x000001b88f35dece sp=0x000000906b8febf8 mode 0
Event: 1.682 Thread 0x000001b88a59c720 Uncommon trap: trap_request=0xffffff45 fr.pc=0x000001b896e34f48 relative=0x0000000000000148
Event: 1.682 Thread 0x000001b88a59c720 Uncommon trap: reason=unstable_if action=reinterpret pc=0x000001b896e34f48 method=com.streep.openglleer.Main.run()V @ 63 c2
Event: 1.682 Thread 0x000001b88a59c720 DEOPT PACKING pc=0x000001b896e34f48 sp=0x000000906b8ff770
Event: 1.683 Thread 0x000001b88a59c720 DEOPT UNPACKING pc=0x000001b88f35d72e sp=0x000000906b8ff708 mode 2

Classes unloaded (0 events):
No events

Classes redefined (0 events):
No events

Internal exceptions (18 events):
Event: 0.136 Thread 0x000001b88a59c720 Exception <a 'java/lang/NoSuchMethodError'{0x00000007124337c0}: 'java.lang.Object java.lang.invoke.DirectMethodHandle$Holder.invokeStatic(java.lang.Object)'> (0x00000007124337c0) 
thrown [t:\workspace\open\src\hotspot\share\interpreter\linkResolver.cpp, line 790]
Event: 0.136 Thread 0x000001b88a59c720 Exception <a 'java/lang/NoSuchMethodError'{0x0000000712436ff0}: 'java.lang.Object java.lang.invoke.DirectMethodHandle$Holder.invokeStaticInit(java.lang.Object)'> (0x0000000712436ff0) 
thrown [t:\workspace\open\src\hotspot\share\interpreter\linkResolver.cpp, line 790]
Event: 0.145 Thread 0x000001b88a59c720 Exception <a 'java/lang/NoSuchMethodError'{0x0000000712481680}: 'void java.lang.invoke.DirectMethodHandle$Holder.invokeStatic(java.lang.Object, java.lang.Object)'> (0x0000000712481680) 
thrown [t:\workspace\open\src\hotspot\share\interpreter\linkResolver.cpp, line 790]
Event: 0.146 Thread 0x000001b88a59c720 Exception <a 'java/lang/NoSuchMethodError'{0x0000000712486fe8}: 'void java.lang.invoke.DirectMethodHandle$Holder.invokeSpecial(java.lang.Object, java.lang.Object, java.lang.Object)'> (0x0000000712486fe8) 
thrown [t:\workspace\open\src\hotspot\share\interpreter\linkResolver.cpp, line 790]
Event: 0.148 Thread 0x000001b88a59c720 Exception <a 'java/lang/NoSuchMethodError'{0x000000071249bbe0}: 'java.lang.Object java.lang.invoke.DirectMethodHandle$Holder.invokeStatic(java.lang.Object, java.lang.Object, int)'> (0x000000071249bbe0) 
thrown [t:\workspace\open\src\hotspot\share\interpreter\linkResolver.cpp, line 790]
Event: 0.149 Thread 0x000001b88a59c720 Exception <a 'java/lang/NoSuchMethodError'{0x00000007124a7d88}: 'void java.lang.invoke.DelegatingMethodHandle$Holder.delegate(java.lang.Object, java.lang.Object, int, java.lang.Object)'> (0x00000007124a7d88) 
thrown [t:\workspace\open\src\hotspot\share\interpreter\linkResolver.cpp, line 790]
Event: 0.149 Thread 0x000001b88a59c720 Exception <a 'java/lang/NoSuchMethodError'{0x00000007124ac0e0}: 'int java.lang.invoke.DirectMethodHandle$Holder.invokeSpecial(java.lang.Object, java.lang.Object, java.lang.Object)'> (0x00000007124ac0e0) 
thrown [t:\workspace\open\src\hotspot\share\interpreter\linkResolver.cpp, line 790]
Event: 0.179 Thread 0x000001b88a59c720 Exception <a 'sun/nio/fs/WindowsException'{0x000000071251e210}> (0x000000071251e210) 
thrown [t:\workspace\open\src\hotspot\share\prims\jni.cpp, line 579]
Event: 0.179 Thread 0x000001b88a59c720 Exception <a 'sun/nio/fs/WindowsException'{0x000000071251e790}> (0x000000071251e790) 
thrown [t:\workspace\open\src\hotspot\share\prims\jni.cpp, line 579]
Event: 0.216 Thread 0x000001b88a59c720 Exception <a 'sun/nio/fs/WindowsException'{0x0000000712239e28}> (0x0000000712239e28) 
thrown [t:\workspace\open\src\hotspot\share\prims\jni.cpp, line 579]
Event: 0.216 Thread 0x000001b88a59c720 Exception <a 'sun/nio/fs/WindowsException'{0x000000071223a1b8}> (0x000000071223a1b8) 
thrown [t:\workspace\open\src\hotspot\share\prims\jni.cpp, line 579]
Event: 1.381 Thread 0x000001b88a59c720 Exception <a 'sun/nio/fs/WindowsException'{0x00000007122e3b60}> (0x00000007122e3b60) 
thrown [t:\workspace\open\src\hotspot\share\prims\jni.cpp, line 579]
Event: 1.381 Thread 0x000001b88a59c720 Exception <a 'sun/nio/fs/WindowsException'{0x00000007122e3f38}> (0x00000007122e3f38) 
thrown [t:\workspace\open\src\hotspot\share\prims\jni.cpp, line 579]
Event: 1.383 Thread 0x000001b88a59c720 Exception <a 'sun/nio/fs/WindowsException'{0x00000007122f30a8}> (0x00000007122f30a8) 
thrown [t:\workspace\open\src\hotspot\share\prims\jni.cpp, line 579]
Event: 1.383 Thread 0x000001b88a59c720 Exception <a 'sun/nio/fs/WindowsException'{0x00000007122f33b8}> (0x00000007122f33b8) 
thrown [t:\workspace\open\src\hotspot\share\prims\jni.cpp, line 579]
Event: 1.548 Thread 0x000001b88a59c720 Exception <a 'java/lang/ClassNotFoundException'{0x0000000711bf0270}: sun/awt/resources/spi/awtProvider> (0x0000000711bf0270) 
thrown [t:\workspace\open\src\hotspot\share\classfile\systemDictionary.cpp, line 256]
Event: 1.559 Thread 0x000001b88a59c720 Exception <a 'java/io/FileNotFoundException'{0x000000071183b0c8}> (0x000000071183b0c8) 
thrown [t:\workspace\open\src\hotspot\share\prims\jni.cpp, line 579]
Event: 1.563 Thread 0x000001b88a59c720 Exception <a 'java/io/FileNotFoundException'{0x0000000711869b10}> (0x0000000711869b10) 
thrown [t:\workspace\open\src\hotspot\share\prims\jni.cpp, line 579]

Events (20 events):
Event: 1.608 loading class java/text/DigitList done
Event: 1.608 loading class java/math/RoundingMode
Event: 1.608 loading class java/math/RoundingMode done
Event: 1.614 loading class java/lang/SecurityException
Event: 1.614 loading class java/lang/SecurityException done
Event: 1.615 loading class jdk/internal/access/foreign/MemorySegmentProxy
Event: 1.615 loading class jdk/internal/access/foreign/MemorySegmentProxy done
Event: 1.663 loading class java/io/FileReader
Event: 1.663 loading class java/io/FileReader done
Event: 1.692 loading class java/lang/NumberFormatException
Event: 1.692 loading class java/lang/NumberFormatException done
Event: 1.692 Executing  VM operation: HandshakeAllThreads
Event: 1.692 Executing  VM operation: HandshakeAllThreads done
Event: 1.692 loading class java/math/BigInteger
Event: 1.693 loading class java/math/BigInteger done
Event: 1.752 Thread 0x000001b8b3181790 Thread added: 0x000001b8b3181790
Event: 1.799 Executing  VM operation: G1CollectForAllocation
Event: 1.802 Executing  VM operation: G1CollectForAllocation done
Event: 1.876 Executing  VM operation: ICBufferFull
Event: 1.876 Executing  VM operation: ICBufferFull done


Dynamic libraries:
0x00007ff773050000 - 0x00007ff77305e000 	C:\Users\streepmsi\Desktop\Programs\eclipse\plugins\org.eclipse.justj.openjdk.hotspot.jre.full.win32.x86_64_16.0.1.v20210528-1205\jre\bin\javaw.exe
0x00007ffae0b30000 - 0x00007ffae0d25000 	C:\Windows\SYSTEM32\ntdll.dll
0x00007ffadfa80000 - 0x00007ffadfb3e000 	C:\Windows\System32\KERNEL32.DLL
0x00007ffade670000 - 0x00007ffade939000 	C:\Windows\System32\KERNELBASE.dll
0x00007ffade2a0000 - 0x00007ffade3a0000 	C:\Windows\System32\ucrtbase.dll
0x00007ffad6030000 - 0x00007ffad6048000 	C:\Users\streepmsi\Desktop\Programs\eclipse\plugins\org.eclipse.justj.openjdk.hotspot.jre.full.win32.x86_64_16.0.1.v20210528-1205\jre\bin\jli.dll
0x00007ffad5fc0000 - 0x00007ffad5fd9000 	C:\Users\streepmsi\Desktop\Programs\eclipse\plugins\org.eclipse.justj.openjdk.hotspot.jre.full.win32.x86_64_16.0.1.v20210528-1205\jre\bin\VCRUNTIME140.dll
0x00007ffae0880000 - 0x00007ffae0a21000 	C:\Windows\System32\USER32.dll
0x00007ffadeac0000 - 0x00007ffadeae2000 	C:\Windows\System32\win32u.dll
0x00007ffac3960000 - 0x00007ffac3bfa000 	C:\Windows\WinSxS\amd64_microsoft.windows.common-controls_6595b64144ccf1df_6.0.19041.1110_none_60b5254171f9507e\COMCTL32.dll
0x00007ffadf430000 - 0x00007ffadf45b000 	C:\Windows\System32\GDI32.dll
0x00007ffadfe20000 - 0x00007ffadfebe000 	C:\Windows\System32\msvcrt.dll
0x00007ffade560000 - 0x00007ffade66b000 	C:\Windows\System32\gdi32full.dll
0x00007ffade940000 - 0x00007ffade9dd000 	C:\Windows\System32\msvcp_win.dll
0x00007ffadf980000 - 0x00007ffadf9b0000 	C:\Windows\System32\IMM32.DLL
0x00007ffad9550000 - 0x00007ffad955c000 	C:\Users\streepmsi\Desktop\Programs\eclipse\plugins\org.eclipse.justj.openjdk.hotspot.jre.full.win32.x86_64_16.0.1.v20210528-1205\jre\bin\vcruntime140_1.dll
0x00007ffac71e0000 - 0x00007ffac7271000 	C:\Users\streepmsi\Desktop\Programs\eclipse\plugins\org.eclipse.justj.openjdk.hotspot.jre.full.win32.x86_64_16.0.1.v20210528-1205\jre\bin\msvcp140.dll
0x00007ffa9bc80000 - 0x00007ffa9c82b000 	C:\Users\streepmsi\Desktop\Programs\eclipse\plugins\org.eclipse.justj.openjdk.hotspot.jre.full.win32.x86_64_16.0.1.v20210528-1205\jre\bin\server\jvm.dll
0x00007ffae0a30000 - 0x00007ffae0adc000 	C:\Windows\System32\ADVAPI32.dll
0x00007ffadf460000 - 0x00007ffadf4fb000 	C:\Windows\System32\sechost.dll
0x00007ffae0730000 - 0x00007ffae085a000 	C:\Windows\System32\RPCRT4.dll
0x00007ffae0ae0000 - 0x00007ffae0ae8000 	C:\Windows\System32\PSAPI.DLL
0x00007ffad5d90000 - 0x00007ffad5d99000 	C:\Windows\SYSTEM32\WSOCK32.dll
0x00007ffad87c0000 - 0x00007ffad87ca000 	C:\Windows\SYSTEM32\VERSION.dll
0x00007ffadfc70000 - 0x00007ffadfcdb000 	C:\Windows\System32\WS2_32.dll
0x00007ffac6930000 - 0x00007ffac6957000 	C:\Windows\SYSTEM32\WINMM.dll
0x00007ffadc150000 - 0x00007ffadc162000 	C:\Windows\SYSTEM32\kernel.appcore.dll
0x00007ffad1d80000 - 0x00007ffad1d8a000 	C:\Users\streepmsi\Desktop\Programs\eclipse\plugins\org.eclipse.justj.openjdk.hotspot.jre.full.win32.x86_64_16.0.1.v20210528-1205\jre\bin\jimage.dll
0x00007ffac62e0000 - 0x00007ffac64c4000 	C:\Windows\SYSTEM32\DBGHELP.DLL
0x00007ffac6590000 - 0x00007ffac65bc000 	C:\Windows\SYSTEM32\dbgcore.DLL
0x00007ffadeaf0000 - 0x00007ffadeb73000 	C:\Windows\System32\bcryptPrimitives.dll
0x00007ffabef40000 - 0x00007ffabef65000 	C:\Users\streepmsi\Desktop\Programs\eclipse\plugins\org.eclipse.justj.openjdk.hotspot.jre.full.win32.x86_64_16.0.1.v20210528-1205\jre\bin\java.dll
0x00007ffac9ff0000 - 0x00007ffaca008000 	C:\Users\streepmsi\Desktop\Programs\eclipse\plugins\org.eclipse.justj.openjdk.hotspot.jre.full.win32.x86_64_16.0.1.v20210528-1205\jre\bin\zip.dll
0x00007ffadfff0000 - 0x00007ffae072f000 	C:\Windows\System32\SHELL32.dll
0x00007ffadc350000 - 0x00007ffadcae0000 	C:\Windows\SYSTEM32\windows.storage.dll
0x00007ffadf0d0000 - 0x00007ffadf425000 	C:\Windows\System32\combase.dll
0x00007ffaddca0000 - 0x00007ffaddccc000 	C:\Windows\SYSTEM32\Wldp.dll
0x00007ffadfd70000 - 0x00007ffadfe1e000 	C:\Windows\System32\SHCORE.dll
0x00007ffadf070000 - 0x00007ffadf0c5000 	C:\Windows\System32\shlwapi.dll
0x00007ffade190000 - 0x00007ffade1af000 	C:\Windows\SYSTEM32\profapi.dll
0x00007ffac9c40000 - 0x00007ffac9c59000 	C:\Users\streepmsi\Desktop\Programs\eclipse\plugins\org.eclipse.justj.openjdk.hotspot.jre.full.win32.x86_64_16.0.1.v20210528-1205\jre\bin\net.dll
0x00007ffad5c20000 - 0x00007ffad5d28000 	C:\Windows\SYSTEM32\WINHTTP.dll
0x00007ffadda00000 - 0x00007ffadda6a000 	C:\Windows\system32\mswsock.dll
0x00007ffabeec0000 - 0x00007ffabeed3000 	C:\Users\streepmsi\Desktop\Programs\eclipse\plugins\org.eclipse.justj.openjdk.hotspot.jre.full.win32.x86_64_16.0.1.v20210528-1205\jre\bin\nio.dll
0x00007ffad1d70000 - 0x00007ffad1d80000 	C:\Users\streepmsi\Desktop\Programs\eclipse\plugins\org.eclipse.justj.openjdk.hotspot.jre.full.win32.x86_64_16.0.1.v20210528-1205\jre\bin\verify.dll
0x00007ffad5e40000 - 0x00007ffad5ea4000 	C:\Users\streepmsi\AppData\Local\Temp\lwjglstreepmsi\3.2.3-build-13\lwjgl.dll
0x00007ffacbf90000 - 0x00007ffacbff2000 	C:\Users\STREEP~1\AppData\Local\Temp\lwjglstreepmsi\3.2.3-build-13\glfw.dll
0x00007ffadbba0000 - 0x00007ffadbc3e000 	C:\Windows\system32\uxtheme.dll
0x00007ffacc090000 - 0x00007ffacc0d5000 	C:\Windows\SYSTEM32\dinput8.dll
0x00007ffad5f00000 - 0x00007ffad5f11000 	C:\Windows\SYSTEM32\xinput1_4.dll
0x00007ffade250000 - 0x00007ffade29e000 	C:\Windows\System32\cfgmgr32.dll
0x00007ffaddff0000 - 0x00007ffade024000 	C:\Windows\SYSTEM32\DEVOBJ.dll
0x00007ffadbe60000 - 0x00007ffadbe8f000 	C:\Windows\SYSTEM32\dwmapi.dll
0x00007ffacc710000 - 0x00007ffacc862000 	C:\Windows\SYSTEM32\inputhost.dll
0x00007ffadfec0000 - 0x00007ffadff8d000 	C:\Windows\System32\OLEAUT32.dll
0x00007ffadae50000 - 0x00007ffadafa4000 	C:\Windows\SYSTEM32\wintypes.dll
0x00007ffadb880000 - 0x00007ffadb972000 	C:\Windows\SYSTEM32\CoreMessaging.dll
0x00007ffad9900000 - 0x00007ffad99f6000 	C:\Windows\SYSTEM32\PROPSYS.dll
0x00007ffadb520000 - 0x00007ffadb87e000 	C:\Windows\SYSTEM32\CoreUIComponents.dll
0x00007ffadcf40000 - 0x00007ffadcf73000 	C:\Windows\SYSTEM32\ntmarta.dll
0x00007ffadfb40000 - 0x00007ffadfc55000 	C:\Windows\System32\MSCTF.dll
0x00007ffadcae0000 - 0x00007ffadcaed000 	C:\Windows\SYSTEM32\HID.DLL
0x00007ffadf500000 - 0x00007ffadf972000 	C:\Windows\System32\SETUPAPI.DLL
0x00007ffadea90000 - 0x00007ffadeab7000 	C:\Windows\System32\bcrypt.dll
0x00007ffade3a0000 - 0x00007ffade400000 	C:\Windows\System32\WINTRUST.dll
0x00007ffade400000 - 0x00007ffade556000 	C:\Windows\System32\CRYPT32.dll
0x00007ffadde30000 - 0x00007ffadde42000 	C:\Windows\SYSTEM32\MSASN1.dll
0x00007ffaccd10000 - 0x00007ffacce35000 	C:\Windows\SYSTEM32\opengl32.dll
0x00007ffad5910000 - 0x00007ffad593c000 	C:\Windows\SYSTEM32\GLU32.dll
0x00007ffadeee0000 - 0x00007ffadef89000 	C:\Windows\System32\clbcatq.dll
0x00007ffa90830000 - 0x00007ffa937ef000 	C:\Windows\System32\DriverStore\FileRepository\nvmii.inf_amd64_129542dbee5a4a5e\nvoglv64.dll
0x00007ffaded30000 - 0x00007ffadee5a000 	C:\Windows\System32\ole32.dll
0x00007ffad9aa0000 - 0x00007ffad9ab4000 	C:\Windows\SYSTEM32\WTSAPI32.dll
0x00007ffaddbf0000 - 0x00007ffaddbfc000 	C:\Windows\SYSTEM32\CRYPTBASE.DLL
0x00007ffad7a70000 - 0x00007ffad7aa1000 	C:\Windows\SYSTEM32\cryptnet.dll
0x00007ffad4ba0000 - 0x00007ffad4cea000 	C:\Windows\SYSTEM32\drvstore.dll
0x00007ffad4b60000 - 0x00007ffad4b9b000 	C:\Windows\SYSTEM32\dxcore.dll
0x00007ffab9700000 - 0x00007ffab99c3000 	C:\Windows\system32\nvspcap64.dll
0x00007ffadd7c0000 - 0x00007ffadd80b000 	C:\Windows\SYSTEM32\powrprof.dll
0x00007ffadd680000 - 0x00007ffadd692000 	C:\Windows\SYSTEM32\UMPDC.dll
0x00007ffadcff0000 - 0x00007ffadd04a000 	C:\Windows\SYSTEM32\WINSTA.dll
0x00007ffadcb40000 - 0x00007ffadcc34000 	C:\Windows\system32\dxgi.dll
0x00007ffada3d0000 - 0x00007ffada634000 	C:\Windows\system32\d3d11.dll
0x00007ffaacfe0000 - 0x00007ffaad0e6000 	C:\Windows\System32\DriverStore\FileRepository\nvmii.inf_amd64_129542dbee5a4a5e\nvldumdx.dll
0x00007ffae0860000 - 0x00007ffae087d000 	C:\Windows\System32\imagehlp.dll
0x00007ffaddc00000 - 0x00007ffaddc18000 	C:\Windows\SYSTEM32\CRYPTSP.dll
0x00007ffadd310000 - 0x00007ffadd344000 	C:\Windows\system32\rsaenh.dll
0x00007ffa72d30000 - 0x00007ffa75659000 	C:\Windows\System32\DriverStore\FileRepository\nvmii.inf_amd64_129542dbee5a4a5e\nvwgf2umx.dll
0x00007ffacaf80000 - 0x00007ffacb6e1000 	C:\Windows\SYSTEM32\nvapi64.dll
0x00007ffac6980000 - 0x00007ffac69d9000 	C:\Users\streepmsi\AppData\Local\Temp\lwjglstreepmsi\3.2.3-build-13\lwjgl_opengl.dll
0x00007ffaca010000 - 0x00007ffaca109000 	C:\Windows\SYSTEM32\textinputframework.dll
0x00007ffaa78e0000 - 0x00007ffaa7a5f000 	C:\Users\streepmsi\Desktop\Programs\eclipse\plugins\org.eclipse.justj.openjdk.hotspot.jre.full.win32.x86_64_16.0.1.v20210528-1205\jre\bin\awt.dll
0x00007ffadbab0000 - 0x00007ffadbb40000 	C:\Windows\SYSTEM32\apphelp.dll
0x00007ffad3040000 - 0x00007ffad46bd000 	C:\Windows\System32\DriverStore\FileRepository\iigd_dch.inf_amd64_a086f01cc7be643a\igd10iumd64.dll
0x00007ffaddd10000 - 0x00007ffaddd37000 	C:\Windows\SYSTEM32\ncrypt.dll
0x00007ffaddcd0000 - 0x00007ffaddd0b000 	C:\Windows\SYSTEM32\NTASN1.dll
0x00007ffad1aa0000 - 0x00007ffad1cdf000 	C:\Windows\System32\DriverStore\FileRepository\iigd_dch.inf_amd64_a086f01cc7be643a\igdgmm64.dll
0x00007fface130000 - 0x00007ffad0d92000 	C:\Windows\System32\DriverStore\FileRepository\iigd_dch.inf_amd64_a086f01cc7be643a\igc64.dll

dbghelp: loaded successfully - version: 4.0.5 - missing functions: none
symbol engine: initialized successfully - sym options: 0x614 - pdb path: .;C:\Users\streepmsi\Desktop\Programs\eclipse\plugins\org.eclipse.justj.openjdk.hotspot.jre.full.win32.x86_64_16.0.1.v20210528-1205\jre\bin;C:\Windows\SYSTEM32;C:\Windows\WinSxS\amd64_microsoft.windows.common-controls_6595b64144ccf1df_6.0.19041.1110_none_60b5254171f9507e;C:\Users\streepmsi\Desktop\Programs\eclipse\plugins\org.eclipse.justj.openjdk.hotspot.jre.full.win32.x86_64_16.0.1.v20210528-1205\jre\bin\server;C:\Users\streepmsi\AppData\Local\Temp\lwjglstreepmsi\3.2.3-build-13;C:\Users\STREEP~1\AppData\Local\Temp\lwjglstreepmsi\3.2.3-build-13;C:\Windows\System32\DriverStore\FileRepository\nvmii.inf_amd64_129542dbee5a4a5e;C:\Windows\System32\DriverStore\FileRepository\iigd_dch.inf_amd64_a086f01cc7be643a

VM Arguments:
jvm_args: -Dfile.encoding=UTF-8 -XX:+ShowCodeDetailsInExceptionMessages 
java_command: com.streep.openglleer.Main
java_class_path (initial): C:\Users\streepmsi\eclipse-workspace\OpenGLLeerproject\bin;C:\Users\streepmsi\Desktop\Libaries\lwjgl.jar;C:\Users\streepmsi\Desktop\Libaries\lwjgl-assimp.jar;C:\Users\streepmsi\Desktop\Libaries\lwjgl-assimp-javadoc.jar;C:\Users\streepmsi\Desktop\Libaries\lwjgl-assimp-natives-windows.jar;C:\Users\streepmsi\Desktop\Libaries\lwjgl-assimp-sources.jar;C:\Users\streepmsi\Desktop\Libaries\lwjgl-bgfx.jar;C:\Users\streepmsi\Desktop\Libaries\lwjgl-bgfx-javadoc.jar;C:\Users\streepmsi\Desktop\Libaries\lwjgl-bgfx-natives-windows.jar;C:\Users\streepmsi\Desktop\Libaries\lwjgl-bgfx-sources.jar;C:\Users\streepmsi\Desktop\Libaries\lwjgl-glfw.jar;C:\Users\streepmsi\Desktop\Libaries\lwjgl-glfw-javadoc.jar;C:\Users\streepmsi\Desktop\Libaries\lwjgl-glfw-natives-windows.jar;C:\Users\streepmsi\Desktop\Libaries\lwjgl-glfw-sources.jar;C:\Users\streepmsi\Desktop\Libaries\lwjgl-javadoc.jar;C:\Users\streepmsi\Desktop\Libaries\lwjgl-nanovg.jar;C:\Users\streepmsi\Desktop\Libaries\lwjgl-nanovg-javadoc.jar;C:\Users\streepmsi\Desktop\Libaries\lwjgl-nanovg-natives-windows.jar;C:\Users\streepmsi\Desktop\Libaries\lwjgl-nanovg-sources.jar;C:\Users\streepmsi\Desktop\Libaries\lwjgl-natives-windows.jar;C:\Users\streepmsi\Desktop\Libaries\lwjgl-nuklear.jar;C:\Users\streepmsi\Desktop\Libaries\lwjgl-nuklear-javadoc.jar;C:\Users\streepmsi\Desktop\Libaries\lwjgl-nuklear-natives-windows.jar;C:\Users\streepmsi\Desktop\Libaries\lwjgl-nuklear-sources.jar;C:\Users\streepmsi\Desktop\Libaries\lwjgl-openal.jar;C:\Users\streepmsi\Desktop\Libaries\lwjgl-openal-javadoc.jar;C:\Users\streepmsi\Desktop\Libaries\lwjgl-openal-natives-windows.jar;C:\Users\streepmsi\Desktop\Libaries\lwjgl-openal-sources.jar;C:\Users\streepmsi\Desktop\Libaries\lwjgl-opengl.jar;C:\Users\streepmsi\Desktop\Libaries\lwjgl-opengl-javadoc.jar;C:\Users\streepmsi\Desktop\Libaries\lwjgl-opengl-natives-windows.jar;C:\Users\streepmsi\Desktop\Libaries\lwjgl-opengl-sources.jar;C:\Users\streepmsi\Desktop\Libaries\lwjgl-par.jar;C:\U
Launcher Type: SUN_STANDARD

[Global flags]
     intx CICompilerCount                          = 4                                         {product} {ergonomic}
     uint ConcGCThreads                            = 2                                         {product} {ergonomic}
     uint G1ConcRefinementThreads                  = 8                                         {product} {ergonomic}
   size_t G1HeapRegionSize                         = 2097152                                   {product} {ergonomic}
    uintx GCDrainStackTargetSize                   = 64                                        {product} {ergonomic}
   size_t InitialHeapSize                          = 266338304                                 {product} {ergonomic}
   size_t MarkStackSize                            = 4194304                                   {product} {ergonomic}
   size_t MaxHeapSize                              = 4248829952                                {product} {ergonomic}
   size_t MaxNewSize                               = 2548039680                                {product} {ergonomic}
   size_t MinHeapDeltaBytes                        = 2097152                                   {product} {ergonomic}
   size_t MinHeapSize                              = 8388608                                   {product} {ergonomic}
    uintx NonNMethodCodeHeapSize                   = 5839372                                {pd product} {ergonomic}
    uintx NonProfiledCodeHeapSize                  = 122909434                              {pd product} {ergonomic}
    uintx ProfiledCodeHeapSize                     = 122909434                              {pd product} {ergonomic}
    uintx ReservedCodeCacheSize                    = 251658240                              {pd product} {ergonomic}
     bool SegmentedCodeCache                       = true                                      {product} {ergonomic}
     bool ShowCodeDetailsInExceptionMessages       = true                                   {manageable} {command line}
   size_t SoftMaxHeapSize                          = 4248829952                             {manageable} {ergonomic}
     bool UseCompressedClassPointers               = true                           {product lp64_product} {ergonomic}
     bool UseCompressedOops                        = true                           {product lp64_product} {ergonomic}
     bool UseG1GC                                  = true                                      {product} {ergonomic}
     bool UseLargePagesIndividualAllocation        = false                                  {pd product} {ergonomic}

Logging:
Log output configuration:
 #0: stdout all=warning uptime,level,tags
 #1: stderr all=off uptime,level,tags

Environment Variables:
PATH=C:/Users/streepmsi/Desktop/Programs/eclipse//plugins/org.eclipse.justj.openjdk.hotspot.jre.full.win32.x86_64_16.0.1.v20210528-1205/jre/bin/server;C:/Users/streepmsi/Desktop/Programs/eclipse//plugins/org.eclipse.justj.openjdk.hotspot.jre.full.win32.x86_64_16.0.1.v20210528-1205/jre/bin;C:\Program Files (x86)\Common Files\Oracle\Java\javapath;C:\Windows\system32;C:\Windows;C:\Windows\System32\Wbem;C:\Windows\System32\WindowsPowerShell\v1.0\;C:\Windows\System32\OpenSSH\;C:\Program Files (x86)\NVIDIA Corporation\PhysX\Common;C:\Program Files\NVIDIA Corporation\NVIDIA NvDLISR;C:\Users\streepmsi\Desktop\Programs\Git\cmd;C:\Users\streepmsi\AppData\Local\Microsoft\WindowsApps;;C:\Users\streepmsi\Desktop\Programs\eclipse;
USERNAME=streepmsi
OS=Windows_NT
PROCESSOR_IDENTIFIER=Intel64 Family 6 Model 165 Stepping 2, GenuineIntel



---------------  S Y S T E M  ---------------

OS:
 Windows 10 , 64 bit Build 19041 (10.0.19041.1202)
OS uptime: 2 days 22:54 hours

CPU: total 8 (initial active 8) (4 cores per cpu, 2 threads per core) family 6 model 165 stepping 2 microcode 0xe2, cx8, cmov, fxsr, ht, mmx, 3dnowpref, sse, sse2, sse3, ssse3, sse4.1, sse4.2, popcnt, lzcnt, tsc, tscinvbit, avx, avx2, aes, erms, clmul, bmi1, bmi2, adx, fma, vzeroupper, clflush, clflushopt

Memory: 4k page, system-wide physical 16205M (9122M free)
TotalPageFile size 18637M (AvailPageFile size 9698M)
current process WorkingSet (physical memory assigned to process): 137M, peak: 137M
current process commit charge ("private bytes"): 419M, peak: 419M

vm_info: OpenJDK 64-Bit Server VM (16.0.1+9-24) for windows-amd64 JRE (16.0.1+9-24), built on Mar 26 2021 19:30:07 by "mach5one" with MS VC++ 16.7 (VS2019)

END.
