JvmtiExport can_access_local_variables 0
JvmtiExport can_hotswap_or_post_breakpoint 0
JvmtiExport can_post_on_exceptions 0
# 185 ciObject found
instanceKlass org/joml/Runtime
instanceKlass org/lwjgl/opengl/GL20C$$Lambda$39+0x000000080010f9b8
instanceKlass org/lwjgl/system/APIUtil$Encoder
instanceKlass com/streep/openglleer/core/ShaderPart
instanceKlass com/streep/openglleer/util/FileUtils
instanceKlass com/streep/openglleer/core/ShaderProgram
instanceKlass org/joml/Math
instanceKlass org/joml/Quaternionf
instanceKlass org/joml/Quaternionfc
instanceKlass org/joml/Vector2i
instanceKlass org/joml/Vector2ic
instanceKlass org/joml/Vector2f
instanceKlass org/joml/Vector2fc
instanceKlass org/joml/Vector3i
instanceKlass org/joml/Vector3ic
instanceKlass org/joml/Vector4i
instanceKlass 
instanceKlass org/joml/Vector4f
instanceKlass org/joml/Vector4fc
instanceKlass org/joml/Matrix2f
instanceKlass 
instanceKlass org/joml/Matrix3x2f
instanceKlass org/joml/Matrix3x2fc
instanceKlass org/joml/Matrix3d
instanceKlass org/joml/Matrix3dc
instanceKlass org/joml/Matrix3f
instanceKlass org/joml/Matrix3fc
instanceKlass org/joml/Matrix4x3f
instanceKlass org/joml/Matrix4x3fc
instanceKlass 
instanceKlass org/joml/Matrix4d
instanceKlass org/joml/Matrix4dc
instanceKlass jdk/internal/access/foreign/MemorySegmentProxy
instanceKlass java/text/DigitList
instanceKlass java/text/FieldPosition
instanceKlass java/text/Format
instanceKlass org/joml/Options
instanceKlass org/joml/MemUtil
instanceKlass com/streep/openglleer/core/Mesh
instanceKlass org/lwjgl/opengl/GL11C
instanceKlass java/io/RandomAccessFile$1
instanceKlass com/sun/imageio/plugins/common/ReaderUtil
instanceKlass java/awt/image/BufferedImage$1
instanceKlass sun/awt/image/SurfaceManager
instanceKlass sun/awt/image/SurfaceManager$ImageAccessor
instanceKlass java/awt/ImageCapabilities
instanceKlass java/awt/Image
instanceKlass java/awt/image/WritableRenderedImage
instanceKlass sun/awt/image/NativeLibLoader$1
instanceKlass sun/awt/image/NativeLibLoader
instanceKlass sun/java2d/StateTrackableDelegate$2
instanceKlass sun/java2d/StateTrackableDelegate
instanceKlass sun/java2d/StateTrackable
instanceKlass java/awt/geom/RectangularShape
instanceKlass java/awt/Shape
instanceKlass sun/java2d/cmm/CMSManager
instanceKlass java/awt/image/SampleModel
instanceKlass java/awt/image/ColorModel$1
instanceKlass java/awt/image/ColorModel
instanceKlass java/awt/Transparency
instanceKlass java/awt/image/Raster
instanceKlass java/awt/image/DataBuffer$1
instanceKlass sun/awt/image/SunWritableRaster$DataStealer
instanceKlass java/awt/image/DataBuffer
instanceKlass java/awt/color/ICC_Profile$1
instanceKlass sun/java2d/cmm/ProfileActivator
instanceKlass sun/java2d/cmm/ProfileDeferralMgr
instanceKlass java/awt/color/ICC_Profile
instanceKlass java/awt/color/ColorSpace
instanceKlass com/sun/imageio/plugins/png/PNGImageDataEnumeration
instanceKlass javax/imageio/IIOParam
instanceKlass javax/imageio/metadata/IIOMetadata
instanceKlass java/awt/geom/Point2D
instanceKlass javax/imageio/ImageIO$ImageReaderIterator
instanceKlass javax/imageio/spi/FilterIterator
instanceKlass javax/imageio/ImageIO$CanDecodeInputFilter
instanceKlass javax/imageio/spi/ServiceRegistry$Filter
instanceKlass sun/java2d/DisposerTarget
instanceKlass sun/awt/util/ThreadGroupUtils
instanceKlass sun/java2d/Disposer$$Lambda$38+0x00000008000be348
instanceKlass sun/java2d/Disposer$1
instanceKlass sun/java2d/Disposer
instanceKlass com/sun/imageio/stream/CloseableDisposerRecord
instanceKlass sun/java2d/DisposerRecord
instanceKlass javax/imageio/stream/ImageInputStreamImpl
instanceKlass javax/imageio/ImageIO$CacheInfo
instanceKlass javax/imageio/spi/PartialOrderIterator
instanceKlass javax/imageio/ImageTypeSpecifier
instanceKlass java/awt/image/RenderedImage
instanceKlass javax/imageio/ImageWriter
instanceKlass javax/imageio/ImageTranscoder
instanceKlass javax/imageio/metadata/IIOMetadataFormat
instanceKlass javax/imageio/ImageReader
instanceKlass javax/imageio/spi/IIORegistry$1
instanceKlass com/sun/imageio/plugins/jpeg/JPEG
instanceKlass javax/imageio/stream/ImageOutputStream
instanceKlass javax/imageio/spi/DigraphNode
instanceKlass javax/imageio/stream/ImageInputStream
instanceKlass javax/imageio/spi/SubRegistry
instanceKlass java/util/Vector$Itr
instanceKlass sun/awt/PostEventQueue
instanceKlass sun/awt/MostRecentKeyValue
instanceKlass java/lang/invoke/LambdaForm$MH+0x0000000800102000
instanceKlass java/lang/invoke/LambdaForm$MH+0x0000000800101c00
instanceKlass java/lang/invoke/LambdaForm$MH+0x0000000800101800
instanceKlass java/lang/invoke/LambdaForm$MH+0x0000000800101400
instanceKlass java/lang/invoke/LambdaForm$MH+0x0000000800101000
instanceKlass java/lang/invoke/LambdaForm$MH+0x0000000800100c00
instanceKlass java/awt/Queue
instanceKlass java/awt/EventQueue$3
instanceKlass java/awt/EventQueue$2
instanceKlass sun/awt/AWTAccessor$EventQueueAccessor
instanceKlass java/awt/EventQueue$1
instanceKlass java/awt/EventQueue
instanceKlass sun/awt/AppContext$1
instanceKlass sun/awt/WeakIdentityHashMap
instanceKlass java/util/concurrent/locks/AbstractQueuedSynchronizer$ConditionObject
instanceKlass java/util/concurrent/locks/Condition
instanceKlass sun/awt/PlatformGraphicsInfo
instanceKlass java/awt/GraphicsEnvironment$$Lambda$37+0x00000008000b4430
instanceKlass java/awt/GraphicsEnvironment
instanceKlass java/awt/Insets
instanceKlass java/lang/invoke/LambdaForm$MH+0x0000000800100800
instanceKlass java/lang/invoke/LambdaForm$MH+0x0000000800100400
instanceKlass java/lang/invoke/LambdaForm$MH+0x0000000800100000
instanceKlass java/lang/invoke/LambdaForm$MH+0x00000008000afc00
instanceKlass java/lang/invoke/LambdaForm$MH+0x00000008000af800
instanceKlass java/lang/invoke/LambdaForm$MH+0x00000008000af400
instanceKlass java/lang/invoke/LambdaForm$MH+0x00000008000af000
instanceKlass java/lang/invoke/LambdaForm$MH+0x00000008000aec00
instanceKlass java/lang/invoke/LambdaForm$MH+0x00000008000ae800
instanceKlass java/lang/invoke/LambdaForm$MH+0x00000008000ae400
instanceKlass java/lang/invoke/LambdaFormEditor$1
instanceKlass java/lang/invoke/LambdaForm$MH+0x00000008000ae000
instanceKlass java/lang/invoke/LambdaForm$MH+0x00000008000adc00
instanceKlass java/lang/invoke/MethodHandles$1
instanceKlass java/lang/Long$LongCache
instanceKlass java/lang/invoke/LambdaForm$MH+0x00000008000ad800
instanceKlass java/lang/invoke/LambdaForm$MH+0x00000008000ad400
instanceKlass java/lang/invoke/LambdaForm$MH+0x00000008000ad000
instanceKlass java/lang/invoke/LambdaForm$MH+0x00000008000acc00
instanceKlass java/lang/invoke/LambdaForm$MH+0x00000008000ac800
instanceKlass java/lang/invoke/LambdaForm$MH+0x00000008000ac400
instanceKlass java/lang/invoke/LambdaForm$MH+0x00000008000ac000
instanceKlass java/awt/Toolkit$1
instanceKlass java/awt/Toolkit$2
instanceKlass jdk/internal/module/SystemModuleFinders$SystemModuleReader$$Lambda$36+0x00000008000b0420
instanceKlass jdk/internal/module/Checks
instanceKlass java/util/ResourceBundle$ResourceBundleProviderHelper$$Lambda$35+0x00000008000b0000
instanceKlass sun/security/util/SecurityConstants
instanceKlass java/util/ResourceBundle$ResourceBundleProviderHelper$$Lambda$34+0x00000008000feaf0
instanceKlass java/util/ResourceBundle$3
instanceKlass java/util/ResourceBundle$CacheKeyReference
instanceKlass java/util/ResourceBundle$CacheKey
instanceKlass java/util/ResourceBundle$$Lambda$33+0x00000008000fe038
instanceKlass java/awt/Toolkit$4
instanceKlass sun/awt/AWTAccessor
instanceKlass java/awt/Toolkit$3
instanceKlass sun/awt/AWTAccessor$ToolkitAccessor
instanceKlass java/awt/Toolkit
instanceKlass sun/awt/KeyboardFocusManagerPeerProvider
instanceKlass sun/awt/InputMethodSupport
instanceKlass sun/awt/ComponentFactory
instanceKlass sun/awt/AppContext$2
instanceKlass sun/awt/AppContext$3
instanceKlass sun/awt/AppContext$6
instanceKlass jdk/internal/access/JavaAWTAccess
instanceKlass sun/awt/AppContext$GetAppContextLock
instanceKlass java/util/Collections$SynchronizedMap
instanceKlass jdk/internal/logger/LazyLoggers$LazyLoggerAccessor
instanceKlass jdk/internal/logger/LazyLoggers$LoggerAccessor
instanceKlass jdk/internal/logger/AbstractLoggerWrapper
instanceKlass sun/util/logging/internal/LoggingProviderImpl$LogManagerAccess
instanceKlass java/lang/ModuleLayer$$Lambda$32+0x00000008000f9c90
instanceKlass java/lang/WeakPairMap$Pair$Lookup
instanceKlass java/lang/WeakPairMap$Pair
instanceKlass java/lang/WeakPairMap
instanceKlass java/lang/Module$ReflectionData
instanceKlass java/util/Spliterators$1Adapter
instanceKlass java/util/stream/Stream
instanceKlass java/util/Spliterators$ArraySpliterator
instanceKlass java/util/Spliterator$OfDouble
instanceKlass java/util/Spliterator$OfLong
instanceKlass java/util/Spliterators$EmptySpliterator
instanceKlass java/util/Spliterators
instanceKlass java/lang/System$LoggerFinder
instanceKlass jdk/internal/logger/BootstrapLogger$DetectBackend$1
instanceKlass jdk/internal/logger/BootstrapLogger$DetectBackend
instanceKlass jdk/internal/logger/BootstrapLogger
instanceKlass sun/util/logging/PlatformLogger$ConfigurableBridge
instanceKlass sun/util/logging/PlatformLogger$Bridge
instanceKlass java/lang/System$Logger
instanceKlass jdk/internal/logger/LazyLoggers$LazyLoggerFactories
instanceKlass jdk/internal/logger/LazyLoggers$1
instanceKlass java/util/function/BiFunction
instanceKlass jdk/internal/logger/LazyLoggers
instanceKlass sun/util/logging/PlatformLogger
instanceKlass sun/awt/AppContext
instanceKlass javax/imageio/spi/IIOServiceProvider
instanceKlass javax/imageio/spi/RegisterableService
instanceKlass javax/imageio/spi/ServiceRegistry
instanceKlass javax/imageio/ImageIO
instanceKlass com/streep/openglleer/util/Texture
instanceKlass com/streep/openglleer/core/Material
instanceKlass org/joml/Matrix4f
instanceKlass org/joml/Matrix4fc
instanceKlass com/streep/openglleer/mangement/Camera
instanceKlass com/streep/openglleer/mangement/Enviroment
instanceKlass com/streep/openglleer/mangement/GameManager
instanceKlass com/streep/openglleer/core/GLRenderer
instanceKlass org/lwjgl/glfw/EventLoop$OnScreen
instanceKlass org/lwjgl/system/MultiReleaseMemCopy
instanceKlass org/lwjgl/system/CheckIntrinsics
instanceKlass org/lwjgl/opengl/OVRMultiview
instanceKlass org/lwjgl/opengl/NVXProgressFence
instanceKlass org/lwjgl/opengl/NVXGpuMulticast2
instanceKlass org/lwjgl/opengl/NVXConditionalRender
instanceKlass org/lwjgl/opengl/NVViewportSwizzle
instanceKlass org/lwjgl/opengl/NVVertexBufferUnifiedMemory
instanceKlass org/lwjgl/opengl/NVVertexAttribInteger64bit
instanceKlass org/lwjgl/opengl/NVVertexArrayRange
instanceKlass org/lwjgl/opengl/NVTransformFeedback2
instanceKlass org/lwjgl/opengl/NVTransformFeedback
instanceKlass org/lwjgl/opengl/NVTextureMultisample
instanceKlass org/lwjgl/opengl/NVTextureBarrier
instanceKlass org/lwjgl/opengl/NVShadingRateImage
instanceKlass org/lwjgl/opengl/NVShaderBufferLoad
instanceKlass org/lwjgl/opengl/NVScissorExclusive
instanceKlass org/lwjgl/opengl/NVSampleLocations
instanceKlass org/lwjgl/opengl/NVQueryResourceTag
instanceKlass org/lwjgl/opengl/NVQueryResource
instanceKlass org/lwjgl/opengl/NVPrimitiveRestart
instanceKlass org/lwjgl/opengl/NVPointSprite
instanceKlass org/lwjgl/opengl/NVPixelDataRange
instanceKlass org/lwjgl/opengl/NVPathRendering
instanceKlass org/lwjgl/opengl/NVMeshShader
instanceKlass org/lwjgl/opengl/NVMemoryAttachment
instanceKlass org/lwjgl/opengl/NVInternalformatSampleQuery
instanceKlass org/lwjgl/opengl/NVHalfFloat
instanceKlass org/lwjgl/opengl/NVGPUShader5
instanceKlass org/lwjgl/opengl/NVGPUMulticast
instanceKlass org/lwjgl/opengl/NVFramebufferMultisampleCoverage
instanceKlass org/lwjgl/opengl/NVFramebufferMixedSamples
instanceKlass org/lwjgl/opengl/NVFragmentCoverageToColor
instanceKlass org/lwjgl/opengl/NVFence
instanceKlass org/lwjgl/opengl/NVExplicitMultisample
instanceKlass org/lwjgl/opengl/NVDrawVulkanImage
instanceKlass org/lwjgl/opengl/NVDrawTexture
instanceKlass org/lwjgl/opengl/NVDepthBufferFloat
instanceKlass org/lwjgl/opengl/NVCopyImage
instanceKlass org/lwjgl/opengl/NVConservativeRasterPreSnapTriangles
instanceKlass org/lwjgl/opengl/NVConservativeRasterDilate
instanceKlass org/lwjgl/opengl/NVConservativeRaster
instanceKlass org/lwjgl/opengl/NVConditionalRender
instanceKlass org/lwjgl/opengl/NVCommandList
instanceKlass org/lwjgl/opengl/NVClipSpaceWScaling
instanceKlass org/lwjgl/opengl/NVBlendEquationAdvanced
instanceKlass org/lwjgl/opengl/NVBindlessTexture
instanceKlass org/lwjgl/opengl/NVBindlessMultiDrawIndirectCount
instanceKlass org/lwjgl/opengl/NVBindlessMultiDrawIndirect
instanceKlass org/lwjgl/opengl/NVAlphaToCoverageDitherControl
instanceKlass org/lwjgl/opengl/KHRRobustness
instanceKlass org/lwjgl/opengl/KHRParallelShaderCompile
instanceKlass org/lwjgl/opengl/KHRDebug
instanceKlass org/lwjgl/opengl/KHRBlendEquationAdvanced
instanceKlass org/lwjgl/opengl/EXTWindowRectangles
instanceKlass org/lwjgl/opengl/EXTWin32KeyedMutex
instanceKlass org/lwjgl/opengl/EXTVertexAttrib64bit
instanceKlass org/lwjgl/opengl/EXTTimerQuery
instanceKlass org/lwjgl/opengl/EXTTextureInteger
instanceKlass org/lwjgl/opengl/EXTTextureBufferObject
instanceKlass org/lwjgl/opengl/EXTTextureArray
instanceKlass org/lwjgl/opengl/EXTStencilTwoSide
instanceKlass org/lwjgl/opengl/EXTShaderImageLoadStore
instanceKlass org/lwjgl/opengl/EXTSeparateShaderObjects
instanceKlass org/lwjgl/opengl/EXTSemaphoreWin32
instanceKlass org/lwjgl/opengl/EXTSemaphore
instanceKlass org/lwjgl/opengl/EXTSecondaryColor
instanceKlass org/lwjgl/opengl/EXTRasterMultisample
instanceKlass org/lwjgl/opengl/EXTProvokingVertex
instanceKlass org/lwjgl/opengl/EXTPolygonOffsetClamp
instanceKlass org/lwjgl/opengl/EXTPointParameters
instanceKlass org/lwjgl/opengl/EXTMemoryObjectWin32
instanceKlass org/lwjgl/opengl/EXTMemoryObject
instanceKlass org/lwjgl/opengl/EXTGPUShader4
instanceKlass org/lwjgl/opengl/EXTGPUProgramParameters
instanceKlass org/lwjgl/opengl/EXTGeometryShader4
instanceKlass org/lwjgl/opengl/EXTFramebufferObject
instanceKlass org/lwjgl/opengl/EXTFramebufferMultisample
instanceKlass org/lwjgl/opengl/EXTFramebufferBlit
instanceKlass org/lwjgl/opengl/EXTDrawInstanced
instanceKlass org/lwjgl/opengl/EXTDrawBuffers2
instanceKlass org/lwjgl/opengl/EXTDirectStateAccess
instanceKlass org/lwjgl/opengl/EXTDepthBoundsTest
instanceKlass org/lwjgl/opengl/EXTCompiledVertexArray
instanceKlass org/lwjgl/opengl/EXTBlendMinmax
instanceKlass org/lwjgl/opengl/EXTBlendFuncSeparate
instanceKlass org/lwjgl/opengl/EXTBlendEquationSeparate
instanceKlass org/lwjgl/opengl/EXTBlendColor
instanceKlass org/lwjgl/opengl/EXTBindableUniform
instanceKlass org/lwjgl/opengl/ARBWindowPos
instanceKlass org/lwjgl/opengl/ARBViewportArray
instanceKlass org/lwjgl/opengl/ARBVertexType2_10_10_10_REV
instanceKlass org/lwjgl/opengl/ARBVertexShader
instanceKlass org/lwjgl/opengl/ARBVertexProgram
instanceKlass org/lwjgl/opengl/ARBVertexBufferObject
instanceKlass org/lwjgl/opengl/ARBVertexAttribBinding
instanceKlass org/lwjgl/opengl/ARBVertexAttrib64Bit
instanceKlass org/lwjgl/opengl/ARBVertexArrayObject
instanceKlass org/lwjgl/opengl/ARBUniformBufferObject
instanceKlass org/lwjgl/opengl/ARBTransposeMatrix
instanceKlass org/lwjgl/opengl/ARBTransformFeedbackInstanced
instanceKlass org/lwjgl/opengl/ARBTransformFeedback3
instanceKlass org/lwjgl/opengl/ARBTransformFeedback2
instanceKlass org/lwjgl/opengl/ARBTimerQuery
instanceKlass org/lwjgl/opengl/ARBTextureView
instanceKlass org/lwjgl/opengl/ARBTextureStorageMultisample
instanceKlass org/lwjgl/opengl/ARBTextureStorage
instanceKlass org/lwjgl/opengl/ARBTextureMultisample
instanceKlass org/lwjgl/opengl/ARBTextureCompression
instanceKlass org/lwjgl/opengl/ARBTextureBufferRange
instanceKlass org/lwjgl/opengl/ARBTextureBufferObject
instanceKlass org/lwjgl/opengl/ARBTextureBarrier
instanceKlass org/lwjgl/opengl/ARBTessellationShader
instanceKlass org/lwjgl/opengl/ARBSync
instanceKlass org/lwjgl/opengl/ARBSparseTexture
instanceKlass org/lwjgl/opengl/ARBSparseBuffer
instanceKlass org/lwjgl/opengl/ARBShadingLanguageInclude
instanceKlass org/lwjgl/opengl/ARBShaderSubroutine
instanceKlass org/lwjgl/opengl/ARBShaderStorageBufferObject
instanceKlass org/lwjgl/opengl/ARBShaderObjects
instanceKlass org/lwjgl/opengl/ARBShaderImageLoadStore
instanceKlass org/lwjgl/opengl/ARBShaderAtomicCounters
instanceKlass org/lwjgl/opengl/ARBSeparateShaderObjects
instanceKlass org/lwjgl/opengl/ARBSamplerObjects
instanceKlass org/lwjgl/opengl/ARBSampleShading
instanceKlass org/lwjgl/opengl/ARBSampleLocations
instanceKlass org/lwjgl/opengl/ARBRobustness
instanceKlass org/lwjgl/opengl/ARBProvokingVertex
instanceKlass org/lwjgl/opengl/ARBProgramInterfaceQuery
instanceKlass org/lwjgl/opengl/ARBPolygonOffsetClamp
instanceKlass org/lwjgl/opengl/ARBPointParameters
instanceKlass org/lwjgl/opengl/ARBParallelShaderCompile
instanceKlass org/lwjgl/opengl/ARBOcclusionQuery
instanceKlass org/lwjgl/opengl/ARBMultitexture
instanceKlass org/lwjgl/opengl/ARBMultisample
instanceKlass org/lwjgl/opengl/ARBMultiDrawIndirect
instanceKlass org/lwjgl/opengl/ARBMultiBind
instanceKlass org/lwjgl/opengl/ARBMapBufferRange
instanceKlass org/lwjgl/opengl/ARBInvalidateSubdata
instanceKlass org/lwjgl/opengl/ARBInternalformatQuery2
instanceKlass org/lwjgl/opengl/ARBInternalformatQuery
instanceKlass org/lwjgl/opengl/ARBInstancedArrays
instanceKlass org/lwjgl/opengl/ARBIndirectParameters
instanceKlass org/lwjgl/opengl/ARBImaging
instanceKlass org/lwjgl/opengl/ARBGPUShaderInt64
instanceKlass org/lwjgl/opengl/ARBGPUShaderFP64
instanceKlass org/lwjgl/opengl/ARBGLSPIRV
instanceKlass org/lwjgl/opengl/ARBGetTextureSubImage
instanceKlass org/lwjgl/opengl/ARBGetProgramBinary
instanceKlass org/lwjgl/opengl/ARBGeometryShader4
instanceKlass org/lwjgl/opengl/ARBFramebufferObject
instanceKlass org/lwjgl/opengl/ARBFramebufferNoAttachments
instanceKlass org/lwjgl/opengl/ARBES32Compatibility
instanceKlass org/lwjgl/opengl/ARBES31Compatibility
instanceKlass org/lwjgl/opengl/ARBES2Compatibility
instanceKlass org/lwjgl/opengl/ARBDrawInstanced
instanceKlass org/lwjgl/opengl/ARBDrawIndirect
instanceKlass org/lwjgl/opengl/ARBDrawElementsBaseVertex
instanceKlass org/lwjgl/opengl/ARBDrawBuffersBlend
instanceKlass org/lwjgl/opengl/ARBDrawBuffers
instanceKlass org/lwjgl/opengl/ARBDirectStateAccess
instanceKlass org/lwjgl/opengl/ARBDebugOutput
instanceKlass org/lwjgl/opengl/ARBCopyImage
instanceKlass org/lwjgl/opengl/ARBCopyBuffer
instanceKlass org/lwjgl/opengl/ARBComputeVariableGroupSize
instanceKlass org/lwjgl/opengl/ARBComputeShader
instanceKlass org/lwjgl/opengl/ARBColorBufferFloat
instanceKlass org/lwjgl/opengl/ARBClipControl
instanceKlass org/lwjgl/opengl/ARBClearTexture
instanceKlass org/lwjgl/opengl/ARBClearBufferObject
instanceKlass org/lwjgl/opengl/ARBBufferStorage
instanceKlass org/lwjgl/opengl/ARBBlendFuncExtended
instanceKlass org/lwjgl/opengl/ARBBindlessTexture
instanceKlass org/lwjgl/opengl/ARBBaseInstance
instanceKlass org/lwjgl/opengl/GL11
instanceKlass org/lwjgl/system/MathUtil
instanceKlass org/lwjgl/system/libc/LibCStdlib
instanceKlass org/lwjgl/system/ThreadLocalUtil
instanceKlass org/lwjgl/opengl/GLCapabilities
instanceKlass org/lwjgl/system/SharedLibrary$Delegate
instanceKlass org/lwjgl/system/dyncall/DynLoad
instanceKlass org/lwjgl/opengl/GL$4
instanceKlass org/lwjgl/opengl/GL$$Lambda$31+0x000000080008fdd0
instanceKlass org/lwjgl/opengl/GL$$Lambda$30+0x000000080008fba8
instanceKlass org/lwjgl/opengl/GL$$InjectedInvoker+0x000000080008c800
instanceKlass org/lwjgl/opengl/GL$ICDStatic
instanceKlass org/lwjgl/opengl/GL$ICD
instanceKlass org/lwjgl/opengl/GL
instanceKlass org/lwjgl/system/Struct$Member
instanceKlass com/streep/openglleer/core/GLWindow$$Lambda$29+0x000000080008e1f8
instanceKlass java/lang/invoke/LambdaForm$DMH+0x000000080008c400
instanceKlass org/lwjgl/glfw/GLFWFramebufferSizeCallbackI
instanceKlass com/streep/openglleer/core/GLWindow$$Lambda$28+0x000000080008b600
instanceKlass java/lang/invoke/LambdaForm$DMH+0x000000080008c000
instanceKlass org/lwjgl/glfw/GLFWKeyCallbackI
instanceKlass org/lwjgl/glfw/EventLoop$OffScreen
instanceKlass org/lwjgl/system/JNI
instanceKlass org/lwjgl/glfw/GLFW$Functions
instanceKlass org/lwjgl/system/windows/WinBase
instanceKlass org/lwjgl/system/APIUtil$1
instanceKlass org/lwjgl/glfw/GLFW
instanceKlass org/lwjgl/glfw/GLFWErrorCallback$1$$Lambda$27+0x0000000800089890
instanceKlass java/util/function/BiPredicate
instanceKlass org/lwjgl/system/dyncall/DynCallback
instanceKlass org/lwjgl/system/MemoryManage$StdlibAllocator
instanceKlass org/lwjgl/system/MemoryManage
instanceKlass org/lwjgl/system/MemoryUtil$MemoryAllocator
instanceKlass org/lwjgl/system/MemoryUtil$LazyInit
instanceKlass org/lwjgl/system/CallbackI$P
instanceKlass org/lwjgl/system/CallbackI$D
instanceKlass org/lwjgl/system/CallbackI$F
instanceKlass org/lwjgl/system/CallbackI$N
instanceKlass org/lwjgl/system/CallbackI$J
instanceKlass org/lwjgl/system/CallbackI$I
instanceKlass org/lwjgl/system/CallbackI$S
instanceKlass org/lwjgl/system/CallbackI$B
instanceKlass org/lwjgl/system/CallbackI$Z
instanceKlass org/lwjgl/BufferUtils
instanceKlass org/lwjgl/system/MemoryStack$$Lambda$26+0x0000000800087670
instanceKlass org/lwjgl/system/MemoryUtil$2
instanceKlass org/lwjgl/system/MemoryAccessJNI
instanceKlass org/lwjgl/system/jni/JNINativeInterface
instanceKlass jdk/internal/reflect/UnsafeFieldAccessorFactory
instanceKlass jdk/internal/module/IllegalAccessLogger
instanceKlass sun/misc/Unsafe
instanceKlass jdk/internal/loader/URLClassPath$1
instanceKlass java/lang/CompoundEnumeration
instanceKlass jdk/internal/loader/BuiltinClassLoader$1
instanceKlass java/util/Collections$EmptyEnumeration
instanceKlass java/util/Formattable
instanceKlass java/util/Formatter$Conversion
instanceKlass java/util/Formatter$Flags
instanceKlass java/util/Formatter$FormatSpecifier
instanceKlass java/util/Formatter$FixedString
instanceKlass java/util/Formatter$FormatString
instanceKlass java/util/regex/ASCII
instanceKlass java/lang/StringUTF16$CharsSpliterator
instanceKlass java/util/stream/Sink$ChainedInt
instanceKlass java/util/stream/FindOps$FindSink$OfInt$$Lambda$25+0x00000008000eb988
instanceKlass java/util/stream/FindOps$FindSink$OfInt$$Lambda$24+0x00000008000eb740
instanceKlass java/util/stream/FindOps$FindSink$OfInt$$Lambda$23+0x00000008000eb528
instanceKlass java/util/stream/FindOps$FindSink$OfInt$$Lambda$22+0x00000008000eb2e0
instanceKlass java/util/function/Predicate
instanceKlass java/util/OptionalInt
instanceKlass java/util/stream/FindOps$FindOp
instanceKlass java/util/stream/TerminalOp
instanceKlass java/util/stream/FindOps$FindSink
instanceKlass java/util/stream/TerminalSink
instanceKlass java/util/stream/Sink$OfInt
instanceKlass java/util/function/IntConsumer
instanceKlass java/util/stream/Sink
instanceKlass java/util/stream/FindOps
instanceKlass java/text/DecimalFormatSymbols$$Lambda$21+0x00000008000e8a48
instanceKlass java/util/function/IntPredicate
instanceKlass sun/reflect/annotation/AnnotationParser
instanceKlass java/lang/Class$3
instanceKlass java/util/EnumMap$1
instanceKlass java/util/stream/StreamOpFlag$MaskBuilder
instanceKlass java/util/stream/PipelineHelper
instanceKlass java/util/stream/IntStream
instanceKlass java/util/stream/BaseStream
instanceKlass java/util/stream/StreamSupport
instanceKlass java/lang/StringLatin1$CharsSpliterator
instanceKlass java/util/Spliterator$OfInt
instanceKlass java/util/Spliterator$OfPrimitive
instanceKlass java/util/Spliterator
instanceKlass jdk/internal/misc/ScopedMemoryAccess$Scope
instanceKlass sun/util/resources/Bundles$2
instanceKlass sun/util/resources/Bundles$CacheKeyReference
instanceKlass java/util/ResourceBundle$ResourceBundleProviderHelper$$Lambda$20+0x00000008000e3f90
instanceKlass java/util/ResourceBundle$ResourceBundleProviderHelper
instanceKlass java/util/ArrayList$SubList$1
instanceKlass sun/util/resources/LocaleData$LocaleDataResourceBundleProvider
instanceKlass java/util/spi/ResourceBundleProvider
instanceKlass sun/util/resources/Bundles$CacheKey
instanceKlass java/util/ResourceBundle$1
instanceKlass jdk/internal/access/JavaUtilResourceBundleAccess
instanceKlass sun/util/resources/Bundles
instanceKlass sun/util/resources/LocaleData$LocaleDataStrategy
instanceKlass sun/util/resources/Bundles$Strategy
instanceKlass sun/util/resources/LocaleData$1
instanceKlass java/util/ResourceBundle
instanceKlass java/util/ResourceBundle$Control
instanceKlass sun/util/resources/LocaleData
instanceKlass sun/util/locale/provider/LocaleResources
instanceKlass java/util/Locale$Builder
instanceKlass sun/util/locale/provider/CalendarDataUtility
instanceKlass java/util/StringTokenizer
instanceKlass sun/util/locale/provider/AvailableLanguageTags
instanceKlass sun/util/locale/provider/JRELocaleProviderAdapter$$Lambda$19+0x00000008000dfa70
instanceKlass java/util/ServiceLoader$ProviderImpl
instanceKlass java/util/ServiceLoader$Provider
instanceKlass java/util/ServiceLoader$1
instanceKlass sun/util/resources/cldr/provider/CLDRLocaleDataMetaInfo
instanceKlass jdk/internal/jimage/decompressor/ZipDecompressor
instanceKlass jdk/internal/jimage/decompressor/ResourceDecompressor
instanceKlass jdk/internal/jimage/decompressor/ResourceDecompressorFactory
instanceKlass jdk/internal/jimage/decompressor/ResourceDecompressorRepository
instanceKlass jdk/internal/jimage/decompressor/CompressedResourceHeader
instanceKlass jdk/internal/jimage/BasicImageReader$$Lambda$18+0x00000008000dde60
instanceKlass jdk/internal/jimage/decompressor/ResourceDecompressor$StringsProvider
instanceKlass java/util/TimSort
instanceKlass java/util/Arrays$LegacyMergeSort
instanceKlass jdk/internal/jimage/ImageBufferCache$2
instanceKlass jdk/internal/jimage/ImageBufferCache
instanceKlass jdk/internal/module/ModulePatcher$PatchedModuleReader
instanceKlass java/util/ServiceLoader$3
instanceKlass java/util/ServiceLoader$2
instanceKlass java/util/ServiceLoader$LazyClassPathLookupIterator
instanceKlass java/util/concurrent/CopyOnWriteArrayList$COWIterator
instanceKlass java/util/ServiceLoader$ModuleServicesLookupIterator
instanceKlass java/util/ServiceLoader
instanceKlass sun/util/cldr/CLDRLocaleProviderAdapter$1
instanceKlass sun/util/locale/InternalLocaleBuilder$CaseInsensitiveChar
instanceKlass sun/util/locale/InternalLocaleBuilder
instanceKlass sun/util/locale/StringTokenIterator
instanceKlass sun/util/locale/ParseStatus
instanceKlass sun/util/locale/LanguageTag
instanceKlass sun/util/cldr/CLDRBaseLocaleDataMetaInfo
instanceKlass sun/util/locale/provider/LocaleDataMetaInfo
instanceKlass sun/util/locale/provider/ResourceBundleBasedAdapter
instanceKlass sun/util/locale/provider/LocaleProviderAdapter$1
instanceKlass java/util/Collections$UnmodifiableCollection$1
instanceKlass sun/util/locale/provider/LocaleProviderAdapter
instanceKlass java/util/spi/LocaleServiceProvider
instanceKlass java/text/DecimalFormatSymbols
instanceKlass sun/util/locale/LocaleObjectCache
instanceKlass sun/util/locale/BaseLocale$Key
instanceKlass java/util/Locale$1
instanceKlass java/util/regex/Pattern$$Lambda$17+0x00000008000d6838
instanceKlass java/util/Formatter
instanceKlass sun/nio/fs/WindowsDirectoryStream
instanceKlass java/nio/file/DirectoryStream
instanceKlass java/util/regex/IntHashSet
instanceKlass java/util/regex/Matcher
instanceKlass java/util/regex/MatchResult
instanceKlass java/util/Properties$LineReader
instanceKlass java/security/Security$1
instanceKlass java/security/Security
instanceKlass sun/security/util/SecurityProperties
instanceKlass sun/security/util/FilePermCompat
instanceKlass java/io/FilePermission$1
instanceKlass jdk/internal/access/JavaIOFilePermissionAccess
instanceKlass sun/nio/ch/FileKey
instanceKlass sun/nio/ch/FileLockTable
instanceKlass java/nio/channels/FileLock
instanceKlass sun/nio/ch/IOStatus
instanceKlass java/nio/DirectByteBuffer$Deallocator
instanceKlass sun/nio/ch/Util$BufferCache
instanceKlass sun/nio/ch/Util
instanceKlass sun/nio/ch/NativeThread
instanceKlass java/util/zip/Checksum$1
instanceKlass java/util/zip/CRC32
instanceKlass java/util/zip/Checksum
instanceKlass java/nio/channels/Channels
instanceKlass sun/nio/fs/WindowsChannelFactory$2
instanceKlass sun/nio/fs/WindowsSecurityDescriptor
instanceKlass java/nio/file/FileStore
instanceKlass sun/nio/fs/WindowsSecurity
instanceKlass sun/nio/fs/AbstractAclFileAttributeView
instanceKlass java/nio/file/attribute/AclFileAttributeView
instanceKlass java/nio/file/attribute/FileOwnerAttributeView
instanceKlass sun/nio/fs/WindowsLinkSupport
instanceKlass sun/nio/fs/WindowsFileSystemProvider$1
instanceKlass sun/nio/ch/FileChannelImpl$Closer
instanceKlass sun/nio/ch/NativeDispatcher
instanceKlass sun/nio/ch/NativeThreadSet
instanceKlass sun/nio/ch/IOUtil
instanceKlass java/nio/file/attribute/FileAttribute
instanceKlass java/nio/channels/spi/AbstractInterruptibleChannel
instanceKlass java/nio/channels/InterruptibleChannel
instanceKlass java/nio/channels/ScatteringByteChannel
instanceKlass java/nio/channels/GatheringByteChannel
instanceKlass java/nio/channels/SeekableByteChannel
instanceKlass java/nio/channels/ByteChannel
instanceKlass java/nio/channels/WritableByteChannel
instanceKlass java/nio/channels/ReadableByteChannel
instanceKlass java/nio/channels/Channel
instanceKlass java/util/Collections$EmptyIterator
instanceKlass sun/nio/fs/WindowsChannelFactory$Flags
instanceKlass sun/nio/fs/WindowsChannelFactory$1
instanceKlass sun/nio/fs/WindowsChannelFactory
instanceKlass sun/nio/fs/WindowsPath$1
instanceKlass sun/net/www/MessageHeader
instanceKlass sun/net/www/protocol/jar/JarFileFactory
instanceKlass sun/net/www/protocol/jar/URLJarFile$URLJarFileCloseController
instanceKlass java/net/URLConnection
instanceKlass org/lwjgl/Version
instanceKlass org/lwjgl/system/SharedLibraryLoader
instanceKlass java/util/zip/ZipFile$ZipEntryIterator
instanceKlass jdk/internal/jimage/ImageLocation
instanceKlass jdk/internal/jimage/decompressor/Decompressor
instanceKlass jdk/internal/jimage/ImageStringsReader
instanceKlass jdk/internal/jimage/ImageStrings
instanceKlass jdk/internal/jimage/ImageHeader
instanceKlass jdk/internal/jimage/NativeImageBuffer$1
instanceKlass jdk/internal/jimage/NativeImageBuffer
instanceKlass jdk/internal/jimage/BasicImageReader$1
instanceKlass jdk/internal/jimage/BasicImageReader
instanceKlass jdk/internal/jimage/ImageReader
instanceKlass jdk/internal/jimage/ImageReaderFactory$1
instanceKlass jdk/internal/jimage/ImageReaderFactory
instanceKlass jdk/internal/module/SystemModuleFinders$SystemImage
instanceKlass jdk/internal/module/SystemModuleFinders$SystemModuleReader
instanceKlass java/lang/module/ModuleReader
instanceKlass jdk/internal/loader/BuiltinClassLoader$5
instanceKlass jdk/internal/loader/BuiltinClassLoader$2
instanceKlass jdk/internal/module/Resources
instanceKlass java/nio/file/Paths
instanceKlass org/lwjgl/system/SharedLibrary
instanceKlass org/lwjgl/system/FunctionProvider
instanceKlass org/lwjgl/system/APIUtil
instanceKlass org/lwjgl/system/Library$$Lambda$16+0x0000000800007bd8
instanceKlass org/lwjgl/system/Library$$Lambda$15+0x00000008000079b0
instanceKlass java/lang/invoke/LambdaForm$MH+0x0000000800084000
instanceKlass java/lang/invoke/LambdaForm$MH+0x0000000800083c00
instanceKlass org/lwjgl/system/Library$$InjectedInvoker+0x0000000800083800
instanceKlass java/lang/invoke/LambdaForm$MH+0x0000000800083400
instanceKlass java/lang/invoke/LambdaForm$DMH+0x0000000800083000
instanceKlass java/lang/invoke/LambdaForm$MH+0x0000000800082c00
instanceKlass java/lang/invoke/LambdaForm$DMH+0x0000000800082800
instanceKlass java/lang/invoke/LambdaForm$DMH+0x0000000800082400
instanceKlass java/lang/invoke/LambdaForm$DMH+0x0000000800082000
instanceKlass java/lang/invoke/MethodHandleImpl$ArrayAccessor
instanceKlass java/lang/invoke/MethodHandleImpl$2
instanceKlass java/lang/invoke/MethodHandleImpl$LoopClauses
instanceKlass java/lang/invoke/LambdaForm$MH+0x0000000800081c00
instanceKlass java/lang/invoke/LambdaForm$MH+0x0000000800081800
instanceKlass java/lang/invoke/LambdaForm$MH+0x0000000800081400
instanceKlass java/lang/invoke/LambdaForm$DMH+0x0000000800081000
instanceKlass java/lang/ClassValue$Version
instanceKlass java/lang/ClassValue$Identity
instanceKlass java/lang/ClassValue
instanceKlass java/lang/invoke/MethodHandleImpl$BindCaller
instanceKlass java/lang/invoke/LambdaForm$DMH+0x0000000800080c00
instanceKlass java/util/function/Consumer
instanceKlass org/lwjgl/system/Checks
instanceKlass java/util/regex/Pattern$$Lambda$14+0x00000008000c2f90
instanceKlass java/util/regex/Pattern$BmpCharPredicate$$Lambda$13+0x00000008000c2d08
instanceKlass org/lwjgl/system/Platform$$Lambda$12+0x0000000800007578
instanceKlass org/lwjgl/system/Platform$$Lambda$11+0x0000000800007340
instanceKlass org/lwjgl/system/Platform$$Lambda$10+0x0000000800007108
instanceKlass org/lwjgl/system/Platform$$Lambda$9+0